2022-08-09T12:56:41.483Z - info: Website generation (lazy) started at 8:56:37 pm
2022-08-09T12:56:50.255Z - info: Building assets...
2022-08-09T12:56:56.964Z - info: Assets built
2022-08-09T12:56:56.965Z - info: Generating landing page...
2022-08-09T12:56:57.730Z - info: Landing page built, other pages will be built as you navigate to them!
2022-08-09T12:56:58.776Z - info: Site data built
2022-08-09T12:56:58.777Z - info: Website generation (lazy) complete! Total build time: 21.525s
2022-08-09T12:56:59.601Z - info: Serving "C:\repos\nus-cs2103\cs2103-website-base\_site" at http://127.0.0.1:8080
2022-08-09T12:56:59.602Z - info: Press CTRL+C to stop ...
2022-08-09T12:57:19.156Z - info: Website generation started at 8:57:17 pm
2022-08-09T12:57:28.916Z - info: Building assets...
2022-08-09T12:57:35.287Z - info: Assets built
2022-08-09T12:57:35.288Z - info: Generating pages...
2022-08-09T12:57:51.154Z - debug:  
2022-08-09T12:57:51.155Z - debug:  
2022-08-09T12:57:51.155Z - debug:  
2022-08-09T12:57:51.156Z - debug:  
2022-08-09T12:57:51.156Z - debug:  
2022-08-09T12:57:52.117Z - debug:  
2022-08-09T12:57:52.117Z - debug:  
2022-08-09T12:57:52.118Z - debug:  
2022-08-09T12:57:52.136Z - debug:  
2022-08-09T12:57:52.136Z - debug:  
2022-08-09T12:57:52.137Z - debug:  
2022-08-09T12:58:25.663Z - debug:  
2022-08-09T12:59:23.938Z - info: Pages built
2022-08-09T12:59:25.361Z - info: Site data built
2022-08-09T12:59:25.362Z - info: Website generation complete! Total build time: 127.937s
2022-08-09T12:59:25.362Z - info: Build success!
2022-08-09T13:01:34.396Z - info: The website has been deployed at: https://nus-tic2002-ay2223s1.github.io/website
