2022-10-31T03:40:53.503Z - info: Website generation started at 11:40:45 am
2022-10-31T03:41:08.825Z - info: Building assets...
2022-10-31T03:41:17.833Z - info: Assets built
2022-10-31T03:41:17.833Z - info: Generating pages...
2022-10-31T03:41:28.112Z - debug:  
2022-10-31T03:41:28.119Z - debug:  
2022-10-31T03:41:30.353Z - debug:  
2022-10-31T03:41:30.353Z - debug:  
2022-10-31T03:41:30.353Z - debug:  
2022-10-31T03:41:30.354Z - debug:  
2022-10-31T03:41:30.354Z - debug:  
2022-10-31T03:41:30.354Z - debug:  
2022-10-31T03:41:30.354Z - debug:  
2022-10-31T03:41:30.354Z - debug:  
2022-10-31T03:41:30.355Z - debug:  
2022-10-31T03:41:30.355Z - debug:  
2022-10-31T03:43:29.272Z - debug:  
2022-10-31T03:43:43.258Z - debug:  
2022-10-31T03:43:43.259Z - debug:  
2022-10-31T03:43:52.573Z - info: Pages built
2022-10-31T03:43:53.759Z - info: Site data built
2022-10-31T03:43:53.759Z - info: Website generation complete! Total build time: 187.806s
2022-10-31T03:43:53.760Z - info: Build success!
2022-10-31T03:48:43.910Z - info: The website has been deployed at: https://nus-cs2103-ay2223s1.github.io/website
2022-10-31T14:51:31.150Z - info: Website generation (lazy) started at 10:51:23 pm
2022-10-31T14:51:44.706Z - info: Building assets...
2022-10-31T14:51:54.281Z - info: Assets built
2022-10-31T14:51:54.282Z - info: Generating landing page...
2022-10-31T14:51:55.469Z - info: Landing page built, other pages will be built as you navigate to them!
2022-10-31T14:51:56.875Z - info: Site data built
2022-10-31T14:51:56.875Z - info: Website generation (lazy) complete! Total build time: 33.001s
2022-10-31T14:51:58.014Z - info: Serving "C:\repos\nus-cs2103\cs2103-website-base\_site" at http://127.0.0.1:8080
2022-10-31T14:51:58.015Z - info: Press CTRL+C to stop ...
2022-10-31T14:52:05.462Z - info: Building C:\repos\nus-cs2103\cs2103-website-base\schedule\week12\project as some of its dependencies were changed since the last visit
2022-10-31T14:52:26.710Z - info: Site data built
2022-10-31T14:52:26.710Z - info: Lazy website regeneration complete! Total build time: 21.249s
2022-10-31T14:56:09.478Z - info: [10:56:09 pm] Reload for file change: C:\repos\nus-cs2103\cs2103-website-base\admin\tp-tasks-fragment.md
2022-10-31T14:56:09.479Z - info: Synchronizing opened pages list before reload
2022-10-31T14:56:09.479Z - info: Current opened pages, from most-to-least recent:
2022-10-31T14:56:09.479Z - info: 1. schedule/week12/project
2022-10-31T14:56:10.484Z - info: Rebuilding 1 pages
2022-10-31T14:56:14.092Z - info: Site data built
2022-10-31T14:56:14.093Z - info: Pages rebuilt
2022-10-31T14:56:14.094Z - info: Website regeneration complete! Total build time: 3.61s
2022-10-31T14:56:28.507Z - info: [10:56:28 pm] Reload for file change: C:\repos\nus-cs2103\cs2103-website-base\admin\tp-tasks-fragment.md
2022-10-31T14:56:28.507Z - info: Synchronizing opened pages list before reload
2022-10-31T14:56:28.507Z - info: Current opened pages, from most-to-least recent:
2022-10-31T14:56:28.507Z - info: 1. schedule/week12/project
2022-10-31T14:56:29.516Z - info: Rebuilding 1 pages
2022-10-31T14:56:32.469Z - info: Site data built
2022-10-31T14:56:32.469Z - info: Pages rebuilt
2022-10-31T14:56:32.469Z - info: Website regeneration complete! Total build time: 2.954s
2022-10-31T14:56:44.734Z - info: [10:56:44 pm] Reload for file change: C:\repos\nus-cs2103\cs2103-website-base\admin\tp-tasks-fragment.md
2022-10-31T14:56:44.735Z - info: Synchronizing opened pages list before reload
2022-10-31T14:56:44.735Z - info: Current opened pages, from most-to-least recent:
2022-10-31T14:56:44.735Z - info: 1. schedule/week12/project
2022-10-31T14:56:45.749Z - info: Rebuilding 1 pages
2022-10-31T14:56:48.518Z - info: Site data built
2022-10-31T14:56:48.518Z - info: Pages rebuilt
2022-10-31T14:56:48.518Z - info: Website regeneration complete! Total build time: 2.77s
2022-10-31T14:57:29.603Z - info: [10:57:29 pm] Reload for file change: C:\repos\nus-cs2103\cs2103-website-base\admin\tp-tasks-fragment.md
2022-10-31T14:57:29.604Z - info: Synchronizing opened pages list before reload
2022-10-31T14:57:29.604Z - info: Current opened pages, from most-to-least recent:
2022-10-31T14:57:29.604Z - info: 1. schedule/week12/project
2022-10-31T14:57:30.609Z - info: Rebuilding 1 pages
2022-10-31T14:57:34.113Z - info: Site data built
2022-10-31T14:57:34.114Z - info: Pages rebuilt
2022-10-31T14:57:34.114Z - info: Website regeneration complete! Total build time: 3.506s
2022-10-31T14:58:10.105Z - info: [10:58:10 pm] Reload for file change: C:\repos\nus-cs2103\cs2103-website-base\admin\tp-tasks-fragment.md
2022-10-31T14:58:10.106Z - info: Synchronizing opened pages list before reload
2022-10-31T14:58:10.106Z - info: Current opened pages, from most-to-least recent:
2022-10-31T14:58:10.107Z - info: 1. schedule/week12/project
2022-10-31T14:58:11.121Z - info: Rebuilding 1 pages
2022-10-31T14:58:14.397Z - info: Site data built
2022-10-31T14:58:14.397Z - info: Pages rebuilt
2022-10-31T14:58:14.398Z - info: Website regeneration complete! Total build time: 3.277s
2022-10-31T15:00:21.846Z - info: [11:00:21 pm] Reload for file change: C:\repos\nus-cs2103\cs2103-website-base\admin\tp-tasks-fragment.md
2022-10-31T15:00:21.846Z - info: Synchronizing opened pages list before reload
2022-10-31T15:00:21.847Z - info: Current opened pages, from most-to-least recent:
2022-10-31T15:00:21.847Z - info: 1. schedule/week12/project
2022-10-31T15:00:22.861Z - info: Rebuilding 1 pages
2022-10-31T15:00:25.631Z - info: Site data built
2022-10-31T15:00:25.631Z - info: Pages rebuilt
2022-10-31T15:00:25.632Z - info: Website regeneration complete! Total build time: 2.772s
2022-10-31T15:00:36.007Z - info: [11:00:36 pm] Reload for file change: C:\repos\nus-cs2103\cs2103-website-base\admin\tp-tasks-fragment.md
2022-10-31T15:00:36.007Z - info: Synchronizing opened pages list before reload
2022-10-31T15:00:36.008Z - info: Current opened pages, from most-to-least recent:
2022-10-31T15:00:36.008Z - info: 1. schedule/week12/project
2022-10-31T15:00:37.015Z - info: Rebuilding 1 pages
2022-10-31T15:00:39.492Z - info: Site data built
2022-10-31T15:00:39.493Z - info: Pages rebuilt
2022-10-31T15:00:39.493Z - info: Website regeneration complete! Total build time: 2.479s
2022-10-31T15:02:07.537Z - info: [11:02:07 pm] Reload for file change: C:\repos\nus-cs2103\cs2103-website-base\admin\tp-tasks-fragment.md
2022-10-31T15:02:07.537Z - info: Synchronizing opened pages list before reload
2022-10-31T15:02:07.537Z - info: Current opened pages, from most-to-least recent:
2022-10-31T15:02:07.537Z - info: 1. schedule/week12/project
2022-10-31T15:02:08.549Z - info: Rebuilding 1 pages
2022-10-31T15:02:11.252Z - info: Site data built
2022-10-31T15:02:11.252Z - info: Pages rebuilt
2022-10-31T15:02:11.253Z - info: Website regeneration complete! Total build time: 2.704s
2022-10-31T15:04:17.675Z - info: [11:04:17 pm] Reload for file change: C:\repos\nus-cs2103\cs2103-website-base\admin\tp-tasks-fragment.md
2022-10-31T15:04:17.675Z - info: Synchronizing opened pages list before reload
2022-10-31T15:04:17.675Z - info: Current opened pages, from most-to-least recent:
2022-10-31T15:04:17.676Z - info: 1. schedule/week12/project
2022-10-31T15:04:18.681Z - info: Rebuilding 1 pages
2022-10-31T15:04:21.564Z - info: Site data built
2022-10-31T15:04:21.565Z - info: Pages rebuilt
2022-10-31T15:04:21.565Z - info: Website regeneration complete! Total build time: 2.885s
2022-10-31T15:05:06.074Z - info: [11:05:06 pm] Reload for file change: C:\repos\nus-cs2103\cs2103-website-base\admin\tp-tasks-fragment.md
2022-10-31T15:05:06.074Z - info: Synchronizing opened pages list before reload
2022-10-31T15:05:06.074Z - info: Current opened pages, from most-to-least recent:
2022-10-31T15:05:06.074Z - info: 1. schedule/week12/project
2022-10-31T15:05:07.088Z - info: Rebuilding 1 pages
2022-10-31T15:05:09.843Z - info: Site data built
2022-10-31T15:05:09.843Z - info: Pages rebuilt
2022-10-31T15:05:09.844Z - info: Website regeneration complete! Total build time: 2.757s
2022-10-31T15:05:37.179Z - info: [11:05:37 pm] Reload for file change: C:\repos\nus-cs2103\cs2103-website-base\admin\tp-tasks-fragment.md
2022-10-31T15:05:37.180Z - info: Synchronizing opened pages list before reload
2022-10-31T15:05:37.180Z - info: Current opened pages, from most-to-least recent:
2022-10-31T15:05:37.180Z - info: 1. schedule/week12/project
2022-10-31T15:05:38.189Z - info: Rebuilding 1 pages
2022-10-31T15:05:40.928Z - info: Site data built
2022-10-31T15:05:40.928Z - info: Pages rebuilt
2022-10-31T15:05:40.929Z - info: Website regeneration complete! Total build time: 2.74s
2022-10-31T15:07:09.754Z - info: [11:07:09 pm] Reload for file change: C:\repos\nus-cs2103\cs2103-website-base\admin\tp-tasks-fragment.md
2022-10-31T15:07:09.755Z - info: Synchronizing opened pages list before reload
2022-10-31T15:07:09.755Z - info: Current opened pages, from most-to-least recent:
2022-10-31T15:07:09.756Z - info: 1. schedule/week12/project
2022-10-31T15:07:10.769Z - info: Rebuilding 1 pages
2022-10-31T15:07:13.667Z - info: Site data built
2022-10-31T15:07:13.668Z - info: Pages rebuilt
2022-10-31T15:07:13.668Z - info: Website regeneration complete! Total build time: 2.9s
2022-10-31T15:07:33.772Z - info: [11:07:33 pm] Reload for file change: C:\repos\nus-cs2103\cs2103-website-base\admin\tp-tasks-fragment.md
2022-10-31T15:07:33.772Z - info: Synchronizing opened pages list before reload
2022-10-31T15:07:33.773Z - info: Current opened pages, from most-to-least recent:
2022-10-31T15:07:33.773Z - info: 1. schedule/week12/project
2022-10-31T15:07:34.797Z - info: Rebuilding 1 pages
2022-10-31T15:07:37.594Z - info: Site data built
2022-10-31T15:07:37.594Z - info: Pages rebuilt
2022-10-31T15:07:37.595Z - info: Website regeneration complete! Total build time: 2.799s
2022-10-31T15:07:55.070Z - info: [11:07:55 pm] Reload for file change: C:\repos\nus-cs2103\cs2103-website-base\admin\tp-tasks-fragment.md
2022-10-31T15:07:55.071Z - info: Synchronizing opened pages list before reload
2022-10-31T15:07:55.071Z - info: Current opened pages, from most-to-least recent:
2022-10-31T15:07:55.071Z - info: 1. schedule/week12/project
2022-10-31T15:07:56.083Z - info: Rebuilding 1 pages
2022-10-31T15:07:58.662Z - info: Site data built
2022-10-31T15:07:58.662Z - info: Pages rebuilt
2022-10-31T15:07:58.662Z - info: Website regeneration complete! Total build time: 2.58s
2022-10-31T15:09:33.737Z - info: [11:09:33 pm] Reload for file change: C:\repos\nus-cs2103\cs2103-website-base\admin\tp-tasks-fragment.md
2022-10-31T15:09:33.737Z - info: Synchronizing opened pages list before reload
2022-10-31T15:09:33.738Z - info: Current opened pages, from most-to-least recent:
2022-10-31T15:09:33.738Z - info: 1. schedule/week12/project
2022-10-31T15:09:34.749Z - info: Rebuilding 1 pages
2022-10-31T15:09:39.174Z - info: Site data built
2022-10-31T15:09:39.174Z - info: Pages rebuilt
2022-10-31T15:09:39.175Z - info: Website regeneration complete! Total build time: 4.427s
2022-10-31T15:11:15.762Z - info: [11:11:15 pm] Reload for file change: C:\repos\nus-cs2103\cs2103-website-base\admin\tp-tasks-fragment.md
2022-10-31T15:11:15.762Z - info: Synchronizing opened pages list before reload
2022-10-31T15:11:15.763Z - info: Current opened pages, from most-to-least recent:
2022-10-31T15:11:15.763Z - info: 1. schedule/week12/project
2022-10-31T15:11:16.780Z - info: Rebuilding 1 pages
2022-10-31T15:11:20.005Z - info: Site data built
2022-10-31T15:11:20.006Z - info: Pages rebuilt
2022-10-31T15:11:20.006Z - info: Website regeneration complete! Total build time: 3.227s
2022-10-31T15:11:26.086Z - info: [11:11:26 pm] Reload for file change: C:\repos\nus-cs2103\cs2103-website-base\admin\tp-tasks-fragment.md
2022-10-31T15:11:26.086Z - info: Synchronizing opened pages list before reload
2022-10-31T15:11:26.086Z - info: Current opened pages, from most-to-least recent:
2022-10-31T15:11:26.086Z - info: 1. schedule/week12/project
2022-10-31T15:11:27.104Z - info: Rebuilding 1 pages
2022-10-31T15:11:29.846Z - info: Site data built
2022-10-31T15:11:29.846Z - info: Pages rebuilt
2022-10-31T15:11:29.847Z - info: Website regeneration complete! Total build time: 2.744s
2022-10-31T15:11:51.068Z - info: [11:11:51 pm] Reload for file change: C:\repos\nus-cs2103\cs2103-website-base\admin\tp-tasks-fragment.md
2022-10-31T15:11:51.068Z - info: Synchronizing opened pages list before reload
2022-10-31T15:11:51.069Z - info: Current opened pages, from most-to-least recent:
2022-10-31T15:11:51.069Z - info: 1. schedule/week12/project
2022-10-31T15:11:52.081Z - info: Rebuilding 1 pages
2022-10-31T15:11:55.787Z - info: Site data built
2022-10-31T15:11:55.788Z - info: Pages rebuilt
2022-10-31T15:11:55.789Z - info: Website regeneration complete! Total build time: 3.708s
2022-10-31T15:12:18.048Z - info: [11:12:18 pm] Reload for file change: C:\repos\nus-cs2103\cs2103-website-base\admin\tp-tasks-fragment.md
2022-10-31T15:12:18.048Z - info: Synchronizing opened pages list before reload
2022-10-31T15:12:18.049Z - info: Current opened pages, from most-to-least recent:
2022-10-31T15:12:18.049Z - info: 1. schedule/week12/project
2022-10-31T15:12:19.056Z - info: Rebuilding 1 pages
2022-10-31T15:12:22.671Z - info: Site data built
2022-10-31T15:12:22.672Z - info: Pages rebuilt
2022-10-31T15:12:22.672Z - info: Website regeneration complete! Total build time: 3.617s
2022-10-31T15:17:02.407Z - info: [11:17:02 pm] Reload for file change: C:\repos\nus-cs2103\cs2103-website-base\admin\tp-tasks-fragment.md
2022-10-31T15:17:02.408Z - info: Synchronizing opened pages list before reload
2022-10-31T15:17:02.408Z - info: Current opened pages, from most-to-least recent:
2022-10-31T15:17:02.408Z - info: 1. schedule/week12/project
2022-10-31T15:17:03.413Z - info: Rebuilding 1 pages
2022-10-31T15:17:06.384Z - info: Site data built
2022-10-31T15:17:06.384Z - info: Pages rebuilt
2022-10-31T15:17:06.385Z - info: Website regeneration complete! Total build time: 2.973s
2022-10-31T15:17:35.296Z - info: [11:17:35 pm] Reload for file change: C:\repos\nus-cs2103\cs2103-website-base\admin\tp-tasks-fragment.md
2022-10-31T15:17:35.296Z - info: Synchronizing opened pages list before reload
2022-10-31T15:17:35.297Z - info: Current opened pages, from most-to-least recent:
2022-10-31T15:17:35.297Z - info: 1. schedule/week12/project
2022-10-31T15:17:36.319Z - info: Rebuilding 1 pages
2022-10-31T15:17:36.686Z - error:  Template render error: (C:\repos\nus-cs2103\cs2103-website-base\admin\tp-w12.md)
  Template render error: (C:\repos\nus-cs2103\cs2103-website-base\admin\tp-w12.md) [Line 1282, Column 45]
  Template render error: (C:\repos\nus-cs2103\cs2103-website-base\admin\tp-w12.md)
  Template render error: (C:\repos\nus-cs2103\cs2103-website-base\admin\tp-w12.md)
  Template render error: (C:\repos\nus-cs2103\cs2103-website-base\admin\tp-w12.md)
  Template render error: (C:\repos\nus-cs2103\cs2103-website-base\admin\tp-w12.md)
  Template render error: (C:\repos\nus-cs2103\cs2103-website-base\admin\tp-w12.md)
  Template render error: (C:\repos\nus-cs2103\cs2103-website-base\admin\tp-w12.md) [Line 73, Column 49]
  Template render error: (C:\repos\nus-cs2103\cs2103-website-base\admin\tp-w12.md)
  Template render error: (C:\repos\nus-cs2103\cs2103-website-base\admin\tp-w12.md)
  Template render error: (C:\repos\nus-cs2103\cs2103-website-base\admin\tp-w12.md)
  Template render error: (C:\repos\nus-cs2103\cs2103-website-base\admin\tp-w12.md)
  Template render error: (C:\repos\nus-cs2103\cs2103-website-base\admin\tp-w12.md)
  Template render error: (C:\repos\nus-cs2103\cs2103-website-base\admin\tp-w12.md)
  Template render error: (C:\repos\nus-cs2103\cs2103-website-base\admin\tp-w12.md) [Line 630, Column 14]
  Template render error: (C:\repos\nus-cs2103\cs2103-website-base\admin\tp-w12.md)
  Template render error: (C:\repos\nus-cs2103\cs2103-website-base\admin\tp-w12.md)
  Template render error: (C:\repos\nus-cs2103\cs2103-website-base\admin\tp-w12.md)
  Template render error: (C:\repos\nus-cs2103\cs2103-website-base\admin\tp-w12.md)
  Template render error: (C:\repos\nus-cs2103\cs2103-website-base\admin\tp-w12.md)
  Template render error: (C:\repos\nus-cs2103\cs2103-website-base\admin\tp-w12.md) [Line 73, Column 49]
  Template render error: (C:\repos\nus-cs2103\cs2103-website-base\admin\tp-w12.md)
  Template render error: (C:\repos\nus-cs2103\cs2103-website-base\admin\tp-w12.md)
  Template render error: (C:\repos\nus-cs2103\cs2103-website-base\admin\tp-w12.md)
  Template render error: (C:\repos\nus-cs2103\cs2103-website-base\admin\tp-w12.md)
  Template render error: (C:\repos\nus-cs2103\cs2103-website-base\admin\tp-w12.md)
  Template render error: (C:\repos\nus-cs2103\cs2103-website-base\admin\tp-w12.md)
  Template render error: (C:\repos\nus-cs2103\cs2103-website-base\admin\tp-w12.md)
  Template render error: (C:\repos\nus-cs2103\cs2103-website-base\admin\tp-w12.md)
  Template render error: (C:\repos\nus-cs2103\cs2103-website-base\admin\tp-w12.md)
  Template render error: (C:\repos\nus-cs2103\cs2103-website-base\admin\tp-w12.md)
  Template render error: (C:\repos\nus-cs2103\cs2103-website-base\admin\tp-w12.md)
  Template render error: (C:\repos\nus-cs2103\cs2103-website-base\admin\tp-w12.md)
  Template render error: (C:\repos\nus-cs2103\cs2103-website-base\admin\tp-w12.md)
  Template render error: (C:\repos\nus-cs2103\cs2103-website-base\admin\tp-w12.md) [Line 76, Column 46]
  Template render error: (C:\repos\nus-cs2103\cs2103-website-base\admin\tp-w12.md)
  Template render error: (C:\repos\nus-cs2103\cs2103-website-base\admin\tp-w12.md)
  Template render error: (C:\repos\nus-cs2103\cs2103-website-base\admin\tp-w12.md)
  Template render error: (C:\repos\nus-cs2103\cs2103-website-base\admin\tp-w12.md) [Line 73, Column 49]
  Template render error: (C:\repos\nus-cs2103\cs2103-website-base\admin\tp-w12.md)
  Template render error: (C:\repos\nus-cs2103\cs2103-website-base\admin\tp-w12.md)
  Template render error: (C:\repos\nus-cs2103\cs2103-website-base\admin\tp-w12.md)
  Template render error: (C:\repos\nus-cs2103\cs2103-website-base\admin\tp-w12.md)
  Template render error: (C:\repos\nus-cs2103\cs2103-website-base\admin\tp-w12.md) [Line 267, Column 127]
  Template render error: (C:\repos\nus-cs2103\cs2103-website-base\admin\tp-w12.md)
  Template render error: (C:\repos\nus-cs2103\cs2103-website-base\admin\tp-w12.md)
  Template render error: (C:\repos\nus-cs2103\cs2103-website-base\admin\tp-w12.md)
  Template render error: (C:\repos\nus-cs2103\cs2103-website-base\admin\tp-w12.md)
  Template render error: (C:\repos\nus-cs2103\cs2103-website-base\admin\tp-w12.md)
  Template render error: (C:\repos\nus-cs2103\cs2103-website-base\admin\tp-w12.md)
  Error: Unable to call `get_date`, which is undefined or falsey
    at Object._prettifyError (C:\Users\dcsdcr\AppData\Roaming\npm\node_modules\markbind-cli\node_modules\nunjucks\src\lib.js:36:11)
    at C:\Users\dcsdcr\AppData\Roaming\npm\node_modules\markbind-cli\node_modules\@markbind\core\src\patches\nunjucks\context-overrides-frame.js:383:17
    at Template.root [as rootRenderFunc] (eval at _compile (C:\Users\dcsdcr\AppData\Roaming\npm\node_modules\markbind-cli\node_modules\nunjucks\src\environment.js:631:18), <anonymous>:29:3)
    at Template.render (C:\Users\dcsdcr\AppData\Roaming\npm\node_modules\markbind-cli\node_modules\@markbind\core\src\patches\nunjucks\context-overrides-frame.js:372:8)
    at C:\Users\dcsdcr\AppData\Roaming\npm\node_modules\markbind-cli\node_modules\@markbind\core\src\patches\nunjucks\context-overrides-frame.js:54:25
    at createTemplate (C:\Users\dcsdcr\AppData\Roaming\npm\node_modules\markbind-cli\node_modules\@markbind\core\src\patches\nunjucks\load-event.js:121:7)
    at handle (C:\Users\dcsdcr\AppData\Roaming\npm\node_modules\markbind-cli\node_modules\@markbind\core\src\patches\nunjucks\load-event.js:133:9)
    at C:\Users\dcsdcr\AppData\Roaming\npm\node_modules\markbind-cli\node_modules\@markbind\core\src\patches\nunjucks\load-event.js:145:7
    at next (C:\Users\dcsdcr\AppData\Roaming\npm\node_modules\markbind-cli\node_modules\nunjucks\src\lib.js:326:7)
    at Object.asyncIter (C:\Users\dcsdcr\AppData\Roaming\npm\node_modules\markbind-cli\node_modules\nunjucks\src\lib.js:332:3)
    at Environment.getTemplate (C:\Users\dcsdcr\AppData\Roaming\npm\node_modules\markbind-cli\node_modules\@markbind\core\src\patches\nunjucks\load-event.js:127:7)
    at Environment.render (C:\Users\dcsdcr\AppData\Roaming\npm\node_modules\markbind-cli\node_modules\@markbind\core\src\patches\nunjucks\context-overrides-frame.js:48:8)
    at VariableRenderer.renderFile (C:\Users\dcsdcr\AppData\Roaming\npm\node_modules\markbind-cli\node_modules\@markbind\core\src\variables\VariableRenderer.js:59:20)
    at VariableProcessor.renderWithSiteVariables (C:\Users\dcsdcr\AppData\Roaming\npm\node_modules\markbind-cli\node_modules\@markbind\core\src\variables\VariableProcessor.js:157:53)
    at VariableProcessor.renderIncludeFile (C:\Users\dcsdcr\AppData\Roaming\npm\node_modules\markbind-cli\node_modules\@markbind\core\src\variables\VariableProcessor.js:256:34)
    at processInclude (C:\Users\dcsdcr\AppData\Roaming\npm\node_modules\markbind-cli\node_modules\@markbind\core\src\html\includePanelProcessor.js:207:25)
2022-10-31T15:17:36.704Z - error:  Template render error: (C:\repos\nus-cs2103\cs2103-website-base\admin\tp-w12.md)
  Template render error: (C:\repos\nus-cs2103\cs2103-website-base\admin\tp-w12.md) [Line 1282, Column 45]
  Template render error: (C:\repos\nus-cs2103\cs2103-website-base\admin\tp-w12.md)
  Template render error: (C:\repos\nus-cs2103\cs2103-website-base\admin\tp-w12.md)
  Template render error: (C:\repos\nus-cs2103\cs2103-website-base\admin\tp-w12.md)
  Template render error: (C:\repos\nus-cs2103\cs2103-website-base\admin\tp-w12.md)
  Template render error: (C:\repos\nus-cs2103\cs2103-website-base\admin\tp-w12.md)
  Template render error: (C:\repos\nus-cs2103\cs2103-website-base\admin\tp-w12.md) [Line 73, Column 49]
  Template render error: (C:\repos\nus-cs2103\cs2103-website-base\admin\tp-w12.md)
  Template render error: (C:\repos\nus-cs2103\cs2103-website-base\admin\tp-w12.md)
  Template render error: (C:\repos\nus-cs2103\cs2103-website-base\admin\tp-w12.md)
  Template render error: (C:\repos\nus-cs2103\cs2103-website-base\admin\tp-w12.md)
  Template render error: (C:\repos\nus-cs2103\cs2103-website-base\admin\tp-w12.md)
  Template render error: (C:\repos\nus-cs2103\cs2103-website-base\admin\tp-w12.md)
  Template render error: (C:\repos\nus-cs2103\cs2103-website-base\admin\tp-w12.md) [Line 630, Column 14]
  Template render error: (C:\repos\nus-cs2103\cs2103-website-base\admin\tp-w12.md)
  Template render error: (C:\repos\nus-cs2103\cs2103-website-base\admin\tp-w12.md)
  Template render error: (C:\repos\nus-cs2103\cs2103-website-base\admin\tp-w12.md)
  Template render error: (C:\repos\nus-cs2103\cs2103-website-base\admin\tp-w12.md)
  Template render error: (C:\repos\nus-cs2103\cs2103-website-base\admin\tp-w12.md)
  Template render error: (C:\repos\nus-cs2103\cs2103-website-base\admin\tp-w12.md) [Line 73, Column 49]
  Template render error: (C:\repos\nus-cs2103\cs2103-website-base\admin\tp-w12.md)
  Template render error: (C:\repos\nus-cs2103\cs2103-website-base\admin\tp-w12.md)
  Template render error: (C:\repos\nus-cs2103\cs2103-website-base\admin\tp-w12.md)
  Template render error: (C:\repos\nus-cs2103\cs2103-website-base\admin\tp-w12.md)
  Template render error: (C:\repos\nus-cs2103\cs2103-website-base\admin\tp-w12.md)
  Template render error: (C:\repos\nus-cs2103\cs2103-website-base\admin\tp-w12.md)
  Template render error: (C:\repos\nus-cs2103\cs2103-website-base\admin\tp-w12.md)
  Template render error: (C:\repos\nus-cs2103\cs2103-website-base\admin\tp-w12.md)
  Template render error: (C:\repos\nus-cs2103\cs2103-website-base\admin\tp-w12.md)
  Template render error: (C:\repos\nus-cs2103\cs2103-website-base\admin\tp-w12.md)
  Template render error: (C:\repos\nus-cs2103\cs2103-website-base\admin\tp-w12.md)
  Template render error: (C:\repos\nus-cs2103\cs2103-website-base\admin\tp-w12.md)
  Template render error: (C:\repos\nus-cs2103\cs2103-website-base\admin\tp-w12.md)
  Template render error: (C:\repos\nus-cs2103\cs2103-website-base\admin\tp-w12.md) [Line 76, Column 46]
  Template render error: (C:\repos\nus-cs2103\cs2103-website-base\admin\tp-w12.md)
  Template render error: (C:\repos\nus-cs2103\cs2103-website-base\admin\tp-w12.md)
  Template render error: (C:\repos\nus-cs2103\cs2103-website-base\admin\tp-w12.md)
  Template render error: (C:\repos\nus-cs2103\cs2103-website-base\admin\tp-w12.md) [Line 73, Column 49]
  Template render error: (C:\repos\nus-cs2103\cs2103-website-base\admin\tp-w12.md)
  Template render error: (C:\repos\nus-cs2103\cs2103-website-base\admin\tp-w12.md)
  Template render error: (C:\repos\nus-cs2103\cs2103-website-base\admin\tp-w12.md)
  Template render error: (C:\repos\nus-cs2103\cs2103-website-base\admin\tp-w12.md)
  Template render error: (C:\repos\nus-cs2103\cs2103-website-base\admin\tp-w12.md) [Line 267, Column 127]
  Template render error: (C:\repos\nus-cs2103\cs2103-website-base\admin\tp-w12.md)
  Template render error: (C:\repos\nus-cs2103\cs2103-website-base\admin\tp-w12.md)
  Template render error: (C:\repos\nus-cs2103\cs2103-website-base\admin\tp-w12.md)
  Template render error: (C:\repos\nus-cs2103\cs2103-website-base\admin\tp-w12.md)
  Template render error: (C:\repos\nus-cs2103\cs2103-website-base\admin\tp-w12.md)
  Template render error: (C:\repos\nus-cs2103\cs2103-website-base\admin\tp-w12.md)
  Error: Unable to call `get_date`, which is undefined or falsey
    at Object._prettifyError (C:\Users\dcsdcr\AppData\Roaming\npm\node_modules\markbind-cli\node_modules\nunjucks\src\lib.js:36:11)
    at C:\Users\dcsdcr\AppData\Roaming\npm\node_modules\markbind-cli\node_modules\@markbind\core\src\patches\nunjucks\context-overrides-frame.js:383:17
    at Template.root [as rootRenderFunc] (eval at _compile (C:\Users\dcsdcr\AppData\Roaming\npm\node_modules\markbind-cli\node_modules\nunjucks\src\environment.js:631:18), <anonymous>:29:3)
    at Template.render (C:\Users\dcsdcr\AppData\Roaming\npm\node_modules\markbind-cli\node_modules\@markbind\core\src\patches\nunjucks\context-overrides-frame.js:372:8)
    at C:\Users\dcsdcr\AppData\Roaming\npm\node_modules\markbind-cli\node_modules\@markbind\core\src\patches\nunjucks\context-overrides-frame.js:54:25
    at Environment.getTemplate (C:\Users\dcsdcr\AppData\Roaming\npm\node_modules\markbind-cli\node_modules\@markbind\core\src\patches\nunjucks\load-event.js:85:7)
    at Environment.render (C:\Users\dcsdcr\AppData\Roaming\npm\node_modules\markbind-cli\node_modules\@markbind\core\src\patches\nunjucks\context-overrides-frame.js:48:8)
    at VariableRenderer.renderFile (C:\Users\dcsdcr\AppData\Roaming\npm\node_modules\markbind-cli\node_modules\@markbind\core\src\variables\VariableRenderer.js:59:20)
    at VariableProcessor.renderWithSiteVariables (C:\Users\dcsdcr\AppData\Roaming\npm\node_modules\markbind-cli\node_modules\@markbind\core\src\variables\VariableProcessor.js:157:53)
    at VariableProcessor.renderIncludeFile (C:\Users\dcsdcr\AppData\Roaming\npm\node_modules\markbind-cli\node_modules\@markbind\core\src\variables\VariableProcessor.js:256:34)
    at processInclude (C:\Users\dcsdcr\AppData\Roaming\npm\node_modules\markbind-cli\node_modules\@markbind\core\src\html\includePanelProcessor.js:207:25)
    at NodeProcessor.processNode (C:\Users\dcsdcr\AppData\Roaming\npm\node_modules\markbind-cli\node_modules\@markbind\core\src\html\NodeProcessor.js:176:28)
    at NodeProcessor.traverse (C:\Users\dcsdcr\AppData\Roaming\npm\node_modules\markbind-cli\node_modules\@markbind\core\src\html\NodeProcessor.js:320:24)
    at C:\Users\dcsdcr\AppData\Roaming\npm\node_modules\markbind-cli\node_modules\@markbind\core\src\html\NodeProcessor.js:324:22
    at Array.forEach (<anonymous>)
    at NodeProcessor.traverse (C:\Users\dcsdcr\AppData\Roaming\npm\node_modules\markbind-cli\node_modules\@markbind\core\src\html\NodeProcessor.js:323:27)
2022-10-31T15:17:36.797Z - info: Site data built
2022-10-31T15:17:36.798Z - info: Pages rebuilt
2022-10-31T15:17:36.798Z - info: Website regeneration complete! Total build time: 0.48s
2022-10-31T15:19:21.956Z - info: [11:19:21 pm] Reload for file change: C:\repos\nus-cs2103\cs2103-website-base\admin\tp-tasks-fragment.md
2022-10-31T15:19:21.956Z - info: Synchronizing opened pages list before reload
2022-10-31T15:19:21.956Z - info: Current opened pages, from most-to-least recent:
2022-10-31T15:19:21.956Z - info: 1. schedule/week12/project
2022-10-31T15:19:22.966Z - info: Rebuilding 1 pages
2022-10-31T15:19:25.606Z - info: Site data built
2022-10-31T15:19:25.607Z - info: Pages rebuilt
2022-10-31T15:19:25.607Z - info: Website regeneration complete! Total build time: 2.641s
2022-10-31T15:20:26.829Z - info: [11:20:26 pm] Reload for file change: C:\repos\nus-cs2103\cs2103-website-base\admin\tp-tasks-fragment.md
2022-10-31T15:20:26.830Z - info: Synchronizing opened pages list before reload
2022-10-31T15:20:26.830Z - info: Current opened pages, from most-to-least recent:
2022-10-31T15:20:26.830Z - info: 1. schedule/week12/project
2022-10-31T15:20:27.844Z - info: Rebuilding 1 pages
2022-10-31T15:20:30.569Z - info: Site data built
2022-10-31T15:20:30.569Z - info: Pages rebuilt
2022-10-31T15:20:30.570Z - info: Website regeneration complete! Total build time: 2.727s
2022-10-31T15:20:46.372Z - info: [11:20:46 pm] Reload for file change: C:\repos\nus-cs2103\cs2103-website-base\admin\tp-tasks-fragment.md
2022-10-31T15:20:46.372Z - info: Synchronizing opened pages list before reload
2022-10-31T15:20:46.372Z - info: Current opened pages, from most-to-least recent:
2022-10-31T15:20:46.372Z - info: 1. schedule/week12/project
2022-10-31T15:20:47.389Z - info: Rebuilding 1 pages
2022-10-31T15:20:50.255Z - info: Site data built
2022-10-31T15:20:50.256Z - info: Pages rebuilt
2022-10-31T15:20:50.256Z - info: Website regeneration complete! Total build time: 2.868s
2022-10-31T15:23:20.274Z - info: Website generation started at 11:23:17 pm
2022-10-31T15:23:34.144Z - info: Building assets...
2022-10-31T15:23:43.161Z - info: Assets built
2022-10-31T15:23:43.161Z - info: Generating pages...
2022-10-31T15:23:58.452Z - debug:  
2022-10-31T15:23:58.453Z - debug:  
2022-10-31T15:23:58.453Z - debug:  
2022-10-31T15:23:58.453Z - debug:  
2022-10-31T15:23:58.454Z - debug:  
2022-10-31T15:23:58.454Z - debug:  
2022-10-31T15:23:58.454Z - debug:  
2022-10-31T15:23:58.454Z - debug:  
2022-10-31T15:23:58.454Z - debug:  
2022-10-31T15:23:58.455Z - debug:  
2022-10-31T15:23:58.455Z - debug:  
2022-10-31T15:23:58.455Z - debug:  
2022-10-31T15:26:20.953Z - debug:  
2022-10-31T15:26:36.944Z - debug:  
2022-10-31T15:26:36.944Z - debug:  
2022-10-31T15:26:49.456Z - info: Pages built
2022-10-31T15:26:50.958Z - info: Site data built
2022-10-31T15:26:50.958Z - info: Website generation complete! Total build time: 212.989s
2022-10-31T15:26:50.958Z - info: Build success!
2022-10-31T15:33:07.791Z - info: The website has been deployed at: https://nus-cs2103-ay2223s1.github.io/website
