2022-09-02T11:02:30.360Z - info: Website generation (lazy) started at 7:02:20 pm
2022-09-02T11:02:41.921Z - info: Building assets...
2022-09-02T11:02:49.806Z - info: Assets built
2022-09-02T11:02:49.807Z - info: Generating landing page...
2022-09-02T11:02:51.181Z - info: Landing page built, other pages will be built as you navigate to them!
2022-09-02T11:02:52.310Z - info: Site data built
2022-09-02T11:02:52.311Z - info: Website generation (lazy) complete! Total build time: 32.229s
2022-09-02T11:02:53.242Z - info: Serving "C:\repos\nus-cs2103\cs2103-website-base\_site" at http://127.0.0.1:8080
2022-09-02T11:02:53.243Z - info: Press CTRL+C to stop ...
2022-09-02T11:26:30.887Z - info: Building C:\repos\nus-cs2103\cs2103-website-base\schedule\week4\project as some of its dependencies were changed since the last visit
2022-09-02T11:26:33.626Z - info: Site data built
2022-09-02T11:26:33.627Z - info: Lazy website regeneration complete! Total build time: 2.74s
2022-09-02T11:29:08.464Z - info: [7:29:08 pm] Reload for file change: C:\repos\nus-cs2103\cs2103-website-base\admin\common-tutorials-fragment.md
2022-09-02T11:29:08.464Z - info: Synchronizing opened pages list before reload
2022-09-02T11:29:08.465Z - info: Current opened pages, from most-to-least recent:
2022-09-02T11:29:08.465Z - info: 1. schedule/week4/project
2022-09-02T11:29:09.476Z - info: Rebuilding 1 pages
2022-09-02T11:29:12.052Z - info: Site data built
2022-09-02T11:29:12.053Z - info: Pages rebuilt
2022-09-02T11:29:12.053Z - info: Website regeneration complete! Total build time: 2.577s
2022-09-02T11:31:32.885Z - info: [7:31:32 pm] Reload for file change: C:\repos\nus-cs2103\cs2103-website-base\admin\common-tutorials-fragment.md
2022-09-02T11:31:32.886Z - info: Synchronizing opened pages list before reload
2022-09-02T11:31:32.886Z - info: Current opened pages, from most-to-least recent:
2022-09-02T11:31:32.886Z - info: 1. schedule/week4/project
2022-09-02T11:31:33.903Z - info: Rebuilding 1 pages
2022-09-02T11:31:36.631Z - info: Site data built
2022-09-02T11:31:36.631Z - info: Pages rebuilt
2022-09-02T11:31:36.631Z - info: Website regeneration complete! Total build time: 2.729s
2022-09-02T11:32:15.003Z - info: [7:32:15 pm] Reload for file change: C:\repos\nus-cs2103\cs2103-website-base\admin\common-tutorials-fragment.md
2022-09-02T11:32:15.004Z - info: Synchronizing opened pages list before reload
2022-09-02T11:32:15.005Z - info: Current opened pages, from most-to-least recent:
2022-09-02T11:32:15.005Z - info: 1. schedule/week4/project
2022-09-02T11:32:16.013Z - info: Rebuilding 1 pages
2022-09-02T11:32:18.665Z - info: Site data built
2022-09-02T11:32:18.665Z - info: Pages rebuilt
2022-09-02T11:32:18.665Z - info: Website regeneration complete! Total build time: 2.653s
2022-09-02T11:32:53.729Z - info: [7:32:53 pm] Reload for file change: C:\repos\nus-cs2103\cs2103-website-base\_markbind\variables.md
2022-09-02T11:32:53.729Z - info: Synchronizing opened pages list before reload
2022-09-02T11:32:53.729Z - info: Current opened pages, from most-to-least recent:
2022-09-02T11:32:53.730Z - info: 1. schedule/week4/project
2022-09-02T11:32:54.826Z - warn: Rebuilding all pages as variables file was changed, or the --force-reload flag was set
2022-09-02T11:32:54.830Z - info: Rebuilding 1 pages
2022-09-02T11:32:57.097Z - info: Site data built
2022-09-02T11:32:57.098Z - info: Pages rebuilt
2022-09-02T11:32:57.098Z - info: Website regeneration complete! Total build time: 2.366s
2022-09-02T11:33:18.123Z - info: Website generation started at 7:33:16 pm
2022-09-02T11:33:29.361Z - info: Building assets...
2022-09-02T11:33:36.660Z - info: Assets built
2022-09-02T11:33:36.661Z - info: Generating pages...
2022-09-02T11:33:46.770Z - debug:  
2022-09-02T11:33:48.632Z - debug:  
2022-09-02T11:33:48.635Z - debug:  
2022-09-02T11:33:48.635Z - debug:  
2022-09-02T11:33:48.636Z - debug:  
2022-09-02T11:33:48.636Z - debug:  
2022-09-02T11:33:48.636Z - debug:  
2022-09-02T11:33:48.636Z - debug:  
2022-09-02T11:33:48.637Z - debug:  
2022-09-02T11:33:48.637Z - debug:  
2022-09-02T11:33:48.637Z - debug:  
2022-09-02T11:33:48.637Z - debug:  
2022-09-02T11:35:45.616Z - debug:  
2022-09-02T11:35:57.659Z - debug:  
2022-09-02T11:35:57.659Z - debug:  
2022-09-02T11:36:05.668Z - info: Pages built
2022-09-02T11:36:06.750Z - info: Site data built
2022-09-02T11:36:06.750Z - info: Website generation complete! Total build time: 170.503s
2022-09-02T11:36:06.751Z - info: Build success!
2022-09-02T11:36:20.962Z - error: fatal: unable to access 'https://github.com/nus-cs2103-AY2223S1/website.git/': Could not resolve host: github.com

2022-09-02T13:37:23.493Z - info: Website generation started at 9:37:17 pm
2022-09-02T13:37:36.613Z - info: Building assets...
2022-09-02T13:37:44.254Z - info: Assets built
2022-09-02T13:37:44.254Z - info: Generating pages...
2022-09-02T13:37:57.497Z - debug:  
2022-09-02T13:37:57.658Z - debug:  
2022-09-02T13:37:57.765Z - debug:  
2022-09-02T13:37:57.840Z - debug:  
2022-09-02T13:37:57.843Z - debug:  
2022-09-02T13:38:00.903Z - debug:  
2022-09-02T13:38:00.946Z - debug:  
2022-09-02T13:38:00.958Z - debug:  
2022-09-02T13:38:00.958Z - debug:  
2022-09-02T13:38:00.959Z - debug:  
2022-09-02T13:38:00.959Z - debug:  
2022-09-02T13:38:00.959Z - debug:  
2022-09-02T13:40:19.354Z - debug:  
2022-09-02T13:40:33.631Z - debug:  
2022-09-02T13:40:33.743Z - debug:  
2022-09-02T13:40:42.329Z - info: Pages built
2022-09-02T13:40:43.475Z - info: Site data built
2022-09-02T13:40:43.475Z - info: Website generation complete! Total build time: 206.168s
2022-09-02T13:40:43.475Z - info: Build success!
2022-09-02T13:44:00.777Z - info: The website has been deployed at: https://nus-cs2103-ay2223s1.github.io/website
2022-09-02T14:54:51.271Z - info: Website generation (lazy) started at 10:54:44 pm
2022-09-02T14:55:09.264Z - info: Building assets...
2022-09-02T14:55:21.892Z - info: Assets built
2022-09-02T14:55:21.893Z - info: Generating landing page...
2022-09-02T14:55:24.420Z - info: Landing page built, other pages will be built as you navigate to them!
2022-09-02T14:55:25.973Z - info: Site data built
2022-09-02T14:55:25.974Z - info: Website generation (lazy) complete! Total build time: 41.779s
2022-09-02T14:55:27.729Z - info: Serving "C:\repos\nus-cs2103\cs2103-website-base\_site" at http://127.0.0.1:8080
2022-09-02T14:55:27.731Z - info: Press CTRL+C to stop ...
2022-09-02T14:55:45.557Z - info: Building C:\repos\nus-cs2103\cs2103-website-base\schedule\week5\admin as some of its dependencies were changed since the last visit
2022-09-02T14:55:58.840Z - info: Site data built
2022-09-02T14:55:58.841Z - info: Lazy website regeneration complete! Total build time: 13.285s
