2022-10-04T12:37:54.596Z - info: Website generation started at 8:37:50 pm
2022-10-04T12:38:21.734Z - info: Building assets...
2022-10-04T12:38:34.575Z - info: Assets built
2022-10-04T12:38:34.575Z - info: Generating pages...
2022-10-04T12:38:51.319Z - debug:  
2022-10-04T12:38:51.319Z - debug:  
2022-10-04T12:38:51.320Z - debug:  
2022-10-04T12:38:51.320Z - debug:  
2022-10-04T12:38:51.320Z - debug:  
2022-10-04T12:38:51.321Z - debug:  
2022-10-04T12:38:51.373Z - debug:  
2022-10-04T12:38:51.785Z - debug:  
2022-10-04T12:38:51.786Z - debug:  
2022-10-04T12:38:51.786Z - debug:  
2022-10-04T12:38:52.124Z - debug:  
2022-10-04T12:39:30.935Z - debug:  
2022-10-04T12:40:32.344Z - info: Pages built
2022-10-04T12:40:33.524Z - info: Site data built
2022-10-04T12:40:33.524Z - info: Website generation complete! Total build time: 163.128s
2022-10-04T12:40:33.524Z - info: Build success!
2022-10-04T12:45:36.332Z - info: The website has been deployed at: https://nus-tic2002-ay2223s1.github.io/website
