2022-09-30T10:52:34.288Z - info: Website generation started at 6:52:28 pm
2022-09-30T10:52:46.925Z - info: Building assets...
2022-09-30T10:52:54.961Z - info: Assets built
2022-09-30T10:52:54.961Z - info: Generating pages...
2022-09-30T10:53:06.470Z - debug:  
2022-09-30T10:53:08.617Z - debug:  
2022-09-30T10:53:08.618Z - debug:  
2022-09-30T10:53:08.618Z - debug:  
2022-09-30T10:53:08.618Z - debug:  
2022-09-30T10:53:08.619Z - debug:  
2022-09-30T10:53:08.619Z - debug:  
2022-09-30T10:53:08.619Z - debug:  
2022-09-30T10:53:08.620Z - debug:  
2022-09-30T10:53:08.620Z - debug:  
2022-09-30T10:53:08.620Z - debug:  
2022-09-30T10:53:08.620Z - debug:  
2022-09-30T10:55:22.845Z - debug:  
2022-09-30T10:55:36.589Z - debug:  
2022-09-30T10:55:36.590Z - debug:  
2022-09-30T10:55:46.770Z - info: Pages built
2022-09-30T10:55:47.975Z - info: Site data built
2022-09-30T10:55:47.975Z - info: Website generation complete! Total build time: 199.076s
2022-09-30T10:55:47.975Z - info: Build success!
2022-09-30T10:57:57.034Z - info: The website has been deployed at: https://nus-cs2103-ay2223s1.github.io/website
2022-09-30T11:21:10.520Z - info: Website generation started at 7:21:05 pm
2022-09-30T11:21:22.056Z - info: Building assets...
