2022-11-01T15:34:52.478Z - info: Website generation started at 11:34:47 pm
2022-11-01T15:35:04.058Z - info: Building assets...
2022-11-01T15:35:11.434Z - info: Assets built
2022-11-01T15:35:11.435Z - info: Generating pages...
2022-11-01T15:35:26.320Z - debug:  
2022-11-01T15:35:26.321Z - debug:  
2022-11-01T15:35:26.321Z - debug:  
2022-11-01T15:35:26.321Z - debug:  
2022-11-01T15:35:26.322Z - debug:  
2022-11-01T15:35:26.322Z - debug:  
2022-11-01T15:35:26.322Z - debug:  
2022-11-01T15:35:26.395Z - debug:  
2022-11-01T15:35:26.470Z - debug:  
2022-11-01T15:35:26.722Z - debug:  
2022-11-01T15:35:26.722Z - debug:  
2022-11-01T15:36:02.064Z - debug:  
2022-11-01T15:36:57.601Z - info: Pages built
2022-11-01T15:36:58.846Z - info: Site data built
2022-11-01T15:36:58.846Z - info: Website generation complete! Total build time: 131.756s
2022-11-01T15:36:58.846Z - info: Build success!
2022-11-01T15:39:10.748Z - info: The website has been deployed at: https://nus-tic2002-ay2223s1.github.io/website
