2022-09-27T14:27:28.749Z - info: Website generation started at 10:27:23 pm
2022-09-27T14:27:44.753Z - info: Building assets...
2022-09-27T14:27:56.271Z - info: Assets built
2022-09-27T14:27:56.272Z - info: Generating pages...
2022-09-27T14:28:19.158Z - debug:  
2022-09-27T14:28:19.159Z - debug:  
2022-09-27T14:28:19.160Z - debug:  
2022-09-27T14:28:19.162Z - debug:  
2022-09-27T14:28:19.163Z - debug:  
2022-09-27T14:28:19.164Z - debug:  
2022-09-27T14:28:19.165Z - debug:  
2022-09-27T14:28:19.167Z - debug:  
2022-09-27T14:28:20.198Z - debug:  
2022-09-27T14:28:20.240Z - debug:  
2022-09-27T14:28:20.241Z - debug:  
2022-09-27T14:29:14.147Z - debug:  
2022-09-27T14:30:42.871Z - info: Pages built
2022-09-27T14:30:44.387Z - info: Site data built
2022-09-27T14:30:44.387Z - info: Website generation complete! Total build time: 201.094s
2022-09-27T14:30:44.387Z - info: Build success!
2022-09-27T14:34:11.446Z - info: The website has been deployed at: https://nus-tic2002-ay2223s1.github.io/website
