2022-10-11T12:48:30.053Z - info: Website generation (lazy) started at 8:48:24 pm
2022-10-11T12:48:42.671Z - info: Building assets...
2022-10-11T12:48:51.668Z - info: Assets built
2022-10-11T12:48:51.669Z - info: Generating landing page...
2022-10-11T12:48:53.250Z - info: Landing page built, other pages will be built as you navigate to them!
2022-10-11T12:48:54.416Z - info: Site data built
2022-10-11T12:48:54.416Z - info: Website generation (lazy) complete! Total build time: 29.936s
2022-10-11T12:48:55.485Z - info: Serving "C:\repos\nus-cs2103\cs2103-website-base\_site" at http://127.0.0.1:8080
2022-10-11T12:48:55.485Z - info: Press CTRL+C to stop ...
2022-10-11T12:49:18.529Z - info: Building C:\repos\nus-cs2103\cs2103-website-base\schedule\week9\index as some of its dependencies were changed since the last visit
2022-10-11T12:49:21.210Z - info: Site data built
2022-10-11T12:49:21.210Z - info: Lazy website regeneration complete! Total build time: 2.683s
2022-10-11T12:49:23.554Z - info: [8:49:23 pm] Reload for file change: C:\repos\nus-cs2103\cs2103-website-base\_markbind\variables.md
2022-10-11T12:49:23.555Z - info: Synchronizing opened pages list before reload
2022-10-11T12:49:23.555Z - info: Current opened pages, from most-to-least recent:
2022-10-11T12:49:23.556Z - info: 1. schedule/week9/index
2022-10-11T12:49:24.654Z - warn: Rebuilding all pages as variables file was changed, or the --force-reload flag was set
2022-10-11T12:49:24.661Z - info: Rebuilding 1 pages
2022-10-11T12:49:25.371Z - info: Site data built
2022-10-11T12:49:25.372Z - info: Pages rebuilt
2022-10-11T12:49:25.372Z - info: Website regeneration complete! Total build time: 0.812s
2022-10-11T12:49:28.255Z - info: Building C:\repos\nus-cs2103\cs2103-website-base\schedule\week9\admin as some of its dependencies were changed since the last visit
2022-10-11T12:49:28.971Z - info: Site data built
2022-10-11T12:49:28.971Z - info: Lazy website regeneration complete! Total build time: 0.716s
2022-10-11T12:49:29.777Z - info: Building C:\repos\nus-cs2103\cs2103-website-base\schedule\week9\admin as some of its dependencies were changed since the last visit
2022-10-11T12:49:30.071Z - info: Site data built
2022-10-11T12:49:30.072Z - info: Lazy website regeneration complete! Total build time: 0.295s
2022-10-11T12:51:38.855Z - info: [8:51:38 pm] Reload for file change: C:\repos\nus-cs2103\cs2103-website-base\schedule\week9\admin-tic2002-fragment.md
2022-10-11T12:51:38.856Z - info: Synchronizing opened pages list before reload
2022-10-11T12:51:38.856Z - info: Current opened pages, from most-to-least recent:
2022-10-11T12:51:38.857Z - info: 1. schedule/week9/admin
2022-10-11T12:51:39.865Z - info: Rebuilding 1 pages
2022-10-11T12:51:40.397Z - info: Site data built
2022-10-11T12:51:40.397Z - info: Pages rebuilt
2022-10-11T12:51:40.397Z - info: Website regeneration complete! Total build time: 0.533s
2022-10-11T12:52:51.914Z - info: [8:52:51 pm] Reload for file change: C:\repos\nus-cs2103\cs2103-website-base\schedule\week9\admin-tic2002-fragment.md
2022-10-11T12:52:51.914Z - info: Synchronizing opened pages list before reload
2022-10-11T12:52:51.914Z - info: Current opened pages, from most-to-least recent:
2022-10-11T12:52:51.914Z - info: 1. schedule/week9/admin
2022-10-11T12:52:52.918Z - info: Rebuilding 1 pages
2022-10-11T12:52:53.266Z - info: Site data built
2022-10-11T12:52:53.267Z - info: Pages rebuilt
2022-10-11T12:52:53.267Z - info: Website regeneration complete! Total build time: 0.349s
2022-10-11T12:53:06.131Z - info: [8:53:06 pm] Reload for file change: C:\repos\nus-cs2103\cs2103-website-base\schedule\week9\admin-tic2002-fragment.md
2022-10-11T12:53:06.131Z - info: Synchronizing opened pages list before reload
2022-10-11T12:53:06.131Z - info: Current opened pages, from most-to-least recent:
2022-10-11T12:53:06.131Z - info: 1. schedule/week9/admin
2022-10-11T12:53:07.142Z - info: Rebuilding 1 pages
2022-10-11T12:53:07.412Z - info: Site data built
2022-10-11T12:53:07.412Z - info: Pages rebuilt
2022-10-11T12:53:07.412Z - info: Website regeneration complete! Total build time: 0.271s
2022-10-11T12:54:29.541Z - info: [8:54:29 pm] Reload for file change: C:\repos\nus-cs2103\cs2103-website-base\schedule\week9\admin-tic2002-fragment.md
2022-10-11T12:54:29.542Z - info: Synchronizing opened pages list before reload
2022-10-11T12:54:29.542Z - info: Current opened pages, from most-to-least recent:
2022-10-11T12:54:29.542Z - info: 1. schedule/week9/admin
2022-10-11T12:54:30.551Z - info: Rebuilding 1 pages
2022-10-11T12:54:30.993Z - info: Site data built
2022-10-11T12:54:30.993Z - info: Pages rebuilt
2022-10-11T12:54:30.993Z - info: Website regeneration complete! Total build time: 0.443s
2022-10-11T12:57:21.177Z - info: [8:57:21 pm] Reload for file change: C:\repos\nus-cs2103\cs2103-website-base\schedule\week9\admin-tic2002-fragment.md
2022-10-11T12:57:21.177Z - info: Synchronizing opened pages list before reload
2022-10-11T12:57:21.177Z - info: Current opened pages, from most-to-least recent:
2022-10-11T12:57:21.178Z - info: 1. schedule/week9/admin
2022-10-11T12:57:22.196Z - info: Rebuilding 1 pages
2022-10-11T12:57:22.828Z - info: Site data built
2022-10-11T12:57:22.828Z - info: Pages rebuilt
2022-10-11T12:57:22.828Z - info: Website regeneration complete! Total build time: 0.633s
2022-10-11T12:58:41.776Z - info: Website generation (lazy) started at 8:58:39 pm
2022-10-11T12:58:55.222Z - info: Building assets...
2022-10-11T12:59:05.122Z - info: Assets built
2022-10-11T12:59:05.124Z - info: Generating landing page...
2022-10-11T12:59:06.534Z - info: Landing page built, other pages will be built as you navigate to them!
2022-10-11T12:59:07.961Z - info: Site data built
2022-10-11T12:59:07.962Z - info: Website generation (lazy) complete! Total build time: 28.329s
2022-10-11T12:59:09.186Z - info: Serving "C:\repos\nus-cs2103\cs2103-website-base\_site" at http://127.0.0.1:8080
2022-10-11T12:59:09.187Z - info: Press CTRL+C to stop ...
2022-10-11T12:59:30.667Z - info: Building C:\repos\nus-cs2103\cs2103-website-base\schedule\week9\admin as some of its dependencies were changed since the last visit
2022-10-11T12:59:35.042Z - info: Site data built
2022-10-11T12:59:35.042Z - info: Lazy website regeneration complete! Total build time: 4.377s
2022-10-11T13:00:24.913Z - info: [9:00:24 pm] Reload for file change: C:\repos\nus-cs2103\cs2103-website-base\schedule\week9\admin-tic2002-fragment.md
2022-10-11T13:00:24.914Z - info: Synchronizing opened pages list before reload
2022-10-11T13:00:24.916Z - info: Current opened pages, from most-to-least recent:
2022-10-11T13:00:24.916Z - info: 1. schedule/week9/admin
2022-10-11T13:00:24.916Z - info: 2. index
2022-10-11T13:00:25.936Z - info: Rebuilding 2 pages
2022-10-11T13:00:27.045Z - info: Site data built
2022-10-11T13:00:27.046Z - info: Pages rebuilt
2022-10-11T13:00:27.047Z - info: Website regeneration complete! Total build time: 1.111s
2022-10-11T13:00:47.984Z - info: [9:00:47 pm] Reload for file change: C:\repos\nus-cs2103\cs2103-website-base\schedule\week9\admin-tic2002-fragment.md
2022-10-11T13:00:47.984Z - info: Synchronizing opened pages list before reload
2022-10-11T13:00:47.985Z - info: Current opened pages, from most-to-least recent:
2022-10-11T13:00:47.985Z - info: 1. schedule/week9/admin
2022-10-11T13:00:47.985Z - info: 2. index
2022-10-11T13:00:48.996Z - info: Rebuilding 2 pages
2022-10-11T13:00:49.816Z - info: Site data built
2022-10-11T13:00:49.817Z - info: Pages rebuilt
2022-10-11T13:00:49.817Z - info: Website regeneration complete! Total build time: 0.822s
2022-10-11T13:01:38.718Z - info: [9:01:38 pm] Reload for file change: C:\repos\nus-cs2103\cs2103-website-base\schedule\week9\admin-tic2002-fragment.md
2022-10-11T13:01:38.719Z - info: Synchronizing opened pages list before reload
2022-10-11T13:01:38.719Z - info: Current opened pages, from most-to-least recent:
2022-10-11T13:01:38.719Z - info: 1. schedule/week9/admin
2022-10-11T13:01:39.738Z - info: Rebuilding 1 pages
2022-10-11T13:01:40.261Z - info: Site data built
2022-10-11T13:01:40.261Z - info: Pages rebuilt
2022-10-11T13:01:40.262Z - info: Website regeneration complete! Total build time: 0.524s
2022-10-11T13:02:53.333Z - info: Website generation started at 9:02:51 pm
2022-10-11T13:03:03.098Z - info: Building assets...
2022-10-11T13:03:10.389Z - info: Assets built
2022-10-11T13:03:10.390Z - info: Generating pages...
2022-10-11T13:03:28.197Z - debug:  
2022-10-11T13:03:28.198Z - debug:  
2022-10-11T13:03:28.209Z - debug:  
2022-10-11T13:03:28.210Z - debug:  
2022-10-11T13:03:28.210Z - debug:  
2022-10-11T13:03:28.211Z - debug:  
2022-10-11T13:03:28.211Z - debug:  
2022-10-11T13:03:28.211Z - debug:  
2022-10-11T13:03:28.211Z - debug:  
2022-10-11T13:03:28.212Z - debug:  
2022-10-11T13:03:28.212Z - debug:  
2022-10-11T13:04:04.150Z - debug:  
2022-10-11T13:04:58.685Z - info: Pages built
2022-10-11T13:05:00.085Z - info: Site data built
2022-10-11T13:05:00.085Z - info: Website generation complete! Total build time: 128.479s
2022-10-11T13:05:00.086Z - info: Build success!
2022-10-11T13:07:05.467Z - info: The website has been deployed at: https://nus-tic2002-ay2223s1.github.io/website
2022-10-11T15:03:09.980Z - info: Website generation (lazy) started at 11:03:02 pm
2022-10-11T15:03:24.467Z - info: Building assets...
2022-10-11T15:03:33.244Z - info: Assets built
2022-10-11T15:03:33.246Z - info: Generating landing page...
2022-10-11T15:03:34.471Z - info: Landing page built, other pages will be built as you navigate to them!
2022-10-11T15:03:35.699Z - info: Site data built
2022-10-11T15:03:35.700Z - info: Website generation (lazy) complete! Total build time: 33.7s
2022-10-11T15:03:36.749Z - info: Serving "C:\repos\nus-cs2103\cs2103-website-base\_site" at http://127.0.0.1:8080
2022-10-11T15:03:36.749Z - info: Press CTRL+C to stop ...
2022-10-11T15:05:21.660Z - info: Building C:\repos\nus-cs2103\cs2103-website-base\schedule\timeline as some of its dependencies were changed since the last visit
2022-10-11T15:05:28.818Z - info: Site data built
2022-10-11T15:05:28.819Z - info: Lazy website regeneration complete! Total build time: 7.161s
2022-10-11T15:05:46.195Z - info: Building C:\repos\nus-cs2103\cs2103-website-base\schedule\week3\admin as some of its dependencies were changed since the last visit
2022-10-11T15:05:47.039Z - info: Site data built
2022-10-11T15:05:47.040Z - info: Lazy website regeneration complete! Total build time: 0.844s
2022-10-11T15:06:35.417Z - info: [11:06:35 pm] Reload for file change: C:\repos\nus-cs2103\cs2103-website-base\schedule\week3\admin-tic2002-fragment.md
2022-10-11T15:06:35.417Z - info: Synchronizing opened pages list before reload
2022-10-11T15:06:35.418Z - info: Current opened pages, from most-to-least recent:
2022-10-11T15:06:35.419Z - info: 1. schedule/week3/admin
2022-10-11T15:06:36.430Z - info: Rebuilding 1 pages
2022-10-11T15:06:37.230Z - info: Site data built
2022-10-11T15:06:37.230Z - info: Pages rebuilt
2022-10-11T15:06:37.230Z - info: Website regeneration complete! Total build time: 0.802s
2022-10-11T15:06:53.921Z - info: [11:06:53 pm] Reload for file change: C:\repos\nus-cs2103\cs2103-website-base\schedule\week3\admin-tic2002-fragment.md
2022-10-11T15:06:53.922Z - info: Synchronizing opened pages list before reload
2022-10-11T15:06:53.922Z - info: Current opened pages, from most-to-least recent:
2022-10-11T15:06:53.923Z - info: 1. schedule/week3/admin
2022-10-11T15:06:54.938Z - info: Rebuilding 1 pages
2022-10-11T15:06:55.477Z - info: Site data built
2022-10-11T15:06:55.478Z - info: Pages rebuilt
2022-10-11T15:06:55.478Z - info: Website regeneration complete! Total build time: 0.541s
2022-10-11T15:08:16.674Z - info: [11:08:16 pm] Reload for file change: C:\repos\nus-cs2103\cs2103-website-base\book\gitAndGithub\fork\text.md
2022-10-11T15:08:16.675Z - info: Synchronizing opened pages list before reload
2022-10-11T15:08:16.675Z - info: Current opened pages, from most-to-least recent:
2022-10-11T15:08:16.676Z - info: 1. schedule/week3/admin
2022-10-11T15:08:17.680Z - info: Rebuilding 1 pages
2022-10-11T15:08:18.392Z - info: Site data built
2022-10-11T15:08:18.392Z - info: Pages rebuilt
2022-10-11T15:08:18.393Z - info: Website regeneration complete! Total build time: 0.713s
2022-10-11T15:09:35.513Z - info: [11:09:35 pm] Reload for file change: C:\repos\nus-cs2103\cs2103-website-base\book\gitAndGithub\fork\text.md
2022-10-11T15:09:35.513Z - info: Synchronizing opened pages list before reload
2022-10-11T15:09:35.513Z - info: Current opened pages, from most-to-least recent:
2022-10-11T15:09:35.514Z - info: 1. schedule/week3/admin
2022-10-11T15:09:36.524Z - info: Rebuilding 1 pages
2022-10-11T15:09:37.187Z - info: Site data built
2022-10-11T15:09:37.188Z - info: Pages rebuilt
2022-10-11T15:09:37.188Z - info: Website regeneration complete! Total build time: 0.665s
2022-10-11T15:10:15.290Z - info: [11:10:15 pm] Reload for file change: C:\repos\nus-cs2103\cs2103-website-base\book\gitAndGithub\fork\text.md
2022-10-11T15:10:15.290Z - info: Synchronizing opened pages list before reload
2022-10-11T15:10:15.291Z - info: Current opened pages, from most-to-least recent:
2022-10-11T15:10:15.291Z - info: 1. schedule/week3/admin
2022-10-11T15:10:16.303Z - info: Rebuilding 1 pages
2022-10-11T15:10:17.025Z - info: Site data built
2022-10-11T15:10:17.025Z - info: Pages rebuilt
2022-10-11T15:10:17.025Z - info: Website regeneration complete! Total build time: 0.723s
2022-10-11T15:10:39.488Z - info: [11:10:39 pm] Reload for file change: C:\repos\nus-cs2103\cs2103-website-base\book\gitAndGithub\fork\text.md
2022-10-11T15:10:39.488Z - info: Synchronizing opened pages list before reload
2022-10-11T15:10:39.489Z - info: Current opened pages, from most-to-least recent:
2022-10-11T15:10:39.489Z - info: 1. schedule/week3/admin
2022-10-11T15:10:40.491Z - info: Rebuilding 1 pages
2022-10-11T15:10:41.064Z - info: Site data built
2022-10-11T15:10:41.064Z - info: Pages rebuilt
2022-10-11T15:10:41.064Z - info: Website regeneration complete! Total build time: 0.574s
2022-10-11T15:11:02.534Z - info: [11:11:02 pm] Reload for file change: C:\repos\nus-cs2103\cs2103-website-base\book\gitAndGithub\fork\text.md
2022-10-11T15:11:02.535Z - info: Synchronizing opened pages list before reload
2022-10-11T15:11:02.535Z - info: Current opened pages, from most-to-least recent:
2022-10-11T15:11:02.535Z - info: 1. schedule/week3/admin
2022-10-11T15:11:03.549Z - info: Rebuilding 1 pages
2022-10-11T15:11:04.299Z - info: Site data built
2022-10-11T15:11:04.299Z - info: Pages rebuilt
2022-10-11T15:11:04.299Z - info: Website regeneration complete! Total build time: 0.75s
2022-10-11T15:11:33.634Z - info: [11:11:33 pm] Reload for file change: C:\repos\nus-cs2103\cs2103-website-base\book\gitAndGithub\fork\text.md
2022-10-11T15:11:33.635Z - info: Synchronizing opened pages list before reload
2022-10-11T15:11:33.635Z - info: Current opened pages, from most-to-least recent:
2022-10-11T15:11:33.635Z - info: 1. schedule/week3/admin
2022-10-11T15:11:34.651Z - info: Rebuilding 1 pages
2022-10-11T15:11:35.299Z - info: Site data built
2022-10-11T15:11:35.299Z - info: Pages rebuilt
2022-10-11T15:11:35.299Z - info: Website regeneration complete! Total build time: 0.649s
