2022-07-10T13:30:09.999Z - error: Failed to read the site config file 'site.json' atC:\repos\nus-cs2103\cs2103-website-base:
C:\repos\nus-cs2103\cs2103-website-base\site.json: Unexpected token < in JSON at position 1737
Please ensure the file exist or is valid
2022-07-10T15:18:59.444Z - info: Website generation (lazy) started at 11:18:56 pm
2022-07-10T15:19:05.411Z - info: Building assets...
2022-07-10T15:19:10.684Z - info: Assets built
2022-07-10T15:19:10.684Z - info: Generating landing page...
2022-07-10T15:19:11.604Z - info: Landing page built, other pages will be built as you navigate to them!
2022-07-10T15:19:12.524Z - info: Site data built
2022-07-10T15:19:12.524Z - info: Website generation (lazy) complete! Total build time: 15.881s
2022-07-10T15:19:13.470Z - info: Serving "C:\repos\nus-cs2103\cs2103-website-base\_site" at http://127.0.0.1:8080
2022-07-10T15:19:13.470Z - info: Press CTRL+C to stop ...
2022-07-10T15:32:12.536Z - info: [11:32:12 pm] Reload for file change: C:\repos\nus-cs2103\cs2103-website-base\site.json
2022-07-10T15:32:12.537Z - info: Synchronizing opened pages list before reload
2022-07-10T15:32:12.538Z - info: Current opened pages, from most-to-least recent:
2022-07-10T15:32:12.538Z - info: 1. index
2022-07-10T15:32:16.377Z - info: Pages or site config modified, updating pages...
2022-07-10T15:32:19.736Z - info: Building C:\repos\nus-cs2103\cs2103-website-base\index as some of its dependencies were changed since the last visit
2022-07-10T15:32:20.169Z - info: Site data built
2022-07-10T15:32:20.170Z - info: Lazy website regeneration complete! Total build time: 0.434s
2022-07-10T15:32:20.178Z - info: Site data built
2022-07-10T15:52:24.592Z - info: Building C:\repos\nus-cs2103\cs2103-website-base\admin\gradeBreakdown as some of its dependencies were changed since the last visit
2022-07-10T15:52:25.720Z - info: Site data built
2022-07-10T15:52:25.721Z - info: Lazy website regeneration complete! Total build time: 1.13s
2022-07-10T15:52:27.978Z - debug:  
2022-07-10T15:52:51.356Z - info: [11:52:51 pm] Reload for file change: C:\repos\nus-cs2103\cs2103-website-base\admin\gradeBreakdown.md
2022-07-10T15:52:51.356Z - info: Synchronizing opened pages list before reload
2022-07-10T15:52:51.357Z - info: Current opened pages, from most-to-least recent:
2022-07-10T15:52:51.357Z - info: 1. admin/gradeBreakdown
2022-07-10T15:52:52.361Z - info: Rebuilding 1 pages
2022-07-10T15:52:52.859Z - info: Site data built
2022-07-10T15:52:52.859Z - info: Pages rebuilt
2022-07-10T15:52:52.859Z - info: Website regeneration complete! Total build time: 0.499s
2022-07-10T15:52:54.568Z - debug:  
