2022-12-13T16:22:12.201Z - info: Website generation (lazy) started at 12:22:08 am
2022-12-13T16:22:22.319Z - info: Building assets...
2022-12-13T16:22:29.094Z - info: Assets built
2022-12-13T16:22:29.095Z - info: Generating landing page...
2022-12-13T16:22:29.966Z - info: Landing page built, other pages will be built as you navigate to them!
2022-12-13T16:22:31.152Z - info: Site data built
2022-12-13T16:22:31.152Z - info: Website generation (lazy) complete! Total build time: 23.126s
2022-12-13T16:22:31.892Z - info: Serving "C:\repos\nus-cs2103\cs2103-website-base\_site" at http://127.0.0.1:8080
2022-12-13T16:22:31.892Z - info: Press CTRL+C to stop ...
2022-12-13T16:23:24.290Z - info: [12:23:24 am] Reload for file change: C:\repos\nus-cs2103\cs2103-website-base\_markbind\variables.md
2022-12-13T16:23:24.291Z - info: Synchronizing opened pages list before reload
2022-12-13T16:23:24.292Z - info: Current opened pages, from most-to-least recent:
2022-12-13T16:23:24.292Z - info: 1. index
2022-12-13T16:23:25.391Z - warn: Rebuilding all pages as variables file was changed, or the --force-reload flag was set
2022-12-13T16:23:25.396Z - info: Rebuilding 1 pages
2022-12-13T16:23:25.688Z - info: Site data built
2022-12-13T16:23:25.689Z - info: Pages rebuilt
2022-12-13T16:23:25.689Z - info: Website regeneration complete! Total build time: 0.389s
2022-12-13T16:24:23.962Z - info: Website generation started at 12:24:22 am
2022-12-13T16:24:32.694Z - info: Building assets...
2022-12-13T16:24:39.106Z - info: Assets built
2022-12-13T16:24:39.108Z - info: Generating pages...
2022-12-13T16:24:50.762Z - debug:  
2022-12-13T16:24:50.764Z - debug:  
2022-12-13T16:24:50.802Z - debug:  
2022-12-13T16:24:50.841Z - debug:  
2022-12-13T16:24:50.842Z - debug:  
2022-12-13T16:24:50.852Z - debug:  
2022-12-13T16:24:50.853Z - debug:  
2022-12-13T16:24:50.853Z - debug:  
2022-12-13T16:24:50.859Z - debug:  
2022-12-13T16:24:53.039Z - debug:  
2022-12-13T16:24:53.040Z - debug:  
2022-12-13T16:24:53.040Z - debug:  
2022-12-13T16:26:39.372Z - debug:  
2022-12-13T16:26:51.031Z - debug:  
2022-12-13T16:26:51.031Z - debug:  
2022-12-13T16:26:59.101Z - info: Pages built
2022-12-13T16:27:00.179Z - info: Site data built
2022-12-13T16:27:00.179Z - info: Website generation complete! Total build time: 157.587s
2022-12-13T16:27:01.033Z - info: Serving "C:\repos\nus-cs2103\cs2103-website-base\_site" at http://127.0.0.1:8080
2022-12-13T16:27:01.034Z - info: Press CTRL+C to stop ...
2022-12-13T16:29:16.928Z - info: Website generation started at 12:29:11 am
2022-12-13T16:29:28.756Z - info: Building assets...
2022-12-13T16:29:37.060Z - info: Assets built
2022-12-13T16:29:37.061Z - info: Generating pages...
2022-12-13T16:29:50.840Z - debug:  
2022-12-13T16:29:50.842Z - debug:  
2022-12-13T16:29:50.843Z - debug:  
2022-12-13T16:29:50.898Z - debug:  
2022-12-13T16:29:50.899Z - debug:  
2022-12-13T16:29:53.373Z - debug:  
2022-12-13T16:29:53.373Z - debug:  
2022-12-13T16:29:53.373Z - debug:  
2022-12-13T16:29:53.373Z - debug:  
2022-12-13T16:29:53.374Z - debug:  
2022-12-13T16:29:53.374Z - debug:  
2022-12-13T16:29:53.374Z - debug:  
2022-12-13T16:32:06.373Z - debug:  
2022-12-13T16:32:21.104Z - debug:  
2022-12-13T16:32:21.105Z - debug:  
2022-12-13T16:32:30.486Z - info: Pages built
2022-12-13T16:32:31.568Z - info: Site data built
2022-12-13T16:32:31.568Z - info: Website generation complete! Total build time: 200.219s
2022-12-13T16:32:31.568Z - info: Build success!
2022-12-13T16:35:10.974Z - info: The website has been deployed at: https://nus-cs2103-ay2223s1.github.io/website
2022-12-13T16:39:45.772Z - info: Website generation started at 12:39:41 am
2022-12-13T16:39:54.860Z - info: Building assets...
2022-12-13T16:40:01.628Z - info: Assets built
2022-12-13T16:40:01.628Z - info: Generating pages...
2022-12-13T16:40:13.733Z - debug:  
2022-12-13T16:40:13.733Z - debug:  
2022-12-13T16:40:13.733Z - debug:  
2022-12-13T16:40:13.734Z - debug:  
2022-12-13T16:40:13.734Z - debug:  
2022-12-13T16:40:13.734Z - debug:  
2022-12-13T16:40:13.735Z - debug:  
2022-12-13T16:40:13.735Z - debug:  
2022-12-13T16:40:13.735Z - debug:  
2022-12-13T16:40:13.735Z - debug:  
2022-12-13T16:40:13.735Z - debug:  
2022-12-13T16:40:42.912Z - debug:  
2022-12-13T16:41:27.509Z - info: Pages built
2022-12-13T16:41:28.335Z - info: Site data built
2022-12-13T16:41:28.335Z - info: Website generation complete! Total build time: 106.506s
2022-12-13T16:41:28.335Z - info: Build success!
2022-12-13T16:43:09.168Z - info: The website has been deployed at: https://nus-tic2002-ay2223s1.github.io/website
2022-12-13T16:48:09.582Z - info: Website generation (lazy) started at 12:48:04 am
2022-12-13T16:48:20.300Z - info: Building assets...
2022-12-13T16:48:27.319Z - info: Assets built
2022-12-13T16:48:27.320Z - info: Generating landing page...
2022-12-13T16:48:28.051Z - info: Landing page built, other pages will be built as you navigate to them!
2022-12-13T16:48:29.407Z - info: Site data built
2022-12-13T16:48:29.408Z - info: Website generation (lazy) complete! Total build time: 24.524s
2022-12-13T16:48:30.567Z - info: Serving "C:\repos\nus-cs2103\cs2103-website-base\_site" at http://127.0.0.1:8080
2022-12-13T16:48:30.568Z - info: Press CTRL+C to stop ...
2022-12-13T17:05:01.763Z - info: Website generation started at 1:05:00 am
2022-12-13T17:05:11.146Z - info: Building assets...
