2022-09-12T16:21:40.391Z - info: Building C:\repos\nus-cs2103\cs2103-website-base\schedule\week2\topics as some of its dependencies were changed since the last visit
2022-09-12T16:21:45.232Z - info: Site data built
2022-09-12T16:21:45.233Z - info: Lazy website regeneration complete! Total build time: 4.842s
2022-09-13T13:50:47.508Z - info: Website generation started at 9:50:42 pm
2022-09-13T13:51:09.397Z - info: Building assets...
2022-09-13T13:51:25.720Z - info: Assets built
2022-09-13T13:51:25.721Z - info: Generating pages...
2022-09-13T13:51:58.712Z - debug:  
2022-09-13T13:51:58.795Z - debug:  
2022-09-13T13:51:58.796Z - debug:  
2022-09-13T13:51:58.797Z - debug:  
2022-09-13T13:51:59.841Z - debug:  
2022-09-13T13:51:59.886Z - debug:  
2022-09-13T13:52:00.851Z - debug:  
2022-09-13T13:52:00.852Z - debug:  
2022-09-13T13:52:00.899Z - debug:  
2022-09-13T13:52:01.620Z - debug:  
2022-09-13T13:52:01.624Z - debug:  
2022-09-13T13:53:33.525Z - debug:  
2022-09-13T13:55:22.411Z - info: Pages built
2022-09-13T13:55:23.814Z - info: Site data built
2022-09-13T13:55:23.814Z - info: Website generation complete! Total build time: 280.833s
2022-09-13T13:55:23.814Z - info: Build success!
2022-09-13T13:59:35.846Z - info: The website has been deployed at: https://nus-tic2002-ay2223s1.github.io/website
