2022-10-26T06:08:46.186Z - info: Website generation (lazy) started at 2:08:37 pm
2022-10-26T06:09:00.860Z - info: Building assets...
2022-10-26T06:09:10.787Z - info: Assets built
2022-10-26T06:09:10.788Z - info: Generating landing page...
2022-10-26T06:09:12.925Z - info: Landing page built, other pages will be built as you navigate to them!
2022-10-26T06:09:14.468Z - info: Site data built
2022-10-26T06:09:14.468Z - info: Website generation (lazy) complete! Total build time: 36.625s
2022-10-26T06:09:15.854Z - info: Serving "C:\repos\nus-cs2103\cs2103-website-base\_site" at http://127.0.0.1:8080
2022-10-26T06:09:15.854Z - info: Press CTRL+C to stop ...
2022-10-26T07:26:31.871Z - info: Building C:\repos\nus-cs2103\cs2103-website-base\schedule\week10\index as some of its dependencies were changed since the last visit
2022-10-26T07:26:33.444Z - info: Site data built
2022-10-26T07:26:33.444Z - info: Lazy website regeneration complete! Total build time: 1.582s
2022-10-26T07:26:39.000Z - info: Building C:\repos\nus-cs2103\cs2103-website-base\schedule\week10\project as some of its dependencies were changed since the last visit
2022-10-26T07:26:40.487Z - info: Site data built
2022-10-26T07:26:40.488Z - info: Lazy website regeneration complete! Total build time: 1.488s
2022-10-26T07:27:29.057Z - info: Building C:\repos\nus-cs2103\cs2103-website-base\admin\index as some of its dependencies were changed since the last visit
2022-10-26T07:27:29.671Z - info: Site data built
2022-10-26T07:27:29.671Z - info: Lazy website regeneration complete! Total build time: 0.615s
2022-10-26T07:27:36.188Z - info: Building C:\repos\nus-cs2103\cs2103-website-base\admin\participation as some of its dependencies were changed since the last visit
2022-10-26T07:27:36.450Z - info: Site data built
2022-10-26T07:27:36.450Z - info: Lazy website regeneration complete! Total build time: 0.262s
2022-10-26T07:28:40.782Z - info: [3:28:40 pm] Reload for file change: C:\repos\nus-cs2103\cs2103-website-base\admin\participation.md
2022-10-26T07:28:40.783Z - info: Synchronizing opened pages list before reload
2022-10-26T07:28:40.783Z - info: Current opened pages, from most-to-least recent:
2022-10-26T07:28:40.784Z - info: 1. admin/participation
2022-10-26T07:28:41.797Z - info: Rebuilding 1 pages
2022-10-26T07:28:42.132Z - info: Site data built
2022-10-26T07:28:42.132Z - info: Pages rebuilt
2022-10-26T07:28:42.133Z - info: Website regeneration complete! Total build time: 0.337s
2022-10-26T07:30:16.524Z - info: [3:30:16 pm] Reload for file change: C:\repos\nus-cs2103\cs2103-website-base\admin\participation.md
2022-10-26T07:30:16.525Z - info: Synchronizing opened pages list before reload
2022-10-26T07:30:16.525Z - info: Current opened pages, from most-to-least recent:
2022-10-26T07:30:16.525Z - info: 1. admin/participation
2022-10-26T07:30:17.536Z - info: Rebuilding 1 pages
2022-10-26T07:30:17.842Z - info: Site data built
2022-10-26T07:30:17.842Z - info: Pages rebuilt
2022-10-26T07:30:17.842Z - info: Website regeneration complete! Total build time: 0.307s
2022-10-26T07:31:45.156Z - info: [3:31:45 pm] Reload for file change: C:\repos\nus-cs2103\cs2103-website-base\admin\participation.md
2022-10-26T07:31:45.156Z - info: Synchronizing opened pages list before reload
2022-10-26T07:31:45.156Z - info: Current opened pages, from most-to-least recent:
2022-10-26T07:31:45.156Z - info: 1. admin/participation
2022-10-26T07:31:46.170Z - info: Rebuilding 1 pages
2022-10-26T07:31:46.460Z - info: Site data built
2022-10-26T07:31:46.460Z - info: Pages rebuilt
2022-10-26T07:31:46.461Z - info: Website regeneration complete! Total build time: 0.291s
2022-10-26T07:34:17.613Z - info: [3:34:17 pm] Reload for file change: C:\repos\nus-cs2103\cs2103-website-base\admin\participation.md
2022-10-26T07:34:17.614Z - info: Synchronizing opened pages list before reload
2022-10-26T07:34:17.615Z - info: Current opened pages, from most-to-least recent:
2022-10-26T07:34:17.615Z - info: 1. admin/participation
2022-10-26T07:34:18.626Z - info: Rebuilding 1 pages
2022-10-26T07:34:19.000Z - info: Site data built
2022-10-26T07:34:19.000Z - info: Pages rebuilt
2022-10-26T07:34:19.001Z - info: Website regeneration complete! Total build time: 0.375s
2022-10-26T07:35:24.932Z - info: [3:35:24 pm] Reload for file change: C:\repos\nus-cs2103\cs2103-website-base\admin\participation.md
2022-10-26T07:35:24.932Z - info: Synchronizing opened pages list before reload
2022-10-26T07:35:24.932Z - info: Current opened pages, from most-to-least recent:
2022-10-26T07:35:24.932Z - info: 1. admin/participation
2022-10-26T07:35:25.949Z - info: Rebuilding 1 pages
2022-10-26T07:35:26.189Z - info: Site data built
2022-10-26T07:35:26.189Z - info: Pages rebuilt
2022-10-26T07:35:26.189Z - info: Website regeneration complete! Total build time: 0.241s
2022-10-26T07:35:36.873Z - info: [3:35:36 pm] Reload for file change: C:\repos\nus-cs2103\cs2103-website-base\admin\participation.md
2022-10-26T07:35:36.873Z - info: Synchronizing opened pages list before reload
2022-10-26T07:35:36.873Z - info: Current opened pages, from most-to-least recent:
2022-10-26T07:35:36.873Z - info: 1. admin/participation
2022-10-26T07:35:37.893Z - info: Rebuilding 1 pages
2022-10-26T07:35:38.133Z - info: Site data built
2022-10-26T07:35:38.133Z - info: Pages rebuilt
2022-10-26T07:35:38.134Z - info: Website regeneration complete! Total build time: 0.242s
2022-10-26T07:35:43.197Z - info: [3:35:43 pm] Reload for file change: C:\repos\nus-cs2103\cs2103-website-base\admin\participation.md
2022-10-26T07:35:43.197Z - info: Synchronizing opened pages list before reload
2022-10-26T07:35:43.197Z - info: Current opened pages, from most-to-least recent:
2022-10-26T07:35:43.197Z - info: 1. admin/participation
2022-10-26T07:35:44.211Z - info: Rebuilding 1 pages
2022-10-26T07:35:44.422Z - info: Site data built
2022-10-26T07:35:44.422Z - info: Pages rebuilt
2022-10-26T07:35:44.422Z - info: Website regeneration complete! Total build time: 0.211s
2022-10-26T07:36:56.674Z - info: [3:36:56 pm] Reload for file change: C:\repos\nus-cs2103\cs2103-website-base\admin\policies-fragment.md
2022-10-26T07:36:56.674Z - info: Synchronizing opened pages list before reload
2022-10-26T07:36:56.674Z - info: Current opened pages, from most-to-least recent:
2022-10-26T07:36:56.675Z - info: 1. admin/participation
2022-10-26T07:36:57.684Z - info: Rebuilding 1 pages
2022-10-26T07:36:57.975Z - info: Site data built
2022-10-26T07:36:57.975Z - info: Pages rebuilt
2022-10-26T07:36:57.975Z - info: Website regeneration complete! Total build time: 0.292s
2022-10-26T07:38:26.832Z - info: [3:38:26 pm] Reload for file change: C:\repos\nus-cs2103\cs2103-website-base\admin\policies-fragment.md
2022-10-26T07:38:26.832Z - info: Synchronizing opened pages list before reload
2022-10-26T07:38:26.832Z - info: Current opened pages, from most-to-least recent:
2022-10-26T07:38:26.832Z - info: 1. admin/participation
2022-10-26T07:38:27.843Z - info: Rebuilding 1 pages
2022-10-26T07:38:28.122Z - info: Site data built
2022-10-26T07:38:28.123Z - info: Pages rebuilt
2022-10-26T07:38:28.123Z - info: Website regeneration complete! Total build time: 0.28s
2022-10-26T07:40:04.628Z - info: [3:40:04 pm] Reload for file change: C:\repos\nus-cs2103\cs2103-website-base\admin\policies-fragment.md
2022-10-26T07:40:04.628Z - info: Synchronizing opened pages list before reload
2022-10-26T07:40:04.628Z - info: Current opened pages, from most-to-least recent:
2022-10-26T07:40:04.629Z - info: 1. admin/participation
2022-10-26T07:40:05.645Z - info: Rebuilding 1 pages
2022-10-26T07:40:05.904Z - info: Site data built
2022-10-26T07:40:05.904Z - info: Pages rebuilt
2022-10-26T07:40:05.904Z - info: Website regeneration complete! Total build time: 0.26s
2022-10-26T07:42:20.412Z - info: Website generation started at 3:42:18 pm
2022-10-26T07:42:33.382Z - info: Building assets...
2022-10-26T07:42:42.950Z - info: Assets built
2022-10-26T07:42:42.951Z - info: Generating pages...
2022-10-26T07:42:57.610Z - debug:  
2022-10-26T07:43:00.200Z - debug:  
2022-10-26T07:43:00.200Z - debug:  
2022-10-26T07:43:00.201Z - debug:  
2022-10-26T07:43:00.201Z - debug:  
2022-10-26T07:43:00.201Z - debug:  
2022-10-26T07:43:00.202Z - debug:  
2022-10-26T07:43:00.202Z - debug:  
2022-10-26T07:43:00.202Z - debug:  
2022-10-26T07:43:00.202Z - debug:  
2022-10-26T07:43:00.203Z - debug:  
2022-10-26T07:43:00.203Z - debug:  
2022-10-26T07:45:13.352Z - debug:  
2022-10-26T07:45:28.496Z - debug:  
2022-10-26T07:45:28.582Z - debug:  
2022-10-26T07:45:39.065Z - info: Pages built
2022-10-26T07:45:40.326Z - info: Site data built
2022-10-26T07:45:40.327Z - info: Website generation complete! Total build time: 202.162s
2022-10-26T07:45:40.327Z - info: Build success!
2022-10-26T07:48:18.573Z - info: The website has been deployed at: https://nus-cs2103-ay2223s1.github.io/website
