2022-09-25T16:17:45.466Z - info: Website generation (lazy) started at 12:17:39 am
2022-09-25T16:17:58.259Z - info: Building assets...
2022-09-25T16:18:06.967Z - info: Assets built
2022-09-25T16:18:06.968Z - info: Generating landing page...
2022-09-25T16:18:08.882Z - info: Landing page built, other pages will be built as you navigate to them!
2022-09-25T16:18:10.223Z - info: Site data built
2022-09-25T16:18:10.223Z - info: Website generation (lazy) complete! Total build time: 30.533s
2022-09-25T16:18:11.337Z - info: Serving "C:\repos\nus-cs2103\cs2103-website-base\_site" at http://127.0.0.1:8080
2022-09-25T16:18:11.337Z - info: Press CTRL+C to stop ...
2022-09-25T16:22:27.374Z - info: Building C:\repos\nus-cs2103\cs2103-website-base\admin\overview-for-teachers as some of its dependencies were changed since the last visit
2022-09-25T16:22:27.939Z - info: Site data built
2022-09-25T16:22:27.940Z - info: Lazy website regeneration complete! Total build time: 0.567s
2022-09-25T16:24:00.852Z - info: [12:24:00 am] Reload for file change: C:\repos\nus-cs2103\cs2103-website-base\admin\overview-for-teachers.md
2022-09-25T16:24:00.852Z - info: Synchronizing opened pages list before reload
2022-09-25T16:24:00.853Z - info: Current opened pages, from most-to-least recent:
2022-09-25T16:24:00.853Z - info: 1. admin/overview-for-teachers
2022-09-25T16:24:01.871Z - info: Rebuilding 1 pages
2022-09-25T16:24:02.115Z - info: Site data built
2022-09-25T16:24:02.116Z - info: Pages rebuilt
2022-09-25T16:24:02.116Z - info: Website regeneration complete! Total build time: 0.246s
2022-09-25T16:25:03.718Z - info: [12:25:03 am] Reload for file change: C:\repos\nus-cs2103\cs2103-website-base\admin\overview-for-teachers.md
2022-09-25T16:25:03.719Z - info: Synchronizing opened pages list before reload
2022-09-25T16:25:03.719Z - info: Current opened pages, from most-to-least recent:
2022-09-25T16:25:03.720Z - info: 1. admin/overview-for-teachers
2022-09-25T16:25:04.731Z - info: Rebuilding 1 pages
2022-09-25T16:25:05.000Z - info: Site data built
2022-09-25T16:25:05.000Z - info: Pages rebuilt
2022-09-25T16:25:05.000Z - info: Website regeneration complete! Total build time: 0.27s
2022-09-25T16:27:59.672Z - info: [12:27:59 am] Reload for file change: C:\repos\nus-cs2103\cs2103-website-base\admin\overview-for-teachers.md
2022-09-25T16:27:59.673Z - info: Synchronizing opened pages list before reload
2022-09-25T16:27:59.676Z - info: Current opened pages, from most-to-least recent:
2022-09-25T16:27:59.677Z - info: 1. admin/overview-for-teachers
2022-09-25T16:28:00.687Z - info: Rebuilding 1 pages
2022-09-25T16:28:00.938Z - info: Site data built
2022-09-25T16:28:00.938Z - info: Pages rebuilt
2022-09-25T16:28:00.938Z - info: Website regeneration complete! Total build time: 0.252s
2022-09-25T16:29:24.227Z - info: [12:29:24 am] Reload for file change: C:\repos\nus-cs2103\cs2103-website-base\admin\overview-for-teachers.md
2022-09-25T16:29:24.228Z - info: Synchronizing opened pages list before reload
2022-09-25T16:29:24.228Z - info: Current opened pages, from most-to-least recent:
2022-09-25T16:29:24.228Z - info: 1. admin/overview-for-teachers
2022-09-25T16:29:25.236Z - info: Rebuilding 1 pages
2022-09-25T16:29:25.404Z - info: Site data built
2022-09-25T16:29:25.404Z - info: Pages rebuilt
2022-09-25T16:29:25.404Z - info: Website regeneration complete! Total build time: 0.169s
2022-09-25T16:30:17.931Z - info: [12:30:17 am] Reload for file change: C:\repos\nus-cs2103\cs2103-website-base\admin\overview-for-teachers.md
2022-09-25T16:30:17.932Z - info: Synchronizing opened pages list before reload
2022-09-25T16:30:17.932Z - info: Current opened pages, from most-to-least recent:
2022-09-25T16:30:17.932Z - info: 1. admin/overview-for-teachers
2022-09-25T16:30:18.940Z - info: Rebuilding 1 pages
2022-09-25T16:30:19.088Z - info: Site data built
2022-09-25T16:30:19.089Z - info: Pages rebuilt
2022-09-25T16:30:19.089Z - info: Website regeneration complete! Total build time: 0.15s
2022-09-25T16:31:03.482Z - info: [12:31:03 am] Reload for file change: C:\repos\nus-cs2103\cs2103-website-base\admin\overview-for-teachers.md
2022-09-25T16:31:03.482Z - info: Synchronizing opened pages list before reload
2022-09-25T16:31:03.482Z - info: Current opened pages, from most-to-least recent:
2022-09-25T16:31:03.482Z - info: 1. admin/overview-for-teachers
2022-09-25T16:31:04.495Z - info: Rebuilding 1 pages
2022-09-25T16:31:04.638Z - info: Site data built
2022-09-25T16:31:04.638Z - info: Pages rebuilt
2022-09-25T16:31:04.638Z - info: Website regeneration complete! Total build time: 0.145s
2022-09-25T16:31:35.536Z - info: [12:31:35 am] Reload for file change: C:\repos\nus-cs2103\cs2103-website-base\admin\overview-for-teachers.md
2022-09-25T16:31:35.536Z - info: Synchronizing opened pages list before reload
2022-09-25T16:31:35.536Z - info: Current opened pages, from most-to-least recent:
2022-09-25T16:31:35.537Z - info: 1. admin/overview-for-teachers
2022-09-25T16:31:36.552Z - info: Rebuilding 1 pages
2022-09-25T16:31:36.673Z - info: Site data built
2022-09-25T16:31:36.673Z - info: Pages rebuilt
2022-09-25T16:31:36.673Z - info: Website regeneration complete! Total build time: 0.123s
2022-09-25T16:31:44.546Z - info: [12:31:44 am] Reload for file change: C:\repos\nus-cs2103\cs2103-website-base\admin\overview-for-teachers.md
2022-09-25T16:31:44.546Z - info: Synchronizing opened pages list before reload
2022-09-25T16:31:44.547Z - info: Current opened pages, from most-to-least recent:
2022-09-25T16:31:44.547Z - info: 1. admin/overview-for-teachers
2022-09-25T16:31:45.558Z - info: Rebuilding 1 pages
2022-09-25T16:31:45.683Z - info: Site data built
2022-09-25T16:31:45.683Z - info: Pages rebuilt
2022-09-25T16:31:45.683Z - info: Website regeneration complete! Total build time: 0.125s
2022-09-25T16:32:41.774Z - info: [12:32:41 am] Reload for file change: C:\repos\nus-cs2103\cs2103-website-base\admin\overview-for-teachers.md
2022-09-25T16:32:41.774Z - info: Synchronizing opened pages list before reload
2022-09-25T16:32:41.775Z - info: Current opened pages, from most-to-least recent:
2022-09-25T16:32:41.775Z - info: 1. admin/overview-for-teachers
2022-09-25T16:32:42.787Z - info: Rebuilding 1 pages
2022-09-25T16:32:42.928Z - info: Site data built
2022-09-25T16:32:42.929Z - info: Pages rebuilt
2022-09-25T16:32:42.929Z - info: Website regeneration complete! Total build time: 0.142s
2022-09-25T16:33:25.568Z - info: [12:33:25 am] Reload for file change: C:\repos\nus-cs2103\cs2103-website-base\admin\overview-for-teachers.md
2022-09-25T16:33:25.568Z - info: Synchronizing opened pages list before reload
2022-09-25T16:33:25.568Z - info: Current opened pages, from most-to-least recent:
2022-09-25T16:33:25.568Z - info: 1. admin/overview-for-teachers
2022-09-25T16:33:26.581Z - info: Rebuilding 1 pages
2022-09-25T16:33:26.750Z - info: Site data built
2022-09-25T16:33:26.750Z - info: Pages rebuilt
2022-09-25T16:33:26.750Z - info: Website regeneration complete! Total build time: 0.17s
2022-09-25T16:34:23.695Z - info: [12:34:23 am] Reload for file change: C:\repos\nus-cs2103\cs2103-website-base\admin\overview-for-teachers.md
2022-09-25T16:34:23.695Z - info: Synchronizing opened pages list before reload
2022-09-25T16:34:23.695Z - info: Current opened pages, from most-to-least recent:
2022-09-25T16:34:23.695Z - info: 1. admin/overview-for-teachers
2022-09-25T16:34:24.707Z - info: Rebuilding 1 pages
2022-09-25T16:34:24.815Z - info: Site data built
2022-09-25T16:34:24.817Z - info: Pages rebuilt
2022-09-25T16:34:24.817Z - info: Website regeneration complete! Total build time: 0.111s
2022-09-25T16:35:01.094Z - info: [12:35:01 am] Reload for file change: C:\repos\nus-cs2103\cs2103-website-base\admin\overview-for-teachers.md
2022-09-25T16:35:01.094Z - info: Synchronizing opened pages list before reload
2022-09-25T16:35:01.094Z - info: Current opened pages, from most-to-least recent:
2022-09-25T16:35:01.094Z - info: 1. admin/overview-for-teachers
2022-09-25T16:35:02.108Z - info: Rebuilding 1 pages
2022-09-25T16:35:02.226Z - info: Site data built
2022-09-25T16:35:02.226Z - info: Pages rebuilt
2022-09-25T16:35:02.226Z - info: Website regeneration complete! Total build time: 0.119s
2022-09-25T16:35:54.445Z - info: [12:35:54 am] Reload for file change: C:\repos\nus-cs2103\cs2103-website-base\admin\overview-for-teachers.md
2022-09-25T16:35:54.446Z - info: Synchronizing opened pages list before reload
2022-09-25T16:35:54.447Z - info: Current opened pages, from most-to-least recent:
2022-09-25T16:35:54.447Z - info: 1. admin/overview-for-teachers
2022-09-25T16:35:55.466Z - info: Rebuilding 1 pages
2022-09-25T16:35:55.746Z - info: Site data built
2022-09-25T16:35:55.746Z - info: Pages rebuilt
2022-09-25T16:35:55.746Z - info: Website regeneration complete! Total build time: 0.281s
2022-09-25T16:36:02.944Z - info: [12:36:02 am] Reload for file change: C:\repos\nus-cs2103\cs2103-website-base\admin\overview-for-teachers.md
2022-09-25T16:36:02.944Z - info: Synchronizing opened pages list before reload
2022-09-25T16:36:02.944Z - info: Current opened pages, from most-to-least recent:
2022-09-25T16:36:02.945Z - info: 1. admin/overview-for-teachers
2022-09-25T16:36:03.960Z - info: Rebuilding 1 pages
2022-09-25T16:36:04.162Z - info: Site data built
2022-09-25T16:36:04.162Z - info: Pages rebuilt
2022-09-25T16:36:04.162Z - info: Website regeneration complete! Total build time: 0.202s
2022-09-25T16:36:42.174Z - info: [12:36:42 am] Reload for file change: C:\repos\nus-cs2103\cs2103-website-base\admin\overview-for-teachers.md
2022-09-25T16:36:42.175Z - info: Synchronizing opened pages list before reload
2022-09-25T16:36:42.175Z - info: Current opened pages, from most-to-least recent:
2022-09-25T16:36:42.175Z - info: 1. admin/overview-for-teachers
2022-09-25T16:36:43.186Z - info: Rebuilding 1 pages
2022-09-25T16:36:43.351Z - info: Site data built
2022-09-25T16:36:43.351Z - info: Pages rebuilt
2022-09-25T16:36:43.351Z - info: Website regeneration complete! Total build time: 0.166s
2022-09-25T16:37:32.843Z - info: [12:37:32 am] Reload for file change: C:\repos\nus-cs2103\cs2103-website-base\admin\overview-for-teachers.md
2022-09-25T16:37:32.843Z - info: Synchronizing opened pages list before reload
2022-09-25T16:37:32.843Z - info: Current opened pages, from most-to-least recent:
2022-09-25T16:37:32.843Z - info: 1. admin/overview-for-teachers
2022-09-25T16:37:33.849Z - info: Rebuilding 1 pages
2022-09-25T16:37:34.006Z - info: Site data built
2022-09-25T16:37:34.006Z - info: Pages rebuilt
2022-09-25T16:37:34.006Z - info: Website regeneration complete! Total build time: 0.158s
2022-09-25T16:38:12.393Z - info: [12:38:12 am] Reload for file change: C:\repos\nus-cs2103\cs2103-website-base\admin\overview-for-teachers.md
2022-09-25T16:38:12.394Z - info: Synchronizing opened pages list before reload
2022-09-25T16:38:12.394Z - info: Current opened pages, from most-to-least recent:
2022-09-25T16:38:12.394Z - info: 1. admin/overview-for-teachers
2022-09-25T16:38:13.403Z - info: Rebuilding 1 pages
2022-09-25T16:38:13.539Z - info: Site data built
2022-09-25T16:38:13.539Z - info: Pages rebuilt
2022-09-25T16:38:13.539Z - info: Website regeneration complete! Total build time: 0.137s
2022-09-25T16:38:26.372Z - info: [12:38:26 am] Reload for file change: C:\repos\nus-cs2103\cs2103-website-base\admin\overview-for-teachers.md
2022-09-25T16:38:26.373Z - info: Synchronizing opened pages list before reload
2022-09-25T16:38:26.373Z - info: Current opened pages, from most-to-least recent:
2022-09-25T16:38:26.373Z - info: 1. admin/overview-for-teachers
2022-09-25T16:38:27.390Z - info: Rebuilding 1 pages
2022-09-25T16:38:27.531Z - info: Site data built
2022-09-25T16:38:27.531Z - info: Pages rebuilt
2022-09-25T16:38:27.532Z - info: Website regeneration complete! Total build time: 0.142s
2022-09-25T16:39:14.720Z - info: Building C:\repos\nus-cs2103\cs2103-website-base\admin\index as some of its dependencies were changed since the last visit
2022-09-25T16:39:15.455Z - info: Site data built
2022-09-25T16:39:15.455Z - info: Lazy website regeneration complete! Total build time: 0.736s
2022-09-25T16:39:18.821Z - info: Building C:\repos\nus-cs2103\cs2103-website-base\admin\gradeBreakdown as some of its dependencies were changed since the last visit
2022-09-25T16:39:20.048Z - info: Site data built
2022-09-25T16:39:20.048Z - info: Lazy website regeneration complete! Total build time: 1.228s
2022-09-25T16:39:23.238Z - debug:  
2022-09-25T16:41:23.892Z - info: [12:41:23 am] Reload for file change: C:\repos\nus-cs2103\cs2103-website-base\admin\overview-for-teachers.md
2022-09-25T16:41:23.892Z - info: Synchronizing opened pages list before reload
2022-09-25T16:41:23.892Z - info: Current opened pages, from most-to-least recent:
2022-09-25T16:41:23.893Z - info: 1. admin/overview-for-teachers
2022-09-25T16:41:24.903Z - info: Rebuilding 1 pages
2022-09-25T16:41:25.174Z - info: Site data built
2022-09-25T16:41:25.174Z - info: Pages rebuilt
2022-09-25T16:41:25.174Z - info: Website regeneration complete! Total build time: 0.272s
2022-09-25T16:41:29.348Z - info: Building C:\repos\nus-cs2103\cs2103-website-base\se-book-adapted\index as some of its dependencies were changed since the last visit
2022-09-25T16:41:29.698Z - info: Site data built
2022-09-25T16:41:29.698Z - info: Lazy website regeneration complete! Total build time: 0.351s
2022-09-25T16:47:57.294Z - info: [12:47:57 am] Reload for file change: C:\repos\nus-cs2103\cs2103-website-base\admin\overview-for-teachers.md
2022-09-25T16:47:57.294Z - info: Synchronizing opened pages list before reload
2022-09-25T16:47:57.294Z - info: Current opened pages, from most-to-least recent:
2022-09-25T16:47:57.294Z - info: 1. admin/overview-for-teachers
2022-09-25T16:47:58.297Z - info: Rebuilding 1 pages
2022-09-25T16:47:58.480Z - info: Site data built
2022-09-25T16:47:58.480Z - info: Pages rebuilt
2022-09-25T16:47:58.480Z - info: Website regeneration complete! Total build time: 0.184s
2022-09-25T16:48:48.530Z - info: [12:48:48 am] Reload for file change: C:\repos\nus-cs2103\cs2103-website-base\admin\overview-for-teachers.md
2022-09-25T16:48:48.531Z - info: Synchronizing opened pages list before reload
2022-09-25T16:48:48.531Z - info: Current opened pages, from most-to-least recent:
2022-09-25T16:48:48.531Z - info: 1. admin/overview-for-teachers
2022-09-25T16:48:49.538Z - info: Rebuilding 1 pages
2022-09-25T16:48:49.698Z - info: Site data built
2022-09-25T16:48:49.698Z - info: Pages rebuilt
2022-09-25T16:48:49.698Z - info: Website regeneration complete! Total build time: 0.161s
2022-09-25T16:49:08.023Z - info: [12:49:08 am] Reload for file change: C:\repos\nus-cs2103\cs2103-website-base\admin\overview-for-teachers.md
2022-09-25T16:49:08.023Z - info: Synchronizing opened pages list before reload
2022-09-25T16:49:08.023Z - info: Current opened pages, from most-to-least recent:
2022-09-25T16:49:08.023Z - info: 1. admin/overview-for-teachers
2022-09-25T16:49:09.031Z - info: Rebuilding 1 pages
2022-09-25T16:49:09.181Z - info: Site data built
2022-09-25T16:49:09.181Z - info: Pages rebuilt
2022-09-25T16:49:09.181Z - info: Website regeneration complete! Total build time: 0.151s
2022-09-25T16:49:48.566Z - info: [12:49:48 am] Reload for file change: C:\repos\nus-cs2103\cs2103-website-base\admin\overview-for-teachers.md
2022-09-25T16:49:48.566Z - info: Synchronizing opened pages list before reload
2022-09-25T16:49:48.566Z - info: Current opened pages, from most-to-least recent:
2022-09-25T16:49:48.566Z - info: 1. admin/overview-for-teachers
2022-09-25T16:49:49.577Z - info: Rebuilding 1 pages
2022-09-25T16:49:49.737Z - info: Site data built
2022-09-25T16:49:49.738Z - info: Pages rebuilt
2022-09-25T16:49:49.738Z - info: Website regeneration complete! Total build time: 0.163s
2022-09-25T16:51:13.123Z - info: [12:51:13 am] Reload for file change: C:\repos\nus-cs2103\cs2103-website-base\admin\overview-for-teachers.md
2022-09-25T16:51:13.124Z - info: Synchronizing opened pages list before reload
2022-09-25T16:51:13.124Z - info: Current opened pages, from most-to-least recent:
2022-09-25T16:51:13.124Z - info: 1. admin/overview-for-teachers
2022-09-25T16:51:14.133Z - info: Rebuilding 1 pages
2022-09-25T16:51:14.268Z - info: Site data built
2022-09-25T16:51:14.268Z - info: Pages rebuilt
2022-09-25T16:51:14.268Z - info: Website regeneration complete! Total build time: 0.137s
2022-09-25T16:51:26.661Z - info: [12:51:26 am] Reload for file change: C:\repos\nus-cs2103\cs2103-website-base\admin\overview-for-teachers.md
2022-09-25T16:51:26.661Z - info: Synchronizing opened pages list before reload
2022-09-25T16:51:26.662Z - info: Current opened pages, from most-to-least recent:
2022-09-25T16:51:26.662Z - info: 1. admin/overview-for-teachers
2022-09-25T16:51:27.673Z - info: Rebuilding 1 pages
2022-09-25T16:51:27.820Z - info: Site data built
2022-09-25T16:51:27.820Z - info: Pages rebuilt
2022-09-25T16:51:27.820Z - info: Website regeneration complete! Total build time: 0.148s
2022-09-25T16:52:51.583Z - info: [12:52:51 am] Reload for file change: C:\repos\nus-cs2103\cs2103-website-base\admin\overview-for-teachers.md
2022-09-25T16:52:51.583Z - info: Synchronizing opened pages list before reload
2022-09-25T16:52:51.583Z - info: Current opened pages, from most-to-least recent:
2022-09-25T16:52:51.584Z - info: 1. admin/overview-for-teachers
2022-09-25T16:52:52.594Z - info: Rebuilding 1 pages
2022-09-25T16:52:52.739Z - info: Site data built
2022-09-25T16:52:52.739Z - info: Pages rebuilt
2022-09-25T16:52:52.739Z - info: Website regeneration complete! Total build time: 0.146s
2022-09-25T16:53:23.065Z - info: [12:53:23 am] Reload for file change: C:\repos\nus-cs2103\cs2103-website-base\admin\overview-for-teachers.md
2022-09-25T16:53:23.065Z - info: Synchronizing opened pages list before reload
2022-09-25T16:53:23.065Z - info: Current opened pages, from most-to-least recent:
2022-09-25T16:53:23.065Z - info: 1. admin/overview-for-teachers
2022-09-25T16:53:24.069Z - info: Rebuilding 1 pages
2022-09-25T16:53:24.231Z - info: Site data built
2022-09-25T16:53:24.232Z - info: Pages rebuilt
2022-09-25T16:53:24.232Z - info: Website regeneration complete! Total build time: 0.164s
2022-09-25T16:54:21.284Z - info: [12:54:21 am] Reload for file change: C:\repos\nus-cs2103\cs2103-website-base\admin\overview-for-teachers.md
2022-09-25T16:54:21.284Z - info: Synchronizing opened pages list before reload
2022-09-25T16:54:21.285Z - info: Current opened pages, from most-to-least recent:
2022-09-25T16:54:21.285Z - info: 1. admin/overview-for-teachers
2022-09-25T16:54:22.307Z - info: Rebuilding 1 pages
2022-09-25T16:54:22.460Z - info: Site data built
2022-09-25T16:54:22.461Z - info: Pages rebuilt
2022-09-25T16:54:22.461Z - info: Website regeneration complete! Total build time: 0.158s
2022-09-25T16:54:57.363Z - info: [12:54:57 am] Reload for file change: C:\repos\nus-cs2103\cs2103-website-base\admin\overview-for-teachers.md
2022-09-25T16:54:57.363Z - info: Synchronizing opened pages list before reload
2022-09-25T16:54:57.363Z - info: Current opened pages, from most-to-least recent:
2022-09-25T16:54:57.364Z - info: 1. admin/overview-for-teachers
2022-09-25T16:54:58.376Z - info: Rebuilding 1 pages
2022-09-25T16:54:58.528Z - info: Site data built
2022-09-25T16:54:58.529Z - info: Pages rebuilt
2022-09-25T16:54:58.529Z - info: Website regeneration complete! Total build time: 0.153s
2022-09-25T16:57:04.072Z - info: [12:57:04 am] Reload for file change: C:\repos\nus-cs2103\cs2103-website-base\admin\overview-for-teachers.md
2022-09-25T16:57:04.072Z - info: Synchronizing opened pages list before reload
2022-09-25T16:57:04.072Z - info: Current opened pages, from most-to-least recent:
2022-09-25T16:57:04.072Z - info: 1. admin/overview-for-teachers
2022-09-25T16:57:05.085Z - info: Rebuilding 1 pages
2022-09-25T16:57:05.221Z - info: Site data built
2022-09-25T16:57:05.221Z - info: Pages rebuilt
2022-09-25T16:57:05.221Z - info: Website regeneration complete! Total build time: 0.137s
2022-09-25T16:59:39.776Z - info: [12:59:39 am] Reload for file change: C:\repos\nus-cs2103\cs2103-website-base\admin\overview-for-teachers.md
2022-09-25T16:59:39.776Z - info: Synchronizing opened pages list before reload
2022-09-25T16:59:39.776Z - info: Current opened pages, from most-to-least recent:
2022-09-25T16:59:39.776Z - info: 1. admin/overview-for-teachers
2022-09-25T16:59:40.793Z - info: Rebuilding 1 pages
2022-09-25T16:59:40.950Z - info: Site data built
2022-09-25T16:59:40.950Z - info: Pages rebuilt
2022-09-25T16:59:40.950Z - info: Website regeneration complete! Total build time: 0.158s
2022-09-25T17:00:48.892Z - info: [1:00:48 am] Reload for file change: C:\repos\nus-cs2103\cs2103-website-base\admin\overview-for-teachers.md
2022-09-25T17:00:48.893Z - info: Synchronizing opened pages list before reload
2022-09-25T17:00:48.893Z - info: Current opened pages, from most-to-least recent:
2022-09-25T17:00:48.893Z - info: 1. admin/overview-for-teachers
2022-09-25T17:00:49.912Z - info: Rebuilding 1 pages
2022-09-25T17:00:50.043Z - info: Site data built
2022-09-25T17:00:50.044Z - info: Pages rebuilt
2022-09-25T17:00:50.044Z - info: Website regeneration complete! Total build time: 0.133s
2022-09-25T17:01:49.622Z - info: [1:01:49 am] Reload for file change: C:\repos\nus-cs2103\cs2103-website-base\admin\overview-for-teachers.md
2022-09-25T17:01:49.622Z - info: Synchronizing opened pages list before reload
2022-09-25T17:01:49.622Z - info: Current opened pages, from most-to-least recent:
2022-09-25T17:01:49.622Z - info: 1. admin/overview-for-teachers
2022-09-25T17:01:50.640Z - info: Rebuilding 1 pages
2022-09-25T17:01:50.788Z - info: Site data built
2022-09-25T17:01:50.788Z - info: Pages rebuilt
2022-09-25T17:01:50.788Z - info: Website regeneration complete! Total build time: 0.149s
2022-09-25T17:02:28.968Z - info: [1:02:28 am] Reload for file change: C:\repos\nus-cs2103\cs2103-website-base\admin\overview-for-teachers.md
2022-09-25T17:02:28.968Z - info: Synchronizing opened pages list before reload
2022-09-25T17:02:28.969Z - info: Current opened pages, from most-to-least recent:
2022-09-25T17:02:28.969Z - info: 1. admin/overview-for-teachers
2022-09-25T17:02:29.985Z - info: Rebuilding 1 pages
2022-09-25T17:02:30.209Z - info: Site data built
2022-09-25T17:02:30.209Z - info: Pages rebuilt
2022-09-25T17:02:30.209Z - info: Website regeneration complete! Total build time: 0.225s
2022-09-25T17:05:07.213Z - info: [1:05:07 am] Reload for file change: C:\repos\nus-cs2103\cs2103-website-base\admin\overview-for-teachers.md
2022-09-25T17:05:07.213Z - info: Synchronizing opened pages list before reload
2022-09-25T17:05:07.214Z - info: Current opened pages, from most-to-least recent:
2022-09-25T17:05:07.214Z - info: 1. admin/overview-for-teachers
2022-09-25T17:05:08.226Z - info: Rebuilding 1 pages
2022-09-25T17:05:08.413Z - info: Site data built
2022-09-25T17:05:08.413Z - info: Pages rebuilt
2022-09-25T17:05:08.413Z - info: Website regeneration complete! Total build time: 0.188s
2022-09-25T17:05:45.728Z - info: [1:05:45 am] Reload for file change: C:\repos\nus-cs2103\cs2103-website-base\admin\overview-for-teachers.md
2022-09-25T17:05:45.728Z - info: Synchronizing opened pages list before reload
2022-09-25T17:05:45.728Z - info: Current opened pages, from most-to-least recent:
2022-09-25T17:05:45.728Z - info: 1. admin/overview-for-teachers
2022-09-25T17:05:46.745Z - info: Rebuilding 1 pages
2022-09-25T17:05:46.906Z - info: Site data built
2022-09-25T17:05:46.906Z - info: Pages rebuilt
2022-09-25T17:05:46.906Z - info: Website regeneration complete! Total build time: 0.161s
2022-09-25T17:07:09.559Z - info: [1:07:09 am] Reload for file change: C:\repos\nus-cs2103\cs2103-website-base\admin\overview-for-teachers.md
2022-09-25T17:07:09.559Z - info: Synchronizing opened pages list before reload
2022-09-25T17:07:09.559Z - info: Current opened pages, from most-to-least recent:
2022-09-25T17:07:09.559Z - info: 1. admin/overview-for-teachers
2022-09-25T17:07:10.568Z - info: Rebuilding 1 pages
2022-09-25T17:07:10.724Z - info: Site data built
2022-09-25T17:07:10.725Z - info: Pages rebuilt
2022-09-25T17:07:10.725Z - info: Website regeneration complete! Total build time: 0.159s
2022-09-25T17:07:37.148Z - info: [1:07:37 am] Reload for file change: C:\repos\nus-cs2103\cs2103-website-base\admin\overview-for-teachers.md
2022-09-25T17:07:37.149Z - info: Synchronizing opened pages list before reload
2022-09-25T17:07:37.149Z - info: Current opened pages, from most-to-least recent:
2022-09-25T17:07:37.149Z - info: 1. admin/overview-for-teachers
2022-09-25T17:07:38.153Z - info: Rebuilding 1 pages
2022-09-25T17:07:38.292Z - info: Site data built
2022-09-25T17:07:38.293Z - info: Pages rebuilt
2022-09-25T17:07:38.293Z - info: Website regeneration complete! Total build time: 0.141s
2022-09-25T17:08:08.191Z - info: [1:08:08 am] Reload for file change: C:\repos\nus-cs2103\cs2103-website-base\admin\overview-for-teachers.md
2022-09-25T17:08:08.191Z - info: Synchronizing opened pages list before reload
2022-09-25T17:08:08.191Z - info: Current opened pages, from most-to-least recent:
2022-09-25T17:08:08.192Z - info: 1. admin/overview-for-teachers
2022-09-25T17:08:09.201Z - info: Rebuilding 1 pages
2022-09-25T17:08:09.353Z - info: Site data built
2022-09-25T17:08:09.353Z - info: Pages rebuilt
2022-09-25T17:08:09.353Z - info: Website regeneration complete! Total build time: 0.153s
2022-09-25T17:09:22.320Z - info: [1:09:22 am] Reload for file change: C:\repos\nus-cs2103\cs2103-website-base\admin\overview-for-teachers.md
2022-09-25T17:09:22.321Z - info: Synchronizing opened pages list before reload
2022-09-25T17:09:22.321Z - info: Current opened pages, from most-to-least recent:
2022-09-25T17:09:22.321Z - info: 1. admin/overview-for-teachers
2022-09-25T17:09:23.332Z - info: Rebuilding 1 pages
2022-09-25T17:09:23.476Z - info: Site data built
2022-09-25T17:09:23.476Z - info: Pages rebuilt
2022-09-25T17:09:23.476Z - info: Website regeneration complete! Total build time: 0.145s
2022-09-25T17:09:42.146Z - info: [1:09:42 am] Reload for file change: C:\repos\nus-cs2103\cs2103-website-base\admin\overview-for-teachers.md
2022-09-25T17:09:42.147Z - info: Synchronizing opened pages list before reload
2022-09-25T17:09:42.147Z - info: Current opened pages, from most-to-least recent:
2022-09-25T17:09:42.147Z - info: 1. admin/overview-for-teachers
2022-09-25T17:09:43.160Z - info: Rebuilding 1 pages
2022-09-25T17:09:43.311Z - info: Site data built
2022-09-25T17:09:43.311Z - info: Pages rebuilt
2022-09-25T17:09:43.311Z - info: Website regeneration complete! Total build time: 0.152s
2022-09-25T17:11:50.431Z - info: [1:11:50 am] Reload for file change: C:\repos\nus-cs2103\cs2103-website-base\admin\overview-for-teachers.md
2022-09-25T17:11:50.432Z - info: Synchronizing opened pages list before reload
2022-09-25T17:11:50.432Z - info: Current opened pages, from most-to-least recent:
2022-09-25T17:11:50.432Z - info: 1. admin/overview-for-teachers
2022-09-25T17:11:51.444Z - info: Rebuilding 1 pages
2022-09-25T17:11:51.685Z - info: Site data built
2022-09-25T17:11:51.686Z - info: Pages rebuilt
2022-09-25T17:11:51.686Z - info: Website regeneration complete! Total build time: 0.243s
2022-09-25T17:12:18.911Z - info: Building C:\repos\nus-cs2103\cs2103-website-base\admin\tp-pe as some of its dependencies were changed since the last visit
2022-09-25T17:12:20.968Z - info: Site data built
2022-09-25T17:12:20.968Z - info: Lazy website regeneration complete! Total build time: 2.057s
2022-09-25T17:14:06.545Z - info: [1:14:06 am] Reload for file change: C:\repos\nus-cs2103\cs2103-website-base\admin\overview-for-teachers.md
2022-09-25T17:14:06.545Z - info: Synchronizing opened pages list before reload
2022-09-25T17:14:06.545Z - info: Current opened pages, from most-to-least recent:
2022-09-25T17:14:06.546Z - info: 1. admin/overview-for-teachers
2022-09-25T17:14:07.551Z - info: Rebuilding 1 pages
2022-09-25T17:14:07.781Z - info: Site data built
2022-09-25T17:14:07.781Z - info: Pages rebuilt
2022-09-25T17:14:07.781Z - info: Website regeneration complete! Total build time: 0.231s
2022-09-25T17:16:56.195Z - info: [1:16:56 am] Reload for file change: C:\repos\nus-cs2103\cs2103-website-base\admin\overview-for-teachers.md
2022-09-25T17:16:56.195Z - info: Synchronizing opened pages list before reload
2022-09-25T17:16:56.195Z - info: Current opened pages, from most-to-least recent:
2022-09-25T17:16:56.195Z - info: 1. admin/overview-for-teachers
2022-09-25T17:16:57.209Z - info: Rebuilding 1 pages
2022-09-25T17:16:57.396Z - info: Site data built
2022-09-25T17:16:57.396Z - info: Pages rebuilt
2022-09-25T17:16:57.396Z - info: Website regeneration complete! Total build time: 0.188s
2022-09-25T17:17:32.012Z - info: [1:17:32 am] Reload for file change: C:\repos\nus-cs2103\cs2103-website-base\admin\overview-for-teachers.md
2022-09-25T17:17:32.012Z - info: Synchronizing opened pages list before reload
2022-09-25T17:17:32.012Z - info: Current opened pages, from most-to-least recent:
2022-09-25T17:17:32.012Z - info: 1. admin/overview-for-teachers
2022-09-25T17:17:33.025Z - info: Rebuilding 1 pages
2022-09-25T17:17:33.171Z - info: Site data built
2022-09-25T17:17:33.172Z - info: Pages rebuilt
2022-09-25T17:17:33.172Z - info: Website regeneration complete! Total build time: 0.148s
2022-09-25T17:17:59.218Z - info: [1:17:59 am] Reload for file change: C:\repos\nus-cs2103\cs2103-website-base\admin\overview-for-teachers.md
2022-09-25T17:17:59.218Z - info: Synchronizing opened pages list before reload
2022-09-25T17:17:59.218Z - info: Current opened pages, from most-to-least recent:
2022-09-25T17:17:59.218Z - info: 1. admin/overview-for-teachers
2022-09-25T17:18:00.228Z - info: Rebuilding 1 pages
2022-09-25T17:18:00.382Z - info: Site data built
2022-09-25T17:18:00.382Z - info: Pages rebuilt
2022-09-25T17:18:00.382Z - info: Website regeneration complete! Total build time: 0.155s
2022-09-25T17:18:47.916Z - info: [1:18:47 am] Reload for file change: C:\repos\nus-cs2103\cs2103-website-base\admin\overview-for-teachers.md
2022-09-25T17:18:47.916Z - info: Synchronizing opened pages list before reload
2022-09-25T17:18:47.916Z - info: Current opened pages, from most-to-least recent:
2022-09-25T17:18:47.916Z - info: 1. admin/overview-for-teachers
2022-09-25T17:18:48.923Z - info: Rebuilding 1 pages
2022-09-25T17:18:49.073Z - info: Site data built
2022-09-25T17:18:49.073Z - info: Pages rebuilt
2022-09-25T17:18:49.073Z - info: Website regeneration complete! Total build time: 0.151s
2022-09-25T17:19:22.396Z - info: Building C:\repos\nus-cs2103\cs2103-website-base\schedule\timeline as some of its dependencies were changed since the last visit
2022-09-25T17:19:29.905Z - info: Site data built
2022-09-25T17:19:29.906Z - info: Lazy website regeneration complete! Total build time: 7.51s
2022-09-25T17:19:47.685Z - info: [1:19:47 am] Reload for file change: C:\repos\nus-cs2103\cs2103-website-base\admin\overview-for-teachers.md
2022-09-25T17:19:47.686Z - info: Synchronizing opened pages list before reload
2022-09-25T17:19:47.686Z - info: Current opened pages, from most-to-least recent:
2022-09-25T17:19:47.686Z - info: 1. admin/overview-for-teachers
2022-09-25T17:19:48.702Z - info: Rebuilding 1 pages
2022-09-25T17:19:48.924Z - info: Site data built
2022-09-25T17:19:48.924Z - info: Pages rebuilt
2022-09-25T17:19:48.924Z - info: Website regeneration complete! Total build time: 0.223s
2022-09-25T17:20:25.541Z - info: [1:20:25 am] Reload for file change: C:\repos\nus-cs2103\cs2103-website-base\admin\overview-for-teachers.md
2022-09-25T17:20:25.541Z - info: Synchronizing opened pages list before reload
2022-09-25T17:20:25.541Z - info: Current opened pages, from most-to-least recent:
2022-09-25T17:20:25.541Z - info: 1. admin/overview-for-teachers
2022-09-25T17:20:26.555Z - info: Rebuilding 1 pages
2022-09-25T17:20:26.726Z - info: Site data built
2022-09-25T17:20:26.727Z - info: Pages rebuilt
2022-09-25T17:20:26.727Z - info: Website regeneration complete! Total build time: 0.173s
2022-09-25T17:20:58.553Z - info: [1:20:58 am] Reload for file change: C:\repos\nus-cs2103\cs2103-website-base\admin\overview-for-teachers.md
2022-09-25T17:20:58.553Z - info: Synchronizing opened pages list before reload
2022-09-25T17:20:58.553Z - info: Current opened pages, from most-to-least recent:
2022-09-25T17:20:58.553Z - info: 1. admin/overview-for-teachers
2022-09-25T17:20:59.573Z - info: Rebuilding 1 pages
2022-09-25T17:20:59.717Z - info: Site data built
2022-09-25T17:20:59.718Z - info: Pages rebuilt
2022-09-25T17:20:59.718Z - info: Website regeneration complete! Total build time: 0.146s
2022-09-25T17:21:30.081Z - info: [1:21:30 am] Reload for file change: C:\repos\nus-cs2103\cs2103-website-base\admin\overview-for-teachers.md
2022-09-25T17:21:30.081Z - info: Synchronizing opened pages list before reload
2022-09-25T17:21:30.081Z - info: Current opened pages, from most-to-least recent:
2022-09-25T17:21:30.081Z - info: 1. admin/overview-for-teachers
2022-09-25T17:21:31.092Z - info: Rebuilding 1 pages
2022-09-25T17:21:31.251Z - info: Site data built
2022-09-25T17:21:31.251Z - info: Pages rebuilt
2022-09-25T17:21:31.251Z - info: Website regeneration complete! Total build time: 0.16s
2022-09-25T17:22:19.787Z - info: [1:22:19 am] Reload for file change: C:\repos\nus-cs2103\cs2103-website-base\admin\overview-for-teachers.md
2022-09-25T17:22:19.787Z - info: Synchronizing opened pages list before reload
2022-09-25T17:22:19.787Z - info: Current opened pages, from most-to-least recent:
2022-09-25T17:22:19.787Z - info: 1. admin/overview-for-teachers
2022-09-25T17:22:20.798Z - info: Rebuilding 1 pages
2022-09-25T17:22:20.953Z - info: Site data built
2022-09-25T17:22:20.953Z - info: Pages rebuilt
2022-09-25T17:22:20.953Z - info: Website regeneration complete! Total build time: 0.156s
2022-09-25T17:22:48.510Z - info: [1:22:48 am] Reload for file change: C:\repos\nus-cs2103\cs2103-website-base\admin\overview-for-teachers.md
2022-09-25T17:22:48.511Z - info: Synchronizing opened pages list before reload
2022-09-25T17:22:48.511Z - info: Current opened pages, from most-to-least recent:
2022-09-25T17:22:48.511Z - info: 1. admin/overview-for-teachers
2022-09-25T17:22:49.521Z - info: Rebuilding 1 pages
2022-09-25T17:22:49.689Z - info: Site data built
2022-09-25T17:22:49.689Z - info: Pages rebuilt
2022-09-25T17:22:49.690Z - info: Website regeneration complete! Total build time: 0.17s
2022-09-25T17:23:25.068Z - info: [1:23:25 am] Reload for file change: C:\repos\nus-cs2103\cs2103-website-base\admin\overview-for-teachers.md
2022-09-25T17:23:25.068Z - info: Synchronizing opened pages list before reload
2022-09-25T17:23:25.068Z - info: Current opened pages, from most-to-least recent:
2022-09-25T17:23:25.068Z - info: 1. admin/overview-for-teachers
2022-09-25T17:23:26.083Z - info: Rebuilding 1 pages
2022-09-25T17:23:26.226Z - info: Site data built
2022-09-25T17:23:26.226Z - info: Pages rebuilt
2022-09-25T17:23:26.226Z - info: Website regeneration complete! Total build time: 0.145s
2022-09-25T17:24:39.444Z - info: [1:24:39 am] Reload for file change: C:\repos\nus-cs2103\cs2103-website-base\admin\overview-for-teachers.md
2022-09-25T17:24:39.444Z - info: Synchronizing opened pages list before reload
2022-09-25T17:24:39.444Z - info: Current opened pages, from most-to-least recent:
2022-09-25T17:24:39.444Z - info: 1. admin/overview-for-teachers
2022-09-25T17:24:40.455Z - info: Rebuilding 1 pages
2022-09-25T17:24:40.600Z - info: Site data built
2022-09-25T17:24:40.600Z - info: Pages rebuilt
2022-09-25T17:24:40.600Z - info: Website regeneration complete! Total build time: 0.146s
2022-09-25T17:25:45.412Z - info: Website generation started at 1:25:43 am
2022-09-25T17:25:58.111Z - info: Building assets...
2022-09-25T17:26:06.771Z - info: Assets built
2022-09-25T17:26:06.772Z - info: Generating pages...
2022-09-25T17:26:21.297Z - debug:  
2022-09-25T17:26:21.379Z - debug:  
2022-09-25T17:26:21.396Z - debug:  
2022-09-25T17:26:24.237Z - debug:  
2022-09-25T17:26:24.282Z - debug:  
2022-09-25T17:26:24.283Z - debug:  
2022-09-25T17:26:24.298Z - debug:  
2022-09-25T17:26:24.301Z - debug:  
2022-09-25T17:26:24.301Z - debug:  
2022-09-25T17:26:24.301Z - debug:  
2022-09-25T17:26:24.301Z - debug:  
2022-09-25T17:26:24.301Z - debug:  
2022-09-25T17:28:34.963Z - debug:  
2022-09-25T17:28:49.079Z - debug:  
2022-09-25T17:28:49.086Z - debug:  
2022-09-25T17:28:58.876Z - info: Pages built
2022-09-25T17:29:00.107Z - info: Site data built
2022-09-25T17:29:00.107Z - info: Website generation complete! Total build time: 196.604s
2022-09-25T17:29:00.108Z - info: Build success!
2022-09-25T17:31:26.400Z - info: The website has been deployed at: https://nus-cs2103-ay2223s1.github.io/website
2022-09-26T05:07:35.536Z - info: Website generation (lazy) started at 1:07:28 pm
2022-09-26T05:07:48.404Z - info: Building assets...
2022-09-26T05:07:57.109Z - info: Assets built
2022-09-26T05:07:57.110Z - info: Generating landing page...
2022-09-26T05:07:58.095Z - info: Landing page built, other pages will be built as you navigate to them!
2022-09-26T05:07:59.403Z - info: Site data built
2022-09-26T05:07:59.404Z - info: Website generation (lazy) complete! Total build time: 31.106s
2022-09-26T05:08:00.575Z - info: Serving "C:\repos\nus-cs2103\cs2103-website-base\_site" at http://127.0.0.1:8080
2022-09-26T05:08:00.576Z - info: Press CTRL+C to stop ...
2022-09-26T05:08:19.003Z - info: Building C:\repos\nus-cs2103\cs2103-website-base\admin\mid-semester-survey-results as some of its dependencies were changed since the last visit
2022-09-26T05:08:23.516Z - info: Site data built
2022-09-26T05:08:23.516Z - info: Lazy website regeneration complete! Total build time: 4.514s
2022-09-26T05:10:12.525Z - info: [1:10:12 pm] Reload for file change: C:\repos\nus-cs2103\cs2103-website-base\_module-TIC2002\mid-semester-survey-results.md
2022-09-26T05:10:12.525Z - info: Synchronizing opened pages list before reload
2022-09-26T05:10:12.525Z - info: Current opened pages, from most-to-least recent:
2022-09-26T05:10:12.526Z - info: 1. admin/mid-semester-survey-results
2022-09-26T05:10:13.537Z - info: Rebuilding 1 pages
2022-09-26T05:10:13.716Z - info: Site data built
2022-09-26T05:10:13.716Z - info: Pages rebuilt
2022-09-26T05:10:13.717Z - info: Website regeneration complete! Total build time: 0.181s
2022-09-26T05:11:05.070Z - info: Website generation started at 1:11:02 pm
2022-09-26T05:11:19.528Z - info: Building assets...
2022-09-26T05:11:31.040Z - info: Assets built
2022-09-26T05:11:31.041Z - info: Generating pages...
2022-09-26T05:11:52.871Z - debug:  
2022-09-26T05:11:52.872Z - debug:  
2022-09-26T05:11:52.873Z - debug:  
2022-09-26T05:11:52.874Z - debug:  
2022-09-26T05:11:53.857Z - debug:  
2022-09-26T05:11:53.858Z - debug:  
2022-09-26T05:11:53.859Z - debug:  
2022-09-26T05:11:53.859Z - debug:  
2022-09-26T05:11:53.868Z - debug:  
2022-09-26T05:11:54.044Z - debug:  
2022-09-26T05:11:54.304Z - debug:  
2022-09-26T05:12:41.718Z - debug:  
2022-09-26T05:13:57.847Z - info: Pages built
2022-09-26T05:13:59.400Z - info: Site data built
2022-09-26T05:13:59.401Z - info: Website generation complete! Total build time: 176.645s
2022-09-26T05:13:59.401Z - info: Build success!
2022-09-26T05:16:41.578Z - info: The website has been deployed at: https://nus-tic2002-ay2223s1.github.io/website
