2022-08-24T07:12:48.601Z - info: Website generation (lazy) started at 3:12:42 pm
2022-08-24T07:13:03.010Z - info: Building assets...
2022-08-24T07:13:11.782Z - info: Assets built
2022-08-24T07:13:11.783Z - info: Generating landing page...
2022-08-24T07:13:13.164Z - info: Landing page built, other pages will be built as you navigate to them!
2022-08-24T07:13:14.628Z - info: Site data built
2022-08-24T07:13:14.628Z - info: Website generation (lazy) complete! Total build time: 31.898s
2022-08-24T07:13:15.693Z - info: Serving "C:\repos\nus-cs2103\cs2103-website-base\_site" at http://127.0.0.1:8080
2022-08-24T07:13:15.693Z - info: Press CTRL+C to stop ...
2022-08-24T07:13:53.551Z - info: [3:13:53 pm] Reload for file change: C:\repos\nus-cs2103\cs2103-website-base\_module-CS2103\timetables-fragment.md
2022-08-24T07:13:53.553Z - info: Synchronizing opened pages list before reload
2022-08-24T07:13:53.553Z - info: Current opened pages, from most-to-least recent:
2022-08-24T07:13:53.554Z - info: 1. index
2022-08-24T07:13:54.564Z - info: Assets built
2022-08-24T07:13:57.933Z - info: Building C:\repos\nus-cs2103\cs2103-website-base\admin\tutorials as some of its dependencies were changed since the last visit
2022-08-24T07:13:58.643Z - info: Site data built
2022-08-24T07:13:58.643Z - info: Lazy website regeneration complete! Total build time: 0.71s
2022-08-24T07:21:46.310Z - info: [3:21:46 pm] Reload for file change: C:\repos\nus-cs2103\cs2103-website-base\_module-CS2103\timetables-fragment.md
2022-08-24T07:21:46.311Z - info: Synchronizing opened pages list before reload
2022-08-24T07:21:46.311Z - info: Current opened pages, from most-to-least recent:
2022-08-24T07:21:46.311Z - info: 1. admin/tutorials
2022-08-24T07:21:47.320Z - info: Rebuilding 1 pages
2022-08-24T07:21:47.689Z - info: Site data built
2022-08-24T07:21:47.689Z - info: Pages rebuilt
2022-08-24T07:21:47.690Z - info: Website regeneration complete! Total build time: 0.371s
2022-08-24T07:22:22.270Z - info: Website generation started at 3:22:19 pm
2022-08-24T07:22:34.743Z - info: Building assets...
2022-08-24T07:22:42.631Z - info: Assets built
2022-08-24T07:22:42.632Z - info: Generating pages...
2022-08-24T07:22:58.674Z - debug:  
2022-08-24T07:22:58.703Z - debug:  
2022-08-24T07:22:58.703Z - debug:  
2022-08-24T07:22:58.704Z - debug:  
2022-08-24T07:22:58.704Z - debug:  
2022-08-24T07:22:58.705Z - debug:  
2022-08-24T07:22:58.705Z - debug:  
2022-08-24T07:22:58.705Z - debug:  
2022-08-24T07:22:58.705Z - debug:  
2022-08-24T07:22:58.706Z - debug:  
2022-08-24T07:22:58.706Z - debug:  
2022-08-24T07:22:58.706Z - debug:  
2022-08-24T07:24:52.664Z - debug:  
2022-08-24T07:25:05.476Z - debug:  
2022-08-24T07:25:05.477Z - debug:  
2022-08-24T07:25:10.165Z - info: Pages built
2022-08-24T07:25:11.286Z - info: Site data built
2022-08-24T07:25:11.287Z - info: Website generation complete! Total build time: 171.549s
2022-08-24T07:25:11.287Z - info: Build success!
2022-08-24T07:29:27.385Z - info: The website has been deployed at: https://nus-cs2103-ay2223s1.github.io/website
2022-08-24T08:44:37.580Z - info: Website generation (lazy) started at 4:44:32 pm
2022-08-24T08:44:50.021Z - info: Building assets...
2022-08-24T08:44:58.843Z - info: Assets built
2022-08-24T08:44:58.844Z - info: Generating landing page...
2022-08-24T08:45:00.260Z - info: Landing page built, other pages will be built as you navigate to them!
2022-08-24T08:45:01.829Z - info: Site data built
2022-08-24T08:45:01.829Z - info: Website generation (lazy) complete! Total build time: 29.193s
2022-08-24T08:45:02.681Z - info: Serving "C:\repos\nus-cs2103\cs2103-website-base\_site" at http://127.0.0.1:8080
2022-08-24T08:45:02.681Z - info: Press CTRL+C to stop ...
2022-08-24T08:48:13.250Z - info: Building C:\repos\nus-cs2103\cs2103-website-base\schedule\week4\index as some of its dependencies were changed since the last visit
2022-08-24T08:48:14.952Z - info: Site data built
2022-08-24T08:48:14.952Z - info: Lazy website regeneration complete! Total build time: 1.704s
2022-08-24T08:49:52.688Z - info: Building C:\repos\nus-cs2103\cs2103-website-base\schedule\week4\admin as some of its dependencies were changed since the last visit
2022-08-24T08:49:53.516Z - info: Site data built
2022-08-24T08:49:53.516Z - info: Lazy website regeneration complete! Total build time: 0.829s
2022-08-24T08:50:06.509Z - info: Building C:\repos\nus-cs2103\cs2103-website-base\schedule\week4\topics as some of its dependencies were changed since the last visit
2022-08-24T08:50:20.323Z - info: Site data built
2022-08-24T08:50:20.324Z - info: Lazy website regeneration complete! Total build time: 13.814s
2022-08-24T08:50:23.090Z - debug:  
2022-08-24T08:50:23.147Z - debug:  
2022-08-24T08:50:23.770Z - debug:  
2022-08-24T08:50:24.160Z - debug:  
2022-08-24T08:50:24.320Z - debug:  
2022-08-24T08:50:24.382Z - debug:  
2022-08-24T08:50:24.514Z - debug:  
2022-08-24T08:50:24.573Z - debug:  
2022-08-24T08:53:01.810Z - info: Building C:\repos\nus-cs2103\cs2103-website-base\schedule\week4\project as some of its dependencies were changed since the last visit
2022-08-24T08:53:04.538Z - info: Site data built
2022-08-24T08:53:04.539Z - info: Lazy website regeneration complete! Total build time: 2.728s
2022-08-24T08:59:44.789Z - info: Building C:\repos\nus-cs2103\cs2103-website-base\schedule\week4\tutorial as some of its dependencies were changed since the last visit
2022-08-24T08:59:45.250Z - info: Site data built
2022-08-24T08:59:45.251Z - info: Lazy website regeneration complete! Total build time: 0.462s
2022-08-24T13:47:30.389Z - info: Website generation (lazy) started at 9:47:26 pm
2022-08-24T13:47:48.052Z - info: Building assets...
2022-08-24T13:47:56.761Z - info: Assets built
2022-08-24T13:47:56.762Z - info: Generating landing page...
2022-08-24T13:47:58.233Z - info: Landing page built, other pages will be built as you navigate to them!
2022-08-24T13:47:59.452Z - info: Site data built
2022-08-24T13:47:59.453Z - info: Website generation (lazy) complete! Total build time: 32.879s
2022-08-24T13:48:00.569Z - info: Serving "C:\repos\nus-cs2103\cs2103-website-base\_site" at http://127.0.0.1:8080
2022-08-24T13:48:00.570Z - info: Press CTRL+C to stop ...
2022-08-24T13:50:32.657Z - info: Building C:\repos\nus-cs2103\cs2103-website-base\schedule\week4\index as some of its dependencies were changed since the last visit
2022-08-24T13:50:33.802Z - info: Site data built
2022-08-24T13:50:33.802Z - info: Lazy website regeneration complete! Total build time: 1.146s
2022-08-24T13:51:05.898Z - info: Building C:\repos\nus-cs2103\cs2103-website-base\schedule\week4\tutorial as some of its dependencies were changed since the last visit
2022-08-24T13:51:06.132Z - info: Site data built
2022-08-24T13:51:06.133Z - info: Lazy website regeneration complete! Total build time: 0.235s
2022-08-24T13:51:53.921Z - info: [9:51:53 pm] Reload for file change: C:\repos\nus-cs2103\cs2103-website-base\schedule\week4\tutorial-tic4001-fragment.md
2022-08-24T13:51:53.921Z - info: Synchronizing opened pages list before reload
2022-08-24T13:51:53.921Z - info: Current opened pages, from most-to-least recent:
2022-08-24T13:51:53.921Z - info: 1. schedule/week4/tutorial
2022-08-24T13:51:54.925Z - info: Rebuilding 1 pages
2022-08-24T13:51:55.075Z - info: Site data built
2022-08-24T13:51:55.075Z - info: Pages rebuilt
2022-08-24T13:51:55.075Z - info: Website regeneration complete! Total build time: 0.151s
2022-08-24T13:52:02.870Z - info: Building C:\repos\nus-cs2103\cs2103-website-base\schedule\week4\topics as some of its dependencies were changed since the last visit
2022-08-24T13:52:05.228Z - info: Site data built
2022-08-24T13:52:05.229Z - info: Lazy website regeneration complete! Total build time: 2.36s
2022-08-24T13:52:11.715Z - info: Building C:\repos\nus-cs2103\cs2103-website-base\schedule\week4\admin as some of its dependencies were changed since the last visit
2022-08-24T13:52:11.952Z - info: Site data built
2022-08-24T13:52:11.952Z - info: Lazy website regeneration complete! Total build time: 0.238s
2022-08-24T13:52:15.691Z - info: Building C:\repos\nus-cs2103\cs2103-website-base\schedule\week4\project as some of its dependencies were changed since the last visit
2022-08-24T13:52:16.788Z - info: Site data built
2022-08-24T13:52:16.788Z - info: Lazy website regeneration complete! Total build time: 1.097s
2022-08-24T13:54:15.678Z - info: Website generation started at 9:54:14 pm
2022-08-24T13:54:24.134Z - info: Building assets...
2022-08-24T13:54:30.245Z - info: Assets built
2022-08-24T13:54:30.246Z - info: Generating pages...
2022-08-24T13:54:42.403Z - debug:  
2022-08-24T13:54:42.404Z - debug:  
2022-08-24T13:54:42.404Z - debug:  
2022-08-24T13:54:42.405Z - debug:  
2022-08-24T13:54:42.406Z - debug:  
2022-08-24T13:54:42.407Z - debug:  
2022-08-24T13:54:42.407Z - debug:  
2022-08-24T13:54:42.493Z - debug:  
2022-08-24T13:54:42.504Z - debug:  
2022-08-24T13:54:42.829Z - debug:  
2022-08-24T13:54:42.829Z - debug:  
2022-08-24T13:54:42.830Z - debug:  
2022-08-24T13:56:15.016Z - debug:  
2022-08-24T13:56:23.002Z - debug:  
2022-08-24T13:56:23.091Z - debug:  
2022-08-24T13:56:26.497Z - info: Pages built
2022-08-24T13:56:27.657Z - info: Site data built
2022-08-24T13:56:27.657Z - info: Website generation complete! Total build time: 133.337s
2022-08-24T13:56:27.657Z - info: Build success!
2022-08-24T13:58:55.361Z - info: The website has been deployed at: https://nus-tic4001-ay2223s1.github.io/website
