2022-08-18T03:38:41.545Z - info: Website generation (lazy) started at 11:38:29 am
2022-08-18T03:39:04.671Z - info: Building assets...
2022-08-18T03:39:22.048Z - info: Assets built
2022-08-18T03:39:22.050Z - info: Generating landing page...
2022-08-18T03:39:24.671Z - info: Landing page built, other pages will be built as you navigate to them!
2022-08-18T03:39:27.267Z - info: Site data built
2022-08-18T03:39:27.267Z - info: Website generation (lazy) complete! Total build time: 57.533s
2022-08-18T03:39:29.338Z - info: Serving "C:\repos\nus-cs2103\cs2103-website-base\_site" at http://127.0.0.1:8080
2022-08-18T03:39:29.339Z - info: Press CTRL+C to stop ...
2022-08-18T03:39:34.529Z - info: [11:39:34 am] Reload for file change: C:\repos\nus-cs2103\cs2103-website-base\admin\ip-tasks-fragment.md
2022-08-18T03:39:34.530Z - info: Synchronizing opened pages list before reload
2022-08-18T03:39:34.531Z - info: No pages are currently opened
2022-08-18T03:39:37.133Z - info: No pages needed to be rebuilt
2022-08-18T03:39:50.125Z - info: Building C:\repos\nus-cs2103\cs2103-website-base\schedule\week2\project as some of its dependencies were changed since the last visit
2022-08-18T03:40:07.732Z - info: Site data built
2022-08-18T03:40:07.733Z - info: Lazy website regeneration complete! Total build time: 17.608s
2022-08-18T03:41:59.016Z - info: [11:41:59 am] Reload for file change: C:\repos\nus-cs2103\cs2103-website-base\admin\ip-tasks-fragment.md
2022-08-18T03:41:59.017Z - info: Synchronizing opened pages list before reload
2022-08-18T03:41:59.018Z - info: Current opened pages, from most-to-least recent:
2022-08-18T03:41:59.018Z - info: 1. schedule/week2/project
2022-08-18T03:42:00.031Z - info: Rebuilding 1 pages
2022-08-18T03:42:02.143Z - info: Site data built
2022-08-18T03:42:02.143Z - info: Pages rebuilt
2022-08-18T03:42:02.143Z - info: Website regeneration complete! Total build time: 2.113s
2022-08-18T03:42:30.662Z - info: Building C:\repos\nus-cs2103\cs2103-website-base\schedule\week2\tutorial as some of its dependencies were changed since the last visit
2022-08-18T03:42:31.064Z - info: Site data built
2022-08-18T03:42:31.065Z - info: Lazy website regeneration complete! Total build time: 0.404s
2022-08-18T03:46:56.506Z - info: Building C:\repos\nus-cs2103\cs2103-website-base\schedule\week3\index as some of its dependencies were changed since the last visit
2022-08-18T03:46:57.924Z - info: Site data built
2022-08-18T03:46:57.926Z - info: Lazy website regeneration complete! Total build time: 1.419s
2022-08-18T03:47:31.446Z - info: Building C:\repos\nus-cs2103\cs2103-website-base\schedule\week3\admin as some of its dependencies were changed since the last visit
2022-08-18T03:47:32.854Z - info: Site data built
2022-08-18T03:47:32.854Z - info: Lazy website regeneration complete! Total build time: 1.408s
2022-08-18T04:31:13.125Z - info: Building C:\repos\nus-cs2103\cs2103-website-base\schedule\week3\topics as some of its dependencies were changed since the last visit
2022-08-18T04:31:16.081Z - info: Site data built
2022-08-18T04:31:16.082Z - info: Lazy website regeneration complete! Total build time: 2.956s
2022-08-18T04:32:01.709Z - info: Building C:\repos\nus-cs2103\cs2103-website-base\schedule\week3\project as some of its dependencies were changed since the last visit
2022-08-18T04:32:03.927Z - info: Site data built
2022-08-18T04:32:03.928Z - info: Lazy website regeneration complete! Total build time: 2.22s
2022-08-18T04:34:49.358Z - info: Building C:\repos\nus-cs2103\cs2103-website-base\schedule\week3\tutorial as some of its dependencies were changed since the last visit
2022-08-18T04:34:50.086Z - info: Site data built
2022-08-18T04:34:50.086Z - info: Lazy website regeneration complete! Total build time: 0.728s
2022-08-18T05:21:04.852Z - info: Website generation (lazy) started at 1:21:02 pm
2022-08-18T05:21:18.567Z - info: Building assets...
2022-08-18T05:21:27.122Z - info: Assets built
2022-08-18T05:21:27.123Z - info: Generating landing page...
2022-08-18T05:21:28.604Z - info: Landing page built, other pages will be built as you navigate to them!
2022-08-18T05:21:29.943Z - info: Site data built
2022-08-18T05:21:29.944Z - info: Website generation (lazy) complete! Total build time: 27.419s
2022-08-18T05:21:31.142Z - info: Serving "C:\repos\nus-cs2103\cs2103-website-base\_site" at http://127.0.0.1:8080
2022-08-18T05:21:31.143Z - info: Press CTRL+C to stop ...
2022-08-18T05:21:52.028Z - info: Building C:\repos\nus-cs2103\cs2103-website-base\schedule\week2\topics as some of its dependencies were changed since the last visit
2022-08-18T05:21:59.316Z - info: Site data built
2022-08-18T05:21:59.317Z - info: Lazy website regeneration complete! Total build time: 7.289s
2022-08-18T05:23:29.383Z - info: Building C:\repos\nus-cs2103\cs2103-website-base\schedule\week3\index as some of its dependencies were changed since the last visit
2022-08-18T05:23:30.856Z - info: Site data built
2022-08-18T05:23:30.857Z - info: Lazy website regeneration complete! Total build time: 1.474s
2022-08-18T05:26:51.688Z - info: [1:26:51 pm] Reload for file change: C:\repos\nus-cs2103\cs2103-website-base\_module-CS2103\timetables-fragment.md
2022-08-18T05:26:51.688Z - info: Synchronizing opened pages list before reload
2022-08-18T05:26:51.689Z - info: Current opened pages, from most-to-least recent:
2022-08-18T05:26:51.689Z - info: 1. schedule/week3/index
2022-08-18T05:26:52.701Z - info: Assets built
2022-08-18T05:27:28.242Z - info: Building C:\repos\nus-cs2103\cs2103-website-base\admin\tutorials as some of its dependencies were changed since the last visit
2022-08-18T05:27:28.778Z - info: Site data built
2022-08-18T05:27:28.779Z - info: Lazy website regeneration complete! Total build time: 0.537s
2022-08-18T05:29:22.772Z - info: Building C:\repos\nus-cs2103\cs2103-website-base\admin\index as some of its dependencies were changed since the last visit
2022-08-18T05:29:23.427Z - info: Site data built
2022-08-18T05:29:23.428Z - info: Lazy website regeneration complete! Total build time: 0.66s
2022-08-18T05:32:34.780Z - info: [1:32:34 pm] Reload for file change: C:\repos\nus-cs2103\cs2103-website-base\admin\tutorials.md
2022-08-18T05:32:34.780Z - info: Synchronizing opened pages list before reload
2022-08-18T05:32:34.781Z - info: Current opened pages, from most-to-least recent:
2022-08-18T05:32:34.781Z - info: 1. admin/tutorials
2022-08-18T05:32:35.802Z - info: Rebuilding 1 pages
2022-08-18T05:32:36.108Z - info: Site data built
2022-08-18T05:32:36.108Z - info: Pages rebuilt
2022-08-18T05:32:36.108Z - info: Website regeneration complete! Total build time: 0.307s
2022-08-18T05:34:56.166Z - info: [1:34:56 pm] Reload for file change: C:\repos\nus-cs2103\cs2103-website-base\admin\tutorials.md
2022-08-18T05:34:56.166Z - info: Synchronizing opened pages list before reload
2022-08-18T05:34:56.167Z - info: Current opened pages, from most-to-least recent:
2022-08-18T05:34:56.167Z - info: 1. admin/tutorials
2022-08-18T05:34:57.176Z - info: Rebuilding 1 pages
2022-08-18T05:34:57.523Z - info: Site data built
2022-08-18T05:34:57.523Z - info: Pages rebuilt
2022-08-18T05:34:57.523Z - info: Website regeneration complete! Total build time: 0.348s
2022-08-18T05:35:07.101Z - info: [1:35:07 pm] Reload for file change: C:\repos\nus-cs2103\cs2103-website-base\admin\tutorials.md
2022-08-18T05:35:07.101Z - info: Synchronizing opened pages list before reload
2022-08-18T05:35:07.101Z - info: Current opened pages, from most-to-least recent:
2022-08-18T05:35:07.102Z - info: 1. admin/tutorials
2022-08-18T05:35:08.120Z - info: Rebuilding 1 pages
2022-08-18T05:35:08.581Z - info: Site data built
2022-08-18T05:35:08.581Z - info: Pages rebuilt
2022-08-18T05:35:08.581Z - info: Website regeneration complete! Total build time: 0.461s
2022-08-18T05:36:46.917Z - info: [1:36:46 pm] Reload for file change: C:\repos\nus-cs2103\cs2103-website-base\admin\tutorials.md
2022-08-18T05:36:46.917Z - info: Synchronizing opened pages list before reload
2022-08-18T05:36:46.917Z - info: Current opened pages, from most-to-least recent:
2022-08-18T05:36:46.917Z - info: 1. admin/tutorials
2022-08-18T05:36:47.930Z - info: Rebuilding 1 pages
2022-08-18T05:36:48.240Z - info: Site data built
2022-08-18T05:36:48.240Z - info: Pages rebuilt
2022-08-18T05:36:48.240Z - info: Website regeneration complete! Total build time: 0.31s
2022-08-18T05:38:27.940Z - info: [1:38:27 pm] Reload for file change: C:\repos\nus-cs2103\cs2103-website-base\admin\tutorials.md
2022-08-18T05:38:27.941Z - info: Synchronizing opened pages list before reload
2022-08-18T05:38:27.941Z - info: Current opened pages, from most-to-least recent:
2022-08-18T05:38:27.941Z - info: 1. admin/tutorials
2022-08-18T05:38:28.950Z - info: Rebuilding 1 pages
2022-08-18T05:38:29.231Z - info: Site data built
2022-08-18T05:38:29.231Z - info: Pages rebuilt
2022-08-18T05:38:29.231Z - info: Website regeneration complete! Total build time: 0.282s
2022-08-18T05:39:07.143Z - info: Building C:\repos\nus-cs2103\cs2103-website-base\schedule\week3\tutorial as some of its dependencies were changed since the last visit
2022-08-18T05:39:07.672Z - info: Site data built
2022-08-18T05:39:07.673Z - info: Lazy website regeneration complete! Total build time: 0.53s
2022-08-18T05:42:16.888Z - info: [1:42:16 pm] Reload for file change: C:\repos\nus-cs2103\cs2103-website-base\schedule\week3\notices-cs2103-fragment.md
2022-08-18T05:42:16.889Z - info: Synchronizing opened pages list before reload
2022-08-18T05:42:16.889Z - info: Current opened pages, from most-to-least recent:
2022-08-18T05:42:16.889Z - info: 1. schedule/week3/index
2022-08-18T05:42:17.901Z - info: Rebuilding 1 pages
2022-08-18T05:42:18.137Z - error:  Error: No such segment '#embed_topic' in file: C:\repos\nus-cs2103\cs2103-website-base\admin\tutorials.md
Missing reference in C:\repos\nus-cs2103\cs2103-website-base\schedule\week3\notices-cs2103-fragment.md
    at processInclude (C:\Users\dcsdcr\AppData\Roaming\npm\node_modules\markbind-cli\node_modules\@markbind\core\src\html\includePanelProcessor.js:226:23)
    at NodeProcessor.processNode (C:\Users\dcsdcr\AppData\Roaming\npm\node_modules\markbind-cli\node_modules\@markbind\core\src\html\NodeProcessor.js:164:16)
    at NodeProcessor._process (C:\Users\dcsdcr\AppData\Roaming\npm\node_modules\markbind-cli\node_modules\@markbind\core\src\html\NodeProcessor.js:306:20)
    at C:\Users\dcsdcr\AppData\Roaming\npm\node_modules\markbind-cli\node_modules\@markbind\core\src\html\NodeProcessor.js:311:14
    at Array.forEach (<anonymous>)
    at NodeProcessor._process (C:\Users\dcsdcr\AppData\Roaming\npm\node_modules\markbind-cli\node_modules\@markbind\core\src\html\NodeProcessor.js:310:21)
    at C:\Users\dcsdcr\AppData\Roaming\npm\node_modules\markbind-cli\node_modules\@markbind\core\src\html\NodeProcessor.js:311:14
    at Array.forEach (<anonymous>)
    at NodeProcessor._process (C:\Users\dcsdcr\AppData\Roaming\npm\node_modules\markbind-cli\node_modules\@markbind\core\src\html\NodeProcessor.js:310:21)
    at C:\Users\dcsdcr\AppData\Roaming\npm\node_modules\markbind-cli\node_modules\@markbind\core\src\html\NodeProcessor.js:311:14
    at Array.forEach (<anonymous>)
    at NodeProcessor._process (C:\Users\dcsdcr\AppData\Roaming\npm\node_modules\markbind-cli\node_modules\@markbind\core\src\html\NodeProcessor.js:310:21)
    at C:\Users\dcsdcr\AppData\Roaming\npm\node_modules\markbind-cli\node_modules\@markbind\core\src\html\NodeProcessor.js:311:14
    at Array.forEach (<anonymous>)
    at NodeProcessor._process (C:\Users\dcsdcr\AppData\Roaming\npm\node_modules\markbind-cli\node_modules\@markbind\core\src\html\NodeProcessor.js:310:21)
    at C:\Users\dcsdcr\AppData\Roaming\npm\node_modules\markbind-cli\node_modules\@markbind\core\src\html\NodeProcessor.js:346:30
2022-08-18T05:42:18.668Z - info: Site data built
2022-08-18T05:42:18.668Z - info: Pages rebuilt
2022-08-18T05:42:18.668Z - info: Website regeneration complete! Total build time: 0.767s
2022-08-18T05:42:33.316Z - info: [1:42:33 pm] Reload for file change: C:\repos\nus-cs2103\cs2103-website-base\schedule\week3\notices-cs2103-fragment.md
2022-08-18T05:42:33.316Z - info: Synchronizing opened pages list before reload
2022-08-18T05:42:33.316Z - info: Current opened pages, from most-to-least recent:
2022-08-18T05:42:33.316Z - info: 1. schedule/week3/index
2022-08-18T05:42:34.321Z - info: Rebuilding 1 pages
2022-08-18T05:42:34.469Z - error:  Error: No such segment '#embed_topic' in file: C:\repos\nus-cs2103\cs2103-website-base\admin\tutorials.md
Missing reference in C:\repos\nus-cs2103\cs2103-website-base\schedule\week3\notices-cs2103-fragment.md
    at processInclude (C:\Users\dcsdcr\AppData\Roaming\npm\node_modules\markbind-cli\node_modules\@markbind\core\src\html\includePanelProcessor.js:226:23)
    at NodeProcessor.processNode (C:\Users\dcsdcr\AppData\Roaming\npm\node_modules\markbind-cli\node_modules\@markbind\core\src\html\NodeProcessor.js:164:16)
    at NodeProcessor._process (C:\Users\dcsdcr\AppData\Roaming\npm\node_modules\markbind-cli\node_modules\@markbind\core\src\html\NodeProcessor.js:306:20)
    at C:\Users\dcsdcr\AppData\Roaming\npm\node_modules\markbind-cli\node_modules\@markbind\core\src\html\NodeProcessor.js:311:14
    at Array.forEach (<anonymous>)
    at NodeProcessor._process (C:\Users\dcsdcr\AppData\Roaming\npm\node_modules\markbind-cli\node_modules\@markbind\core\src\html\NodeProcessor.js:310:21)
    at C:\Users\dcsdcr\AppData\Roaming\npm\node_modules\markbind-cli\node_modules\@markbind\core\src\html\NodeProcessor.js:311:14
    at Array.forEach (<anonymous>)
    at NodeProcessor._process (C:\Users\dcsdcr\AppData\Roaming\npm\node_modules\markbind-cli\node_modules\@markbind\core\src\html\NodeProcessor.js:310:21)
    at C:\Users\dcsdcr\AppData\Roaming\npm\node_modules\markbind-cli\node_modules\@markbind\core\src\html\NodeProcessor.js:311:14
    at Array.forEach (<anonymous>)
    at NodeProcessor._process (C:\Users\dcsdcr\AppData\Roaming\npm\node_modules\markbind-cli\node_modules\@markbind\core\src\html\NodeProcessor.js:310:21)
    at C:\Users\dcsdcr\AppData\Roaming\npm\node_modules\markbind-cli\node_modules\@markbind\core\src\html\NodeProcessor.js:311:14
    at Array.forEach (<anonymous>)
    at NodeProcessor._process (C:\Users\dcsdcr\AppData\Roaming\npm\node_modules\markbind-cli\node_modules\@markbind\core\src\html\NodeProcessor.js:310:21)
    at C:\Users\dcsdcr\AppData\Roaming\npm\node_modules\markbind-cli\node_modules\@markbind\core\src\html\NodeProcessor.js:346:30
2022-08-18T05:42:34.841Z - info: Site data built
2022-08-18T05:42:34.841Z - info: Pages rebuilt
2022-08-18T05:42:34.841Z - info: Website regeneration complete! Total build time: 0.521s
2022-08-18T05:43:06.836Z - info: [1:43:06 pm] Reload for file change: C:\repos\nus-cs2103\cs2103-website-base\schedule\week3\notices-cs2103-fragment.md
2022-08-18T05:43:06.836Z - info: Synchronizing opened pages list before reload
2022-08-18T05:43:06.836Z - info: Current opened pages, from most-to-least recent:
2022-08-18T05:43:06.836Z - info: 1. schedule/week3/index
2022-08-18T05:43:07.839Z - info: Rebuilding 1 pages
2022-08-18T05:43:08.071Z - error:  Error: No such file: C:\repos\nus-cs2103\cs2103-website-base\admin\tutorial.md
Missing reference in C:\repos\nus-cs2103\cs2103-website-base\schedule\week3\notices-cs2103-fragment.md
    at _getFileExistsNode (C:\Users\dcsdcr\AppData\Roaming\npm\node_modules\markbind-cli\node_modules\@markbind\core\src\html\includePanelProcessor.js:34:19)
    at processInclude (C:\Users\dcsdcr\AppData\Roaming\npm\node_modules\markbind-cli\node_modules\@markbind\core\src\html\includePanelProcessor.js:188:26)
    at NodeProcessor.processNode (C:\Users\dcsdcr\AppData\Roaming\npm\node_modules\markbind-cli\node_modules\@markbind\core\src\html\NodeProcessor.js:164:16)
    at NodeProcessor._process (C:\Users\dcsdcr\AppData\Roaming\npm\node_modules\markbind-cli\node_modules\@markbind\core\src\html\NodeProcessor.js:306:20)
    at C:\Users\dcsdcr\AppData\Roaming\npm\node_modules\markbind-cli\node_modules\@markbind\core\src\html\NodeProcessor.js:311:14
    at Array.forEach (<anonymous>)
    at NodeProcessor._process (C:\Users\dcsdcr\AppData\Roaming\npm\node_modules\markbind-cli\node_modules\@markbind\core\src\html\NodeProcessor.js:310:21)
    at C:\Users\dcsdcr\AppData\Roaming\npm\node_modules\markbind-cli\node_modules\@markbind\core\src\html\NodeProcessor.js:311:14
    at Array.forEach (<anonymous>)
    at NodeProcessor._process (C:\Users\dcsdcr\AppData\Roaming\npm\node_modules\markbind-cli\node_modules\@markbind\core\src\html\NodeProcessor.js:310:21)
    at C:\Users\dcsdcr\AppData\Roaming\npm\node_modules\markbind-cli\node_modules\@markbind\core\src\html\NodeProcessor.js:311:14
    at Array.forEach (<anonymous>)
    at NodeProcessor._process (C:\Users\dcsdcr\AppData\Roaming\npm\node_modules\markbind-cli\node_modules\@markbind\core\src\html\NodeProcessor.js:310:21)
    at C:\Users\dcsdcr\AppData\Roaming\npm\node_modules\markbind-cli\node_modules\@markbind\core\src\html\NodeProcessor.js:311:14
    at Array.forEach (<anonymous>)
    at NodeProcessor._process (C:\Users\dcsdcr\AppData\Roaming\npm\node_modules\markbind-cli\node_modules\@markbind\core\src\html\NodeProcessor.js:310:21)
2022-08-18T05:43:08.583Z - info: Site data built
2022-08-18T05:43:08.584Z - info: Pages rebuilt
2022-08-18T05:43:08.584Z - info: Website regeneration complete! Total build time: 0.746s
2022-08-18T05:43:48.741Z - info: [1:43:48 pm] Reload for file change: C:\repos\nus-cs2103\cs2103-website-base\schedule\week3\notices-cs2103-fragment.md
2022-08-18T05:43:48.741Z - info: Synchronizing opened pages list before reload
2022-08-18T05:43:48.741Z - info: Current opened pages, from most-to-least recent:
2022-08-18T05:43:48.741Z - info: 1. schedule/week3/index
2022-08-18T05:43:49.761Z - info: Rebuilding 1 pages
2022-08-18T05:43:50.321Z - info: Site data built
2022-08-18T05:43:50.321Z - info: Pages rebuilt
2022-08-18T05:43:50.321Z - info: Website regeneration complete! Total build time: 0.561s
2022-08-18T05:44:33.337Z - info: [1:44:33 pm] Reload for file change: C:\repos\nus-cs2103\cs2103-website-base\schedule\week3\notices-cs2103-fragment.md
2022-08-18T05:44:33.337Z - info: Synchronizing opened pages list before reload
2022-08-18T05:44:33.337Z - info: Current opened pages, from most-to-least recent:
2022-08-18T05:44:33.337Z - info: 1. schedule/week3/index
2022-08-18T05:44:34.352Z - info: Rebuilding 1 pages
2022-08-18T05:44:35.109Z - info: Site data built
2022-08-18T05:44:35.109Z - info: Pages rebuilt
2022-08-18T05:44:35.110Z - info: Website regeneration complete! Total build time: 0.759s
2022-08-18T05:45:30.905Z - info: [1:45:30 pm] Reload for file change: C:\repos\nus-cs2103\cs2103-website-base\schedule\week3\notices-cs2103-fragment.md
2022-08-18T05:45:30.906Z - info: Synchronizing opened pages list before reload
2022-08-18T05:45:30.906Z - info: Current opened pages, from most-to-least recent:
2022-08-18T05:45:30.906Z - info: 1. schedule/week3/index
2022-08-18T05:45:31.910Z - info: Rebuilding 1 pages
2022-08-18T05:45:32.034Z - error:  Template render error: (C:\repos\nus-cs2103\cs2103-website-base\schedule\week3\notices-cs2103-fragment.md) [Line 12, Column 156]
  parseSignature: expected comma after expression
    at Object._prettifyError (C:\Users\dcsdcr\AppData\Roaming\npm\node_modules\markbind-cli\node_modules\nunjucks\src\lib.js:36:11)
    at Template.render (C:\Users\dcsdcr\AppData\Roaming\npm\node_modules\markbind-cli\node_modules\@markbind\core\src\patches\nunjucks\context-overrides-frame.js:358:19)
    at C:\Users\dcsdcr\AppData\Roaming\npm\node_modules\markbind-cli\node_modules\@markbind\core\src\patches\nunjucks\context-overrides-frame.js:54:25
    at createTemplate (C:\Users\dcsdcr\AppData\Roaming\npm\node_modules\markbind-cli\node_modules\@markbind\core\src\patches\nunjucks\load-event.js:121:7)
    at handle (C:\Users\dcsdcr\AppData\Roaming\npm\node_modules\markbind-cli\node_modules\@markbind\core\src\patches\nunjucks\load-event.js:133:9)
    at C:\Users\dcsdcr\AppData\Roaming\npm\node_modules\markbind-cli\node_modules\@markbind\core\src\patches\nunjucks\load-event.js:145:7
    at next (C:\Users\dcsdcr\AppData\Roaming\npm\node_modules\markbind-cli\node_modules\nunjucks\src\lib.js:326:7)
    at Object.asyncIter (C:\Users\dcsdcr\AppData\Roaming\npm\node_modules\markbind-cli\node_modules\nunjucks\src\lib.js:332:3)
    at Environment.getTemplate (C:\Users\dcsdcr\AppData\Roaming\npm\node_modules\markbind-cli\node_modules\@markbind\core\src\patches\nunjucks\load-event.js:127:7)
    at Environment.render (C:\Users\dcsdcr\AppData\Roaming\npm\node_modules\markbind-cli\node_modules\@markbind\core\src\patches\nunjucks\context-overrides-frame.js:48:8)
    at VariableRenderer.renderFile (C:\Users\dcsdcr\AppData\Roaming\npm\node_modules\markbind-cli\node_modules\@markbind\core\src\variables\VariableRenderer.js:59:20)
    at VariableProcessor.renderWithSiteVariables (C:\Users\dcsdcr\AppData\Roaming\npm\node_modules\markbind-cli\node_modules\@markbind\core\src\variables\VariableProcessor.js:157:53)
    at VariableProcessor.renderIncludeFile (C:\Users\dcsdcr\AppData\Roaming\npm\node_modules\markbind-cli\node_modules\@markbind\core\src\variables\VariableProcessor.js:256:34)
    at processInclude (C:\Users\dcsdcr\AppData\Roaming\npm\node_modules\markbind-cli\node_modules\@markbind\core\src\html\includePanelProcessor.js:207:25)
    at NodeProcessor.processNode (C:\Users\dcsdcr\AppData\Roaming\npm\node_modules\markbind-cli\node_modules\@markbind\core\src\html\NodeProcessor.js:164:16)
    at NodeProcessor._process (C:\Users\dcsdcr\AppData\Roaming\npm\node_modules\markbind-cli\node_modules\@markbind\core\src\html\NodeProcessor.js:306:20)
2022-08-18T05:45:32.408Z - info: Site data built
2022-08-18T05:45:32.408Z - info: Pages rebuilt
2022-08-18T05:45:32.408Z - info: Website regeneration complete! Total build time: 0.498s
2022-08-18T05:46:00.727Z - info: [1:46:00 pm] Reload for file change: C:\repos\nus-cs2103\cs2103-website-base\schedule\week3\notices-cs2103-fragment.md
2022-08-18T05:46:00.727Z - info: Synchronizing opened pages list before reload
2022-08-18T05:46:00.727Z - info: Current opened pages, from most-to-least recent:
2022-08-18T05:46:00.728Z - info: 1. schedule/week3/index
2022-08-18T05:46:01.743Z - info: Rebuilding 1 pages
2022-08-18T05:46:01.952Z - error:  Template render error: (C:\repos\nus-cs2103\cs2103-website-base\schedule\week3\notices-cs2103-fragment.md) [Line 12, Column 157]
  parseSignature: expected comma after expression
    at Object._prettifyError (C:\Users\dcsdcr\AppData\Roaming\npm\node_modules\markbind-cli\node_modules\nunjucks\src\lib.js:36:11)
    at Template.render (C:\Users\dcsdcr\AppData\Roaming\npm\node_modules\markbind-cli\node_modules\@markbind\core\src\patches\nunjucks\context-overrides-frame.js:358:19)
    at C:\Users\dcsdcr\AppData\Roaming\npm\node_modules\markbind-cli\node_modules\@markbind\core\src\patches\nunjucks\context-overrides-frame.js:54:25
    at createTemplate (C:\Users\dcsdcr\AppData\Roaming\npm\node_modules\markbind-cli\node_modules\@markbind\core\src\patches\nunjucks\load-event.js:121:7)
    at handle (C:\Users\dcsdcr\AppData\Roaming\npm\node_modules\markbind-cli\node_modules\@markbind\core\src\patches\nunjucks\load-event.js:133:9)
    at C:\Users\dcsdcr\AppData\Roaming\npm\node_modules\markbind-cli\node_modules\@markbind\core\src\patches\nunjucks\load-event.js:145:7
    at next (C:\Users\dcsdcr\AppData\Roaming\npm\node_modules\markbind-cli\node_modules\nunjucks\src\lib.js:326:7)
    at Object.asyncIter (C:\Users\dcsdcr\AppData\Roaming\npm\node_modules\markbind-cli\node_modules\nunjucks\src\lib.js:332:3)
    at Environment.getTemplate (C:\Users\dcsdcr\AppData\Roaming\npm\node_modules\markbind-cli\node_modules\@markbind\core\src\patches\nunjucks\load-event.js:127:7)
    at Environment.render (C:\Users\dcsdcr\AppData\Roaming\npm\node_modules\markbind-cli\node_modules\@markbind\core\src\patches\nunjucks\context-overrides-frame.js:48:8)
    at VariableRenderer.renderFile (C:\Users\dcsdcr\AppData\Roaming\npm\node_modules\markbind-cli\node_modules\@markbind\core\src\variables\VariableRenderer.js:59:20)
    at VariableProcessor.renderWithSiteVariables (C:\Users\dcsdcr\AppData\Roaming\npm\node_modules\markbind-cli\node_modules\@markbind\core\src\variables\VariableProcessor.js:157:53)
    at VariableProcessor.renderIncludeFile (C:\Users\dcsdcr\AppData\Roaming\npm\node_modules\markbind-cli\node_modules\@markbind\core\src\variables\VariableProcessor.js:256:34)
    at processInclude (C:\Users\dcsdcr\AppData\Roaming\npm\node_modules\markbind-cli\node_modules\@markbind\core\src\html\includePanelProcessor.js:207:25)
    at NodeProcessor.processNode (C:\Users\dcsdcr\AppData\Roaming\npm\node_modules\markbind-cli\node_modules\@markbind\core\src\html\NodeProcessor.js:164:16)
    at NodeProcessor._process (C:\Users\dcsdcr\AppData\Roaming\npm\node_modules\markbind-cli\node_modules\@markbind\core\src\html\NodeProcessor.js:306:20)
2022-08-18T05:46:02.451Z - info: Site data built
2022-08-18T05:46:02.451Z - info: Pages rebuilt
2022-08-18T05:46:02.451Z - info: Website regeneration complete! Total build time: 0.709s
2022-08-18T05:46:08.544Z - info: [1:46:08 pm] Reload for file change: C:\repos\nus-cs2103\cs2103-website-base\schedule\week3\notices-cs2103-fragment.md
2022-08-18T05:46:08.544Z - info: Synchronizing opened pages list before reload
2022-08-18T05:46:08.544Z - info: Current opened pages, from most-to-least recent:
2022-08-18T05:46:08.544Z - info: 1. schedule/week3/index
2022-08-18T05:46:09.563Z - info: Rebuilding 1 pages
2022-08-18T05:46:10.042Z - info: Site data built
2022-08-18T05:46:10.042Z - info: Pages rebuilt
2022-08-18T05:46:10.042Z - info: Website regeneration complete! Total build time: 0.479s
2022-08-18T05:46:14.074Z - info: [1:46:14 pm] Reload for file change: C:\repos\nus-cs2103\cs2103-website-base\schedule\week3\notices-cs2103-fragment.md
2022-08-18T05:46:14.074Z - info: Synchronizing opened pages list before reload
2022-08-18T05:46:14.074Z - info: Current opened pages, from most-to-least recent:
2022-08-18T05:46:14.074Z - info: 1. schedule/week3/index
2022-08-18T05:46:15.080Z - info: Rebuilding 1 pages
2022-08-18T05:46:15.569Z - info: Site data built
2022-08-18T05:46:15.569Z - info: Pages rebuilt
2022-08-18T05:46:15.569Z - info: Website regeneration complete! Total build time: 0.49s
2022-08-18T05:48:24.719Z - info: [1:48:24 pm] Reload for file change: C:\repos\nus-cs2103\cs2103-website-base\admin\tutorials.md
2022-08-18T05:48:24.719Z - info: Synchronizing opened pages list before reload
2022-08-18T05:48:24.719Z - info: Current opened pages, from most-to-least recent:
2022-08-18T05:48:24.719Z - info: 1. schedule/week3/index
2022-08-18T05:48:25.730Z - info: Rebuilding 1 pages
2022-08-18T05:48:26.429Z - info: Site data built
2022-08-18T05:48:26.430Z - info: Pages rebuilt
2022-08-18T05:48:26.430Z - info: Website regeneration complete! Total build time: 0.701s
2022-08-18T05:48:52.778Z - info: [1:48:52 pm] Reload for file change: C:\repos\nus-cs2103\cs2103-website-base\admin\tutorials.md
2022-08-18T05:48:52.779Z - info: Synchronizing opened pages list before reload
2022-08-18T05:48:52.779Z - info: Current opened pages, from most-to-least recent:
2022-08-18T05:48:52.779Z - info: 1. schedule/week3/index
2022-08-18T05:48:53.794Z - info: Rebuilding 1 pages
2022-08-18T05:48:54.322Z - info: Site data built
2022-08-18T05:48:54.322Z - info: Pages rebuilt
2022-08-18T05:48:54.322Z - info: Website regeneration complete! Total build time: 0.529s
2022-08-18T05:49:33.546Z - info: [1:49:33 pm] Reload for file change: C:\repos\nus-cs2103\cs2103-website-base\admin\tutorials.md
2022-08-18T05:49:33.546Z - info: Synchronizing opened pages list before reload
2022-08-18T05:49:33.547Z - info: Current opened pages, from most-to-least recent:
2022-08-18T05:49:33.547Z - info: 1. schedule/week3/index
2022-08-18T05:49:34.557Z - info: Rebuilding 1 pages
2022-08-18T05:49:35.288Z - info: Site data built
2022-08-18T05:49:35.288Z - info: Pages rebuilt
2022-08-18T05:49:35.289Z - info: Website regeneration complete! Total build time: 0.732s
2022-08-18T05:49:47.405Z - info: [1:49:47 pm] Reload for file change: C:\repos\nus-cs2103\cs2103-website-base\admin\tutorials.md
2022-08-18T05:49:47.405Z - info: Synchronizing opened pages list before reload
2022-08-18T05:49:47.405Z - info: Current opened pages, from most-to-least recent:
2022-08-18T05:49:47.406Z - info: 1. schedule/week3/index
2022-08-18T05:49:48.411Z - info: Rebuilding 1 pages
2022-08-18T05:49:48.948Z - info: Site data built
2022-08-18T05:49:48.948Z - info: Pages rebuilt
2022-08-18T05:49:48.949Z - info: Website regeneration complete! Total build time: 0.538s
2022-08-18T05:51:54.242Z - info: [1:51:54 pm] Reload for file change: C:\repos\nus-cs2103\cs2103-website-base\admin\tutorials.md
2022-08-18T05:51:54.242Z - info: Synchronizing opened pages list before reload
2022-08-18T05:51:54.242Z - info: Current opened pages, from most-to-least recent:
2022-08-18T05:51:54.242Z - info: 1. schedule/week3/index
2022-08-18T05:51:55.247Z - info: Rebuilding 1 pages
2022-08-18T05:51:56.001Z - info: Site data built
2022-08-18T05:51:56.001Z - info: Pages rebuilt
2022-08-18T05:51:56.002Z - info: Website regeneration complete! Total build time: 0.756s
2022-08-18T05:53:34.985Z - info: Building C:\repos\nus-cs2103\cs2103-website-base\schedule\week3\admin as some of its dependencies were changed since the last visit
2022-08-18T05:53:35.877Z - info: Site data built
2022-08-18T05:53:35.877Z - info: Lazy website regeneration complete! Total build time: 0.893s
2022-08-18T05:55:11.812Z - info: [1:55:11 pm] Reload for file change: C:\repos\nus-cs2103\cs2103-website-base\schedule\week3\notices-cs2103-fragment.md
2022-08-18T05:55:11.812Z - info: Synchronizing opened pages list before reload
2022-08-18T05:55:11.813Z - info: Current opened pages, from most-to-least recent:
2022-08-18T05:55:11.813Z - info: 1. schedule/week3/admin
2022-08-18T05:55:12.831Z - info: No pages needed to be rebuilt
2022-08-18T05:55:16.242Z - info: Building C:\repos\nus-cs2103\cs2103-website-base\schedule\week3\index as some of its dependencies were changed since the last visit
2022-08-18T05:55:16.914Z - info: Site data built
2022-08-18T05:55:16.914Z - info: Lazy website regeneration complete! Total build time: 0.672s
2022-08-18T05:56:04.594Z - info: [1:56:04 pm] Reload for file change: C:\repos\nus-cs2103\cs2103-website-base\schedule\week3\notices-cs2103-fragment.md
2022-08-18T05:56:04.594Z - info: Synchronizing opened pages list before reload
2022-08-18T05:56:04.594Z - info: Current opened pages, from most-to-least recent:
2022-08-18T05:56:04.594Z - info: 1. schedule/week3/index
2022-08-18T05:56:05.606Z - info: Rebuilding 1 pages
2022-08-18T05:56:06.305Z - info: Site data built
2022-08-18T05:56:06.306Z - info: Pages rebuilt
2022-08-18T05:56:06.306Z - info: Website regeneration complete! Total build time: 0.7s
2022-08-18T05:56:12.912Z - info: [1:56:12 pm] Reload for file change: C:\repos\nus-cs2103\cs2103-website-base\schedule\week3\notices-cs2103-fragment.md
2022-08-18T05:56:12.912Z - info: Synchronizing opened pages list before reload
2022-08-18T05:56:12.912Z - info: Current opened pages, from most-to-least recent:
2022-08-18T05:56:12.912Z - info: 1. schedule/week3/index
2022-08-18T05:56:13.923Z - info: Rebuilding 1 pages
2022-08-18T05:56:14.455Z - info: Site data built
2022-08-18T05:56:14.455Z - info: Pages rebuilt
2022-08-18T05:56:14.456Z - info: Website regeneration complete! Total build time: 0.533s
2022-08-18T05:56:34.761Z - info: [1:56:34 pm] Reload for file change: C:\repos\nus-cs2103\cs2103-website-base\schedule\week3\notices-cs2103-fragment.md
2022-08-18T05:56:34.762Z - info: Synchronizing opened pages list before reload
2022-08-18T05:56:34.762Z - info: Current opened pages, from most-to-least recent:
2022-08-18T05:56:34.762Z - info: 1. schedule/week3/index
2022-08-18T05:56:35.781Z - info: Rebuilding 1 pages
2022-08-18T05:56:36.478Z - info: Site data built
2022-08-18T05:56:36.479Z - info: Pages rebuilt
2022-08-18T05:56:36.479Z - info: Website regeneration complete! Total build time: 0.699s
2022-08-18T05:56:48.516Z - info: [1:56:48 pm] Reload for file change: C:\repos\nus-cs2103\cs2103-website-base\schedule\week3\notices-cs2103-fragment.md
2022-08-18T05:56:48.517Z - info: Synchronizing opened pages list before reload
2022-08-18T05:56:48.517Z - info: Current opened pages, from most-to-least recent:
2022-08-18T05:56:48.517Z - info: 1. schedule/week3/index
2022-08-18T05:56:49.523Z - info: Rebuilding 1 pages
2022-08-18T05:56:49.995Z - info: Site data built
2022-08-18T05:56:49.995Z - info: Pages rebuilt
2022-08-18T05:56:49.995Z - info: Website regeneration complete! Total build time: 0.473s
2022-08-18T05:57:12.566Z - info: [1:57:12 pm] Reload for file change: C:\repos\nus-cs2103\cs2103-website-base\schedule\week3\notices-cs2103-fragment.md
2022-08-18T05:57:12.566Z - info: Synchronizing opened pages list before reload
2022-08-18T05:57:12.566Z - info: Current opened pages, from most-to-least recent:
2022-08-18T05:57:12.566Z - info: 1. schedule/week3/index
2022-08-18T05:57:13.583Z - info: Rebuilding 1 pages
2022-08-18T05:57:14.265Z - info: Site data built
2022-08-18T05:57:14.265Z - info: Pages rebuilt
2022-08-18T05:57:14.266Z - info: Website regeneration complete! Total build time: 0.684s
2022-08-18T05:57:45.138Z - info: [1:57:45 pm] Reload for file change: C:\repos\nus-cs2103\cs2103-website-base\schedule\week3\notices-cs2103-fragment.md
2022-08-18T05:57:45.138Z - info: Synchronizing opened pages list before reload
2022-08-18T05:57:45.138Z - info: Current opened pages, from most-to-least recent:
2022-08-18T05:57:45.138Z - info: 1. schedule/week3/index
2022-08-18T05:57:46.161Z - info: Rebuilding 1 pages
2022-08-18T05:57:46.716Z - info: Site data built
2022-08-18T05:57:46.716Z - info: Pages rebuilt
2022-08-18T05:57:46.716Z - info: Website regeneration complete! Total build time: 0.556s
2022-08-18T05:58:00.560Z - info: [1:58:00 pm] Reload for file change: C:\repos\nus-cs2103\cs2103-website-base\schedule\week3\notices-cs2103-fragment.md
2022-08-18T05:58:00.561Z - info: Synchronizing opened pages list before reload
2022-08-18T05:58:00.561Z - info: Current opened pages, from most-to-least recent:
2022-08-18T05:58:00.561Z - info: 1. schedule/week3/index
2022-08-18T05:58:01.575Z - info: Rebuilding 1 pages
2022-08-18T05:58:02.269Z - info: Site data built
2022-08-18T05:58:02.269Z - info: Pages rebuilt
2022-08-18T05:58:02.269Z - info: Website regeneration complete! Total build time: 0.694s
2022-08-18T05:58:19.321Z - info: [1:58:19 pm] Reload for file change: C:\repos\nus-cs2103\cs2103-website-base\schedule\week3\notices-cs2103-fragment.md
2022-08-18T05:58:19.321Z - info: Synchronizing opened pages list before reload
2022-08-18T05:58:19.322Z - info: Current opened pages, from most-to-least recent:
2022-08-18T05:58:19.322Z - info: 1. schedule/week3/index
2022-08-18T05:58:20.342Z - info: Rebuilding 1 pages
2022-08-18T05:58:20.855Z - info: Site data built
2022-08-18T05:58:20.855Z - info: Pages rebuilt
2022-08-18T05:58:20.855Z - info: Website regeneration complete! Total build time: 0.513s
2022-08-18T05:58:33.188Z - info: [1:58:33 pm] Reload for file change: C:\repos\nus-cs2103\cs2103-website-base\schedule\week3\notices-cs2103-fragment.md
2022-08-18T05:58:33.188Z - info: Synchronizing opened pages list before reload
2022-08-18T05:58:33.188Z - info: Current opened pages, from most-to-least recent:
2022-08-18T05:58:33.188Z - info: 1. schedule/week3/index
2022-08-18T05:58:34.198Z - info: Rebuilding 1 pages
2022-08-18T05:58:34.677Z - info: Site data built
2022-08-18T05:58:34.677Z - info: Pages rebuilt
2022-08-18T05:58:34.677Z - info: Website regeneration complete! Total build time: 0.48s
2022-08-18T05:58:36.836Z - info: Building C:\repos\nus-cs2103\cs2103-website-base\admin\tutorials as some of its dependencies were changed since the last visit
2022-08-18T05:58:37.105Z - info: Site data built
2022-08-18T05:58:37.105Z - info: Lazy website regeneration complete! Total build time: 0.269s
2022-08-18T05:59:00.678Z - info: [1:59:00 pm] Reload for file change: C:\repos\nus-cs2103\cs2103-website-base\admin\tutorials.md
2022-08-18T05:59:00.679Z - info: Synchronizing opened pages list before reload
2022-08-18T05:59:00.679Z - info: Current opened pages, from most-to-least recent:
2022-08-18T05:59:00.679Z - info: 1. schedule/week3/index
2022-08-18T05:59:01.701Z - info: Rebuilding 1 pages
2022-08-18T05:59:02.431Z - info: Site data built
2022-08-18T05:59:02.431Z - info: Pages rebuilt
2022-08-18T05:59:02.431Z - info: Website regeneration complete! Total build time: 0.731s
2022-08-18T05:59:05.196Z - info: Building C:\repos\nus-cs2103\cs2103-website-base\admin\tutorials as some of its dependencies were changed since the last visit
2022-08-18T05:59:05.491Z - info: Site data built
2022-08-18T05:59:05.491Z - info: Lazy website regeneration complete! Total build time: 0.295s
2022-08-18T05:59:48.218Z - info: [1:59:48 pm] Reload for file change: C:\repos\nus-cs2103\cs2103-website-base\schedule\week3\notices-cs2103-fragment.md
2022-08-18T05:59:48.218Z - info: Synchronizing opened pages list before reload
2022-08-18T05:59:48.218Z - info: Current opened pages, from most-to-least recent:
2022-08-18T05:59:48.218Z - info: 1. schedule/week3/index
2022-08-18T05:59:49.230Z - info: Rebuilding 1 pages
2022-08-18T05:59:49.828Z - info: Site data built
2022-08-18T05:59:49.829Z - info: Pages rebuilt
2022-08-18T05:59:49.829Z - info: Website regeneration complete! Total build time: 0.6s
2022-08-18T06:03:06.081Z - info: [2:03:06 pm] Reload for file change: C:\repos\nus-cs2103\cs2103-website-base\schedule\week3\notices-cs2103-fragment.md
2022-08-18T06:03:06.083Z - info: Synchronizing opened pages list before reload
2022-08-18T06:03:06.083Z - info: Current opened pages, from most-to-least recent:
2022-08-18T06:03:06.084Z - info: 1. admin/tutorials
2022-08-18T06:03:06.084Z - info: 2. schedule/week3/index
2022-08-18T06:03:07.101Z - info: Rebuilding 1 pages
2022-08-18T06:03:07.973Z - info: Site data built
2022-08-18T06:03:07.974Z - info: Pages rebuilt
2022-08-18T06:03:07.974Z - info: Website regeneration complete! Total build time: 0.874s
2022-08-18T06:03:12.132Z - info: [2:03:12 pm] Reload for file change: C:\repos\nus-cs2103\cs2103-website-base\schedule\week3\notices-cs2103-fragment.md
2022-08-18T06:03:12.132Z - info: Synchronizing opened pages list before reload
2022-08-18T06:03:12.132Z - info: Current opened pages, from most-to-least recent:
2022-08-18T06:03:12.132Z - info: 1. admin/tutorials
2022-08-18T06:03:12.132Z - info: 2. schedule/week3/index
2022-08-18T06:03:13.136Z - info: Rebuilding 1 pages
2022-08-18T06:03:13.658Z - info: Site data built
2022-08-18T06:03:13.658Z - info: Pages rebuilt
2022-08-18T06:03:13.658Z - info: Website regeneration complete! Total build time: 0.522s
2022-08-18T06:03:57.048Z - info: Building C:\repos\nus-cs2103\cs2103-website-base\schedule\week3\admin as some of its dependencies were changed since the last visit
2022-08-18T06:03:57.879Z - info: Site data built
2022-08-18T06:03:57.879Z - info: Lazy website regeneration complete! Total build time: 0.832s
2022-08-18T06:05:45.760Z - info: Website generation started at 2:05:42 pm
2022-08-18T06:05:58.830Z - info: Building assets...
2022-08-18T06:06:07.635Z - info: Assets built
2022-08-18T06:06:07.636Z - info: Generating pages...
2022-08-18T06:06:29.031Z - debug:  
2022-08-18T06:06:29.032Z - debug:  
2022-08-18T06:06:29.033Z - debug:  
2022-08-18T06:06:29.033Z - debug:  
2022-08-18T06:06:29.034Z - debug:  
2022-08-18T06:06:29.034Z - debug:  
2022-08-18T06:06:29.151Z - debug:  
2022-08-18T06:06:29.152Z - debug:  
2022-08-18T06:06:29.262Z - debug:  
2022-08-18T06:06:29.828Z - debug:  
2022-08-18T06:06:29.828Z - debug:  
2022-08-18T06:06:29.829Z - debug:  
2022-08-18T06:08:40.199Z - debug:  
2022-08-18T06:08:55.068Z - debug:  
2022-08-18T06:08:55.069Z - debug:  
2022-08-18T06:09:01.602Z - info: Pages built
2022-08-18T06:09:03.071Z - info: Site data built
2022-08-18T06:09:03.072Z - info: Website generation complete! Total build time: 200.206s
2022-08-18T06:09:03.072Z - info: Build success!
2022-08-18T06:13:16.871Z - info: The website has been deployed at: https://nus-cs2103-ay2223s1.github.io/website
