2022-10-13T16:02:40.354Z - info: The website has been deployed at: https://nus-cs2103-ay2223s1.github.io/website
2022-10-14T10:57:32.967Z - info: Website generation started at 6:57:28 pm
2022-10-14T10:57:43.516Z - info: Building assets...
2022-10-14T10:57:50.518Z - info: Assets built
2022-10-14T10:57:50.519Z - info: Generating pages...
2022-10-14T10:58:00.001Z - debug:  
2022-10-14T10:58:01.922Z - debug:  
2022-10-14T10:58:01.923Z - debug:  
2022-10-14T10:58:01.923Z - debug:  
2022-10-14T10:58:01.923Z - debug:  
2022-10-14T10:58:01.924Z - debug:  
2022-10-14T10:58:01.924Z - debug:  
2022-10-14T10:58:01.924Z - debug:  
2022-10-14T10:58:01.924Z - debug:  
2022-10-14T10:58:01.924Z - debug:  
2022-10-14T10:58:01.925Z - debug:  
2022-10-14T10:58:01.925Z - debug:  
2022-10-14T10:59:56.613Z - debug:  
2022-10-14T11:00:08.602Z - debug:  
2022-10-14T11:00:08.602Z - debug:  
2022-10-14T11:00:17.826Z - info: Pages built
2022-10-14T11:00:18.903Z - info: Site data built
2022-10-14T11:00:18.903Z - info: Website generation complete! Total build time: 170.231s
2022-10-14T11:00:18.903Z - info: Build success!
2022-10-14T11:05:58.043Z - info: The website has been deployed at: https://nus-cs2103-ay2223s1.github.io/website
2022-10-14T11:31:41.164Z - info: Website generation started at 7:31:36 pm
2022-10-14T11:31:52.105Z - info: Building assets...
2022-10-14T11:31:59.875Z - info: Assets built
2022-10-14T11:31:59.876Z - info: Generating pages...
2022-10-14T11:32:09.585Z - debug:  
2022-10-14T11:32:09.585Z - debug:  
2022-10-14T11:32:09.586Z - debug:  
2022-10-14T11:32:09.586Z - debug:  
2022-10-14T11:32:09.586Z - debug:  
2022-10-14T11:32:09.586Z - debug:  
2022-10-14T11:32:09.587Z - debug:  
2022-10-14T11:32:09.587Z - debug:  
2022-10-14T11:32:09.587Z - debug:  
2022-10-14T11:32:09.587Z - debug:  
2022-10-14T11:32:09.587Z - debug:  
2022-10-14T11:32:09.587Z - debug:  
2022-10-14T11:33:40.025Z - debug:  
2022-10-14T11:33:47.444Z - debug:  
2022-10-14T11:33:47.444Z - debug:  
2022-10-14T11:33:51.477Z - info: Pages built
2022-10-14T11:33:52.594Z - info: Site data built
2022-10-14T11:33:52.594Z - info: Website generation complete! Total build time: 135.922s
2022-10-14T11:33:52.594Z - info: Build success!
2022-10-14T11:36:04.897Z - info: The website has been deployed at: https://nus-tic4001-ay2223s1.github.io/website
