2022-08-31T17:03:12.850Z - info: Website generation (lazy) started at 1:03:05 am
2022-08-31T17:03:28.505Z - info: Building assets...
2022-08-31T17:03:37.648Z - info: Assets built
2022-08-31T17:03:37.649Z - info: Generating landing page...
2022-08-31T17:03:39.136Z - info: Landing page built, other pages will be built as you navigate to them!
2022-08-31T17:03:40.335Z - info: Site data built
2022-08-31T17:03:40.335Z - info: Website generation (lazy) complete! Total build time: 34.583s
2022-08-31T17:03:41.352Z - info: Serving "C:\repos\nus-cs2103\cs2103-website-base\_site" at http://127.0.0.1:8080
2022-08-31T17:03:41.352Z - info: Press CTRL+C to stop ...
2022-08-31T17:04:34.817Z - info: Building C:\repos\nus-cs2103\cs2103-website-base\schedule\week4\project as some of its dependencies were changed since the last visit
2022-08-31T17:04:38.736Z - info: Site data built
2022-08-31T17:04:38.737Z - info: Lazy website regeneration complete! Total build time: 3.923s
2022-08-31T17:05:12.002Z - info: Building C:\repos\nus-cs2103\cs2103-website-base\schedule\week5\project as some of its dependencies were changed since the last visit
2022-08-31T17:05:14.682Z - info: Site data built
2022-08-31T17:05:14.683Z - info: Lazy website regeneration complete! Total build time: 2.682s
2022-08-31T17:09:12.299Z - info: [1:09:12 am] Reload for file change: C:\repos\nus-cs2103\cs2103-website-base\admin\tp-tasks-fragment.md
2022-08-31T17:09:12.300Z - info: Synchronizing opened pages list before reload
2022-08-31T17:09:12.301Z - info: Current opened pages, from most-to-least recent:
2022-08-31T17:09:12.301Z - info: 1. schedule/week5/project
2022-08-31T17:09:13.310Z - info: Rebuilding 1 pages
2022-08-31T17:09:15.574Z - info: Site data built
2022-08-31T17:09:15.575Z - info: Pages rebuilt
2022-08-31T17:09:15.575Z - info: Website regeneration complete! Total build time: 2.266s
2022-08-31T17:10:27.064Z - info: [1:10:27 am] Reload for file change: C:\repos\nus-cs2103\cs2103-website-base\admin\tp-tasks-fragment.md
2022-08-31T17:10:27.065Z - info: Synchronizing opened pages list before reload
2022-08-31T17:10:27.065Z - info: Current opened pages, from most-to-least recent:
2022-08-31T17:10:27.066Z - info: 1. schedule/week5/project
2022-08-31T17:10:28.082Z - info: Rebuilding 1 pages
2022-08-31T17:10:29.974Z - info: Site data built
2022-08-31T17:10:29.975Z - info: Pages rebuilt
2022-08-31T17:10:29.975Z - info: Website regeneration complete! Total build time: 1.894s
2022-08-31T17:13:02.261Z - info: Building C:\repos\nus-cs2103\cs2103-website-base\schedule\week5\tutorial as some of its dependencies were changed since the last visit
2022-08-31T17:13:03.882Z - info: Site data built
2022-08-31T17:13:03.884Z - info: Lazy website regeneration complete! Total build time: 1.622s
2022-08-31T17:17:48.676Z - info: [1:17:48 am] Reload for file change: C:\repos\nus-cs2103\cs2103-website-base\admin\tp-tasks-fragment.md
2022-08-31T17:17:48.676Z - info: Synchronizing opened pages list before reload
2022-08-31T17:17:48.676Z - info: Current opened pages, from most-to-least recent:
2022-08-31T17:17:48.677Z - info: 1. schedule/week5/project
2022-08-31T17:17:49.692Z - info: Rebuilding 1 pages
2022-08-31T17:17:51.393Z - info: Site data built
2022-08-31T17:17:51.393Z - info: Pages rebuilt
2022-08-31T17:17:51.393Z - info: Website regeneration complete! Total build time: 1.702s
2022-08-31T17:25:25.558Z - info: Website generation started at 1:25:22 am
2022-08-31T17:25:41.862Z - info: Building assets...
2022-08-31T17:25:53.973Z - info: Assets built
2022-08-31T17:25:53.975Z - info: Generating pages...
2022-08-31T17:26:09.397Z - debug:  
2022-08-31T17:26:09.398Z - debug:  
2022-08-31T17:26:11.920Z - debug:  
2022-08-31T17:26:11.921Z - debug:  
2022-08-31T17:26:11.938Z - debug:  
2022-08-31T17:26:11.938Z - debug:  
2022-08-31T17:26:11.939Z - debug:  
2022-08-31T17:26:11.939Z - debug:  
2022-08-31T17:26:11.939Z - debug:  
2022-08-31T17:26:11.939Z - debug:  
2022-08-31T17:26:11.939Z - debug:  
2022-08-31T17:26:11.940Z - debug:  
2022-08-31T17:28:26.020Z - debug:  
2022-08-31T17:28:41.959Z - debug:  
2022-08-31T17:28:41.959Z - debug:  
2022-08-31T17:28:50.537Z - info: Pages built
2022-08-31T17:28:51.843Z - info: Site data built
2022-08-31T17:28:51.844Z - info: Website generation complete! Total build time: 209.253s
2022-08-31T17:28:51.844Z - info: Build success!
2022-08-31T17:35:54.198Z - info: The website has been deployed at: https://nus-cs2103-ay2223s1.github.io/website
2022-09-01T08:21:04.074Z - info: Website generation (lazy) started at 4:20:59 pm
2022-09-01T08:21:16.156Z - info: Building assets...
2022-09-01T08:21:25.051Z - info: Assets built
2022-09-01T08:21:25.052Z - info: Generating landing page...
2022-09-01T08:21:27.355Z - info: Landing page built, other pages will be built as you navigate to them!
2022-09-01T08:21:28.662Z - info: Site data built
2022-09-01T08:21:28.663Z - info: Website generation (lazy) complete! Total build time: 29.619s
2022-09-01T08:21:29.788Z - info: Serving "C:\repos\nus-cs2103\cs2103-website-base\_site" at http://127.0.0.1:8080
2022-09-01T08:21:29.788Z - info: Press CTRL+C to stop ...
2022-09-01T08:33:00.604Z - info: Building C:\repos\nus-cs2103\cs2103-website-base\schedule\week5\index as some of its dependencies were changed since the last visit
2022-09-01T08:33:01.814Z - info: Site data built
2022-09-01T08:33:01.815Z - info: Lazy website regeneration complete! Total build time: 1.216s
2022-09-01T08:33:06.267Z - info: Building C:\repos\nus-cs2103\cs2103-website-base\schedule\week5\admin as some of its dependencies were changed since the last visit
2022-09-01T08:33:07.022Z - info: Site data built
2022-09-01T08:33:07.022Z - info: Lazy website regeneration complete! Total build time: 0.756s
2022-09-01T08:33:09.519Z - info: Building C:\repos\nus-cs2103\cs2103-website-base\schedule\week5\project as some of its dependencies were changed since the last visit
2022-09-01T08:33:11.083Z - info: Site data built
2022-09-01T08:33:11.084Z - info: Lazy website regeneration complete! Total build time: 1.566s
2022-09-01T08:34:39.633Z - info: [4:34:39 pm] Reload for file change: C:\repos\nus-cs2103\cs2103-website-base\admin\tp-tasks-fragment.md
2022-09-01T08:34:39.633Z - info: Synchronizing opened pages list before reload
2022-09-01T08:34:39.634Z - info: Current opened pages, from most-to-least recent:
2022-09-01T08:34:39.635Z - info: 1. schedule/week5/project
2022-09-01T08:34:40.645Z - info: Rebuilding 1 pages
2022-09-01T08:34:42.048Z - info: Site data built
2022-09-01T08:34:42.049Z - info: Pages rebuilt
2022-09-01T08:34:42.049Z - info: Website regeneration complete! Total build time: 1.405s
2022-09-01T08:45:42.727Z - info: Website generation started at 4:45:41 pm
2022-09-01T08:45:54.416Z - info: Building assets...
2022-09-01T08:46:02.322Z - info: Assets built
2022-09-01T08:46:02.323Z - info: Generating pages...
2022-09-01T08:46:13.179Z - debug:  
2022-09-01T08:46:15.379Z - debug:  
2022-09-01T08:46:15.380Z - debug:  
2022-09-01T08:46:15.424Z - debug:  
2022-09-01T08:46:15.435Z - debug:  
2022-09-01T08:46:15.436Z - debug:  
2022-09-01T08:46:15.436Z - debug:  
2022-09-01T08:46:15.436Z - debug:  
2022-09-01T08:46:15.437Z - debug:  
2022-09-01T08:46:15.437Z - debug:  
2022-09-01T08:46:15.437Z - debug:  
2022-09-01T08:46:15.438Z - debug:  
2022-09-01T08:47:56.453Z - debug:  
2022-09-01T08:48:05.290Z - debug:  
2022-09-01T08:48:05.290Z - debug:  
2022-09-01T08:48:09.092Z - info: Pages built
2022-09-01T08:48:10.232Z - info: Site data built
2022-09-01T08:48:10.232Z - info: Website generation complete! Total build time: 149.207s
2022-09-01T08:48:10.232Z - info: Build success!
2022-09-01T08:54:11.277Z - info: The website has been deployed at: https://nus-tic4001-ay2223s1.github.io/website
