2022-08-19T16:03:29.996Z - info: Website generation started at 12:03:25 am
2022-08-19T16:03:41.580Z - info: Building assets...
2022-08-19T16:03:48.680Z - info: Assets built
2022-08-19T16:03:48.681Z - info: Generating pages...
2022-08-19T16:04:01.871Z - debug:  
2022-08-19T16:04:01.872Z - debug:  
2022-08-19T16:04:01.873Z - debug:  
2022-08-19T16:04:01.890Z - debug:  
2022-08-19T16:04:01.892Z - debug:  
2022-08-19T16:04:01.893Z - debug:  
2022-08-19T16:04:01.895Z - debug:  
2022-08-19T16:04:01.896Z - debug:  
2022-08-19T16:04:01.897Z - debug:  
2022-08-19T16:04:01.898Z - debug:  
2022-08-19T16:04:01.898Z - debug:  
2022-08-19T16:04:01.901Z - debug:  
2022-08-19T16:05:37.678Z - debug:  
2022-08-19T16:05:46.286Z - debug:  
2022-08-19T16:05:46.287Z - debug:  
2022-08-19T16:05:49.798Z - info: Pages built
2022-08-19T16:05:50.847Z - info: Site data built
2022-08-19T16:05:50.847Z - info: Website generation complete! Total build time: 145.462s
2022-08-19T16:05:50.847Z - info: Build success!
2022-08-19T16:08:30.778Z - info: The website has been deployed at: https://nus-tic4001-ay2223s1.github.io/website
2022-08-20T04:46:25.405Z - info: Website generation (lazy) started at 12:46:20 pm
2022-08-20T04:46:38.441Z - info: Building assets...
2022-08-20T04:46:46.147Z - info: Assets built
2022-08-20T04:46:46.148Z - info: Generating landing page...
2022-08-20T04:46:47.382Z - info: Landing page built, other pages will be built as you navigate to them!
2022-08-20T04:46:48.508Z - info: Site data built
2022-08-20T04:46:48.508Z - info: Website generation (lazy) complete! Total build time: 27.979s
2022-08-20T04:46:49.534Z - info: Serving "C:\repos\nus-cs2103\cs2103-website-base\_site" at http://127.0.0.1:8080
2022-08-20T04:46:49.534Z - info: Press CTRL+C to stop ...
2022-08-20T04:47:32.222Z - info: Building C:\repos\nus-cs2103\cs2103-website-base\admin\index as some of its dependencies were changed since the last visit
2022-08-20T04:47:33.145Z - info: Site data built
2022-08-20T04:47:33.145Z - info: Lazy website regeneration complete! Total build time: 0.925s
2022-08-20T04:47:38.567Z - info: Building C:\repos\nus-cs2103\cs2103-website-base\admin\appendixD-help as some of its dependencies were changed since the last visit
2022-08-20T04:47:39.333Z - info: Site data built
2022-08-20T04:47:39.333Z - info: Lazy website regeneration complete! Total build time: 0.767s
2022-08-20T04:49:13.237Z - info: [12:49:13 pm] Reload for file change: C:\repos\nus-cs2103\cs2103-website-base\admin\appendixD-help.md
2022-08-20T04:49:13.237Z - info: Synchronizing opened pages list before reload
2022-08-20T04:49:13.237Z - info: Current opened pages, from most-to-least recent:
2022-08-20T04:49:13.238Z - info: 1. admin/appendixD-help
2022-08-20T04:49:14.258Z - info: Rebuilding 1 pages
2022-08-20T04:49:14.468Z - info: Site data built
2022-08-20T04:49:14.468Z - info: Pages rebuilt
2022-08-20T04:49:14.469Z - info: Website regeneration complete! Total build time: 0.212s
2022-08-20T04:50:04.526Z - info: [12:50:04 pm] Reload for file change: C:\repos\nus-cs2103\cs2103-website-base\admin\appendixD-help.md
2022-08-20T04:50:04.527Z - info: Synchronizing opened pages list before reload
2022-08-20T04:50:04.527Z - info: Current opened pages, from most-to-least recent:
2022-08-20T04:50:04.527Z - info: 1. admin/appendixD-help
2022-08-20T04:50:05.547Z - info: Rebuilding 1 pages
2022-08-20T04:50:05.777Z - info: Site data built
2022-08-20T04:50:05.777Z - info: Pages rebuilt
2022-08-20T04:50:05.777Z - info: Website regeneration complete! Total build time: 0.231s
2022-08-20T04:51:23.612Z - info: [12:51:23 pm] Reload for file change: C:\repos\nus-cs2103\cs2103-website-base\admin\appendixD-help.md
2022-08-20T04:51:23.612Z - info: Synchronizing opened pages list before reload
2022-08-20T04:51:23.613Z - info: Current opened pages, from most-to-least recent:
2022-08-20T04:51:23.613Z - info: 1. admin/appendixD-help
2022-08-20T04:51:24.621Z - info: Rebuilding 1 pages
2022-08-20T04:51:24.893Z - info: Site data built
2022-08-20T04:51:24.893Z - info: Pages rebuilt
2022-08-20T04:51:24.894Z - info: Website regeneration complete! Total build time: 0.274s
2022-08-20T04:52:15.093Z - info: [12:52:15 pm] Reload for file change: C:\repos\nus-cs2103\cs2103-website-base\admin\appendixD-help.md
2022-08-20T04:52:15.093Z - info: Synchronizing opened pages list before reload
2022-08-20T04:52:15.093Z - info: Current opened pages, from most-to-least recent:
2022-08-20T04:52:15.094Z - info: 1. admin/appendixD-help
2022-08-20T04:52:16.103Z - info: Rebuilding 1 pages
2022-08-20T04:52:16.371Z - info: Site data built
2022-08-20T04:52:16.371Z - info: Pages rebuilt
2022-08-20T04:52:16.371Z - info: Website regeneration complete! Total build time: 0.269s
2022-08-20T04:54:58.209Z - info: [12:54:58 pm] Reload for file change: C:\repos\nus-cs2103\cs2103-website-base\admin\appendixD-help.md
2022-08-20T04:54:58.209Z - info: Synchronizing opened pages list before reload
2022-08-20T04:54:58.209Z - info: Current opened pages, from most-to-least recent:
2022-08-20T04:54:58.210Z - info: 1. admin/appendixD-help
2022-08-20T04:54:59.230Z - info: Rebuilding 1 pages
2022-08-20T04:54:59.470Z - info: Site data built
2022-08-20T04:54:59.470Z - info: Pages rebuilt
2022-08-20T04:54:59.470Z - info: Website regeneration complete! Total build time: 0.242s
2022-08-20T04:55:57.205Z - info: [12:55:57 pm] Reload for file change: C:\repos\nus-cs2103\cs2103-website-base\admin\appendixD-help.md
2022-08-20T04:55:57.206Z - info: Synchronizing opened pages list before reload
2022-08-20T04:55:57.206Z - info: Current opened pages, from most-to-least recent:
2022-08-20T04:55:57.206Z - info: 1. admin/appendixD-help
2022-08-20T04:55:58.235Z - info: Rebuilding 1 pages
2022-08-20T04:55:58.460Z - info: Site data built
2022-08-20T04:55:58.461Z - info: Pages rebuilt
2022-08-20T04:55:58.461Z - info: Website regeneration complete! Total build time: 0.227s
2022-08-20T04:56:05.008Z - info: [12:56:05 pm] Reload for file change: C:\repos\nus-cs2103\cs2103-website-base\admin\appendixD-help.md
2022-08-20T04:56:05.008Z - info: Synchronizing opened pages list before reload
2022-08-20T04:56:05.008Z - info: Current opened pages, from most-to-least recent:
2022-08-20T04:56:05.008Z - info: 1. admin/appendixD-help
2022-08-20T04:56:06.021Z - info: Rebuilding 1 pages
2022-08-20T04:56:06.192Z - info: Site data built
2022-08-20T04:56:06.192Z - info: Pages rebuilt
2022-08-20T04:56:06.192Z - info: Website regeneration complete! Total build time: 0.172s
2022-08-20T04:56:49.315Z - info: Website generation started at 12:56:47 pm
2022-08-20T04:57:01.693Z - info: Building assets...
2022-08-20T04:57:10.707Z - info: Assets built
2022-08-20T04:57:10.708Z - info: Generating pages...
2022-08-20T04:57:24.905Z - debug:  
2022-08-20T04:57:24.910Z - debug:  
2022-08-20T04:57:28.409Z - debug:  
2022-08-20T04:57:28.410Z - debug:  
2022-08-20T04:57:28.410Z - debug:  
2022-08-20T04:57:28.410Z - debug:  
2022-08-20T04:57:28.411Z - debug:  
2022-08-20T04:57:28.411Z - debug:  
2022-08-20T04:57:28.411Z - debug:  
2022-08-20T04:57:28.411Z - debug:  
2022-08-20T04:57:28.411Z - debug:  
2022-08-20T04:57:28.412Z - debug:  
2022-08-20T04:59:33.653Z - debug:  
2022-08-20T04:59:49.443Z - debug:  
2022-08-20T04:59:49.444Z - debug:  
2022-08-20T04:59:55.847Z - info: Pages built
2022-08-20T04:59:56.964Z - info: Site data built
2022-08-20T04:59:56.964Z - info: Website generation complete! Total build time: 189.469s
2022-08-20T04:59:56.964Z - info: Build success!
2022-08-20T05:02:39.637Z - info: The website has been deployed at: https://nus-cs2103-ay2223s1.github.io/website
