2022-08-27T06:22:42.369Z - info: Website generation (lazy) started at 2:22:37 pm
2022-08-27T06:22:53.797Z - info: Building assets...
2022-08-27T06:23:02.051Z - info: Assets built
2022-08-27T06:23:02.052Z - info: Generating landing page...
2022-08-27T06:23:03.542Z - info: Landing page built, other pages will be built as you navigate to them!
2022-08-27T06:23:05.036Z - info: Site data built
2022-08-27T06:23:05.036Z - info: Website generation (lazy) complete! Total build time: 27.419s
2022-08-27T06:23:06.022Z - info: Serving "C:\repos\nus-cs2103\cs2103-website-base\_site" at http://127.0.0.1:8080
2022-08-27T06:23:06.022Z - info: Press CTRL+C to stop ...
2022-08-27T07:14:06.785Z - info: [3:14:06 pm] Reload for file change: C:\repos\nus-cs2103\cs2103-website-base\_module-CS2103\studentData-fragment.md
2022-08-27T07:14:06.789Z - info: Synchronizing opened pages list before reload
2022-08-27T07:14:06.793Z - info: Current opened pages, from most-to-least recent:
2022-08-27T07:14:06.794Z - info: 1. index
2022-08-27T07:14:07.821Z - info: Rebuilding 1 pages
2022-08-27T07:14:08.998Z - info: Site data built
2022-08-27T07:14:08.998Z - info: Pages rebuilt
2022-08-27T07:14:08.998Z - info: Website regeneration complete! Total build time: 1.18s
2022-08-27T07:14:30.214Z - info: Building C:\repos\nus-cs2103\cs2103-website-base\admin\ip-showcase as some of its dependencies were changed since the last visit
2022-08-27T07:14:32.273Z - info: Site data built
2022-08-27T07:14:32.274Z - info: Lazy website regeneration complete! Total build time: 2.059s
2022-08-27T07:24:33.043Z - info: [3:24:33 pm] Reload for file change: C:\repos\nus-cs2103\cs2103-website-base\_module-CS2103\studentData-fragment.md
2022-08-27T07:24:33.043Z - info: Synchronizing opened pages list before reload
2022-08-27T07:24:33.044Z - info: Current opened pages, from most-to-least recent:
2022-08-27T07:24:33.044Z - info: 1. admin/ip-showcase
2022-08-27T07:24:34.058Z - info: Rebuilding 1 pages
2022-08-27T07:24:35.599Z - info: Site data built
2022-08-27T07:24:35.599Z - info: Pages rebuilt
2022-08-27T07:24:35.599Z - info: Website regeneration complete! Total build time: 1.542s
2022-08-27T07:24:39.589Z - info: Building C:\repos\nus-cs2103\cs2103-website-base\index as some of its dependencies were changed since the last visit
2022-08-27T07:24:40.857Z - info: Site data built
2022-08-27T07:24:40.858Z - info: Lazy website regeneration complete! Total build time: 1.27s
2022-08-27T07:24:44.611Z - info: Building C:\repos\nus-cs2103\cs2103-website-base\schedule\week4\project as some of its dependencies were changed since the last visit
2022-08-27T07:24:47.449Z - info: Site data built
2022-08-27T07:24:47.449Z - info: Lazy website regeneration complete! Total build time: 2.838s
2022-08-27T07:44:10.973Z - info: Website generation started at 3:44:09 pm
2022-08-27T07:44:22.617Z - info: Building assets...
2022-08-27T07:44:31.670Z - info: Assets built
2022-08-27T07:44:31.671Z - info: Generating pages...
2022-08-27T07:44:46.269Z - debug:  
2022-08-27T07:44:46.290Z - debug:  
2022-08-27T07:44:46.299Z - debug:  
2022-08-27T07:44:46.332Z - debug:  
2022-08-27T07:44:49.477Z - debug:  
2022-08-27T07:44:49.477Z - debug:  
2022-08-27T07:44:49.478Z - debug:  
2022-08-27T07:44:49.478Z - debug:  
2022-08-27T07:44:49.478Z - debug:  
2022-08-27T07:44:49.478Z - debug:  
2022-08-27T07:44:49.479Z - debug:  
2022-08-27T07:44:49.479Z - debug:  
2022-08-27T07:46:48.121Z - debug:  
2022-08-27T07:47:01.967Z - debug:  
2022-08-27T07:47:01.967Z - debug:  
2022-08-27T07:47:10.328Z - info: Pages built
2022-08-27T07:47:11.544Z - info: Site data built
2022-08-27T07:47:11.544Z - info: Website generation complete! Total build time: 182.433s
2022-08-27T07:47:11.544Z - info: Build success!
2022-08-27T07:50:04.747Z - info: The website has been deployed at: https://nus-cs2103-ay2223s1.github.io/website
2022-08-27T13:18:51.384Z - info: Website generation (lazy) started at 9:18:45 pm
2022-08-27T13:19:03.591Z - info: Building assets...
2022-08-27T13:19:10.955Z - info: Assets built
2022-08-27T13:19:10.956Z - info: Generating landing page...
2022-08-27T13:19:11.692Z - info: Landing page built, other pages will be built as you navigate to them!
2022-08-27T13:19:12.763Z - info: Site data built
2022-08-27T13:19:12.763Z - info: Website generation (lazy) complete! Total build time: 27.121s
2022-08-27T13:19:13.608Z - info: Serving "C:\repos\nus-cs2103\cs2103-website-base\_site" at http://127.0.0.1:8080
2022-08-27T13:19:13.609Z - info: Press CTRL+C to stop ...
2022-08-27T13:20:19.690Z - info: [9:20:19 pm] Reload for file change: C:\repos\nus-cs2103\cs2103-website-base\site.json
2022-08-27T13:20:19.693Z - info: Synchronizing opened pages list before reload
2022-08-27T13:20:19.693Z - info: Current opened pages, from most-to-least recent:
2022-08-27T13:20:19.693Z - info: 1. index
2022-08-27T13:20:25.558Z - info: Pages or site config modified, updating pages...
2022-08-27T13:20:31.146Z - info: Building C:\repos\nus-cs2103\cs2103-website-base\schedule\week4\index as some of its dependencies were changed since the last visit
2022-08-27T13:20:31.775Z - info: Building C:\repos\nus-cs2103\cs2103-website-base\index as some of its dependencies were changed since the last visit
2022-08-27T13:20:32.346Z - info: Site data built
2022-08-27T13:20:32.346Z - info: Lazy website regeneration complete! Total build time: 1.2s
2022-08-27T13:20:32.347Z - info: Site data built
2022-08-27T13:20:32.347Z - info: Lazy website regeneration complete! Total build time: 0.573s
2022-08-27T13:20:32.359Z - info: Site data built
2022-08-27T13:20:33.447Z - info: Building C:\repos\nus-cs2103\cs2103-website-base\schedule\week4\index as some of its dependencies were changed since the last visit
2022-08-27T13:20:33.910Z - info: Site data built
2022-08-27T13:20:33.910Z - info: Lazy website regeneration complete! Total build time: 0.463s
2022-08-27T13:20:37.895Z - info: Building C:\repos\nus-cs2103\cs2103-website-base\schedule\week4\topics as some of its dependencies were changed since the last visit
2022-08-27T13:20:40.922Z - info: Site data built
2022-08-27T13:20:40.923Z - info: Lazy website regeneration complete! Total build time: 3.027s
2022-08-27T13:20:44.794Z - debug:  
2022-08-27T13:22:07.834Z - info: [9:22:07 pm] Reload for file change: C:\repos\nus-cs2103\cs2103-website-base\site.json
2022-08-27T13:22:07.835Z - info: Synchronizing opened pages list before reload
2022-08-27T13:22:07.836Z - info: Current opened pages, from most-to-least recent:
2022-08-27T13:22:07.836Z - info: 1. schedule/week4/topics
2022-08-27T13:22:12.399Z - info: [9:22:12 pm] Reload for file change: C:\repos\nus-cs2103\cs2103-website-base\site.json
2022-08-27T13:22:12.399Z - info: Synchronizing opened pages list before reload
2022-08-27T13:22:12.399Z - info: Current opened pages, from most-to-least recent:
2022-08-27T13:22:12.399Z - info: 1. schedule/week4/topics
2022-08-27T13:22:17.246Z - info: No pages needed to be rebuilt
2022-08-27T13:22:17.277Z - info: Pages or site config modified, updating pages...
2022-08-27T13:22:23.922Z - info: Building C:\repos\nus-cs2103\cs2103-website-base\schedule\week4\topics as some of its dependencies were changed since the last visit
2022-08-27T13:22:27.459Z - info: Site data built
2022-08-27T13:22:27.460Z - info: Lazy website regeneration complete! Total build time: 3.538s
2022-08-27T13:22:27.475Z - info: Site data built
2022-08-27T13:22:29.577Z - debug:  
2022-08-27T13:25:38.337Z - info: [9:25:38 pm] Reload for file change: C:\repos\nus-cs2103\cs2103-website-base\book\cppToJava\inheritance\polymorphism\q-printShapeArea.md
2022-08-27T13:25:38.339Z - info: Synchronizing opened pages list before reload
2022-08-27T13:25:38.340Z - info: Current opened pages, from most-to-least recent:
2022-08-27T13:25:38.340Z - info: 1. schedule/week4/topics
2022-08-27T13:25:39.351Z - info: Rebuilding 1 pages
2022-08-27T13:25:42.438Z - info: Site data built
2022-08-27T13:25:42.438Z - info: Pages rebuilt
2022-08-27T13:25:42.438Z - info: Website regeneration complete! Total build time: 3.088s
2022-08-27T13:25:44.392Z - debug:  
2022-08-27T13:26:17.190Z - info: [9:26:17 pm] Reload for file change: C:\repos\nus-cs2103\cs2103-website-base\book\cppToJava\inheritance\polymorphism\q-printShapeArea.md
2022-08-27T13:26:17.190Z - info: Synchronizing opened pages list before reload
2022-08-27T13:26:17.191Z - info: Current opened pages, from most-to-least recent:
2022-08-27T13:26:17.192Z - info: 1. schedule/week4/topics
2022-08-27T13:26:18.212Z - info: Rebuilding 1 pages
2022-08-27T13:26:21.012Z - info: Site data built
2022-08-27T13:26:21.013Z - info: Pages rebuilt
2022-08-27T13:26:21.013Z - info: Website regeneration complete! Total build time: 2.802s
2022-08-27T13:26:23.230Z - debug:  
2022-08-27T13:29:23.404Z - info: [9:29:23 pm] Reload for file change: C:\repos\nus-cs2103\cs2103-website-base\book\cppToJava\inheritance\polymorphism\q-printShapeArea.md
2022-08-27T13:29:23.404Z - info: Synchronizing opened pages list before reload
2022-08-27T13:29:23.405Z - info: Current opened pages, from most-to-least recent:
2022-08-27T13:29:23.405Z - info: 1. schedule/week4/topics
2022-08-27T13:29:24.414Z - info: Rebuilding 1 pages
2022-08-27T13:29:27.002Z - info: Site data built
2022-08-27T13:29:27.002Z - info: Pages rebuilt
2022-08-27T13:29:27.003Z - info: Website regeneration complete! Total build time: 2.59s
2022-08-27T13:29:29.197Z - debug:  
2022-08-27T13:29:34.588Z - info: [9:29:34 pm] Reload for file change: C:\repos\nus-cs2103\cs2103-website-base\book\cppToJava\inheritance\polymorphism\q-printShapeArea.md
2022-08-27T13:29:34.588Z - info: Synchronizing opened pages list before reload
2022-08-27T13:29:34.589Z - info: Current opened pages, from most-to-least recent:
2022-08-27T13:29:34.589Z - info: 1. schedule/week4/topics
2022-08-27T13:29:35.606Z - info: Rebuilding 1 pages
2022-08-27T13:29:37.896Z - info: Site data built
2022-08-27T13:29:37.896Z - info: Pages rebuilt
2022-08-27T13:29:37.896Z - info: Website regeneration complete! Total build time: 2.291s
2022-08-27T13:29:40.058Z - debug:  
2022-08-27T13:34:48.686Z - info: [9:34:48 pm] Reload for file change: C:\repos\nus-cs2103\cs2103-website-base\book\cppToJava\inheritance\polymorphism\q-printShapeArea.md
2022-08-27T13:34:48.686Z - info: Synchronizing opened pages list before reload
2022-08-27T13:34:48.687Z - info: Current opened pages, from most-to-least recent:
2022-08-27T13:34:48.687Z - info: 1. schedule/week4/topics
2022-08-27T13:34:49.696Z - info: Rebuilding 1 pages
2022-08-27T13:34:52.288Z - info: Site data built
2022-08-27T13:34:52.288Z - info: Pages rebuilt
2022-08-27T13:34:52.288Z - info: Website regeneration complete! Total build time: 2.593s
2022-08-27T13:34:54.324Z - debug:  
2022-08-27T13:38:27.931Z - info: Website generation started at 9:38:26 pm
2022-08-27T13:38:38.665Z - info: Building assets...
2022-08-27T13:38:47.650Z - info: Assets built
2022-08-27T13:38:47.650Z - info: Generating pages...
2022-08-27T13:39:01.533Z - debug:  
2022-08-27T13:39:01.533Z - debug:  
2022-08-27T13:39:01.533Z - debug:  
2022-08-27T13:39:01.534Z - debug:  
2022-08-27T13:39:01.534Z - debug:  
2022-08-27T13:39:01.535Z - debug:  
2022-08-27T13:39:01.535Z - debug:  
2022-08-27T13:39:01.840Z - debug:  
2022-08-27T13:39:01.840Z - debug:  
2022-08-27T13:39:01.841Z - debug:  
2022-08-27T13:39:01.846Z - debug:  
2022-08-27T13:39:31.847Z - debug:  
2022-08-27T13:40:24.365Z - info: Pages built
2022-08-27T13:40:25.406Z - info: Site data built
2022-08-27T13:40:25.406Z - info: Website generation complete! Total build time: 119.276s
2022-08-27T13:40:25.407Z - info: Build success!
2022-08-27T13:45:40.171Z - info: The website has been deployed at: https://nus-tic2002-ay2223s1.github.io/website
