2022-08-10T11:58:41.596Z - info: Website generation (lazy) started at 7:58:36 pm
2022-08-10T11:58:53.801Z - info: Building assets...
2022-08-10T11:59:02.080Z - info: Assets built
2022-08-10T11:59:02.081Z - info: Generating landing page...
2022-08-10T11:59:04.048Z - info: Landing page built, other pages will be built as you navigate to them!
2022-08-10T11:59:05.439Z - info: Site data built
2022-08-10T11:59:05.440Z - info: Website generation (lazy) complete! Total build time: 29.315s
2022-08-10T11:59:06.580Z - info: Serving "C:\repos\nus-cs2103\cs2103-website-base\_site" at http://127.0.0.1:8080
2022-08-10T11:59:06.580Z - info: Press CTRL+C to stop ...
2022-08-10T11:59:29.239Z - info: Building C:\repos\nus-cs2103\cs2103-website-base\admin\tutorials as some of its dependencies were changed since the last visit
2022-08-10T11:59:29.778Z - info: Site data built
2022-08-10T11:59:29.778Z - info: Lazy website regeneration complete! Total build time: 0.54s
2022-08-10T12:02:49.548Z - info: [8:02:49 pm] Reload for file change: C:\repos\nus-cs2103\cs2103-website-base\_module-CS2103\timetables-fragment.md
2022-08-10T12:02:49.548Z - info: Synchronizing opened pages list before reload
2022-08-10T12:02:49.549Z - info: Current opened pages, from most-to-least recent:
2022-08-10T12:02:49.549Z - info: 1. admin/tutorials
2022-08-10T12:02:50.557Z - info: Rebuilding 1 pages
2022-08-10T12:02:51.281Z - info: Site data built
2022-08-10T12:02:51.281Z - info: Pages rebuilt
2022-08-10T12:02:51.282Z - info: Website regeneration complete! Total build time: 0.727s
2022-08-10T12:03:23.126Z - info: [8:03:23 pm] Reload for file change: C:\repos\nus-cs2103\cs2103-website-base\_module-CS2103\timetables-fragment.md
2022-08-10T12:03:23.127Z - info: Synchronizing opened pages list before reload
2022-08-10T12:03:23.127Z - info: Current opened pages, from most-to-least recent:
2022-08-10T12:03:23.127Z - info: 1. admin/tutorials
2022-08-10T12:03:24.137Z - info: Rebuilding 1 pages
2022-08-10T12:03:24.609Z - info: Site data built
2022-08-10T12:03:24.610Z - info: Pages rebuilt
2022-08-10T12:03:24.610Z - info: Website regeneration complete! Total build time: 0.473s
2022-08-10T12:03:57.054Z - info: [8:03:57 pm] Reload for file change: C:\repos\nus-cs2103\cs2103-website-base\_module-CS2103\timetables-fragment.md
2022-08-10T12:03:57.055Z - info: Synchronizing opened pages list before reload
2022-08-10T12:03:57.055Z - info: Current opened pages, from most-to-least recent:
2022-08-10T12:03:57.055Z - info: 1. admin/tutorials
2022-08-10T12:03:58.058Z - info: Rebuilding 1 pages
2022-08-10T12:03:58.493Z - info: Site data built
2022-08-10T12:03:58.494Z - info: Pages rebuilt
2022-08-10T12:03:58.494Z - info: Website regeneration complete! Total build time: 0.437s
2022-08-10T12:04:14.342Z - info: [8:04:14 pm] Reload for file change: C:\repos\nus-cs2103\cs2103-website-base\_module-CS2103\timetables-fragment.md
2022-08-10T12:04:14.342Z - info: Synchronizing opened pages list before reload
2022-08-10T12:04:14.342Z - info: Current opened pages, from most-to-least recent:
2022-08-10T12:04:14.342Z - info: 1. admin/tutorials
2022-08-10T12:04:15.357Z - info: Rebuilding 1 pages
2022-08-10T12:04:15.689Z - info: Site data built
2022-08-10T12:04:15.690Z - info: Pages rebuilt
2022-08-10T12:04:15.690Z - info: Website regeneration complete! Total build time: 0.333s
2022-08-10T12:04:36.786Z - info: [8:04:36 pm] Reload for file change: C:\repos\nus-cs2103\cs2103-website-base\_module-CS2103\timetables-fragment.md
2022-08-10T12:04:36.787Z - info: Synchronizing opened pages list before reload
2022-08-10T12:04:36.787Z - info: Current opened pages, from most-to-least recent:
2022-08-10T12:04:36.787Z - info: 1. admin/tutorials
2022-08-10T12:04:37.797Z - info: Rebuilding 1 pages
2022-08-10T12:04:38.243Z - info: Site data built
2022-08-10T12:04:38.244Z - info: Pages rebuilt
2022-08-10T12:04:38.244Z - info: Website regeneration complete! Total build time: 0.447s
2022-08-10T12:05:18.423Z - info: [8:05:18 pm] Reload for file change: C:\repos\nus-cs2103\cs2103-website-base\_module-CS2103\timetables-fragment.md
2022-08-10T12:05:18.423Z - info: Synchronizing opened pages list before reload
2022-08-10T12:05:18.423Z - info: Current opened pages, from most-to-least recent:
2022-08-10T12:05:18.423Z - info: 1. admin/tutorials
2022-08-10T12:05:19.438Z - info: Rebuilding 1 pages
2022-08-10T12:05:19.690Z - info: Site data built
2022-08-10T12:05:19.690Z - info: Pages rebuilt
2022-08-10T12:05:19.690Z - info: Website regeneration complete! Total build time: 0.253s
2022-08-10T12:05:48.358Z - info: [8:05:48 pm] Reload for file change: C:\repos\nus-cs2103\cs2103-website-base\_module-CS2103\timetables-fragment.md
2022-08-10T12:05:48.359Z - info: Synchronizing opened pages list before reload
2022-08-10T12:05:48.360Z - info: Current opened pages, from most-to-least recent:
2022-08-10T12:05:48.360Z - info: 1. admin/tutorials
2022-08-10T12:05:49.368Z - info: Rebuilding 1 pages
2022-08-10T12:05:49.695Z - info: Site data built
2022-08-10T12:05:49.695Z - info: Pages rebuilt
2022-08-10T12:05:49.695Z - info: Website regeneration complete! Total build time: 0.328s
2022-08-10T12:06:36.721Z - info: [8:06:36 pm] Reload for file change: C:\repos\nus-cs2103\cs2103-website-base\_module-CS2103\timetables-fragment.md
2022-08-10T12:06:36.721Z - info: Synchronizing opened pages list before reload
2022-08-10T12:06:36.721Z - info: Current opened pages, from most-to-least recent:
2022-08-10T12:06:36.721Z - info: 1. admin/tutorials
2022-08-10T12:06:37.738Z - info: Rebuilding 1 pages
2022-08-10T12:06:38.169Z - info: Site data built
2022-08-10T12:06:38.169Z - info: Pages rebuilt
2022-08-10T12:06:38.169Z - info: Website regeneration complete! Total build time: 0.432s
2022-08-10T12:07:08.947Z - info: [8:07:08 pm] Reload for file change: C:\repos\nus-cs2103\cs2103-website-base\_module-CS2103\timetables-fragment.md
2022-08-10T12:07:08.947Z - info: Synchronizing opened pages list before reload
2022-08-10T12:07:08.948Z - info: Current opened pages, from most-to-least recent:
2022-08-10T12:07:08.948Z - info: 1. admin/tutorials
2022-08-10T12:07:09.961Z - info: Rebuilding 1 pages
2022-08-10T12:07:10.318Z - info: Site data built
2022-08-10T12:07:10.318Z - info: Pages rebuilt
2022-08-10T12:07:10.318Z - info: Website regeneration complete! Total build time: 0.357s
2022-08-10T12:07:42.665Z - info: [8:07:42 pm] Reload for file change: C:\repos\nus-cs2103\cs2103-website-base\_module-CS2103\timetables-fragment.md
2022-08-10T12:07:42.665Z - info: Synchronizing opened pages list before reload
2022-08-10T12:07:42.665Z - info: Current opened pages, from most-to-least recent:
2022-08-10T12:07:42.665Z - info: 1. admin/tutorials
2022-08-10T12:07:43.666Z - info: Rebuilding 1 pages
2022-08-10T12:07:43.988Z - info: Site data built
2022-08-10T12:07:43.988Z - info: Pages rebuilt
2022-08-10T12:07:43.988Z - info: Website regeneration complete! Total build time: 0.323s
2022-08-10T12:08:05.660Z - info: [8:08:05 pm] Reload for file change: C:\repos\nus-cs2103\cs2103-website-base\_module-CS2103\timetables-fragment.md
2022-08-10T12:08:05.660Z - info: Synchronizing opened pages list before reload
2022-08-10T12:08:05.661Z - info: Current opened pages, from most-to-least recent:
2022-08-10T12:08:05.661Z - info: 1. admin/tutorials
2022-08-10T12:08:06.671Z - info: Rebuilding 1 pages
2022-08-10T12:08:07.174Z - info: Site data built
2022-08-10T12:08:07.175Z - info: Pages rebuilt
2022-08-10T12:08:07.175Z - info: Website regeneration complete! Total build time: 0.505s
2022-08-10T12:35:42.367Z - info: Building C:\repos\nus-cs2103\cs2103-website-base\schedule\week2\index as some of its dependencies were changed since the last visit
2022-08-10T12:35:43.785Z - info: Site data built
2022-08-10T12:35:43.785Z - info: Lazy website regeneration complete! Total build time: 1.419s
2022-08-10T12:36:02.799Z - info: Building C:\repos\nus-cs2103\cs2103-website-base\schedule\week2\admin as some of its dependencies were changed since the last visit
2022-08-10T12:36:03.983Z - info: Site data built
2022-08-10T12:36:03.984Z - info: Lazy website regeneration complete! Total build time: 1.185s
2022-08-10T12:36:13.267Z - info: Building C:\repos\nus-cs2103\cs2103-website-base\schedule\week2\topics as some of its dependencies were changed since the last visit
2022-08-10T12:36:16.314Z - info: Site data built
2022-08-10T12:36:16.314Z - info: Lazy website regeneration complete! Total build time: 3.047s
2022-08-10T12:38:03.243Z - info: Building C:\repos\nus-cs2103\cs2103-website-base\schedule\week2\project as some of its dependencies were changed since the last visit
2022-08-10T12:38:05.597Z - info: Site data built
2022-08-10T12:38:05.598Z - info: Lazy website regeneration complete! Total build time: 2.355s
2022-08-10T12:42:52.404Z - info: [8:42:52 pm] Reload for file change: C:\repos\nus-cs2103\cs2103-website-base\admin\ip-tasks-fragment.md
2022-08-10T12:42:52.405Z - info: Synchronizing opened pages list before reload
2022-08-10T12:42:52.405Z - info: Current opened pages, from most-to-least recent:
2022-08-10T12:42:52.405Z - info: 1. schedule/week2/project
2022-08-10T12:42:53.411Z - info: Rebuilding 1 pages
2022-08-10T12:42:55.491Z - info: Site data built
2022-08-10T12:42:55.491Z - info: Pages rebuilt
2022-08-10T12:42:55.492Z - info: Website regeneration complete! Total build time: 2.081s
2022-08-10T12:45:43.355Z - info: [8:45:43 pm] Reload for file change: C:\repos\nus-cs2103\cs2103-website-base\admin\ip-w2.md
2022-08-10T12:45:43.355Z - info: Synchronizing opened pages list before reload
2022-08-10T12:45:43.355Z - info: Current opened pages, from most-to-least recent:
2022-08-10T12:45:43.355Z - info: 1. schedule/week2/project
2022-08-10T12:45:44.365Z - info: Rebuilding 1 pages
2022-08-10T12:45:45.883Z - info: Site data built
2022-08-10T12:45:45.883Z - info: Pages rebuilt
2022-08-10T12:45:45.883Z - info: Website regeneration complete! Total build time: 1.518s
2022-08-10T12:45:53.737Z - info: [8:45:53 pm] Reload for file change: C:\repos\nus-cs2103\cs2103-website-base\admin\ip-w2.md
2022-08-10T12:45:53.737Z - info: Synchronizing opened pages list before reload
2022-08-10T12:45:53.737Z - info: Current opened pages, from most-to-least recent:
2022-08-10T12:45:53.737Z - info: 1. schedule/week2/project
2022-08-10T12:45:54.750Z - info: Rebuilding 1 pages
2022-08-10T12:45:55.813Z - info: Site data built
2022-08-10T12:45:55.813Z - info: Pages rebuilt
2022-08-10T12:45:55.813Z - info: Website regeneration complete! Total build time: 1.063s
2022-08-10T12:48:26.708Z - info: [8:48:26 pm] Reload for file change: C:\repos\nus-cs2103\cs2103-website-base\admin\ip-w2.md
2022-08-10T12:48:26.708Z - info: Synchronizing opened pages list before reload
2022-08-10T12:48:26.709Z - info: Current opened pages, from most-to-least recent:
2022-08-10T12:48:26.709Z - info: 1. schedule/week2/project
2022-08-10T12:48:26.729Z - info: [8:48:26 pm] Reload for file change: C:\repos\nus-cs2103\cs2103-website-base\admin\ip-tasks-fragment.md
2022-08-10T12:48:26.729Z - info: Synchronizing opened pages list before reload
2022-08-10T12:48:26.729Z - info: Current opened pages, from most-to-least recent:
2022-08-10T12:48:26.729Z - info: 1. schedule/week2/project
2022-08-10T12:48:27.725Z - info: Rebuilding 1 pages
2022-08-10T12:48:28.520Z - error:  Error: No such file: C:\repos\nus-cs2103\cs2103-website-base\admin\ip-tasks-fragments.md
Missing reference in C:\repos\nus-cs2103\cs2103-website-base\admin\ip-tasks-fragment.md
    at _getFileExistsNode (C:\Users\dcsdcr\AppData\Roaming\npm\node_modules\markbind-cli\node_modules\@markbind\core\src\html\includePanelProcessor.js:34:19)
    at processInclude (C:\Users\dcsdcr\AppData\Roaming\npm\node_modules\markbind-cli\node_modules\@markbind\core\src\html\includePanelProcessor.js:188:26)
    at NodeProcessor.processNode (C:\Users\dcsdcr\AppData\Roaming\npm\node_modules\markbind-cli\node_modules\@markbind\core\src\html\NodeProcessor.js:144:16)
    at NodeProcessor._process (C:\Users\dcsdcr\AppData\Roaming\npm\node_modules\markbind-cli\node_modules\@markbind\core\src\html\NodeProcessor.js:290:20)
    at C:\Users\dcsdcr\AppData\Roaming\npm\node_modules\markbind-cli\node_modules\@markbind\core\src\html\NodeProcessor.js:295:14
    at Array.forEach (<anonymous>)
    at NodeProcessor._process (C:\Users\dcsdcr\AppData\Roaming\npm\node_modules\markbind-cli\node_modules\@markbind\core\src\html\NodeProcessor.js:294:21)
    at C:\Users\dcsdcr\AppData\Roaming\npm\node_modules\markbind-cli\node_modules\@markbind\core\src\html\NodeProcessor.js:295:14
    at Array.forEach (<anonymous>)
    at NodeProcessor._process (C:\Users\dcsdcr\AppData\Roaming\npm\node_modules\markbind-cli\node_modules\@markbind\core\src\html\NodeProcessor.js:294:21)
    at C:\Users\dcsdcr\AppData\Roaming\npm\node_modules\markbind-cli\node_modules\@markbind\core\src\html\NodeProcessor.js:295:14
    at Array.forEach (<anonymous>)
    at NodeProcessor._process (C:\Users\dcsdcr\AppData\Roaming\npm\node_modules\markbind-cli\node_modules\@markbind\core\src\html\NodeProcessor.js:294:21)
    at C:\Users\dcsdcr\AppData\Roaming\npm\node_modules\markbind-cli\node_modules\@markbind\core\src\html\NodeProcessor.js:295:14
    at Array.forEach (<anonymous>)
    at NodeProcessor._process (C:\Users\dcsdcr\AppData\Roaming\npm\node_modules\markbind-cli\node_modules\@markbind\core\src\html\NodeProcessor.js:294:21)
2022-08-10T12:48:29.250Z - info: Site data built
2022-08-10T12:48:29.250Z - info: Pages rebuilt
2022-08-10T12:48:29.250Z - info: Website regeneration complete! Total build time: 1.526s
2022-08-10T12:48:40.087Z - info: [8:48:40 pm] Reload for file change: C:\repos\nus-cs2103\cs2103-website-base\admin\ip-tasks-fragment.md
2022-08-10T12:48:40.087Z - info: Synchronizing opened pages list before reload
2022-08-10T12:48:40.087Z - info: Current opened pages, from most-to-least recent:
2022-08-10T12:48:40.087Z - info: 1. schedule/week2/project
2022-08-10T12:48:41.093Z - info: Rebuilding 1 pages
2022-08-10T12:48:42.342Z - info: Site data built
2022-08-10T12:48:42.342Z - info: Pages rebuilt
2022-08-10T12:48:42.342Z - info: Website regeneration complete! Total build time: 1.249s
2022-08-10T12:53:02.135Z - info: Building C:\repos\nus-cs2103\cs2103-website-base\schedule\week2\tutorial as some of its dependencies were changed since the last visit
2022-08-10T12:53:02.567Z - info: Site data built
2022-08-10T12:53:02.568Z - info: Lazy website regeneration complete! Total build time: 0.433s
2022-08-10T12:53:32.527Z - info: [8:53:32 pm] Reload for file deletion: C:\repos\nus-cs2103\cs2103-website-base\admin\ip-w2.md
2022-08-10T12:53:32.527Z - info: Synchronizing opened pages list before reload
2022-08-10T12:53:32.527Z - info: Current opened pages, from most-to-least recent:
2022-08-10T12:53:32.527Z - info: 1. schedule/week2/tutorial
2022-08-10T12:53:39.080Z - info: [8:53:39 pm] Reload for file add: C:\repos\nus-cs2103\cs2103-website-base\admin\ip-w2.md
2022-08-10T12:53:39.081Z - info: Synchronizing opened pages list before reload
2022-08-10T12:53:39.081Z - info: Current opened pages, from most-to-least recent:
2022-08-10T12:53:39.081Z - info: 1. schedule/week2/tutorial
2022-08-10T12:53:43.776Z - info: Pages or site config modified, updating pages...
2022-08-10T12:53:51.933Z - info: Building C:\repos\nus-cs2103\cs2103-website-base\schedule\week2\tutorial as some of its dependencies were changed since the last visit
2022-08-10T12:53:52.204Z - info: Site data built
2022-08-10T12:53:52.204Z - info: Lazy website regeneration complete! Total build time: 0.271s
2022-08-10T13:11:19.214Z - info: Website generation started at 9:11:16 pm
2022-08-10T13:11:33.403Z - info: Building assets...
2022-08-10T13:11:42.588Z - info: Assets built
2022-08-10T13:11:42.589Z - info: Generating pages...
2022-08-10T13:12:03.903Z - debug:  
2022-08-10T13:12:03.904Z - debug:  
2022-08-10T13:12:03.905Z - debug:  
2022-08-10T13:12:03.923Z - debug:  
2022-08-10T13:12:03.923Z - debug:  
2022-08-10T13:12:03.924Z - debug:  
2022-08-10T13:12:03.924Z - debug:  
2022-08-10T13:12:03.924Z - debug:  
2022-08-10T13:12:03.925Z - debug:  
2022-08-10T13:12:03.925Z - debug:  
2022-08-10T13:12:03.925Z - debug:  
2022-08-10T13:12:03.925Z - debug:  
2022-08-10T13:14:15.104Z - debug:  
2022-08-10T13:14:28.934Z - debug:  
2022-08-10T13:14:28.934Z - debug:  
2022-08-10T13:14:34.009Z - info: Pages built
2022-08-10T13:14:35.207Z - info: Site data built
2022-08-10T13:14:35.207Z - info: Website generation complete! Total build time: 198.356s
2022-08-10T13:14:35.207Z - info: Build success!
2022-08-10T13:16:59.998Z - info: The website has been deployed at: https://nus-cs2103-ay2223s1.github.io/website
