2022-08-15T04:16:03.047Z - info: Website generation started at 12:15:57 pm
2022-08-15T04:16:14.326Z - info: Building assets...
2022-08-15T04:16:21.889Z - info: Assets built
2022-08-15T04:16:21.890Z - info: Generating pages...
2022-08-15T04:16:33.043Z - debug:  
2022-08-15T04:16:35.606Z - debug:  
2022-08-15T04:16:35.636Z - debug:  
2022-08-15T04:16:35.636Z - debug:  
2022-08-15T04:16:35.637Z - debug:  
2022-08-15T04:16:35.637Z - debug:  
2022-08-15T04:16:35.638Z - debug:  
2022-08-15T04:16:35.638Z - debug:  
2022-08-15T04:16:35.638Z - debug:  
2022-08-15T04:16:35.638Z - debug:  
2022-08-15T04:16:35.639Z - debug:  
2022-08-15T04:16:35.639Z - debug:  
2022-08-15T04:18:33.317Z - debug:  
2022-08-15T04:18:46.029Z - debug:  
2022-08-15T04:18:46.030Z - debug:  
2022-08-15T04:18:51.015Z - info: Pages built
2022-08-15T04:18:52.068Z - info: Site data built
2022-08-15T04:18:52.068Z - info: Website generation complete! Total build time: 174.094s
2022-08-15T04:18:52.068Z - info: Build success!
2022-08-15T04:24:15.354Z - info: The website has been deployed at: https://nus-cs2103-ay2223s1.github.io/website
2022-08-15T04:33:36.008Z - info: Website generation started at 12:33:31 pm
2022-08-15T04:33:47.869Z - info: Building assets...
