2022-09-05T08:51:22.548Z - info: Website generation started at 4:51:12 pm
2022-09-05T08:51:39.635Z - info: Building assets...
2022-09-05T08:51:50.577Z - info: Assets built
2022-09-05T08:51:50.578Z - info: Generating pages...
2022-09-05T08:52:14.650Z - debug:  
2022-09-05T08:52:14.652Z - debug:  
2022-09-05T08:52:14.653Z - debug:  
2022-09-05T08:52:14.653Z - debug:  
2022-09-05T08:52:14.654Z - debug:  
2022-09-05T08:52:14.655Z - debug:  
2022-09-05T08:52:14.655Z - debug:  
2022-09-05T08:52:16.208Z - debug:  
2022-09-05T08:52:16.209Z - debug:  
2022-09-05T08:52:16.209Z - debug:  
2022-09-05T08:52:16.210Z - debug:  
2022-09-05T08:53:05.867Z - debug:  
2022-09-05T08:54:21.724Z - info: Pages built
2022-09-05T08:54:23.197Z - info: Site data built
2022-09-05T08:54:23.197Z - info: Website generation complete! Total build time: 190.956s
2022-09-05T08:54:23.198Z - info: Build success!
2022-09-05T08:56:54.739Z - info: The website has been deployed at: https://nus-tic2002-ay2223s1.github.io/website
