2022-09-12T15:44:33.300Z - info: Website generation (lazy) started at 11:44:28 pm
2022-09-12T15:44:44.705Z - info: Building assets...
2022-09-12T15:44:52.235Z - info: Assets built
2022-09-12T15:44:52.235Z - info: Generating landing page...
2022-09-12T15:44:53.173Z - info: Landing page built, other pages will be built as you navigate to them!
2022-09-12T15:44:54.370Z - info: Site data built
2022-09-12T15:44:54.370Z - info: Website generation (lazy) complete! Total build time: 25.852s
2022-09-12T15:44:55.458Z - info: Serving "C:\repos\nus-cs2103\cs2103-website-base\_site" at http://127.0.0.1:8080
2022-09-12T15:44:55.459Z - info: Press CTRL+C to stop ...
2022-09-12T15:46:08.322Z - info: Building C:\repos\nus-cs2103\cs2103-website-base\schedule\week6\index as some of its dependencies were changed since the last visit
2022-09-12T15:46:09.206Z - info: Site data built
2022-09-12T15:46:09.206Z - info: Lazy website regeneration complete! Total build time: 0.886s
2022-09-12T15:46:20.660Z - info: Building C:\repos\nus-cs2103\cs2103-website-base\schedule\week6\topics as some of its dependencies were changed since the last visit
2022-09-12T15:46:26.133Z - info: Site data built
2022-09-12T15:46:26.134Z - info: Lazy website regeneration complete! Total build time: 5.474s
2022-09-12T15:46:31.404Z - debug:  
2022-09-12T15:46:31.452Z - debug:  
2022-09-12T15:46:31.482Z - debug:  
2022-09-12T15:46:31.558Z - debug:  
2022-09-12T15:46:31.966Z - debug:  
2022-09-12T15:46:32.055Z - debug:  
2022-09-12T15:46:32.161Z - debug:  
2022-09-12T15:46:32.236Z - debug:  
2022-09-12T15:46:46.573Z - info: Building C:\repos\nus-cs2103\cs2103-website-base\schedule\week6\admin as some of its dependencies were changed since the last visit
2022-09-12T15:46:47.018Z - info: Site data built
2022-09-12T15:46:47.018Z - info: Lazy website regeneration complete! Total build time: 0.446s
