2022-11-03T06:26:11.665Z - info: Website generation (lazy) started at 2:26:04 pm
2022-11-03T06:26:25.123Z - info: Building assets...
2022-11-03T06:26:34.706Z - info: Assets built
2022-11-03T06:26:34.706Z - info: Generating landing page...
2022-11-03T06:26:36.291Z - info: Landing page built, other pages will be built as you navigate to them!
2022-11-03T06:26:37.520Z - info: Site data built
2022-11-03T06:26:37.520Z - info: Website generation (lazy) complete! Total build time: 32.525s
2022-11-03T06:26:38.534Z - info: Serving "C:\repos\nus-cs2103\cs2103-website-base\_site" at http://127.0.0.1:8080
2022-11-03T06:26:38.535Z - info: Press CTRL+C to stop ...
2022-11-03T06:28:59.732Z - info: Building C:\repos\nus-cs2103\cs2103-website-base\schedule\week13\index as some of its dependencies were changed since the last visit
2022-11-03T06:29:00.952Z - info: Site data built
2022-11-03T06:29:00.952Z - info: Lazy website regeneration complete! Total build time: 1.222s
2022-11-03T06:33:21.338Z - info: Building C:\repos\nus-cs2103\cs2103-website-base\schedule\week13\admin as some of its dependencies were changed since the last visit
2022-11-03T06:33:22.133Z - info: Site data built
2022-11-03T06:33:22.133Z - info: Lazy website regeneration complete! Total build time: 0.795s
2022-11-03T07:37:07.779Z - info: Building C:\repos\nus-cs2103\cs2103-website-base\schedule\week13\topics as some of its dependencies were changed since the last visit
2022-11-03T07:37:08.402Z - info: Site data built
2022-11-03T07:37:08.403Z - info: Lazy website regeneration complete! Total build time: 0.626s
2022-11-03T07:37:11.453Z - info: Building C:\repos\nus-cs2103\cs2103-website-base\schedule\week13\project as some of its dependencies were changed since the last visit
2022-11-03T07:37:14.978Z - info: Site data built
2022-11-03T07:37:14.979Z - info: Lazy website regeneration complete! Total build time: 3.526s
2022-11-03T07:59:38.901Z - info: [3:59:38 pm] Reload for file change: C:\repos\nus-cs2103\cs2103-website-base\admin\tp-pe-fragment.md
2022-11-03T07:59:38.902Z - info: Synchronizing opened pages list before reload
2022-11-03T07:59:38.903Z - info: Current opened pages, from most-to-least recent:
2022-11-03T07:59:38.903Z - info: 1. schedule/week13/project
2022-11-03T07:59:39.921Z - info: Rebuilding 1 pages
2022-11-03T07:59:41.656Z - info: Site data built
2022-11-03T07:59:41.657Z - info: Pages rebuilt
2022-11-03T07:59:41.657Z - info: Website regeneration complete! Total build time: 1.737s
2022-11-03T08:04:30.815Z - info: [4:04:30 pm] Reload for file change: C:\repos\nus-cs2103\cs2103-website-base\admin\tp-pe-fragment.md
2022-11-03T08:04:30.815Z - info: Synchronizing opened pages list before reload
2022-11-03T08:04:30.816Z - info: Current opened pages, from most-to-least recent:
2022-11-03T08:04:30.816Z - info: 1. schedule/week13/project
2022-11-03T08:04:31.837Z - info: Rebuilding 1 pages
2022-11-03T08:04:34.325Z - info: Site data built
2022-11-03T08:04:34.325Z - info: Pages rebuilt
2022-11-03T08:04:34.326Z - info: Website regeneration complete! Total build time: 2.49s
2022-11-03T08:04:51.189Z - info: [4:04:51 pm] Reload for file change: C:\repos\nus-cs2103\cs2103-website-base\admin\tp-pe-fragment.md
2022-11-03T08:04:51.190Z - info: Synchronizing opened pages list before reload
2022-11-03T08:04:51.190Z - info: Current opened pages, from most-to-least recent:
2022-11-03T08:04:51.190Z - info: 1. schedule/week13/project
2022-11-03T08:04:52.209Z - info: Rebuilding 1 pages
2022-11-03T08:04:54.840Z - info: Site data built
2022-11-03T08:04:54.841Z - info: Pages rebuilt
2022-11-03T08:04:54.841Z - info: Website regeneration complete! Total build time: 2.633s
2022-11-03T08:08:47.832Z - info: [4:08:47 pm] Reload for file change: C:\repos\nus-cs2103\cs2103-website-base\admin\tp-grading-bugs-fragment.md
2022-11-03T08:08:47.833Z - info: Synchronizing opened pages list before reload
2022-11-03T08:08:47.834Z - info: Current opened pages, from most-to-least recent:
2022-11-03T08:08:47.834Z - info: 1. schedule/week13/project
2022-11-03T08:08:48.838Z - info: Rebuilding 1 pages
2022-11-03T08:08:50.584Z - info: Site data built
2022-11-03T08:08:50.584Z - info: Pages rebuilt
2022-11-03T08:08:50.584Z - info: Website regeneration complete! Total build time: 1.747s
2022-11-03T08:09:14.099Z - info: [4:09:14 pm] Reload for file change: C:\repos\nus-cs2103\cs2103-website-base\admin\tp-grading-bugs-fragment.md
2022-11-03T08:09:14.099Z - info: Synchronizing opened pages list before reload
2022-11-03T08:09:14.100Z - info: Current opened pages, from most-to-least recent:
2022-11-03T08:09:14.100Z - info: 1. schedule/week13/project
2022-11-03T08:09:15.119Z - info: Rebuilding 1 pages
2022-11-03T08:09:16.822Z - info: Site data built
2022-11-03T08:09:16.823Z - info: Pages rebuilt
2022-11-03T08:09:16.823Z - info: Website regeneration complete! Total build time: 1.705s
2022-11-03T08:14:25.289Z - info: [4:14:25 pm] Reload for file change: C:\repos\nus-cs2103\cs2103-website-base\admin\tp-grading-bugs-fragment.md
2022-11-03T08:14:25.289Z - info: Synchronizing opened pages list before reload
2022-11-03T08:14:25.290Z - info: Current opened pages, from most-to-least recent:
2022-11-03T08:14:25.290Z - info: 1. schedule/week13/project
2022-11-03T08:14:26.294Z - info: Rebuilding 1 pages
2022-11-03T08:14:28.336Z - info: Site data built
2022-11-03T08:14:28.337Z - info: Pages rebuilt
2022-11-03T08:14:28.337Z - info: Website regeneration complete! Total build time: 2.044s
2022-11-03T08:18:34.767Z - info: [4:18:34 pm] Reload for file change: C:\repos\nus-cs2103\cs2103-website-base\admin\tp-testing-fragment.md
2022-11-03T08:18:34.767Z - info: Synchronizing opened pages list before reload
2022-11-03T08:18:34.767Z - info: Current opened pages, from most-to-least recent:
2022-11-03T08:18:34.768Z - info: 1. schedule/week13/project
2022-11-03T08:18:35.780Z - info: Rebuilding 1 pages
2022-11-03T08:18:37.487Z - info: Site data built
2022-11-03T08:18:37.488Z - info: Pages rebuilt
2022-11-03T08:18:37.488Z - info: Website regeneration complete! Total build time: 1.709s
2022-11-03T08:22:09.901Z - info: [4:22:09 pm] Reload for file change: C:\repos\nus-cs2103\cs2103-website-base\admin\tp-tasks-fragment.md
2022-11-03T08:22:09.902Z - info: Synchronizing opened pages list before reload
2022-11-03T08:22:09.902Z - info: Current opened pages, from most-to-least recent:
2022-11-03T08:22:09.902Z - info: 1. schedule/week13/project
2022-11-03T08:22:10.924Z - info: Rebuilding 1 pages
2022-11-03T08:22:13.148Z - info: Site data built
2022-11-03T08:22:13.149Z - info: Pages rebuilt
2022-11-03T08:22:13.149Z - info: Website regeneration complete! Total build time: 2.227s
2022-11-03T08:27:29.233Z - info: [4:27:29 pm] Reload for file change: C:\repos\nus-cs2103\cs2103-website-base\admin\tp-tasks-fragment.md
2022-11-03T08:27:29.234Z - info: Synchronizing opened pages list before reload
2022-11-03T08:27:29.234Z - info: Current opened pages, from most-to-least recent:
2022-11-03T08:27:29.234Z - info: 1. schedule/week13/project
2022-11-03T08:27:29.277Z - info: [4:27:29 pm] Reload for file change: C:\repos\nus-cs2103\cs2103-website-base\admin\tp-pe-fragment.md
2022-11-03T08:27:29.278Z - info: Synchronizing opened pages list before reload
2022-11-03T08:27:29.278Z - info: Current opened pages, from most-to-least recent:
2022-11-03T08:27:29.278Z - info: 1. schedule/week13/project
2022-11-03T08:27:30.238Z - info: Rebuilding 1 pages
2022-11-03T08:27:32.744Z - info: Site data built
2022-11-03T08:27:32.744Z - info: Pages rebuilt
2022-11-03T08:27:32.744Z - info: Website regeneration complete! Total build time: 2.507s
2022-11-03T08:28:04.112Z - info: [4:28:04 pm] Reload for file change: C:\repos\nus-cs2103\cs2103-website-base\admin\tp-tasks-fragment.md
2022-11-03T08:28:04.113Z - info: Synchronizing opened pages list before reload
2022-11-03T08:28:04.113Z - info: Current opened pages, from most-to-least recent:
2022-11-03T08:28:04.113Z - info: 1. schedule/week13/project
2022-11-03T08:28:05.133Z - info: Rebuilding 1 pages
2022-11-03T08:28:07.598Z - info: Site data built
2022-11-03T08:28:07.599Z - info: Pages rebuilt
2022-11-03T08:28:07.599Z - info: Website regeneration complete! Total build time: 2.467s
2022-11-03T08:31:09.405Z - info: [4:31:09 pm] Reload for file change: C:\repos\nus-cs2103\cs2103-website-base\admin\tp-tasks-fragment.md
2022-11-03T08:31:09.406Z - info: Synchronizing opened pages list before reload
2022-11-03T08:31:09.406Z - info: Current opened pages, from most-to-least recent:
2022-11-03T08:31:09.406Z - info: 1. schedule/week13/project
2022-11-03T08:31:10.419Z - info: Rebuilding 1 pages
2022-11-03T08:31:12.586Z - info: Site data built
2022-11-03T08:31:12.587Z - info: Pages rebuilt
2022-11-03T08:31:12.587Z - info: Website regeneration complete! Total build time: 2.169s
2022-11-03T08:33:06.057Z - info: [4:33:06 pm] Reload for file change: C:\repos\nus-cs2103\cs2103-website-base\admin\tp-tasks-fragment.md
2022-11-03T08:33:06.057Z - info: Synchronizing opened pages list before reload
2022-11-03T08:33:06.057Z - info: Current opened pages, from most-to-least recent:
2022-11-03T08:33:06.058Z - info: 1. schedule/week13/project
2022-11-03T08:33:06.105Z - info: [4:33:06 pm] Reload for file change: C:\repos\nus-cs2103\cs2103-website-base\admin\tp-pe-fragment.md
2022-11-03T08:33:06.106Z - info: Synchronizing opened pages list before reload
2022-11-03T08:33:06.106Z - info: Current opened pages, from most-to-least recent:
2022-11-03T08:33:06.106Z - info: 1. schedule/week13/project
2022-11-03T08:33:07.089Z - info: Rebuilding 1 pages
2022-11-03T08:33:09.173Z - error:  Error: No such segment '#tp-phases' in file: C:\repos\nus-cs2103\cs2103-website-base\admin\tp-pe-fragment.md
Missing reference in C:\repos\nus-cs2103\cs2103-website-base\admin\tp-tasks-fragment.md
    at processInclude (C:\Users\dcsdcr\AppData\Roaming\npm\node_modules\markbind-cli\node_modules\@markbind\core\src\html\includePanelProcessor.js:226:23)
    at NodeProcessor.processNode (C:\Users\dcsdcr\AppData\Roaming\npm\node_modules\markbind-cli\node_modules\@markbind\core\src\html\NodeProcessor.js:176:28)
    at NodeProcessor.traverse (C:\Users\dcsdcr\AppData\Roaming\npm\node_modules\markbind-cli\node_modules\@markbind\core\src\html\NodeProcessor.js:320:24)
    at C:\Users\dcsdcr\AppData\Roaming\npm\node_modules\markbind-cli\node_modules\@markbind\core\src\html\NodeProcessor.js:324:22
    at Array.forEach (<anonymous>)
    at NodeProcessor.traverse (C:\Users\dcsdcr\AppData\Roaming\npm\node_modules\markbind-cli\node_modules\@markbind\core\src\html\NodeProcessor.js:323:27)
    at C:\Users\dcsdcr\AppData\Roaming\npm\node_modules\markbind-cli\node_modules\@markbind\core\src\html\NodeProcessor.js:324:22
    at Array.forEach (<anonymous>)
    at NodeProcessor.traverse (C:\Users\dcsdcr\AppData\Roaming\npm\node_modules\markbind-cli\node_modules\@markbind\core\src\html\NodeProcessor.js:323:27)
    at C:\Users\dcsdcr\AppData\Roaming\npm\node_modules\markbind-cli\node_modules\@markbind\core\src\html\NodeProcessor.js:324:22
    at Array.forEach (<anonymous>)
    at NodeProcessor.traverse (C:\Users\dcsdcr\AppData\Roaming\npm\node_modules\markbind-cli\node_modules\@markbind\core\src\html\NodeProcessor.js:323:27)
    at C:\Users\dcsdcr\AppData\Roaming\npm\node_modules\markbind-cli\node_modules\@markbind\core\src\html\NodeProcessor.js:324:22
    at Array.forEach (<anonymous>)
    at NodeProcessor.traverse (C:\Users\dcsdcr\AppData\Roaming\npm\node_modules\markbind-cli\node_modules\@markbind\core\src\html\NodeProcessor.js:323:27)
    at C:\Users\dcsdcr\AppData\Roaming\npm\node_modules\markbind-cli\node_modules\@markbind\core\src\html\NodeProcessor.js:324:22
2022-11-03T08:33:09.629Z - info: Site data built
2022-11-03T08:33:09.630Z - info: Pages rebuilt
2022-11-03T08:33:09.630Z - info: Website regeneration complete! Total build time: 2.543s
2022-11-03T08:33:37.512Z - info: [4:33:37 pm] Reload for file change: C:\repos\nus-cs2103\cs2103-website-base\admin\tp-tasks-fragment.md
2022-11-03T08:33:37.513Z - info: Synchronizing opened pages list before reload
2022-11-03T08:33:37.513Z - info: Current opened pages, from most-to-least recent:
2022-11-03T08:33:37.513Z - info: 1. schedule/week13/project
2022-11-03T08:33:38.533Z - info: Rebuilding 1 pages
2022-11-03T08:33:40.032Z - error:  Error: No such segment '#tp-phases' in file: C:\repos\nus-cs2103\cs2103-website-base\admin\tp-pe-fragment.md
Missing reference in C:\repos\nus-cs2103\cs2103-website-base\admin\tp-tasks-fragment.md
    at processInclude (C:\Users\dcsdcr\AppData\Roaming\npm\node_modules\markbind-cli\node_modules\@markbind\core\src\html\includePanelProcessor.js:226:23)
    at NodeProcessor.processNode (C:\Users\dcsdcr\AppData\Roaming\npm\node_modules\markbind-cli\node_modules\@markbind\core\src\html\NodeProcessor.js:176:28)
    at NodeProcessor.traverse (C:\Users\dcsdcr\AppData\Roaming\npm\node_modules\markbind-cli\node_modules\@markbind\core\src\html\NodeProcessor.js:320:24)
    at C:\Users\dcsdcr\AppData\Roaming\npm\node_modules\markbind-cli\node_modules\@markbind\core\src\html\NodeProcessor.js:324:22
    at Array.forEach (<anonymous>)
    at NodeProcessor.traverse (C:\Users\dcsdcr\AppData\Roaming\npm\node_modules\markbind-cli\node_modules\@markbind\core\src\html\NodeProcessor.js:323:27)
    at C:\Users\dcsdcr\AppData\Roaming\npm\node_modules\markbind-cli\node_modules\@markbind\core\src\html\NodeProcessor.js:324:22
    at Array.forEach (<anonymous>)
    at NodeProcessor.traverse (C:\Users\dcsdcr\AppData\Roaming\npm\node_modules\markbind-cli\node_modules\@markbind\core\src\html\NodeProcessor.js:323:27)
    at C:\Users\dcsdcr\AppData\Roaming\npm\node_modules\markbind-cli\node_modules\@markbind\core\src\html\NodeProcessor.js:324:22
    at Array.forEach (<anonymous>)
    at NodeProcessor.traverse (C:\Users\dcsdcr\AppData\Roaming\npm\node_modules\markbind-cli\node_modules\@markbind\core\src\html\NodeProcessor.js:323:27)
    at C:\Users\dcsdcr\AppData\Roaming\npm\node_modules\markbind-cli\node_modules\@markbind\core\src\html\NodeProcessor.js:324:22
    at Array.forEach (<anonymous>)
    at NodeProcessor.traverse (C:\Users\dcsdcr\AppData\Roaming\npm\node_modules\markbind-cli\node_modules\@markbind\core\src\html\NodeProcessor.js:323:27)
    at C:\Users\dcsdcr\AppData\Roaming\npm\node_modules\markbind-cli\node_modules\@markbind\core\src\html\NodeProcessor.js:324:22
2022-11-03T08:33:40.511Z - info: Site data built
2022-11-03T08:33:40.512Z - info: Pages rebuilt
2022-11-03T08:33:40.512Z - info: Website regeneration complete! Total build time: 1.98s
2022-11-03T08:33:51.159Z - info: [4:33:51 pm] Reload for file change: C:\repos\nus-cs2103\cs2103-website-base\admin\tp-tasks-fragment.md
2022-11-03T08:33:51.159Z - info: Synchronizing opened pages list before reload
2022-11-03T08:33:51.160Z - info: Current opened pages, from most-to-least recent:
2022-11-03T08:33:51.160Z - info: 1. schedule/week13/project
2022-11-03T08:33:52.171Z - info: Rebuilding 1 pages
2022-11-03T08:33:53.863Z - error:  Error: No such segment '#tp-phases' in file: C:\repos\nus-cs2103\cs2103-website-base\admin\tp-pe-fragment.md
Missing reference in C:\repos\nus-cs2103\cs2103-website-base\admin\tp-tasks-fragment.md
    at processInclude (C:\Users\dcsdcr\AppData\Roaming\npm\node_modules\markbind-cli\node_modules\@markbind\core\src\html\includePanelProcessor.js:226:23)
    at NodeProcessor.processNode (C:\Users\dcsdcr\AppData\Roaming\npm\node_modules\markbind-cli\node_modules\@markbind\core\src\html\NodeProcessor.js:176:28)
    at NodeProcessor.traverse (C:\Users\dcsdcr\AppData\Roaming\npm\node_modules\markbind-cli\node_modules\@markbind\core\src\html\NodeProcessor.js:320:24)
    at C:\Users\dcsdcr\AppData\Roaming\npm\node_modules\markbind-cli\node_modules\@markbind\core\src\html\NodeProcessor.js:324:22
    at Array.forEach (<anonymous>)
    at NodeProcessor.traverse (C:\Users\dcsdcr\AppData\Roaming\npm\node_modules\markbind-cli\node_modules\@markbind\core\src\html\NodeProcessor.js:323:27)
    at C:\Users\dcsdcr\AppData\Roaming\npm\node_modules\markbind-cli\node_modules\@markbind\core\src\html\NodeProcessor.js:324:22
    at Array.forEach (<anonymous>)
    at NodeProcessor.traverse (C:\Users\dcsdcr\AppData\Roaming\npm\node_modules\markbind-cli\node_modules\@markbind\core\src\html\NodeProcessor.js:323:27)
    at C:\Users\dcsdcr\AppData\Roaming\npm\node_modules\markbind-cli\node_modules\@markbind\core\src\html\NodeProcessor.js:324:22
    at Array.forEach (<anonymous>)
    at NodeProcessor.traverse (C:\Users\dcsdcr\AppData\Roaming\npm\node_modules\markbind-cli\node_modules\@markbind\core\src\html\NodeProcessor.js:323:27)
    at C:\Users\dcsdcr\AppData\Roaming\npm\node_modules\markbind-cli\node_modules\@markbind\core\src\html\NodeProcessor.js:324:22
    at Array.forEach (<anonymous>)
    at NodeProcessor.traverse (C:\Users\dcsdcr\AppData\Roaming\npm\node_modules\markbind-cli\node_modules\@markbind\core\src\html\NodeProcessor.js:323:27)
    at C:\Users\dcsdcr\AppData\Roaming\npm\node_modules\markbind-cli\node_modules\@markbind\core\src\html\NodeProcessor.js:324:22
2022-11-03T08:33:54.284Z - info: Site data built
2022-11-03T08:33:54.285Z - info: Pages rebuilt
2022-11-03T08:33:54.285Z - info: Website regeneration complete! Total build time: 2.114s
2022-11-03T08:34:15.269Z - info: [4:34:15 pm] Reload for file change: C:\repos\nus-cs2103\cs2103-website-base\admin\tp-tasks-fragment.md
2022-11-03T08:34:15.269Z - info: Synchronizing opened pages list before reload
2022-11-03T08:34:15.270Z - info: Current opened pages, from most-to-least recent:
2022-11-03T08:34:15.270Z - info: 1. schedule/week13/project
2022-11-03T08:34:16.276Z - info: Rebuilding 1 pages
2022-11-03T08:34:18.717Z - info: Site data built
2022-11-03T08:34:18.717Z - info: Pages rebuilt
2022-11-03T08:34:18.717Z - info: Website regeneration complete! Total build time: 2.443s
2022-11-03T08:35:48.412Z - info: [4:35:48 pm] Reload for file change: C:\repos\nus-cs2103\cs2103-website-base\admin\tp-tasks-fragment.md
2022-11-03T08:35:48.413Z - info: Synchronizing opened pages list before reload
2022-11-03T08:35:48.413Z - info: Current opened pages, from most-to-least recent:
2022-11-03T08:35:48.414Z - info: 1. schedule/week13/project
2022-11-03T08:35:49.437Z - info: Rebuilding 1 pages
2022-11-03T08:35:51.989Z - info: Site data built
2022-11-03T08:35:51.989Z - info: Pages rebuilt
2022-11-03T08:35:51.990Z - info: Website regeneration complete! Total build time: 2.554s
2022-11-03T08:36:26.484Z - info: [4:36:26 pm] Reload for file change: C:\repos\nus-cs2103\cs2103-website-base\admin\tp-tasks-fragment.md
2022-11-03T08:36:26.484Z - info: Synchronizing opened pages list before reload
2022-11-03T08:36:26.485Z - info: Current opened pages, from most-to-least recent:
2022-11-03T08:36:26.485Z - info: 1. schedule/week13/project
2022-11-03T08:36:27.489Z - info: Rebuilding 1 pages
2022-11-03T08:36:29.831Z - info: Site data built
2022-11-03T08:36:29.832Z - info: Pages rebuilt
2022-11-03T08:36:29.833Z - info: Website regeneration complete! Total build time: 2.343s
2022-11-03T08:37:22.622Z - info: [4:37:22 pm] Reload for file change: C:\repos\nus-cs2103\cs2103-website-base\admin\tp-tasks-fragment.md
2022-11-03T08:37:22.623Z - info: Synchronizing opened pages list before reload
2022-11-03T08:37:22.623Z - info: Current opened pages, from most-to-least recent:
2022-11-03T08:37:22.623Z - info: 1. schedule/week13/project
2022-11-03T08:37:23.635Z - info: Rebuilding 1 pages
2022-11-03T08:37:25.958Z - info: Site data built
2022-11-03T08:37:25.959Z - info: Pages rebuilt
2022-11-03T08:37:25.959Z - info: Website regeneration complete! Total build time: 2.325s
2022-11-03T08:43:49.544Z - info: [4:43:49 pm] Reload for file change: C:\repos\nus-cs2103\cs2103-website-base\admin\tp-pe-fragment.md
2022-11-03T08:43:49.545Z - info: Synchronizing opened pages list before reload
2022-11-03T08:43:49.545Z - info: Current opened pages, from most-to-least recent:
2022-11-03T08:43:49.545Z - info: 1. schedule/week13/project
2022-11-03T08:43:50.554Z - info: Rebuilding 1 pages
2022-11-03T08:43:52.639Z - info: Site data built
2022-11-03T08:43:52.639Z - info: Pages rebuilt
2022-11-03T08:43:52.640Z - info: Website regeneration complete! Total build time: 2.087s
2022-11-03T08:45:25.149Z - info: [4:45:25 pm] Reload for file change: C:\repos\nus-cs2103\cs2103-website-base\admin\tp-pe-fragment.md
2022-11-03T08:45:25.150Z - info: Synchronizing opened pages list before reload
2022-11-03T08:45:25.150Z - info: Current opened pages, from most-to-least recent:
2022-11-03T08:45:25.151Z - info: 1. schedule/week13/project
2022-11-03T08:45:26.164Z - info: Rebuilding 1 pages
2022-11-03T08:45:28.167Z - info: Site data built
2022-11-03T08:45:28.168Z - info: Pages rebuilt
2022-11-03T08:45:28.168Z - info: Website regeneration complete! Total build time: 2.005s
2022-11-03T08:53:28.192Z - info: [4:53:28 pm] Reload for file change: C:\repos\nus-cs2103\cs2103-website-base\admin\tp-ped-fragment.md
2022-11-03T08:53:28.193Z - info: Synchronizing opened pages list before reload
2022-11-03T08:53:28.193Z - info: Current opened pages, from most-to-least recent:
2022-11-03T08:53:28.193Z - info: 1. schedule/week13/project
2022-11-03T08:53:29.206Z - info: Rebuilding 1 pages
2022-11-03T08:53:31.717Z - info: Site data built
2022-11-03T08:53:31.717Z - info: Pages rebuilt
2022-11-03T08:53:31.718Z - info: Website regeneration complete! Total build time: 2.513s
2022-11-03T08:53:49.389Z - info: [4:53:49 pm] Reload for file change: C:\repos\nus-cs2103\cs2103-website-base\admin\tp-ped-fragment.md
2022-11-03T08:53:49.390Z - info: Synchronizing opened pages list before reload
2022-11-03T08:53:49.390Z - info: Current opened pages, from most-to-least recent:
2022-11-03T08:53:49.390Z - info: 1. schedule/week13/project
2022-11-03T08:53:50.410Z - info: Rebuilding 1 pages
2022-11-03T08:53:52.754Z - info: Site data built
2022-11-03T08:53:52.755Z - info: Pages rebuilt
2022-11-03T08:53:52.755Z - info: Website regeneration complete! Total build time: 2.346s
2022-11-03T09:00:06.216Z - info: [5:00:06 pm] Reload for file change: C:\repos\nus-cs2103\cs2103-website-base\admin\tp-tasks-fragment.md
2022-11-03T09:00:06.216Z - info: Synchronizing opened pages list before reload
2022-11-03T09:00:06.216Z - info: Current opened pages, from most-to-least recent:
2022-11-03T09:00:06.217Z - info: 1. schedule/week13/project
2022-11-03T09:00:07.229Z - info: Rebuilding 1 pages
2022-11-03T09:00:09.263Z - info: Site data built
2022-11-03T09:00:09.264Z - info: Pages rebuilt
2022-11-03T09:00:09.264Z - info: Website regeneration complete! Total build time: 2.038s
2022-11-03T09:01:00.959Z - info: [5:01:00 pm] Reload for file change: C:\repos\nus-cs2103\cs2103-website-base\admin\tp-tasks-fragment.md
2022-11-03T09:01:00.959Z - info: Synchronizing opened pages list before reload
2022-11-03T09:01:00.959Z - info: Current opened pages, from most-to-least recent:
2022-11-03T09:01:00.959Z - info: 1. schedule/week13/project
2022-11-03T09:01:01.981Z - info: Rebuilding 1 pages
2022-11-03T09:01:03.953Z - info: Site data built
2022-11-03T09:01:03.954Z - info: Pages rebuilt
2022-11-03T09:01:03.954Z - info: Website regeneration complete! Total build time: 1.974s
2022-11-03T09:01:43.406Z - info: Building C:\repos\nus-cs2103\cs2103-website-base\schedule\week13\tutorial as some of its dependencies were changed since the last visit
2022-11-03T09:01:44.305Z - info: Site data built
2022-11-03T09:01:44.306Z - info: Lazy website regeneration complete! Total build time: 0.901s
2022-11-03T09:01:45.276Z - info: Building C:\repos\nus-cs2103\cs2103-website-base\schedule\week13\tutorial as some of its dependencies were changed since the last visit
2022-11-03T09:01:45.717Z - info: Site data built
2022-11-03T09:01:45.717Z - info: Lazy website regeneration complete! Total build time: 0.441s
2022-11-03T09:15:04.259Z - info: Website generation started at 5:15:01 pm
2022-11-03T09:15:18.655Z - info: Building assets...
2022-11-03T09:15:27.413Z - info: Assets built
2022-11-03T09:15:27.413Z - info: Generating pages...
2022-11-03T09:15:47.737Z - debug:  
2022-11-03T09:15:47.738Z - debug:  
2022-11-03T09:15:47.739Z - debug:  
2022-11-03T09:15:47.739Z - debug:  
2022-11-03T09:15:47.740Z - debug:  
2022-11-03T09:15:47.740Z - debug:  
2022-11-03T09:15:47.741Z - debug:  
2022-11-03T09:15:47.741Z - debug:  
2022-11-03T09:15:47.741Z - debug:  
2022-11-03T09:15:47.741Z - debug:  
2022-11-03T09:15:47.742Z - debug:  
2022-11-03T09:15:47.742Z - debug:  
2022-11-03T09:18:15.133Z - debug:  
2022-11-03T09:18:29.625Z - debug:  
2022-11-03T09:18:29.625Z - debug:  
2022-11-03T09:18:40.481Z - info: Pages built
2022-11-03T09:18:41.601Z - info: Site data built
2022-11-03T09:18:41.602Z - info: Website generation complete! Total build time: 219.841s
2022-11-03T09:18:41.602Z - info: Build success!
2022-11-03T09:21:01.973Z - info: The website has been deployed at: https://nus-cs2103-ay2223s1.github.io/website
2022-11-03T09:33:50.990Z - info: Website generation (lazy) started at 5:33:44 pm
2022-11-03T09:34:06.867Z - info: Building assets...
2022-11-03T09:34:16.256Z - info: Assets built
2022-11-03T09:34:16.257Z - info: Generating landing page...
2022-11-03T09:34:17.551Z - info: Landing page built, other pages will be built as you navigate to them!
2022-11-03T09:34:18.949Z - info: Site data built
2022-11-03T09:34:18.950Z - info: Website generation (lazy) complete! Total build time: 34.61s
2022-11-03T09:34:20.103Z - info: Serving "C:\repos\nus-cs2103\cs2103-website-base\_site" at http://127.0.0.1:8080
2022-11-03T09:34:20.103Z - info: Press CTRL+C to stop ...
2022-11-03T09:45:37.324Z - info: Building C:\repos\nus-cs2103\cs2103-website-base\schedule\week12\project as some of its dependencies were changed since the last visit
2022-11-03T09:45:41.613Z - info: Site data built
2022-11-03T09:45:41.614Z - info: Lazy website regeneration complete! Total build time: 4.291s
2022-11-03T09:47:00.473Z - info: Building C:\repos\nus-cs2103\cs2103-website-base\schedule\week13\index as some of its dependencies were changed since the last visit
2022-11-03T09:47:01.475Z - info: Site data built
2022-11-03T09:47:01.476Z - info: Lazy website regeneration complete! Total build time: 1.003s
2022-11-03T09:47:06.254Z - info: Building C:\repos\nus-cs2103\cs2103-website-base\schedule\week13\project as some of its dependencies were changed since the last visit
2022-11-03T09:47:08.520Z - info: Site data built
2022-11-03T09:47:08.521Z - info: Lazy website regeneration complete! Total build time: 2.266s
