2022-09-09T12:58:53.367Z - info: Website generation started at 8:58:49 pm
2022-09-09T12:59:10.300Z - info: Building assets...
2022-09-09T12:59:23.026Z - info: Assets built
2022-09-09T12:59:23.027Z - info: Generating pages...
2022-09-09T12:59:45.044Z - debug:  
2022-09-09T12:59:45.078Z - debug:  
2022-09-09T12:59:45.220Z - debug:  
2022-09-09T12:59:45.235Z - debug:  
2022-09-09T12:59:49.251Z - debug:  
2022-09-09T12:59:49.252Z - debug:  
2022-09-09T12:59:49.253Z - debug:  
2022-09-09T12:59:49.254Z - debug:  
2022-09-09T12:59:49.254Z - debug:  
2022-09-09T12:59:49.255Z - debug:  
2022-09-09T12:59:49.256Z - debug:  
2022-09-09T12:59:49.256Z - debug:  
2022-09-09T13:03:25.762Z - debug:  
2022-09-09T13:03:50.521Z - debug:  
2022-09-09T13:03:50.537Z - debug:  
2022-09-09T13:04:02.208Z - info: Pages built
2022-09-09T13:04:03.852Z - info: Site data built
2022-09-09T13:04:03.852Z - info: Website generation complete! Total build time: 314.548s
2022-09-09T13:04:03.852Z - info: Build success!
2022-09-09T13:07:35.594Z - info: The website has been deployed at: https://nus-cs2103-ay2223s1.github.io/website
2022-09-09T13:32:05.771Z - info: Website generation started at 9:31:58 pm
2022-09-09T13:32:21.110Z - info: Building assets...
