2022-07-13T18:00:24.095Z - info: Website generation (lazy) started at 2:00:17 am
2022-07-13T18:00:30.334Z - info: Building assets...
2022-07-13T18:00:36.184Z - info: Assets built
2022-07-13T18:00:36.186Z - info: Generating landing page...
2022-07-13T18:00:37.040Z - info: Landing page built, other pages will be built as you navigate to them!
2022-07-13T18:00:38.355Z - info: Site data built
2022-07-13T18:00:38.355Z - info: Website generation (lazy) complete! Total build time: 20.77s
2022-07-13T18:00:39.435Z - info: Serving "C:\repos\nus-cs2103\cs2103-website-base\_site" at http://127.0.0.1:8080
2022-07-13T18:00:39.435Z - info: Press CTRL+C to stop ...
2022-07-13T18:04:36.213Z - info: [2:04:36 am] Reload for file change: C:\repos\nus-cs2103\cs2103-website-base\_markbind\variables.md
2022-07-13T18:04:36.214Z - info: Synchronizing opened pages list before reload
2022-07-13T18:04:36.214Z - info: Current opened pages, from most-to-least recent:
2022-07-13T18:04:36.215Z - info: 1. index
2022-07-13T18:04:37.294Z - warn: Rebuilding all pages as variables file was changed, or the --force-reload flag was set
2022-07-13T18:04:37.297Z - info: Rebuilding 1 pages
2022-07-13T18:04:37.525Z - info: Site data built
2022-07-13T18:04:37.525Z - info: Pages rebuilt
2022-07-13T18:04:37.525Z - info: Website regeneration complete! Total build time: 0.306s
2022-07-13T18:04:47.766Z - info: Building C:\repos\nus-cs2103\cs2103-website-base\admin\instructors as some of its dependencies were changed since the last visit
2022-07-13T18:04:47.951Z - info: Site data built
2022-07-13T18:04:47.951Z - info: Lazy website regeneration complete! Total build time: 0.186s
2022-07-13T18:08:41.777Z - info: Website generation started at 2:08:38 am
2022-07-13T18:08:49.479Z - info: Building assets...
