2022-10-01T14:28:44.438Z - info: Website generation (lazy) started at 10:28:36 pm
2022-10-01T14:28:57.727Z - info: Building assets...
2022-10-01T14:29:07.387Z - info: Assets built
2022-10-01T14:29:07.387Z - info: Generating landing page...
2022-10-01T14:29:09.249Z - info: Landing page built, other pages will be built as you navigate to them!
2022-10-01T14:29:10.687Z - info: Site data built
2022-10-01T14:29:10.687Z - info: Website generation (lazy) complete! Total build time: 34.436s
2022-10-01T14:29:11.952Z - info: Serving "C:\repos\nus-cs2103\cs2103-website-base\_site" at http://127.0.0.1:8080
2022-10-01T14:29:11.953Z - info: Press CTRL+C to stop ...
2022-10-01T14:36:29.559Z - info: Building C:\repos\nus-cs2103\cs2103-website-base\schedule\week7\index as some of its dependencies were changed since the last visit
2022-10-01T14:36:31.209Z - info: Site data built
2022-10-01T14:36:31.210Z - info: Lazy website regeneration complete! Total build time: 1.653s
2022-10-01T14:36:34.086Z - info: Building C:\repos\nus-cs2103\cs2103-website-base\schedule\week7\project as some of its dependencies were changed since the last visit
2022-10-01T14:36:36.128Z - info: Site data built
2022-10-01T14:36:36.129Z - info: Lazy website regeneration complete! Total build time: 2.043s
2022-10-01T14:36:36.975Z - info: Building C:\repos\nus-cs2103\cs2103-website-base\schedule\week7\project as some of its dependencies were changed since the last visit
2022-10-01T14:36:38.063Z - info: Site data built
2022-10-01T14:36:38.063Z - info: Lazy website regeneration complete! Total build time: 1.088s
2022-10-01T14:37:53.474Z - info: Website generation (lazy) started at 10:37:51 pm
2022-10-01T14:38:09.855Z - info: Building assets...
2022-10-01T14:38:20.620Z - info: Assets built
2022-10-01T14:38:20.621Z - info: Generating landing page...
2022-10-01T14:38:22.286Z - info: Landing page built, other pages will be built as you navigate to them!
2022-10-01T14:38:23.666Z - info: Site data built
2022-10-01T14:38:23.666Z - info: Website generation (lazy) complete! Total build time: 32.497s
2022-10-01T14:38:24.685Z - info: Serving "C:\repos\nus-cs2103\cs2103-website-base\_site" at http://127.0.0.1:8080
2022-10-01T14:38:24.685Z - info: Press CTRL+C to stop ...
2022-10-01T14:38:37.918Z - info: Building C:\repos\nus-cs2103\cs2103-website-base\schedule\week7\index as some of its dependencies were changed since the last visit
2022-10-01T14:38:53.125Z - info: Site data built
2022-10-01T14:38:53.125Z - info: Lazy website regeneration complete! Total build time: 15.208s
2022-10-01T14:46:16.613Z - info: Building C:\repos\nus-cs2103\cs2103-website-base\schedule\week7\project as some of its dependencies were changed since the last visit
2022-10-01T14:46:21.360Z - info: Site data built
2022-10-01T14:46:21.361Z - info: Lazy website regeneration complete! Total build time: 4.748s
2022-10-01T14:49:19.197Z - info: [10:49:19 pm] Reload for file change: C:\repos\nus-cs2103\cs2103-website-base\admin\tp-tasks-fragment.md
2022-10-01T14:49:19.198Z - info: Synchronizing opened pages list before reload
2022-10-01T14:49:19.198Z - info: Current opened pages, from most-to-least recent:
2022-10-01T14:49:19.198Z - info: 1. schedule/week7/project
2022-10-01T14:49:20.202Z - info: Rebuilding 1 pages
2022-10-01T14:49:22.558Z - info: Site data built
2022-10-01T14:49:22.559Z - info: Pages rebuilt
2022-10-01T14:49:22.559Z - info: Website regeneration complete! Total build time: 2.358s
2022-10-01T14:50:42.879Z - info: [10:50:42 pm] Reload for file change: C:\repos\nus-cs2103\cs2103-website-base\admin\tp-tasks-fragment.md
2022-10-01T14:50:42.880Z - info: Synchronizing opened pages list before reload
2022-10-01T14:50:42.880Z - info: Current opened pages, from most-to-least recent:
2022-10-01T14:50:42.881Z - info: 1. schedule/week7/project
2022-10-01T14:50:43.898Z - info: Rebuilding 1 pages
2022-10-01T14:50:47.340Z - info: Site data built
2022-10-01T14:50:47.341Z - info: Pages rebuilt
2022-10-01T14:50:47.341Z - info: Website regeneration complete! Total build time: 3.445s
