2022-07-29T17:14:33.015Z - info: Website generation (lazy) started at 1:14:29 am
2022-07-29T17:14:44.448Z - info: Building assets...
2022-07-29T17:14:51.422Z - info: Assets built
2022-07-29T17:14:51.422Z - info: Generating landing page...
2022-07-29T17:14:52.529Z - info: Landing page built, other pages will be built as you navigate to them!
2022-07-29T17:14:53.472Z - info: Site data built
2022-07-29T17:14:53.472Z - info: Website generation (lazy) complete! Total build time: 23.696s
2022-07-29T17:14:54.418Z - info: Serving "C:\repos\nus-cs2103\cs2103-website-base\_site" at http://127.0.0.1:8080
2022-07-29T17:14:54.418Z - info: Press CTRL+C to stop ...
2022-07-29T17:15:59.357Z - info: Building C:\repos\nus-cs2103\cs2103-website-base\admin\tp-expectations as some of its dependencies were changed since the last visit
2022-07-29T17:16:00.393Z - info: Site data built
2022-07-29T17:16:00.394Z - info: Lazy website regeneration complete! Total build time: 1.04s
2022-07-29T17:16:40.849Z - info: Website generation started at 1:16:39 am
2022-07-29T17:16:52.188Z - info: Building assets...
2022-07-29T17:17:00.723Z - info: Assets built
2022-07-29T17:17:00.725Z - info: Generating pages...
2022-07-29T17:17:15.116Z - debug:  
2022-07-29T17:17:15.124Z - debug:  
2022-07-29T17:17:15.125Z - debug:  
2022-07-29T17:17:19.095Z - debug:  
2022-07-29T17:17:19.096Z - debug:  
2022-07-29T17:17:19.096Z - debug:  
2022-07-29T17:17:19.096Z - debug:  
2022-07-29T17:17:19.096Z - debug:  
2022-07-29T17:17:19.097Z - debug:  
2022-07-29T17:17:19.097Z - debug:  
2022-07-29T17:17:19.097Z - debug:  
2022-07-29T17:17:19.155Z - debug:  
2022-07-29T17:19:16.188Z - debug:  
2022-07-29T17:19:28.019Z - debug:  
2022-07-29T17:19:28.019Z - debug:  
2022-07-29T17:19:33.282Z - info: Pages built
2022-07-29T17:19:34.309Z - info: Site data built
2022-07-29T17:19:34.310Z - info: Website generation complete! Total build time: 174.918s
2022-07-29T17:19:34.310Z - info: Build success!
2022-07-29T17:21:58.322Z - info: The website has been deployed at: https://nus-cs2103-ay2223s1.github.io/website
2022-07-29T17:22:49.131Z - info: Website generation (lazy) started at 1:22:45 am
2022-07-29T17:22:59.390Z - info: Building assets...
2022-07-29T17:23:07.597Z - info: Assets built
2022-07-29T17:23:07.598Z - info: Generating landing page...
2022-07-29T17:23:10.164Z - info: Landing page built, other pages will be built as you navigate to them!
2022-07-29T17:23:11.408Z - info: Site data built
2022-07-29T17:23:11.409Z - info: Website generation (lazy) complete! Total build time: 25.449s
2022-07-29T17:23:12.792Z - info: Serving "C:\repos\nus-cs2103\cs2103-website-base\_site" at http://127.0.0.1:8080
2022-07-29T17:23:12.792Z - info: Press CTRL+C to stop ...
2022-07-29T17:59:34.939Z - info: Website generation (lazy) started at 1:59:30 am
2022-07-29T17:59:50.215Z - info: Building assets...
2022-07-29T17:59:57.279Z - info: Assets built
2022-07-29T17:59:57.281Z - info: Generating landing page...
2022-07-29T17:59:58.109Z - info: Landing page built, other pages will be built as you navigate to them!
2022-07-29T17:59:59.084Z - info: Site data built
2022-07-29T17:59:59.084Z - info: Website generation (lazy) complete! Total build time: 28.844s
2022-07-29T18:00:00.247Z - info: Serving "C:\repos\nus-cs2103\cs2103-website-base\_site" at http://127.0.0.1:8080
2022-07-29T18:00:00.248Z - info: Press CTRL+C to stop ...
2022-07-29T18:01:41.186Z - info: Website generation started at 2:01:40 am
2022-07-29T18:01:50.027Z - info: Building assets...
2022-07-29T18:01:56.996Z - info: Assets built
2022-07-29T18:01:56.997Z - info: Generating pages...
2022-07-29T18:02:08.931Z - debug:  
2022-07-29T18:02:08.973Z - debug:  
2022-07-29T18:02:09.130Z - debug:  
2022-07-29T18:02:13.422Z - debug:  
2022-07-29T18:02:13.423Z - debug:  
2022-07-29T18:02:13.423Z - debug:  
2022-07-29T18:02:13.423Z - debug:  
2022-07-29T18:02:13.424Z - debug:  
2022-07-29T18:02:13.424Z - debug:  
2022-07-29T18:02:13.425Z - debug:  
2022-07-29T18:02:13.431Z - debug:  
2022-07-29T18:02:13.511Z - debug:  
2022-07-29T18:04:07.351Z - debug:  
2022-07-29T18:04:18.319Z - debug:  
2022-07-29T18:04:18.403Z - debug:  
2022-07-29T18:04:22.497Z - info: Pages built
2022-07-29T18:04:23.422Z - info: Site data built
2022-07-29T18:04:23.422Z - info: Website generation complete! Total build time: 163.358s
2022-07-29T18:04:23.423Z - info: Build success!
2022-07-29T18:07:00.576Z - info: The website has been deployed at: https://nus-cs2103-ay2223s1.github.io/website
2022-07-29T18:10:23.090Z - info: Website generation started at 2:10:20 am
2022-07-29T18:10:31.939Z - info: Building assets...
2022-07-29T18:10:39.149Z - info: Assets built
2022-07-29T18:10:39.150Z - info: Generating pages...
2022-07-29T18:10:50.332Z - debug:  
2022-07-29T18:10:50.332Z - debug:  
2022-07-29T18:10:50.378Z - debug:  
2022-07-29T18:10:55.661Z - debug:  
2022-07-29T18:10:55.662Z - debug:  
2022-07-29T18:10:55.662Z - debug:  
2022-07-29T18:10:55.663Z - debug:  
2022-07-29T18:10:55.663Z - debug:  
2022-07-29T18:10:56.118Z - debug:  
2022-07-29T18:10:56.119Z - debug:  
2022-07-29T18:10:56.119Z - debug:  
2022-07-29T18:10:56.119Z - debug:  
2022-07-29T18:12:59.422Z - debug:  
2022-07-29T18:13:13.117Z - debug:  
2022-07-29T18:13:13.182Z - debug:  
2022-07-29T18:13:18.107Z - info: Pages built
2022-07-29T18:13:19.100Z - info: Site data built
2022-07-29T18:13:19.100Z - info: Website generation complete! Total build time: 179.018s
2022-07-29T18:13:19.101Z - info: Build success!
2022-07-29T18:15:52.711Z - info: The website has been deployed at: https://nus-cs2113-ay2223s1.github.io/website
2022-07-29T18:16:30.914Z - info: Website generation started at 2:16:27 am
2022-07-29T18:16:40.082Z - info: Building assets...
2022-07-29T18:16:46.922Z - info: Assets built
2022-07-29T18:16:46.923Z - info: Generating pages...
2022-07-29T18:16:58.381Z - debug:  
2022-07-29T18:16:58.468Z - debug:  
2022-07-29T18:16:58.470Z - debug:  
2022-07-29T18:17:03.166Z - debug:  
2022-07-29T18:17:03.167Z - debug:  
2022-07-29T18:17:03.167Z - debug:  
2022-07-29T18:17:03.167Z - debug:  
2022-07-29T18:17:03.168Z - debug:  
2022-07-29T18:17:03.168Z - debug:  
2022-07-29T18:17:03.168Z - debug:  
2022-07-29T18:17:03.168Z - debug:  
2022-07-29T18:17:03.168Z - debug:  
2022-07-29T18:19:06.423Z - debug:  
2022-07-29T18:19:22.082Z - debug:  
2022-07-29T18:19:22.198Z - debug:  
2022-07-29T18:19:28.758Z - info: Pages built
2022-07-29T18:19:29.842Z - info: Site data built
2022-07-29T18:19:29.842Z - info: Website generation complete! Total build time: 182.112s
2022-07-29T18:19:29.843Z - info: Build success!
2022-07-29T18:21:49.364Z - info: The website has been deployed at: https://nus-cs2103-ay2223s1.github.io/website
2022-07-29T18:28:53.793Z - info: Website generation started at 2:28:50 am
2022-07-29T18:29:04.890Z - info: Building assets...
