2022-10-25T13:57:10.309Z - info: Website generation started at 9:57:05 pm
2022-10-25T13:57:22.289Z - info: Building assets...
2022-10-25T13:57:30.348Z - info: Assets built
2022-10-25T13:57:30.349Z - info: Generating pages...
2022-10-25T13:57:46.807Z - debug:  
2022-10-25T13:57:46.849Z - debug:  
2022-10-25T13:57:46.850Z - debug:  
2022-10-25T13:57:46.850Z - debug:  
2022-10-25T13:57:46.850Z - debug:  
2022-10-25T13:57:46.850Z - debug:  
2022-10-25T13:57:46.851Z - debug:  
2022-10-25T13:57:46.851Z - debug:  
2022-10-25T13:57:46.851Z - debug:  
2022-10-25T13:57:46.851Z - debug:  
2022-10-25T13:57:46.908Z - debug:  
2022-10-25T13:58:22.630Z - debug:  
2022-10-25T13:59:20.212Z - info: Pages built
2022-10-25T13:59:21.283Z - info: Site data built
2022-10-25T13:59:21.284Z - info: Website generation complete! Total build time: 135.518s
2022-10-25T13:59:21.284Z - info: Build success!
2022-10-25T14:05:24.467Z - info: The website has been deployed at: https://nus-tic2002-ay2223s1.github.io/website
