2022-10-20T08:34:53.082Z - info: Website generation (lazy) started at 4:34:46 pm
2022-10-20T08:35:10.365Z - info: Building assets...
2022-10-20T08:35:21.121Z - info: Assets built
2022-10-20T08:35:21.122Z - info: Generating landing page...
2022-10-20T08:35:22.969Z - info: Landing page built, other pages will be built as you navigate to them!
2022-10-20T08:35:24.312Z - info: Site data built
2022-10-20T08:35:24.313Z - info: Website generation (lazy) complete! Total build time: 37.874s
2022-10-20T08:35:25.391Z - info: Serving "C:\repos\nus-cs2103\cs2103-website-base\_site" at http://127.0.0.1:8080
2022-10-20T08:35:25.392Z - info: Press CTRL+C to stop ...
2022-10-20T08:35:57.944Z - info: Building C:\repos\nus-cs2103\cs2103-website-base\schedule\week11\index as some of its dependencies were changed since the last visit
2022-10-20T08:35:59.700Z - info: Site data built
2022-10-20T08:35:59.701Z - info: Lazy website regeneration complete! Total build time: 1.757s
2022-10-20T08:43:53.520Z - info: [4:43:53 pm] Reload for file change: C:\repos\nus-cs2103\cs2103-website-base\_module-CS2103\weeklyAdminTasks-fragment.md
2022-10-20T08:43:53.520Z - info: Synchronizing opened pages list before reload
2022-10-20T08:43:53.521Z - info: Current opened pages, from most-to-least recent:
2022-10-20T08:43:53.521Z - info: 1. schedule/week11/index
2022-10-20T08:43:54.537Z - info: Rebuilding 1 pages
2022-10-20T08:43:56.085Z - info: Site data built
2022-10-20T08:43:56.086Z - info: Pages rebuilt
2022-10-20T08:43:56.086Z - info: Website regeneration complete! Total build time: 1.551s
2022-10-20T08:44:34.044Z - info: [4:44:34 pm] Reload for file change: C:\repos\nus-cs2103\cs2103-website-base\_module-CS2103\weeklyAdminTasks-fragment.md
2022-10-20T08:44:34.044Z - info: Synchronizing opened pages list before reload
2022-10-20T08:44:34.045Z - info: Current opened pages, from most-to-least recent:
2022-10-20T08:44:34.046Z - info: 1. schedule/week11/index
2022-10-20T08:44:35.053Z - info: Rebuilding 1 pages
2022-10-20T08:44:35.968Z - info: Site data built
2022-10-20T08:44:35.969Z - info: Pages rebuilt
2022-10-20T08:44:35.969Z - info: Website regeneration complete! Total build time: 0.917s
2022-10-20T08:44:53.099Z - info: [4:44:53 pm] Reload for file change: C:\repos\nus-cs2103\cs2103-website-base\_module-CS2103\weeklyAdminTasks-fragment.md
2022-10-20T08:44:53.100Z - info: Synchronizing opened pages list before reload
2022-10-20T08:44:53.100Z - info: Current opened pages, from most-to-least recent:
2022-10-20T08:44:53.100Z - info: 1. schedule/week11/index
2022-10-20T08:44:54.116Z - info: Rebuilding 1 pages
2022-10-20T08:44:55.311Z - info: Site data built
2022-10-20T08:44:55.311Z - info: Pages rebuilt
2022-10-20T08:44:55.311Z - info: Website regeneration complete! Total build time: 1.197s
2022-10-20T08:45:05.514Z - info: [4:45:05 pm] Reload for file change: C:\repos\nus-cs2103\cs2103-website-base\_module-CS2103\weeklyAdminTasks-fragment.md
2022-10-20T08:45:05.514Z - info: Synchronizing opened pages list before reload
2022-10-20T08:45:05.514Z - info: Current opened pages, from most-to-least recent:
2022-10-20T08:45:05.514Z - info: 1. schedule/week11/index
2022-10-20T08:45:06.527Z - info: Rebuilding 1 pages
2022-10-20T08:45:07.321Z - info: Site data built
2022-10-20T08:45:07.322Z - info: Pages rebuilt
2022-10-20T08:45:07.322Z - info: Website regeneration complete! Total build time: 0.796s
2022-10-20T08:45:27.001Z - info: Building C:\repos\nus-cs2103\cs2103-website-base\schedule\week11\admin as some of its dependencies were changed since the last visit
2022-10-20T08:45:27.721Z - info: Site data built
2022-10-20T08:45:27.721Z - info: Lazy website regeneration complete! Total build time: 0.72s
2022-10-20T08:45:59.437Z - info: Building C:\repos\nus-cs2103\cs2103-website-base\schedule\week11\topics as some of its dependencies were changed since the last visit
2022-10-20T08:46:03.268Z - info: Site data built
2022-10-20T08:46:03.269Z - info: Lazy website regeneration complete! Total build time: 3.831s
2022-10-20T08:46:44.148Z - info: Building C:\repos\nus-cs2103\cs2103-website-base\schedule\week11\project as some of its dependencies were changed since the last visit
2022-10-20T08:46:45.968Z - info: Site data built
2022-10-20T08:46:45.969Z - info: Lazy website regeneration complete! Total build time: 1.82s
2022-10-20T08:47:40.740Z - info: Building C:\repos\nus-cs2103\cs2103-website-base\schedule\week11\tutorial as some of its dependencies were changed since the last visit
2022-10-20T08:47:41.833Z - info: Site data built
2022-10-20T08:47:41.833Z - info: Lazy website regeneration complete! Total build time: 1.094s
2022-10-20T08:47:42.795Z - info: Building C:\repos\nus-cs2103\cs2103-website-base\schedule\week11\tutorial as some of its dependencies were changed since the last visit
2022-10-20T08:47:43.206Z - info: Site data built
2022-10-20T08:47:43.206Z - info: Lazy website regeneration complete! Total build time: 0.412s
2022-10-20T08:48:22.112Z - info: Building C:\repos\nus-cs2103\cs2103-website-base\schedule\week10\project as some of its dependencies were changed since the last visit
2022-10-20T08:48:23.781Z - info: Site data built
2022-10-20T08:48:23.782Z - info: Lazy website regeneration complete! Total build time: 1.669s
2022-10-20T08:50:08.308Z - info: [4:50:08 pm] Reload for file change: C:\repos\nus-cs2103\cs2103-website-base\admin\tp-tasks-fragment.md
2022-10-20T08:50:08.309Z - info: Synchronizing opened pages list before reload
2022-10-20T08:50:08.309Z - info: Current opened pages, from most-to-least recent:
2022-10-20T08:50:08.310Z - info: 1. schedule/week10/project
2022-10-20T08:50:09.328Z - info: Rebuilding 1 pages
2022-10-20T08:50:11.642Z - info: Site data built
2022-10-20T08:50:11.642Z - info: Pages rebuilt
2022-10-20T08:50:11.643Z - info: Website regeneration complete! Total build time: 2.317s
2022-10-20T08:50:14.366Z - info: [4:50:14 pm] Reload for file change: C:\repos\nus-cs2103\cs2103-website-base\admin\tp-tasks-fragment.md
2022-10-20T08:50:14.366Z - info: Synchronizing opened pages list before reload
2022-10-20T08:50:14.366Z - info: Current opened pages, from most-to-least recent:
2022-10-20T08:50:14.366Z - info: 1. schedule/week10/project
2022-10-20T08:50:15.381Z - info: Rebuilding 1 pages
2022-10-20T08:50:16.649Z - info: Site data built
2022-10-20T08:50:16.650Z - info: Pages rebuilt
2022-10-20T08:50:16.650Z - info: Website regeneration complete! Total build time: 1.27s
2022-10-20T08:50:26.582Z - info: [4:50:26 pm] Reload for file change: C:\repos\nus-cs2103\cs2103-website-base\admin\tp-tasks-fragment.md
2022-10-20T08:50:26.583Z - info: Synchronizing opened pages list before reload
2022-10-20T08:50:26.583Z - info: Current opened pages, from most-to-least recent:
2022-10-20T08:50:26.583Z - info: 1. schedule/week10/project
2022-10-20T08:50:27.601Z - info: Rebuilding 1 pages
2022-10-20T08:50:28.713Z - info: Site data built
2022-10-20T08:50:28.713Z - info: Pages rebuilt
2022-10-20T08:50:28.713Z - info: Website regeneration complete! Total build time: 1.113s
2022-10-20T08:51:04.195Z - info: [4:51:04 pm] Reload for file change: C:\repos\nus-cs2103\cs2103-website-base\admin\tp-tasks-fragment.md
2022-10-20T08:51:04.196Z - info: Synchronizing opened pages list before reload
2022-10-20T08:51:04.196Z - info: Current opened pages, from most-to-least recent:
2022-10-20T08:51:04.196Z - info: 1. schedule/week10/project
2022-10-20T08:51:05.209Z - info: Rebuilding 1 pages
2022-10-20T08:51:06.850Z - info: Site data built
2022-10-20T08:51:06.850Z - info: Pages rebuilt
2022-10-20T08:51:06.851Z - info: Website regeneration complete! Total build time: 1.643s
2022-10-20T08:57:34.364Z - info: [4:57:34 pm] Reload for file change: C:\repos\nus-cs2103\cs2103-website-base\admin\tp-tasks-fragment.md
2022-10-20T08:57:34.365Z - info: Synchronizing opened pages list before reload
2022-10-20T08:57:34.366Z - info: Current opened pages, from most-to-least recent:
2022-10-20T08:57:34.366Z - info: 1. schedule/week10/project
2022-10-20T08:57:35.386Z - info: Rebuilding 1 pages
2022-10-20T08:57:37.380Z - info: Site data built
2022-10-20T08:57:37.380Z - info: Pages rebuilt
2022-10-20T08:57:37.381Z - info: Website regeneration complete! Total build time: 1.996s
2022-10-20T08:58:19.169Z - info: [4:58:19 pm] Reload for file change: C:\repos\nus-cs2103\cs2103-website-base\admin\tp-tasks-fragment.md
2022-10-20T08:58:19.169Z - info: Synchronizing opened pages list before reload
2022-10-20T08:58:19.170Z - info: Current opened pages, from most-to-least recent:
2022-10-20T08:58:19.170Z - info: 1. schedule/week10/project
2022-10-20T08:58:20.183Z - info: Rebuilding 1 pages
2022-10-20T08:58:21.943Z - info: Site data built
2022-10-20T08:58:21.943Z - info: Pages rebuilt
2022-10-20T08:58:21.944Z - info: Website regeneration complete! Total build time: 1.761s
2022-10-20T08:58:51.536Z - info: [4:58:51 pm] Reload for file change: C:\repos\nus-cs2103\cs2103-website-base\admin\tp-tasks-fragment.md
2022-10-20T08:58:51.537Z - info: Synchronizing opened pages list before reload
2022-10-20T08:58:51.537Z - info: Current opened pages, from most-to-least recent:
2022-10-20T08:58:51.537Z - info: 1. schedule/week10/project
2022-10-20T08:58:52.549Z - info: Rebuilding 1 pages
2022-10-20T08:58:54.243Z - info: Site data built
2022-10-20T08:58:54.244Z - info: Pages rebuilt
2022-10-20T08:58:54.244Z - info: Website regeneration complete! Total build time: 1.696s
2022-10-20T08:59:21.282Z - info: [4:59:21 pm] Reload for file change: C:\repos\nus-cs2103\cs2103-website-base\admin\tp-tasks-fragment.md
2022-10-20T08:59:21.282Z - info: Synchronizing opened pages list before reload
2022-10-20T08:59:21.283Z - info: Current opened pages, from most-to-least recent:
2022-10-20T08:59:21.283Z - info: 1. schedule/week10/project
2022-10-20T08:59:22.302Z - info: Rebuilding 1 pages
2022-10-20T08:59:24.040Z - info: Site data built
2022-10-20T08:59:24.041Z - info: Pages rebuilt
2022-10-20T08:59:24.041Z - info: Website regeneration complete! Total build time: 1.741s
2022-10-20T08:59:30.830Z - info: [4:59:30 pm] Reload for file change: C:\repos\nus-cs2103\cs2103-website-base\admin\tp-tasks-fragment.md
2022-10-20T08:59:30.830Z - info: Synchronizing opened pages list before reload
2022-10-20T08:59:30.830Z - info: Current opened pages, from most-to-least recent:
2022-10-20T08:59:30.830Z - info: 1. schedule/week10/project
2022-10-20T08:59:31.848Z - info: Rebuilding 1 pages
2022-10-20T08:59:33.106Z - info: Site data built
2022-10-20T08:59:33.106Z - info: Pages rebuilt
2022-10-20T08:59:33.106Z - info: Website regeneration complete! Total build time: 1.259s
2022-10-20T09:12:41.729Z - info: [5:12:41 pm] Reload for file change: C:\repos\nus-cs2103\cs2103-website-base\admin\exams.md
2022-10-20T09:12:41.730Z - info: Synchronizing opened pages list before reload
2022-10-20T09:12:41.730Z - info: Current opened pages, from most-to-least recent:
2022-10-20T09:12:41.730Z - info: 1. schedule/week10/project
2022-10-20T09:12:42.737Z - info: No pages needed to be rebuilt
2022-10-20T09:12:42.831Z - info: Building C:\repos\nus-cs2103\cs2103-website-base\admin\index as some of its dependencies were changed since the last visit
2022-10-20T09:12:43.872Z - info: Site data built
2022-10-20T09:12:43.873Z - info: Lazy website regeneration complete! Total build time: 1.043s
2022-10-20T09:12:47.418Z - info: Building C:\repos\nus-cs2103\cs2103-website-base\admin\exams as some of its dependencies were changed since the last visit
2022-10-20T09:12:47.814Z - info: Site data built
2022-10-20T09:12:47.814Z - info: Lazy website regeneration complete! Total build time: 0.396s
2022-10-20T09:14:12.503Z - info: [5:14:12 pm] Reload for file change: C:\repos\nus-cs2103\cs2103-website-base\admin\exams.md
2022-10-20T09:14:12.503Z - info: Synchronizing opened pages list before reload
2022-10-20T09:14:12.503Z - info: Current opened pages, from most-to-least recent:
2022-10-20T09:14:12.504Z - info: 1. admin/exams
2022-10-20T09:14:13.514Z - info: Rebuilding 1 pages
2022-10-20T09:14:13.785Z - info: Site data built
2022-10-20T09:14:13.785Z - info: Pages rebuilt
2022-10-20T09:14:13.785Z - info: Website regeneration complete! Total build time: 0.271s
2022-10-20T09:15:21.531Z - info: [5:15:21 pm] Reload for file change: C:\repos\nus-cs2103\cs2103-website-base\admin\exams.md
2022-10-20T09:15:21.531Z - info: Synchronizing opened pages list before reload
2022-10-20T09:15:21.532Z - info: Current opened pages, from most-to-least recent:
2022-10-20T09:15:21.532Z - info: 1. admin/exams
2022-10-20T09:15:22.546Z - info: Rebuilding 1 pages
2022-10-20T09:15:22.749Z - info: Site data built
2022-10-20T09:15:22.750Z - info: Pages rebuilt
2022-10-20T09:15:22.750Z - info: Website regeneration complete! Total build time: 0.206s
2022-10-20T09:16:12.324Z - info: [5:16:12 pm] Reload for file change: C:\repos\nus-cs2103\cs2103-website-base\admin\exams.md
2022-10-20T09:16:12.325Z - info: Synchronizing opened pages list before reload
2022-10-20T09:16:12.325Z - info: Current opened pages, from most-to-least recent:
2022-10-20T09:16:12.325Z - info: 1. admin/exams
2022-10-20T09:16:13.328Z - info: Rebuilding 1 pages
2022-10-20T09:16:13.560Z - info: Site data built
2022-10-20T09:16:13.561Z - info: Pages rebuilt
2022-10-20T09:16:13.561Z - info: Website regeneration complete! Total build time: 0.233s
2022-10-20T09:17:47.057Z - info: [5:17:47 pm] Reload for file change: C:\repos\nus-cs2103\cs2103-website-base\admin\exams.md
2022-10-20T09:17:47.057Z - info: Synchronizing opened pages list before reload
2022-10-20T09:17:47.057Z - info: Current opened pages, from most-to-least recent:
2022-10-20T09:17:47.057Z - info: 1. admin/exams
2022-10-20T09:17:48.066Z - info: Rebuilding 1 pages
2022-10-20T09:17:48.374Z - info: Site data built
2022-10-20T09:17:48.374Z - info: Pages rebuilt
2022-10-20T09:17:48.374Z - info: Website regeneration complete! Total build time: 0.308s
2022-10-20T09:20:26.526Z - info: [5:20:26 pm] Reload for file change: C:\repos\nus-cs2103\cs2103-website-base\admin\exams.md
2022-10-20T09:20:26.526Z - info: Synchronizing opened pages list before reload
2022-10-20T09:20:26.527Z - info: Current opened pages, from most-to-least recent:
2022-10-20T09:20:26.527Z - info: 1. admin/exams
2022-10-20T09:20:27.537Z - info: Rebuilding 1 pages
2022-10-20T09:20:27.763Z - info: Site data built
2022-10-20T09:20:27.764Z - info: Pages rebuilt
2022-10-20T09:20:27.764Z - info: Website regeneration complete! Total build time: 0.228s
2022-10-20T09:21:07.064Z - info: [5:21:07 pm] Reload for file change: C:\repos\nus-cs2103\cs2103-website-base\admin\exams.md
2022-10-20T09:21:07.065Z - info: Synchronizing opened pages list before reload
2022-10-20T09:21:07.065Z - info: Current opened pages, from most-to-least recent:
2022-10-20T09:21:07.065Z - info: 1. admin/exams
2022-10-20T09:21:08.075Z - info: Rebuilding 1 pages
2022-10-20T09:21:08.320Z - info: Site data built
2022-10-20T09:21:08.320Z - info: Pages rebuilt
2022-10-20T09:21:08.320Z - info: Website regeneration complete! Total build time: 0.246s
2022-10-20T09:22:33.456Z - info: [5:22:33 pm] Reload for file change: C:\repos\nus-cs2103\cs2103-website-base\admin\exams.md
2022-10-20T09:22:33.456Z - info: Synchronizing opened pages list before reload
2022-10-20T09:22:33.456Z - info: Current opened pages, from most-to-least recent:
2022-10-20T09:22:33.457Z - info: 1. admin/exams
2022-10-20T09:22:34.474Z - info: Rebuilding 1 pages
2022-10-20T09:22:34.665Z - info: Site data built
2022-10-20T09:22:34.665Z - info: Pages rebuilt
2022-10-20T09:22:34.665Z - info: Website regeneration complete! Total build time: 0.192s
2022-10-20T09:23:36.200Z - info: [5:23:36 pm] Reload for file change: C:\repos\nus-cs2103\cs2103-website-base\admin\exams.md
2022-10-20T09:23:36.200Z - info: Synchronizing opened pages list before reload
2022-10-20T09:23:36.200Z - info: Current opened pages, from most-to-least recent:
2022-10-20T09:23:36.200Z - info: 1. admin/exams
2022-10-20T09:23:37.205Z - info: Rebuilding 1 pages
2022-10-20T09:23:37.404Z - info: Site data built
2022-10-20T09:23:37.405Z - info: Pages rebuilt
2022-10-20T09:23:37.405Z - info: Website regeneration complete! Total build time: 0.201s
2022-10-20T09:24:25.918Z - info: [5:24:25 pm] Reload for file change: C:\repos\nus-cs2103\cs2103-website-base\admin\exams.md
2022-10-20T09:24:25.918Z - info: Synchronizing opened pages list before reload
2022-10-20T09:24:25.918Z - info: Current opened pages, from most-to-least recent:
2022-10-20T09:24:25.918Z - info: 1. admin/exams
2022-10-20T09:24:26.936Z - info: Rebuilding 1 pages
2022-10-20T09:24:27.149Z - info: Site data built
2022-10-20T09:24:27.149Z - info: Pages rebuilt
2022-10-20T09:24:27.149Z - info: Website regeneration complete! Total build time: 0.214s
2022-10-20T09:40:31.981Z - info: [5:40:31 pm] Reload for file change: C:\repos\nus-cs2103\cs2103-website-base\admin\exams.md
2022-10-20T09:40:31.981Z - info: Synchronizing opened pages list before reload
2022-10-20T09:40:31.981Z - info: Current opened pages, from most-to-least recent:
2022-10-20T09:40:31.982Z - info: 1. admin/exams
2022-10-20T09:40:32.991Z - info: Rebuilding 1 pages
2022-10-20T09:40:33.317Z - info: Building C:\repos\nus-cs2103\cs2103-website-base\index as some of its dependencies were changed since the last visit
2022-10-20T09:40:34.489Z - info: Site data built
2022-10-20T09:40:34.490Z - info: Pages rebuilt
2022-10-20T09:40:34.490Z - info: Website regeneration complete! Total build time: 1.501s
2022-10-20T09:40:34.490Z - info: Site data built
2022-10-20T09:40:34.490Z - info: Lazy website regeneration complete! Total build time: 1.174s
2022-10-20T09:40:46.582Z - info: Building C:\repos\nus-cs2103\cs2103-website-base\schedule\week11\index as some of its dependencies were changed since the last visit
2022-10-20T09:40:47.723Z - info: Site data built
2022-10-20T09:40:47.723Z - info: Lazy website regeneration complete! Total build time: 1.141s
2022-10-20T09:40:50.411Z - info: Building C:\repos\nus-cs2103\cs2103-website-base\schedule\week11\project as some of its dependencies were changed since the last visit
2022-10-20T09:40:51.361Z - info: Site data built
2022-10-20T09:40:51.361Z - info: Lazy website regeneration complete! Total build time: 0.95s
2022-10-20T09:42:37.985Z - info: [5:42:37 pm] Reload for file change: C:\repos\nus-cs2103\cs2103-website-base\admin\tp-tasks-fragment.md
2022-10-20T09:42:37.985Z - info: Synchronizing opened pages list before reload
2022-10-20T09:42:37.985Z - info: Current opened pages, from most-to-least recent:
2022-10-20T09:42:37.985Z - info: 1. schedule/week10/project
2022-10-20T09:42:38.989Z - info: Rebuilding 1 pages
2022-10-20T09:42:40.494Z - info: Site data built
2022-10-20T09:42:40.494Z - info: Pages rebuilt
2022-10-20T09:42:40.494Z - info: Website regeneration complete! Total build time: 1.506s
2022-10-20T09:43:30.667Z - info: [5:43:30 pm] Reload for file change: C:\repos\nus-cs2103\cs2103-website-base\admin\tp-tasks-fragment.md
2022-10-20T09:43:30.668Z - info: Synchronizing opened pages list before reload
2022-10-20T09:43:30.668Z - info: Current opened pages, from most-to-least recent:
2022-10-20T09:43:30.668Z - info: 1. schedule/week10/project
2022-10-20T09:43:31.670Z - info: Rebuilding 1 pages
2022-10-20T09:43:33.230Z - info: Site data built
2022-10-20T09:43:33.230Z - info: Pages rebuilt
2022-10-20T09:43:33.230Z - info: Website regeneration complete! Total build time: 1.56s
2022-10-20T09:43:41.187Z - info: [5:43:41 pm] Reload for file change: C:\repos\nus-cs2103\cs2103-website-base\admin\tp-tasks-fragment.md
2022-10-20T09:43:41.187Z - info: Synchronizing opened pages list before reload
2022-10-20T09:43:41.187Z - info: Current opened pages, from most-to-least recent:
2022-10-20T09:43:41.187Z - info: 1. schedule/week10/project
2022-10-20T09:43:42.198Z - info: Rebuilding 1 pages
2022-10-20T09:43:43.395Z - info: Site data built
2022-10-20T09:43:43.395Z - info: Pages rebuilt
2022-10-20T09:43:43.395Z - info: Website regeneration complete! Total build time: 1.198s
2022-10-20T09:44:14.781Z - info: [5:44:14 pm] Reload for file change: C:\repos\nus-cs2103\cs2103-website-base\admin\tp-tasks-fragment.md
2022-10-20T09:44:14.782Z - info: Synchronizing opened pages list before reload
2022-10-20T09:44:14.782Z - info: Current opened pages, from most-to-least recent:
2022-10-20T09:44:14.782Z - info: 1. schedule/week10/project
2022-10-20T09:44:15.792Z - info: Rebuilding 1 pages
2022-10-20T09:44:17.331Z - info: Site data built
2022-10-20T09:44:17.331Z - info: Pages rebuilt
2022-10-20T09:44:17.331Z - info: Website regeneration complete! Total build time: 1.54s
2022-10-20T09:54:46.187Z - info: [5:54:46 pm] Reload for file change: C:\repos\nus-cs2103\cs2103-website-base\admin\exams.md
2022-10-20T09:54:46.188Z - info: Synchronizing opened pages list before reload
2022-10-20T09:54:46.188Z - info: Current opened pages, from most-to-least recent:
2022-10-20T09:54:46.188Z - info: 1. admin/exams
2022-10-20T09:54:47.191Z - info: Rebuilding 1 pages
2022-10-20T09:54:47.561Z - info: Site data built
2022-10-20T09:54:47.561Z - info: Pages rebuilt
2022-10-20T09:54:47.561Z - info: Website regeneration complete! Total build time: 0.37s
2022-10-20T09:58:31.324Z - info: [5:58:31 pm] Reload for file change: C:\repos\nus-cs2103\cs2103-website-base\admin\exams.md
2022-10-20T09:58:31.325Z - info: Synchronizing opened pages list before reload
2022-10-20T09:58:31.325Z - info: Current opened pages, from most-to-least recent:
2022-10-20T09:58:31.325Z - info: 1. admin/exams
2022-10-20T09:58:32.343Z - info: Rebuilding 1 pages
2022-10-20T09:58:32.571Z - info: Site data built
2022-10-20T09:58:32.571Z - info: Pages rebuilt
2022-10-20T09:58:32.571Z - info: Website regeneration complete! Total build time: 0.229s
2022-10-20T09:59:57.532Z - info: [5:59:57 pm] Reload for file change: C:\repos\nus-cs2103\cs2103-website-base\admin\exams.md
2022-10-20T09:59:57.532Z - info: Synchronizing opened pages list before reload
2022-10-20T09:59:57.532Z - info: Current opened pages, from most-to-least recent:
2022-10-20T09:59:57.533Z - info: 1. admin/exams
2022-10-20T09:59:58.537Z - info: Rebuilding 1 pages
2022-10-20T09:59:58.788Z - info: Site data built
2022-10-20T09:59:58.788Z - info: Pages rebuilt
2022-10-20T09:59:58.788Z - info: Website regeneration complete! Total build time: 0.252s
2022-10-20T15:16:14.230Z - info: Website generation (lazy) started at 11:16:09 pm
2022-10-20T15:16:30.949Z - info: Building assets...
2022-10-20T15:16:42.660Z - info: Assets built
2022-10-20T15:16:42.661Z - info: Generating landing page...
2022-10-20T15:16:45.039Z - info: Landing page built, other pages will be built as you navigate to them!
2022-10-20T15:16:47.034Z - info: Site data built
2022-10-20T15:16:47.034Z - info: Website generation (lazy) complete! Total build time: 37.775s
2022-10-20T15:16:48.486Z - info: Serving "C:\repos\nus-cs2103\cs2103-website-base\_site" at http://127.0.0.1:8080
2022-10-20T15:16:48.487Z - info: Press CTRL+C to stop ...
2022-10-20T15:18:15.479Z - info: Building C:\repos\nus-cs2103\cs2103-website-base\admin\index as some of its dependencies were changed since the last visit
2022-10-20T15:18:16.541Z - info: Site data built
2022-10-20T15:18:16.543Z - info: Lazy website regeneration complete! Total build time: 1.064s
2022-10-20T15:20:35.079Z - info: Building C:\repos\nus-cs2103\cs2103-website-base\admin\exams as some of its dependencies were changed since the last visit
2022-10-20T15:20:35.617Z - info: Site data built
2022-10-20T15:20:35.618Z - info: Lazy website regeneration complete! Total build time: 0.539s
2022-10-20T15:25:55.174Z - info: [11:25:55 pm] Reload for file change: C:\repos\nus-cs2103\cs2103-website-base\admin\exams.md
2022-10-20T15:25:55.174Z - info: Synchronizing opened pages list before reload
2022-10-20T15:25:55.175Z - info: Current opened pages, from most-to-least recent:
2022-10-20T15:25:55.175Z - info: 1. admin/exams
2022-10-20T15:25:56.197Z - info: Rebuilding 1 pages
2022-10-20T15:25:56.758Z - info: Site data built
2022-10-20T15:25:56.758Z - info: Pages rebuilt
2022-10-20T15:25:56.759Z - info: Website regeneration complete! Total build time: 0.564s
2022-10-20T15:26:32.283Z - info: [11:26:32 pm] Reload for file change: C:\repos\nus-cs2103\cs2103-website-base\admin\exams.md
2022-10-20T15:26:32.283Z - info: Synchronizing opened pages list before reload
2022-10-20T15:26:32.284Z - info: Current opened pages, from most-to-least recent:
2022-10-20T15:26:32.284Z - info: 1. admin/exams
2022-10-20T15:26:33.287Z - info: Rebuilding 1 pages
2022-10-20T15:26:33.554Z - info: Site data built
2022-10-20T15:26:33.554Z - info: Pages rebuilt
2022-10-20T15:26:33.554Z - info: Website regeneration complete! Total build time: 0.267s
2022-10-20T15:26:50.209Z - info: [11:26:50 pm] Reload for file change: C:\repos\nus-cs2103\cs2103-website-base\admin\exams.md
2022-10-20T15:26:50.210Z - info: Synchronizing opened pages list before reload
2022-10-20T15:26:50.210Z - info: Current opened pages, from most-to-least recent:
2022-10-20T15:26:50.210Z - info: 1. admin/exams
2022-10-20T15:26:51.225Z - info: Rebuilding 1 pages
2022-10-20T15:26:51.501Z - info: Site data built
2022-10-20T15:26:51.502Z - info: Pages rebuilt
2022-10-20T15:26:51.502Z - info: Website regeneration complete! Total build time: 0.278s
2022-10-20T15:27:50.681Z - info: [11:27:50 pm] Reload for file change: C:\repos\nus-cs2103\cs2103-website-base\admin\exams.md
2022-10-20T15:27:50.681Z - info: Synchronizing opened pages list before reload
2022-10-20T15:27:50.682Z - info: Current opened pages, from most-to-least recent:
2022-10-20T15:27:50.682Z - info: 1. admin/exams
2022-10-20T15:27:51.705Z - info: Rebuilding 1 pages
2022-10-20T15:27:52.121Z - info: Site data built
2022-10-20T15:27:52.122Z - info: Pages rebuilt
2022-10-20T15:27:52.122Z - info: Website regeneration complete! Total build time: 0.418s
2022-10-20T15:28:33.009Z - info: [11:28:33 pm] Reload for file change: C:\repos\nus-cs2103\cs2103-website-base\admin\exams.md
2022-10-20T15:28:33.009Z - info: Synchronizing opened pages list before reload
2022-10-20T15:28:33.009Z - info: Current opened pages, from most-to-least recent:
2022-10-20T15:28:33.009Z - info: 1. admin/exams
2022-10-20T15:28:34.014Z - info: Rebuilding 1 pages
2022-10-20T15:28:34.355Z - info: Site data built
2022-10-20T15:28:34.355Z - info: Pages rebuilt
2022-10-20T15:28:34.356Z - info: Website regeneration complete! Total build time: 0.343s
2022-10-20T15:30:57.113Z - info: [11:30:57 pm] Reload for file change: C:\repos\nus-cs2103\cs2103-website-base\admin\exams.md
2022-10-20T15:30:57.113Z - info: Synchronizing opened pages list before reload
2022-10-20T15:30:57.113Z - info: Current opened pages, from most-to-least recent:
2022-10-20T15:30:57.114Z - info: 1. admin/exams
2022-10-20T15:30:58.132Z - info: Rebuilding 1 pages
2022-10-20T15:30:58.427Z - info: Site data built
2022-10-20T15:30:58.427Z - info: Pages rebuilt
2022-10-20T15:30:58.427Z - info: Website regeneration complete! Total build time: 0.295s
2022-10-20T15:31:44.919Z - info: [11:31:44 pm] Reload for file change: C:\repos\nus-cs2103\cs2103-website-base\admin\exams.md
2022-10-20T15:31:44.919Z - info: Synchronizing opened pages list before reload
2022-10-20T15:31:44.919Z - info: Current opened pages, from most-to-least recent:
2022-10-20T15:31:44.919Z - info: 1. admin/exams
2022-10-20T15:31:45.925Z - info: Rebuilding 1 pages
2022-10-20T15:31:46.161Z - info: Site data built
2022-10-20T15:31:46.161Z - info: Pages rebuilt
2022-10-20T15:31:46.161Z - info: Website regeneration complete! Total build time: 0.237s
2022-10-20T15:37:13.792Z - info: [11:37:13 pm] Reload for file change: C:\repos\nus-cs2103\cs2103-website-base\admin\exams.md
2022-10-20T15:37:13.792Z - info: Synchronizing opened pages list before reload
2022-10-20T15:37:13.792Z - info: Current opened pages, from most-to-least recent:
2022-10-20T15:37:13.792Z - info: 1. admin/exams
2022-10-20T15:37:14.804Z - info: Rebuilding 1 pages
2022-10-20T15:37:15.073Z - info: Site data built
2022-10-20T15:37:15.073Z - info: Pages rebuilt
2022-10-20T15:37:15.073Z - info: Website regeneration complete! Total build time: 0.269s
2022-10-20T15:37:37.966Z - info: [11:37:37 pm] Reload for file change: C:\repos\nus-cs2103\cs2103-website-base\admin\exams.md
2022-10-20T15:37:37.966Z - info: Synchronizing opened pages list before reload
2022-10-20T15:37:37.966Z - info: Current opened pages, from most-to-least recent:
2022-10-20T15:37:37.966Z - info: 1. admin/exams
2022-10-20T15:37:38.975Z - info: Rebuilding 1 pages
2022-10-20T15:37:39.192Z - info: Site data built
2022-10-20T15:37:39.192Z - info: Pages rebuilt
2022-10-20T15:37:39.192Z - info: Website regeneration complete! Total build time: 0.218s
2022-10-20T15:38:10.623Z - info: [11:38:10 pm] Reload for file change: C:\repos\nus-cs2103\cs2103-website-base\admin\exams.md
2022-10-20T15:38:10.623Z - info: Synchronizing opened pages list before reload
2022-10-20T15:38:10.623Z - info: Current opened pages, from most-to-least recent:
2022-10-20T15:38:10.624Z - info: 1. admin/exams
2022-10-20T15:38:11.634Z - info: Rebuilding 1 pages
2022-10-20T15:38:11.799Z - info: Site data built
2022-10-20T15:38:11.800Z - info: Pages rebuilt
2022-10-20T15:38:11.800Z - info: Website regeneration complete! Total build time: 0.166s
2022-10-20T15:40:12.325Z - info: [11:40:12 pm] Reload for file change: C:\repos\nus-cs2103\cs2103-website-base\admin\exams.md
2022-10-20T15:40:12.325Z - info: Synchronizing opened pages list before reload
2022-10-20T15:40:12.326Z - info: Current opened pages, from most-to-least recent:
2022-10-20T15:40:12.326Z - info: 1. admin/exams
2022-10-20T15:40:13.341Z - info: Rebuilding 1 pages
2022-10-20T15:40:13.521Z - info: Site data built
2022-10-20T15:40:13.521Z - info: Pages rebuilt
2022-10-20T15:40:13.521Z - info: Website regeneration complete! Total build time: 0.181s
2022-10-20T15:41:04.968Z - info: [11:41:04 pm] Reload for file change: C:\repos\nus-cs2103\cs2103-website-base\admin\exams.md
2022-10-20T15:41:04.969Z - info: Synchronizing opened pages list before reload
2022-10-20T15:41:04.969Z - info: Current opened pages, from most-to-least recent:
2022-10-20T15:41:04.969Z - info: 1. admin/exams
2022-10-20T15:41:05.988Z - info: Rebuilding 1 pages
2022-10-20T15:41:06.305Z - info: Site data built
2022-10-20T15:41:06.305Z - info: Pages rebuilt
2022-10-20T15:41:06.305Z - info: Website regeneration complete! Total build time: 0.318s
2022-10-20T15:42:42.711Z - info: [11:42:42 pm] Reload for file change: C:\repos\nus-cs2103\cs2103-website-base\admin\exams.md
2022-10-20T15:42:42.711Z - info: Synchronizing opened pages list before reload
2022-10-20T15:42:42.711Z - info: Current opened pages, from most-to-least recent:
2022-10-20T15:42:42.711Z - info: 1. admin/exams
2022-10-20T15:42:43.719Z - info: Rebuilding 1 pages
2022-10-20T15:42:44.002Z - info: Site data built
2022-10-20T15:42:44.002Z - info: Pages rebuilt
2022-10-20T15:42:44.002Z - info: Website regeneration complete! Total build time: 0.284s
2022-10-20T15:47:51.665Z - info: [11:47:51 pm] Reload for file change: C:\repos\nus-cs2103\cs2103-website-base\admin\exams.md
2022-10-20T15:47:51.666Z - info: Synchronizing opened pages list before reload
2022-10-20T15:47:51.666Z - info: Current opened pages, from most-to-least recent:
2022-10-20T15:47:51.666Z - info: 1. admin/exams
2022-10-20T15:47:52.674Z - info: Rebuilding 1 pages
2022-10-20T15:47:53.033Z - info: Site data built
2022-10-20T15:47:53.033Z - info: Pages rebuilt
2022-10-20T15:47:53.033Z - info: Website regeneration complete! Total build time: 0.36s
