2022-08-23T13:44:26.657Z - info: Website generation started at 9:44:21 pm
2022-08-23T13:44:35.586Z - info: Building assets...
2022-08-23T13:44:42.841Z - info: Assets built
2022-08-23T13:44:42.842Z - info: Generating pages...
2022-08-23T13:44:58.768Z - debug:  
2022-08-23T13:44:58.769Z - debug:  
2022-08-23T13:44:58.770Z - debug:  
2022-08-23T13:44:58.771Z - debug:  
2022-08-23T13:44:58.772Z - debug:  
2022-08-23T13:44:59.412Z - debug:  
2022-08-23T13:44:59.863Z - debug:  
2022-08-23T13:45:00.227Z - debug:  
2022-08-23T13:45:00.403Z - debug:  
2022-08-23T13:45:00.454Z - debug:  
2022-08-23T13:45:00.459Z - debug:  
2022-08-23T13:45:37.162Z - debug:  
2022-08-23T13:46:25.185Z - info: Pages built
2022-08-23T13:46:26.207Z - info: Site data built
2022-08-23T13:46:26.207Z - info: Website generation complete! Total build time: 124.279s
2022-08-23T13:46:26.207Z - info: Build success!
2022-08-23T13:48:52.079Z - info: The website has been deployed at: https://nus-tic2002-ay2223s1.github.io/website
