2022-09-04T05:22:09.766Z - info: Website generation (lazy) started at 1:22:01 pm
2022-09-04T05:22:27.497Z - info: Building assets...
2022-09-04T05:22:37.267Z - info: Assets built
2022-09-04T05:22:37.268Z - info: Generating landing page...
2022-09-04T05:22:39.173Z - info: Landing page built, other pages will be built as you navigate to them!
2022-09-04T05:22:40.399Z - info: Site data built
2022-09-04T05:22:40.399Z - info: Website generation (lazy) complete! Total build time: 38.411s
2022-09-04T05:22:41.586Z - info: Serving "C:\repos\nus-cs2103\cs2103-website-base\_site" at http://127.0.0.1:8080
2022-09-04T05:22:41.587Z - info: Press CTRL+C to stop ...
2022-09-04T05:23:37.570Z - info: Building C:\repos\nus-cs2103\cs2103-website-base\admin\teamList as some of its dependencies were changed since the last visit
2022-09-04T05:23:38.030Z - info: Site data built
2022-09-04T05:23:38.031Z - info: Lazy website regeneration complete! Total build time: 0.462s
2022-09-04T05:24:50.110Z - info: [1:24:50 pm] Reload for file change: C:\repos\nus-cs2103\cs2103-website-base\_module-CS2103\studentData-fragment.md
2022-09-04T05:24:50.110Z - info: Synchronizing opened pages list before reload
2022-09-04T05:24:50.111Z - info: Current opened pages, from most-to-least recent:
2022-09-04T05:24:50.111Z - info: 1. admin/teamList
2022-09-04T05:24:51.124Z - info: Rebuilding 1 pages
2022-09-04T05:24:51.144Z - error:  Template render error: (C:\repos\nus-cs2103\cs2103-website-base\admin\teamList.md)
  Template render error: (C:\repos\nus-cs2103\cs2103-website-base\admin\teamList.md) [Line 493, Column 16]
  parseAggregate: expected comma after expression
    at Object._prettifyError (C:\Users\dcsdcr\AppData\Roaming\npm\node_modules\markbind-cli\node_modules\nunjucks\src\lib.js:36:11)
    at C:\Users\dcsdcr\AppData\Roaming\npm\node_modules\markbind-cli\node_modules\@markbind\core\src\patches\nunjucks\context-overrides-frame.js:383:17
    at Template.root [as rootRenderFunc] (eval at _compile (C:\Users\dcsdcr\AppData\Roaming\npm\node_modules\markbind-cli\node_modules\nunjucks\src\environment.js:631:18), <anonymous>:501:3)
    at Template.render (C:\Users\dcsdcr\AppData\Roaming\npm\node_modules\markbind-cli\node_modules\@markbind\core\src\patches\nunjucks\context-overrides-frame.js:372:8)
    at C:\Users\dcsdcr\AppData\Roaming\npm\node_modules\markbind-cli\node_modules\@markbind\core\src\patches\nunjucks\context-overrides-frame.js:54:25
    at createTemplate (C:\Users\dcsdcr\AppData\Roaming\npm\node_modules\markbind-cli\node_modules\@markbind\core\src\patches\nunjucks\load-event.js:121:7)
    at handle (C:\Users\dcsdcr\AppData\Roaming\npm\node_modules\markbind-cli\node_modules\@markbind\core\src\patches\nunjucks\load-event.js:133:9)
    at C:\Users\dcsdcr\AppData\Roaming\npm\node_modules\markbind-cli\node_modules\@markbind\core\src\patches\nunjucks\load-event.js:145:7
    at next (C:\Users\dcsdcr\AppData\Roaming\npm\node_modules\markbind-cli\node_modules\nunjucks\src\lib.js:326:7)
    at Object.asyncIter (C:\Users\dcsdcr\AppData\Roaming\npm\node_modules\markbind-cli\node_modules\nunjucks\src\lib.js:332:3)
    at Environment.getTemplate (C:\Users\dcsdcr\AppData\Roaming\npm\node_modules\markbind-cli\node_modules\@markbind\core\src\patches\nunjucks\load-event.js:127:7)
    at Environment.render (C:\Users\dcsdcr\AppData\Roaming\npm\node_modules\markbind-cli\node_modules\@markbind\core\src\patches\nunjucks\context-overrides-frame.js:48:8)
    at VariableRenderer.renderFile (C:\Users\dcsdcr\AppData\Roaming\npm\node_modules\markbind-cli\node_modules\@markbind\core\src\variables\VariableRenderer.js:59:20)
    at VariableProcessor.renderWithSiteVariables (C:\Users\dcsdcr\AppData\Roaming\npm\node_modules\markbind-cli\node_modules\@markbind\core\src\variables\VariableProcessor.js:157:53)
    at Page.generate (C:\Users\dcsdcr\AppData\Roaming\npm\node_modules\markbind-cli\node_modules\@markbind\core\src\Page\index.js:490:37)
    at C:\Users\dcsdcr\AppData\Roaming\npm\node_modules\markbind-cli\node_modules\@markbind\core\src\Site\index.js:1132:20
2022-09-04T05:24:51.144Z - warn:  Error: Error while generating C:\repos\nus-cs2103\cs2103-website-base\admin\teamList.md
    at C:\Users\dcsdcr\AppData\Roaming\npm\node_modules\markbind-cli\node_modules\@markbind\core\src\Site\index.js:1140:15
2022-09-04T05:28:11.631Z - info: [1:28:11 pm] Reload for file change: C:\repos\nus-cs2103\cs2103-website-base\_module-CS2103\studentData-fragment.md
2022-09-04T05:28:11.632Z - info: Synchronizing opened pages list before reload
2022-09-04T05:28:11.632Z - info: Current opened pages, from most-to-least recent:
2022-09-04T05:28:11.633Z - info: 1. admin/teamList
2022-09-04T05:28:12.653Z - info: No pages needed to be rebuilt
2022-09-04T05:29:23.046Z - info: [1:29:23 pm] Reload for file change: C:\repos\nus-cs2103\cs2103-website-base\_module-CS2103\studentData-fragment.md
2022-09-04T05:29:23.047Z - info: Synchronizing opened pages list before reload
2022-09-04T05:29:23.047Z - info: Current opened pages, from most-to-least recent:
2022-09-04T05:29:23.047Z - info: 1. admin/teamList
2022-09-04T05:29:24.057Z - info: No pages needed to be rebuilt
2022-09-04T05:29:43.658Z - info: Website generation (lazy) started at 1:29:41 pm
2022-09-04T05:29:56.874Z - info: Building assets...
2022-09-04T05:30:05.471Z - info: Assets built
2022-09-04T05:30:05.472Z - info: Generating landing page...
2022-09-04T05:30:07.235Z - info: Landing page built, other pages will be built as you navigate to them!
2022-09-04T05:30:08.555Z - info: Site data built
2022-09-04T05:30:08.555Z - info: Website generation (lazy) complete! Total build time: 26.953s
2022-09-04T05:30:09.633Z - info: Serving "C:\repos\nus-cs2103\cs2103-website-base\_site" at http://127.0.0.1:8080
2022-09-04T05:30:09.634Z - info: Press CTRL+C to stop ...
2022-09-04T05:30:31.127Z - info: Building C:\repos\nus-cs2103\cs2103-website-base\admin\teamList as some of its dependencies were changed since the last visit
2022-09-04T05:30:36.987Z - info: Site data built
2022-09-04T05:30:36.988Z - info: Lazy website regeneration complete! Total build time: 5.861s
2022-09-04T05:32:51.613Z - info: Website generation started at 1:32:49 pm
2022-09-04T05:33:05.621Z - info: Building assets...
2022-09-04T05:33:14.867Z - info: Assets built
2022-09-04T05:33:14.868Z - info: Generating pages...
2022-09-04T05:33:32.159Z - debug:  
2022-09-04T05:33:32.427Z - debug:  
2022-09-04T05:33:32.474Z - debug:  
2022-09-04T05:33:36.850Z - debug:  
2022-09-04T05:33:37.006Z - debug:  
2022-09-04T05:33:37.041Z - debug:  
2022-09-04T05:33:37.041Z - debug:  
2022-09-04T05:33:37.042Z - debug:  
2022-09-04T05:33:37.042Z - debug:  
2022-09-04T05:33:37.043Z - debug:  
2022-09-04T05:33:37.044Z - debug:  
2022-09-04T05:33:37.044Z - debug:  
2022-09-04T05:36:26.792Z - debug:  
2022-09-04T05:36:49.547Z - debug:  
2022-09-04T05:36:49.548Z - debug:  
2022-09-04T05:36:59.520Z - info: Pages built
2022-09-04T05:37:01.119Z - info: Site data built
2022-09-04T05:37:01.119Z - info: Website generation complete! Total build time: 251.936s
2022-09-04T05:37:01.119Z - info: Build success!
2022-09-04T05:40:06.302Z - info: The website has been deployed at: https://nus-cs2103-ay2223s1.github.io/website
