2022-08-11T07:43:09.216Z - info: Website generation (lazy) started at 3:43:04 pm
2022-08-11T07:43:20.047Z - info: Building assets...
2022-08-11T07:43:27.231Z - info: Assets built
2022-08-11T07:43:27.232Z - info: Generating landing page...
2022-08-11T07:43:27.902Z - info: Landing page built, other pages will be built as you navigate to them!
2022-08-11T07:43:28.968Z - info: Site data built
2022-08-11T07:43:28.969Z - info: Website generation (lazy) complete! Total build time: 24.38s
2022-08-11T07:43:29.903Z - info: Serving "C:\repos\nus-cs2103\cs2103-website-base\_site" at http://127.0.0.1:8080
2022-08-11T07:43:29.904Z - info: Press CTRL+C to stop ...
2022-08-11T07:44:01.683Z - info: [3:44:01 pm] Reload for file change: C:\repos\nus-cs2103\cs2103-website-base\_markbind\variables.md
2022-08-11T07:44:01.685Z - info: Synchronizing opened pages list before reload
2022-08-11T07:44:01.686Z - info: Current opened pages, from most-to-least recent:
2022-08-11T07:44:01.686Z - info: 1. index
2022-08-11T07:44:02.783Z - warn: Rebuilding all pages as variables file was changed, or the --force-reload flag was set
2022-08-11T07:44:02.787Z - info: Rebuilding 1 pages
2022-08-11T07:44:03.256Z - info: Site data built
2022-08-11T07:44:03.257Z - info: Pages rebuilt
2022-08-11T07:44:03.257Z - info: Website regeneration complete! Total build time: 0.56s
2022-08-11T07:44:11.186Z - info: Building C:\repos\nus-cs2103\cs2103-website-base\schedule\week1\tutorial as some of its dependencies were changed since the last visit
2022-08-11T07:44:11.485Z - info: Site data built
2022-08-11T07:44:11.485Z - info: Lazy website regeneration complete! Total build time: 0.3s
2022-08-11T07:44:16.305Z - info: Building C:\repos\nus-cs2103\cs2103-website-base\schedule\week1\topics as some of its dependencies were changed since the last visit
2022-08-11T07:44:16.520Z - info: Site data built
2022-08-11T07:44:16.521Z - info: Lazy website regeneration complete! Total build time: 0.216s
2022-08-11T07:44:19.038Z - info: Building C:\repos\nus-cs2103\cs2103-website-base\schedule\week1\admin as some of its dependencies were changed since the last visit
2022-08-11T07:44:20.900Z - info: Site data built
2022-08-11T07:44:20.901Z - info: Lazy website regeneration complete! Total build time: 1.864s
2022-08-11T07:44:23.170Z - debug:  
2022-08-11T07:44:24.071Z - info: Building C:\repos\nus-cs2103\cs2103-website-base\schedule\week1\project as some of its dependencies were changed since the last visit
2022-08-11T07:44:24.248Z - info: Site data built
2022-08-11T07:44:24.248Z - info: Lazy website regeneration complete! Total build time: 0.177s
2022-08-11T07:44:32.594Z - info: Building C:\repos\nus-cs2103\cs2103-website-base\schedule\week2\index as some of its dependencies were changed since the last visit
2022-08-11T07:44:33.563Z - info: Site data built
2022-08-11T07:44:33.563Z - info: Lazy website regeneration complete! Total build time: 0.969s
2022-08-11T07:44:41.131Z - info: Building C:\repos\nus-cs2103\cs2103-website-base\schedule\week2\tutorial as some of its dependencies were changed since the last visit
2022-08-11T07:44:41.345Z - info: Site data built
2022-08-11T07:44:41.345Z - info: Lazy website regeneration complete! Total build time: 0.214s
2022-08-11T07:44:45.454Z - info: Building C:\repos\nus-cs2103\cs2103-website-base\schedule\week2\topics as some of its dependencies were changed since the last visit
2022-08-11T07:44:48.919Z - info: Site data built
2022-08-11T07:44:48.920Z - info: Lazy website regeneration complete! Total build time: 3.466s
2022-08-11T07:44:56.485Z - info: Building C:\repos\nus-cs2103\cs2103-website-base\schedule\week2\admin as some of its dependencies were changed since the last visit
2022-08-11T07:44:57.142Z - info: Site data built
2022-08-11T07:44:57.142Z - info: Lazy website regeneration complete! Total build time: 0.658s
2022-08-11T07:45:06.047Z - info: Building C:\repos\nus-cs2103\cs2103-website-base\schedule\week2\project as some of its dependencies were changed since the last visit
2022-08-11T07:45:07.003Z - info: Site data built
2022-08-11T07:45:07.003Z - info: Lazy website regeneration complete! Total build time: 0.956s
2022-08-11T07:46:19.931Z - info: Building C:\repos\nus-cs2103\cs2103-website-base\admin\index as some of its dependencies were changed since the last visit
2022-08-11T07:46:20.271Z - info: Site data built
2022-08-11T07:46:20.271Z - info: Lazy website regeneration complete! Total build time: 0.34s
2022-08-11T07:46:23.558Z - info: Building C:\repos\nus-cs2103\cs2103-website-base\admin\instructors as some of its dependencies were changed since the last visit
2022-08-11T07:46:23.782Z - info: Site data built
2022-08-11T07:46:23.782Z - info: Lazy website regeneration complete! Total build time: 0.224s
2022-08-11T07:46:53.090Z - info: [3:46:53 pm] Reload for file change: C:\repos\nus-cs2103\cs2103-website-base\admin\instructors.md
2022-08-11T07:46:53.091Z - info: Synchronizing opened pages list before reload
2022-08-11T07:46:53.091Z - info: Current opened pages, from most-to-least recent:
2022-08-11T07:46:53.092Z - info: 1. admin/instructors
2022-08-11T07:46:54.105Z - info: Rebuilding 1 pages
2022-08-11T07:46:54.255Z - info: Site data built
2022-08-11T07:46:54.255Z - info: Pages rebuilt
2022-08-11T07:46:54.256Z - info: Website regeneration complete! Total build time: 0.152s
2022-08-11T07:47:41.436Z - info: Website generation (lazy) started at 3:47:39 pm
2022-08-11T07:47:52.348Z - info: Building assets...
2022-08-11T07:47:59.826Z - info: Assets built
2022-08-11T07:47:59.827Z - info: Generating landing page...
2022-08-11T07:48:00.461Z - info: Landing page built, other pages will be built as you navigate to them!
2022-08-11T07:48:01.291Z - info: Site data built
2022-08-11T07:48:01.292Z - info: Website generation (lazy) complete! Total build time: 21.792s
2022-08-11T07:48:02.293Z - info: Serving "C:\repos\nus-cs2103\cs2103-website-base\_site" at http://127.0.0.1:8080
2022-08-11T07:48:02.294Z - info: Press CTRL+C to stop ...
2022-08-11T07:58:56.265Z - info: Building C:\repos\nus-cs2103\cs2103-website-base\schedule\week1\tutorial as some of its dependencies were changed since the last visit
2022-08-11T07:58:56.705Z - info: Site data built
2022-08-11T07:58:56.705Z - info: Lazy website regeneration complete! Total build time: 0.446s
2022-08-11T07:59:02.760Z - info: Building C:\repos\nus-cs2103\cs2103-website-base\schedule\week2\index as some of its dependencies were changed since the last visit
2022-08-11T07:59:03.835Z - info: Site data built
2022-08-11T07:59:03.835Z - info: Lazy website regeneration complete! Total build time: 1.076s
2022-08-11T07:59:07.688Z - info: Building C:\repos\nus-cs2103\cs2103-website-base\schedule\week2\tutorial as some of its dependencies were changed since the last visit
2022-08-11T07:59:07.918Z - info: Site data built
2022-08-11T07:59:07.918Z - info: Lazy website regeneration complete! Total build time: 0.23s
2022-08-11T07:59:10.896Z - info: Building C:\repos\nus-cs2103\cs2103-website-base\schedule\week2\topics as some of its dependencies were changed since the last visit
2022-08-11T07:59:14.692Z - info: Site data built
2022-08-11T07:59:14.693Z - info: Lazy website regeneration complete! Total build time: 3.797s
2022-08-11T07:59:21.977Z - info: Building C:\repos\nus-cs2103\cs2103-website-base\schedule\week2\admin as some of its dependencies were changed since the last visit
2022-08-11T07:59:22.652Z - info: Site data built
2022-08-11T07:59:22.652Z - info: Lazy website regeneration complete! Total build time: 0.676s
2022-08-11T07:59:26.366Z - info: Building C:\repos\nus-cs2103\cs2103-website-base\schedule\week2\project as some of its dependencies were changed since the last visit
2022-08-11T07:59:27.238Z - info: Site data built
2022-08-11T07:59:27.238Z - info: Lazy website regeneration complete! Total build time: 0.872s
2022-08-11T08:03:29.995Z - info: Website generation started at 4:03:28 pm
2022-08-11T08:03:41.852Z - info: Building assets...
2022-08-11T08:03:49.347Z - info: Assets built
2022-08-11T08:03:49.347Z - info: Generating pages...
2022-08-11T08:04:03.146Z - debug:  
2022-08-11T08:04:03.147Z - debug:  
2022-08-11T08:04:03.147Z - debug:  
2022-08-11T08:04:03.148Z - debug:  
2022-08-11T08:04:03.148Z - debug:  
2022-08-11T08:04:03.148Z - debug:  
2022-08-11T08:04:03.149Z - debug:  
2022-08-11T08:04:03.149Z - debug:  
2022-08-11T08:04:03.280Z - debug:  
2022-08-11T08:04:03.281Z - debug:  
2022-08-11T08:04:03.281Z - debug:  
2022-08-11T08:04:03.289Z - debug:  
2022-08-11T08:05:55.077Z - debug:  
2022-08-11T08:06:04.478Z - debug:  
2022-08-11T08:06:04.478Z - debug:  
2022-08-11T08:06:09.204Z - info: Pages built
2022-08-11T08:06:10.474Z - info: Site data built
2022-08-11T08:06:10.474Z - info: Website generation complete! Total build time: 162.4s
2022-08-11T08:06:10.474Z - info: Build success!
2022-08-11T08:08:40.248Z - info: The website has been deployed at: https://nus-tic4001-ay2223s1.github.io/website
