2022-11-04T09:47:44.877Z - info: Website generation started at 5:47:41 pm
2022-11-04T09:47:59.402Z - info: Building assets...
2022-11-04T09:48:07.853Z - info: Assets built
2022-11-04T09:48:07.854Z - info: Generating pages...
2022-11-04T09:48:23.675Z - debug:  
2022-11-04T09:48:23.720Z - debug:  
2022-11-04T09:48:23.720Z - debug:  
2022-11-04T09:48:23.721Z - debug:  
2022-11-04T09:48:23.721Z - debug:  
2022-11-04T09:48:23.721Z - debug:  
2022-11-04T09:48:23.722Z - debug:  
2022-11-04T09:48:23.722Z - debug:  
2022-11-04T09:48:23.722Z - debug:  
2022-11-04T09:48:23.722Z - debug:  
2022-11-04T09:48:23.722Z - debug:  
2022-11-04T09:48:23.722Z - debug:  
2022-11-04T09:50:49.760Z - debug:  
2022-11-04T09:51:07.593Z - debug:  
2022-11-04T09:51:07.593Z - debug:  
2022-11-04T09:51:21.086Z - info: Pages built
2022-11-04T09:51:22.814Z - info: Site data built
2022-11-04T09:51:22.814Z - info: Website generation complete! Total build time: 221.058s
2022-11-04T09:51:22.815Z - info: Build success!
2022-11-04T09:54:46.071Z - info: The website has been deployed at: https://nus-cs2103-ay2223s1.github.io/website
2022-11-04T11:33:04.312Z - info: Website generation started at 7:32:58 pm
2022-11-04T11:33:17.980Z - info: Building assets...
