2022-08-13T16:00:03.152Z - info: Website generation (lazy) started at 12:00:00 am
2022-08-13T16:00:13.695Z - info: Building assets...
2022-08-13T16:00:20.412Z - info: Assets built
2022-08-13T16:00:20.412Z - info: Generating landing page...
2022-08-13T16:00:22.321Z - info: Landing page built, other pages will be built as you navigate to them!
2022-08-13T16:00:23.196Z - info: Site data built
2022-08-13T16:00:23.197Z - info: Website generation (lazy) complete! Total build time: 22.979s
2022-08-13T16:00:24.120Z - info: Serving "C:\repos\nus-cs2103\cs2103-website-base\_site" at http://127.0.0.1:8080
2022-08-13T16:00:24.120Z - info: Press CTRL+C to stop ...
2022-08-13T16:23:00.804Z - info: [12:23:00 am] Reload for file change: C:\repos\nus-cs2103\cs2103-website-base\admin\ip-tasks-fragment.md
2022-08-13T16:23:00.804Z - info: Synchronizing opened pages list before reload
2022-08-13T16:23:00.805Z - info: Current opened pages, from most-to-least recent:
2022-08-13T16:23:00.805Z - info: 1. index
2022-08-13T16:23:01.817Z - info: Rebuilding 1 pages
2022-08-13T16:23:02.705Z - info: Site data built
2022-08-13T16:23:02.706Z - info: Pages rebuilt
2022-08-13T16:23:02.706Z - info: Website regeneration complete! Total build time: 0.891s
2022-08-13T16:23:10.417Z - info: Building C:\repos\nus-cs2103\cs2103-website-base\schedule\week1\admin as some of its dependencies were changed since the last visit
2022-08-13T16:23:12.746Z - info: Site data built
2022-08-13T16:23:12.747Z - info: Lazy website regeneration complete! Total build time: 2.33s
2022-08-13T16:23:14.803Z - debug:  
2022-08-13T16:23:33.284Z - info: Building C:\repos\nus-cs2103\cs2103-website-base\schedule\week2\index as some of its dependencies were changed since the last visit
2022-08-13T16:23:34.494Z - info: Site data built
2022-08-13T16:23:34.494Z - info: Lazy website regeneration complete! Total build time: 1.211s
2022-08-13T16:23:37.775Z - info: Building C:\repos\nus-cs2103\cs2103-website-base\schedule\week2\project as some of its dependencies were changed since the last visit
2022-08-13T16:23:39.195Z - info: Site data built
2022-08-13T16:23:39.196Z - info: Lazy website regeneration complete! Total build time: 1.422s
2022-08-13T16:24:16.691Z - info: Website generation started at 12:24:15 am
2022-08-13T16:24:27.568Z - info: Building assets...
2022-08-13T16:24:35.249Z - info: Assets built
2022-08-13T16:24:35.250Z - info: Generating pages...
2022-08-13T16:24:49.256Z - debug:  
2022-08-13T16:24:51.626Z - debug:  
2022-08-13T16:24:51.626Z - debug:  
2022-08-13T16:24:51.626Z - debug:  
2022-08-13T16:24:51.627Z - debug:  
2022-08-13T16:24:51.627Z - debug:  
2022-08-13T16:24:51.627Z - debug:  
2022-08-13T16:24:51.628Z - debug:  
2022-08-13T16:24:51.628Z - debug:  
2022-08-13T16:24:51.628Z - debug:  
2022-08-13T16:24:51.628Z - debug:  
2022-08-13T16:24:51.629Z - debug:  
2022-08-13T16:26:58.883Z - debug:  
2022-08-13T16:27:12.088Z - debug:  
2022-08-13T16:27:12.088Z - debug:  
2022-08-13T16:27:17.587Z - info: Pages built
2022-08-13T16:27:18.511Z - info: Site data built
2022-08-13T16:27:18.511Z - info: Website generation complete! Total build time: 182.877s
2022-08-13T16:27:18.511Z - info: Build success!
2022-08-13T16:29:29.751Z - info: The website has been deployed at: https://nus-cs2103-ay2223s1.github.io/website
