2022-10-07T11:04:23.669Z - info: Website generation started at 7:04:18 pm
2022-10-07T11:04:34.817Z - info: Building assets...
2022-10-07T11:04:42.859Z - info: Assets built
2022-10-07T11:04:42.859Z - info: Generating pages...
2022-10-07T11:04:55.158Z - debug:  
2022-10-07T11:04:55.158Z - debug:  
2022-10-07T11:04:55.159Z - debug:  
2022-10-07T11:04:55.159Z - debug:  
2022-10-07T11:04:55.159Z - debug:  
2022-10-07T11:04:55.160Z - debug:  
2022-10-07T11:04:55.160Z - debug:  
2022-10-07T11:04:55.160Z - debug:  
2022-10-07T11:04:55.160Z - debug:  
2022-10-07T11:04:55.160Z - debug:  
2022-10-07T11:04:55.160Z - debug:  
2022-10-07T11:04:55.161Z - debug:  
2022-10-07T11:07:00.439Z - debug:  
2022-10-07T11:07:12.838Z - debug:  
2022-10-07T11:07:12.839Z - debug:  
2022-10-07T11:07:22.881Z - info: Pages built
2022-10-07T11:07:24.091Z - info: Site data built
2022-10-07T11:07:24.091Z - info: Website generation complete! Total build time: 185.605s
2022-10-07T11:07:24.091Z - info: Build success!
2022-10-07T11:10:01.863Z - info: The website has been deployed at: https://nus-cs2103-ay2223s1.github.io/website
2022-10-07T11:30:41.552Z - info: Website generation started at 7:30:36 pm
2022-10-07T11:30:53.427Z - info: Building assets...
