2022-08-19T14:58:04.104Z - info: Website generation (lazy) started at 10:57:50 pm
2022-08-19T14:58:27.371Z - info: Building assets...
2022-08-19T14:58:42.049Z - info: Assets built
2022-08-19T14:58:42.051Z - info: Generating landing page...
2022-08-19T14:58:43.869Z - info: Landing page built, other pages will be built as you navigate to them!
2022-08-19T14:58:45.479Z - info: Site data built
2022-08-19T14:58:45.479Z - info: Website generation (lazy) complete! Total build time: 54.562s
2022-08-19T14:58:46.868Z - info: Serving "C:\repos\nus-cs2103\cs2103-website-base\_site" at http://127.0.0.1:8080
2022-08-19T14:58:46.868Z - info: Press CTRL+C to stop ...
2022-08-19T15:10:31.049Z - info: Building C:\repos\nus-cs2103\cs2103-website-base\admin\index as some of its dependencies were changed since the last visit
2022-08-19T15:10:31.790Z - info: Site data built
2022-08-19T15:10:31.791Z - info: Lazy website regeneration complete! Total build time: 0.743s
2022-08-19T15:10:34.964Z - info: Building C:\repos\nus-cs2103\cs2103-website-base\admin\lectures as some of its dependencies were changed since the last visit
2022-08-19T15:10:35.168Z - info: Site data built
2022-08-19T15:10:35.168Z - info: Lazy website regeneration complete! Total build time: 0.204s
2022-08-19T15:10:54.323Z - info: [11:10:54 pm] Reload for file change: C:\repos\nus-cs2103\cs2103-website-base\_module-CS2113\timetables-fragment.md
2022-08-19T15:10:54.323Z - info: Synchronizing opened pages list before reload
2022-08-19T15:10:54.323Z - info: Current opened pages, from most-to-least recent:
2022-08-19T15:10:54.324Z - info: 1. admin/lectures
2022-08-19T15:10:55.337Z - info: Assets built
2022-08-19T15:11:21.064Z - info: [11:11:21 pm] Reload for file change: C:\repos\nus-cs2103\cs2103-website-base\_module-CS2103\timetables-fragment.md
2022-08-19T15:11:21.064Z - info: Synchronizing opened pages list before reload
2022-08-19T15:11:21.064Z - info: Current opened pages, from most-to-least recent:
2022-08-19T15:11:21.064Z - info: 1. admin/lectures
2022-08-19T15:11:22.080Z - info: Rebuilding 1 pages
2022-08-19T15:11:22.254Z - info: Site data built
2022-08-19T15:11:22.254Z - info: Pages rebuilt
2022-08-19T15:11:22.254Z - info: Website regeneration complete! Total build time: 0.175s
2022-08-19T15:12:02.347Z - info: Website generation started at 11:12:00 pm
2022-08-19T15:12:13.711Z - info: Building assets...
2022-08-19T15:12:21.902Z - info: Assets built
2022-08-19T15:12:21.902Z - info: Generating pages...
2022-08-19T15:12:32.158Z - debug:  
2022-08-19T15:12:35.066Z - debug:  
2022-08-19T15:12:35.066Z - debug:  
2022-08-19T15:12:35.079Z - debug:  
2022-08-19T15:12:35.079Z - debug:  
2022-08-19T15:12:35.079Z - debug:  
2022-08-19T15:12:35.080Z - debug:  
2022-08-19T15:12:35.080Z - debug:  
2022-08-19T15:12:35.081Z - debug:  
2022-08-19T15:12:35.081Z - debug:  
2022-08-19T15:12:35.081Z - debug:  
2022-08-19T15:12:35.081Z - debug:  
2022-08-19T15:14:34.465Z - debug:  
2022-08-19T15:14:47.115Z - debug:  
2022-08-19T15:14:47.115Z - debug:  
2022-08-19T15:14:52.003Z - info: Pages built
2022-08-19T15:14:53.154Z - info: Site data built
2022-08-19T15:14:53.155Z - info: Website generation complete! Total build time: 172.916s
2022-08-19T15:14:53.155Z - info: Build success!
2022-08-19T15:17:14.130Z - info: The website has been deployed at: https://nus-cs2103-ay2223s1.github.io/website
