2022-07-27T14:52:29.848Z - info: Website generation (lazy) started at 10:52:28 pm
2022-07-27T14:52:37.890Z - info: Building assets...
2022-07-27T14:52:44.478Z - info: Assets built
2022-07-27T14:52:44.478Z - info: Generating landing page...
2022-07-27T14:52:45.626Z - info: Landing page built, other pages will be built as you navigate to them!
2022-07-27T14:52:46.912Z - info: Site data built
2022-07-27T14:52:46.912Z - info: Website generation (lazy) complete! Total build time: 18.414s
2022-07-27T14:52:47.722Z - info: Serving "C:\repos\nus-cs2103\cs2103-website-base\_site" at http://127.0.0.1:8080
2022-07-27T14:52:47.722Z - info: Press CTRL+C to stop ...
2022-07-27T14:53:22.493Z - info: Building C:\repos\nus-cs2103\cs2103-website-base\admin\tp-expectations as some of its dependencies were changed since the last visit
2022-07-27T14:53:23.150Z - info: Site data built
2022-07-27T14:53:23.151Z - info: Lazy website regeneration complete! Total build time: 0.659s
2022-07-27T14:53:53.474Z - info: Building C:\repos\nus-cs2103\cs2103-website-base\admin\tp-timeline as some of its dependencies were changed since the last visit
2022-07-27T14:53:53.845Z - info: Site data built
2022-07-27T14:53:53.845Z - info: Lazy website regeneration complete! Total build time: 0.372s
2022-07-27T14:53:57.198Z - debug:  
2022-07-27T14:53:57.252Z - debug:  
2022-07-27T14:54:06.257Z - info: Building C:\repos\nus-cs2103\cs2103-website-base\schedule\week1\index as some of its dependencies were changed since the last visit
2022-07-27T14:54:07.384Z - info: Site data built
2022-07-27T14:54:07.384Z - info: Lazy website regeneration complete! Total build time: 1.127s
2022-07-27T14:54:59.925Z - info: [10:54:59 pm] Reload for file change: C:\repos\nus-cs2103\cs2103-website-base\_markbind\variables.md
2022-07-27T14:54:59.925Z - info: Synchronizing opened pages list before reload
2022-07-27T14:54:59.925Z - info: Current opened pages, from most-to-least recent:
2022-07-27T14:54:59.926Z - info: 1. schedule/week1/index
2022-07-27T14:55:01.024Z - warn: Rebuilding all pages as variables file was changed, or the --force-reload flag was set
2022-07-27T14:55:01.027Z - info: Rebuilding 1 pages
2022-07-27T14:55:01.649Z - info: Site data built
2022-07-27T14:55:01.649Z - info: Pages rebuilt
2022-07-27T14:55:01.649Z - info: Website regeneration complete! Total build time: 0.715s
2022-07-27T14:57:33.959Z - info: [10:57:33 pm] Reload for file change: C:\repos\nus-cs2103\cs2103-website-base\_markbind\layouts\header.md
2022-07-27T14:57:33.960Z - info: Synchronizing opened pages list before reload
2022-07-27T14:57:33.960Z - info: Current opened pages, from most-to-least recent:
2022-07-27T14:57:33.960Z - info: 1. schedule/week1/index
2022-07-27T14:57:35.221Z - info: Rebuilding 1 pages
2022-07-27T14:57:35.880Z - info: Site data built
2022-07-27T14:57:35.880Z - info: Pages rebuilt
2022-07-27T14:57:35.880Z - info: Website regeneration complete! Total build time: 0.66s
2022-07-27T14:59:51.669Z - info: [10:59:51 pm] Reload for file change: C:\repos\nus-cs2103\cs2103-website-base\_markbind\variables.md
2022-07-27T14:59:51.669Z - info: Synchronizing opened pages list before reload
2022-07-27T14:59:51.669Z - info: Current opened pages, from most-to-least recent:
2022-07-27T14:59:51.669Z - info: 1. schedule/week1/index
2022-07-27T14:59:52.760Z - warn: Rebuilding all pages as variables file was changed, or the --force-reload flag was set
2022-07-27T14:59:52.764Z - info: Rebuilding 1 pages
2022-07-27T14:59:53.533Z - info: Site data built
2022-07-27T14:59:53.533Z - info: Pages rebuilt
2022-07-27T14:59:53.534Z - info: Website regeneration complete! Total build time: 0.854s
2022-07-27T15:01:10.489Z - info: Website generation (lazy) started at 11:01:07 pm
2022-07-27T15:01:20.170Z - info: Building assets...
2022-07-27T15:01:26.648Z - info: Assets built
2022-07-27T15:01:26.649Z - info: Generating landing page...
2022-07-27T15:01:27.328Z - info: Landing page built, other pages will be built as you navigate to them!
2022-07-27T15:01:28.269Z - info: Site data built
2022-07-27T15:01:28.269Z - info: Website generation (lazy) complete! Total build time: 20.405s
2022-07-27T15:01:29.092Z - info: Serving "C:\repos\nus-cs2103\cs2103-website-base\_site" at http://127.0.0.1:8080
2022-07-27T15:01:29.092Z - info: Press CTRL+C to stop ...
2022-07-27T15:04:10.582Z - info: Website generation (lazy) started at 11:04:07 pm
2022-07-27T15:04:21.679Z - info: Building assets...
2022-07-27T15:04:28.919Z - info: Assets built
2022-07-27T15:04:28.920Z - info: Generating landing page...
2022-07-27T15:04:29.613Z - info: Landing page built, other pages will be built as you navigate to them!
2022-07-27T15:04:30.330Z - info: Site data built
2022-07-27T15:04:30.331Z - info: Website generation (lazy) complete! Total build time: 22.469s
2022-07-27T15:04:31.185Z - info: Serving "C:\repos\nus-cs2103\cs2103-website-base\_site" at http://127.0.0.1:8080
2022-07-27T15:04:31.185Z - info: Press CTRL+C to stop ...
2022-07-27T15:05:31.054Z - info: Building C:\repos\nus-cs2103\cs2103-website-base\admin\usingThisWebsite as some of its dependencies were changed since the last visit
2022-07-27T15:05:31.796Z - info: Site data built
2022-07-27T15:05:31.797Z - info: Lazy website regeneration complete! Total build time: 0.745s
2022-07-27T15:06:07.115Z - info: Building C:\repos\nus-cs2103\cs2103-website-base\admin\moduleExpectations as some of its dependencies were changed since the last visit
2022-07-27T15:06:07.378Z - info: Site data built
2022-07-27T15:06:07.378Z - info: Lazy website regeneration complete! Total build time: 0.264s
2022-07-27T15:06:59.051Z - info: Building C:\repos\nus-cs2103\cs2103-website-base\admin\weeklySchedule as some of its dependencies were changed since the last visit
2022-07-27T15:06:59.742Z - info: Site data built
2022-07-27T15:06:59.743Z - info: Lazy website regeneration complete! Total build time: 0.693s
2022-07-27T15:07:00.680Z - info: Building C:\repos\nus-cs2103\cs2103-website-base\admin\weeklySchedule as some of its dependencies were changed since the last visit
2022-07-27T15:07:01.076Z - info: Site data built
2022-07-27T15:07:01.077Z - info: Lazy website regeneration complete! Total build time: 0.397s
