2022-10-20T16:21:28.837Z - info: [12:21:28 am] Reload for file change: C:\repos\nus-cs2103\cs2103-website-base\admin\exams.md
2022-10-20T16:21:28.850Z - info: Synchronizing opened pages list before reload
2022-10-20T16:21:28.850Z - info: Current opened pages, from most-to-least recent:
2022-10-20T16:21:28.850Z - info: 1. admin/exams
2022-10-20T16:21:29.857Z - info: Rebuilding 1 pages
2022-10-20T16:21:30.190Z - info: Site data built
2022-10-20T16:21:30.191Z - info: Pages rebuilt
2022-10-20T16:21:30.191Z - info: Website regeneration complete! Total build time: 0.334s
2022-10-20T16:21:55.587Z - info: [12:21:55 am] Reload for file change: C:\repos\nus-cs2103\cs2103-website-base\admin\exams.md
2022-10-20T16:21:55.588Z - info: Synchronizing opened pages list before reload
2022-10-20T16:21:55.588Z - info: Current opened pages, from most-to-least recent:
2022-10-20T16:21:55.588Z - info: 1. admin/exams
2022-10-20T16:21:56.599Z - info: Rebuilding 1 pages
2022-10-20T16:21:56.790Z - info: Site data built
2022-10-20T16:21:56.791Z - info: Pages rebuilt
2022-10-20T16:21:56.791Z - info: Website regeneration complete! Total build time: 0.193s
2022-10-20T16:56:54.141Z - info: [12:56:54 am] Reload for file change: C:\repos\nus-cs2103\cs2103-website-base\admin\exams.md
2022-10-20T16:56:54.141Z - info: Synchronizing opened pages list before reload
2022-10-20T16:56:54.141Z - info: Current opened pages, from most-to-least recent:
2022-10-20T16:56:54.142Z - info: 1. admin/exams
2022-10-20T16:56:55.151Z - info: Rebuilding 1 pages
2022-10-20T16:56:55.549Z - info: Site data built
2022-10-20T16:56:55.549Z - info: Pages rebuilt
2022-10-20T16:56:55.549Z - info: Website regeneration complete! Total build time: 0.4s
2022-10-20T16:58:22.249Z - info: [12:58:22 am] Reload for file change: C:\repos\nus-cs2103\cs2103-website-base\admin\exams.md
2022-10-20T16:58:22.249Z - info: Synchronizing opened pages list before reload
2022-10-20T16:58:22.250Z - info: Current opened pages, from most-to-least recent:
2022-10-20T16:58:22.250Z - info: 1. admin/exams
2022-10-20T16:58:23.269Z - info: Rebuilding 1 pages
2022-10-20T16:58:23.575Z - info: Site data built
2022-10-20T16:58:23.576Z - info: Pages rebuilt
2022-10-20T16:58:23.576Z - info: Website regeneration complete! Total build time: 0.308s
2022-10-20T17:00:45.594Z - info: [1:00:45 am] Reload for file change: C:\repos\nus-cs2103\cs2103-website-base\admin\exams.md
2022-10-20T17:00:45.594Z - info: Synchronizing opened pages list before reload
2022-10-20T17:00:45.594Z - info: Current opened pages, from most-to-least recent:
2022-10-20T17:00:45.594Z - info: 1. admin/exams
2022-10-20T17:00:46.600Z - info: Rebuilding 1 pages
2022-10-20T17:00:46.893Z - info: Site data built
2022-10-20T17:00:46.893Z - info: Pages rebuilt
2022-10-20T17:00:46.893Z - info: Website regeneration complete! Total build time: 0.294s
2022-10-20T17:02:07.815Z - info: [1:02:07 am] Reload for file change: C:\repos\nus-cs2103\cs2103-website-base\admin\exams.md
2022-10-20T17:02:07.816Z - info: Synchronizing opened pages list before reload
2022-10-20T17:02:07.816Z - info: Current opened pages, from most-to-least recent:
2022-10-20T17:02:07.816Z - info: 1. admin/exams
2022-10-20T17:02:08.831Z - info: Rebuilding 1 pages
2022-10-20T17:02:09.133Z - info: Site data built
2022-10-20T17:02:09.134Z - info: Pages rebuilt
2022-10-20T17:02:09.134Z - info: Website regeneration complete! Total build time: 0.303s
2022-10-20T17:03:05.821Z - info: [1:03:05 am] Reload for file change: C:\repos\nus-cs2103\cs2103-website-base\admin\exams.md
2022-10-20T17:03:05.821Z - info: Synchronizing opened pages list before reload
2022-10-20T17:03:05.822Z - info: Current opened pages, from most-to-least recent:
2022-10-20T17:03:05.822Z - info: 1. admin/exams
2022-10-20T17:03:06.839Z - info: Rebuilding 1 pages
2022-10-20T17:03:07.047Z - info: Site data built
2022-10-20T17:03:07.047Z - info: Pages rebuilt
2022-10-20T17:03:07.047Z - info: Website regeneration complete! Total build time: 0.209s
2022-10-20T17:03:32.702Z - info: [1:03:32 am] Reload for file change: C:\repos\nus-cs2103\cs2103-website-base\admin\exams.md
2022-10-20T17:03:32.702Z - info: Synchronizing opened pages list before reload
2022-10-20T17:03:32.702Z - info: Current opened pages, from most-to-least recent:
2022-10-20T17:03:32.702Z - info: 1. admin/exams
2022-10-20T17:03:33.723Z - info: Rebuilding 1 pages
2022-10-20T17:03:33.916Z - info: Site data built
2022-10-20T17:03:33.916Z - info: Pages rebuilt
2022-10-20T17:03:33.916Z - info: Website regeneration complete! Total build time: 0.195s
2022-10-20T17:05:53.788Z - info: [1:05:53 am] Reload for file change: C:\repos\nus-cs2103\cs2103-website-base\admin\exams.md
2022-10-20T17:05:53.788Z - info: Synchronizing opened pages list before reload
2022-10-20T17:05:53.789Z - info: Current opened pages, from most-to-least recent:
2022-10-20T17:05:53.789Z - info: 1. admin/exams
2022-10-20T17:05:54.798Z - info: Rebuilding 1 pages
2022-10-20T17:05:55.010Z - info: Site data built
2022-10-20T17:05:55.011Z - info: Pages rebuilt
2022-10-20T17:05:55.011Z - info: Website regeneration complete! Total build time: 0.213s
2022-10-20T17:06:07.933Z - info: [1:06:07 am] Reload for file change: C:\repos\nus-cs2103\cs2103-website-base\admin\exams.md
2022-10-20T17:06:07.933Z - info: Synchronizing opened pages list before reload
2022-10-20T17:06:07.933Z - info: Current opened pages, from most-to-least recent:
2022-10-20T17:06:07.933Z - info: 1. admin/exams
2022-10-20T17:06:08.937Z - info: Rebuilding 1 pages
2022-10-20T17:06:09.112Z - info: Site data built
2022-10-20T17:06:09.112Z - info: Pages rebuilt
2022-10-20T17:06:09.113Z - info: Website regeneration complete! Total build time: 0.176s
2022-10-20T17:09:48.706Z - info: Website generation started at 1:09:46 am
2022-10-20T17:10:01.876Z - info: Building assets...
2022-10-20T17:10:12.147Z - info: Assets built
2022-10-20T17:10:12.149Z - info: Generating pages...
2022-10-20T17:10:30.565Z - debug:  
2022-10-20T17:10:30.698Z - debug:  
2022-10-20T17:10:33.658Z - debug:  
2022-10-20T17:10:33.658Z - debug:  
2022-10-20T17:10:33.675Z - debug:  
2022-10-20T17:10:33.675Z - debug:  
2022-10-20T17:10:33.676Z - debug:  
2022-10-20T17:10:33.676Z - debug:  
2022-10-20T17:10:33.676Z - debug:  
2022-10-20T17:10:33.677Z - debug:  
2022-10-20T17:10:33.677Z - debug:  
2022-10-20T17:10:33.677Z - debug:  
2022-10-20T17:13:21.321Z - debug:  
2022-10-20T17:13:38.010Z - debug:  
2022-10-20T17:13:38.011Z - debug:  
2022-10-20T17:13:48.829Z - info: Pages built
2022-10-20T17:13:50.265Z - info: Site data built
2022-10-20T17:13:50.265Z - info: Website generation complete! Total build time: 243.76s
2022-10-20T17:13:50.266Z - info: Build success!
2022-10-20T17:15:54.528Z - info: The website has been deployed at: https://nus-cs2103-ay2223s1.github.io/website
