2022-09-15T16:24:50.969Z - info: Website generation (lazy) started at 12:24:48 am
2022-09-15T16:25:06.540Z - info: Building assets...
2022-09-15T16:25:16.647Z - info: Assets built
2022-09-15T16:25:16.648Z - info: Generating landing page...
2022-09-15T16:25:18.703Z - info: Landing page built, other pages will be built as you navigate to them!
2022-09-15T16:25:20.579Z - info: Site data built
2022-09-15T16:25:20.580Z - info: Website generation (lazy) complete! Total build time: 32.276s
2022-09-15T16:25:21.927Z - info: Serving "C:\repos\nus-cs2103\cs2103-website-base\_site" at http://127.0.0.1:8080
2022-09-15T16:25:21.928Z - info: Press CTRL+C to stop ...
2022-09-15T16:26:13.434Z - info: Building C:\repos\nus-cs2103\cs2103-website-base\schedule\week7\index as some of its dependencies were changed since the last visit
2022-09-15T16:26:15.705Z - info: Site data built
2022-09-15T16:26:15.706Z - info: Lazy website regeneration complete! Total build time: 2.272s
2022-09-15T16:26:24.798Z - info: Building C:\repos\nus-cs2103\cs2103-website-base\schedule\week7\project as some of its dependencies were changed since the last visit
2022-09-15T16:26:28.857Z - info: Site data built
2022-09-15T16:26:28.858Z - info: Lazy website regeneration complete! Total build time: 4.061s
2022-09-15T16:37:08.059Z - info: [12:37:08 am] Reload for file change: C:\repos\nus-cs2103\cs2103-website-base\admin\tp-tasks-fragment.md
2022-09-15T16:37:08.059Z - info: Synchronizing opened pages list before reload
2022-09-15T16:37:08.060Z - info: Current opened pages, from most-to-least recent:
2022-09-15T16:37:08.060Z - info: 1. schedule/week7/project
2022-09-15T16:37:09.068Z - info: Rebuilding 1 pages
2022-09-15T16:37:17.939Z - info: Site data built
2022-09-15T16:37:17.942Z - info: Pages rebuilt
2022-09-15T16:37:17.943Z - info: Website regeneration complete! Total build time: 8.876s
2022-09-15T16:37:25.870Z - info: [12:37:25 am] Reload for file change: C:\repos\nus-cs2103\cs2103-website-base\admin\tp-tasks-fragment.md
2022-09-15T16:37:25.870Z - info: Synchronizing opened pages list before reload
2022-09-15T16:37:25.871Z - info: Current opened pages, from most-to-least recent:
2022-09-15T16:37:25.871Z - info: 1. schedule/week7/project
2022-09-15T16:37:26.884Z - info: Rebuilding 1 pages
2022-09-15T16:37:33.229Z - info: Site data built
2022-09-15T16:37:33.231Z - info: Pages rebuilt
2022-09-15T16:37:33.231Z - info: Website regeneration complete! Total build time: 6.348s
2022-09-15T16:43:14.245Z - info: [12:43:14 am] Reload for file change: C:\repos\nus-cs2103\cs2103-website-base\admin\tp-tasks-fragment.md
2022-09-15T16:43:14.246Z - info: Synchronizing opened pages list before reload
2022-09-15T16:43:14.246Z - info: Current opened pages, from most-to-least recent:
2022-09-15T16:43:14.246Z - info: 1. schedule/week7/project
2022-09-15T16:43:15.256Z - info: Rebuilding 1 pages
2022-09-15T16:43:17.247Z - info: Site data built
2022-09-15T16:43:17.247Z - info: Pages rebuilt
2022-09-15T16:43:17.247Z - info: Website regeneration complete! Total build time: 1.992s
2022-09-15T16:43:59.659Z - info: [12:43:59 am] Reload for file change: C:\repos\nus-cs2103\cs2103-website-base\admin\tp-tasks-fragment.md
2022-09-15T16:43:59.660Z - info: Synchronizing opened pages list before reload
2022-09-15T16:43:59.660Z - info: Current opened pages, from most-to-least recent:
2022-09-15T16:43:59.660Z - info: 1. schedule/week7/project
2022-09-15T16:44:00.675Z - info: Rebuilding 1 pages
2022-09-15T16:44:03.477Z - info: Site data built
2022-09-15T16:44:03.478Z - info: Pages rebuilt
2022-09-15T16:44:03.478Z - info: Website regeneration complete! Total build time: 2.804s
2022-09-15T16:47:27.241Z - info: [12:47:27 am] Reload for file change: C:\repos\nus-cs2103\cs2103-website-base\admin\tp-tasks-fragment.md
2022-09-15T16:47:27.242Z - info: Synchronizing opened pages list before reload
2022-09-15T16:47:27.242Z - info: Current opened pages, from most-to-least recent:
2022-09-15T16:47:27.243Z - info: 1. schedule/week7/project
2022-09-15T16:47:28.264Z - info: Rebuilding 1 pages
2022-09-15T16:47:31.157Z - info: Site data built
2022-09-15T16:47:31.157Z - info: Pages rebuilt
2022-09-15T16:47:31.157Z - info: Website regeneration complete! Total build time: 2.895s
2022-09-15T16:47:42.161Z - info: [12:47:42 am] Reload for file change: C:\repos\nus-cs2103\cs2103-website-base\admin\tp-tasks-fragment.md
2022-09-15T16:47:42.161Z - info: Synchronizing opened pages list before reload
2022-09-15T16:47:42.161Z - info: Current opened pages, from most-to-least recent:
2022-09-15T16:47:42.162Z - info: 1. schedule/week7/project
2022-09-15T16:47:43.180Z - info: Rebuilding 1 pages
2022-09-15T16:47:45.206Z - info: Site data built
2022-09-15T16:47:45.206Z - info: Pages rebuilt
2022-09-15T16:47:45.207Z - info: Website regeneration complete! Total build time: 2.027s
2022-09-15T16:48:09.722Z - info: [12:48:09 am] Reload for file change: C:\repos\nus-cs2103\cs2103-website-base\admin\tp-tasks-fragment.md
2022-09-15T16:48:09.723Z - info: Synchronizing opened pages list before reload
2022-09-15T16:48:09.723Z - info: Current opened pages, from most-to-least recent:
2022-09-15T16:48:09.723Z - info: 1. schedule/week7/project
2022-09-15T16:48:10.726Z - info: Rebuilding 1 pages
2022-09-15T16:48:13.371Z - info: Site data built
2022-09-15T16:48:13.371Z - info: Pages rebuilt
2022-09-15T16:48:13.371Z - info: Website regeneration complete! Total build time: 2.646s
2022-09-15T16:49:35.005Z - info: [12:49:35 am] Reload for file change: C:\repos\nus-cs2103\cs2103-website-base\admin\tp-tasks-fragment.md
2022-09-15T16:49:35.007Z - info: Synchronizing opened pages list before reload
2022-09-15T16:49:35.007Z - info: Current opened pages, from most-to-least recent:
2022-09-15T16:49:35.007Z - info: 1. schedule/week7/project
2022-09-15T16:49:36.011Z - info: Rebuilding 1 pages
2022-09-15T16:49:39.167Z - info: Site data built
2022-09-15T16:49:39.168Z - info: Pages rebuilt
2022-09-15T16:49:39.168Z - info: Website regeneration complete! Total build time: 3.158s
2022-09-15T16:50:18.868Z - info: [12:50:18 am] Reload for file change: C:\repos\nus-cs2103\cs2103-website-base\admin\tp-tasks-fragment.md
2022-09-15T16:50:18.869Z - info: Synchronizing opened pages list before reload
2022-09-15T16:50:18.869Z - info: Current opened pages, from most-to-least recent:
2022-09-15T16:50:18.870Z - info: 1. schedule/week7/project
2022-09-15T16:50:19.876Z - info: Rebuilding 1 pages
2022-09-15T16:50:22.543Z - info: Site data built
2022-09-15T16:50:22.543Z - info: Pages rebuilt
2022-09-15T16:50:22.544Z - info: Website regeneration complete! Total build time: 2.669s
2022-09-15T16:50:43.899Z - info: [12:50:43 am] Reload for file change: C:\repos\nus-cs2103\cs2103-website-base\admin\tp-tasks-fragment.md
2022-09-15T16:50:43.900Z - info: Synchronizing opened pages list before reload
2022-09-15T16:50:43.900Z - info: Current opened pages, from most-to-least recent:
2022-09-15T16:50:43.900Z - info: 1. schedule/week7/project
2022-09-15T16:50:44.907Z - info: Rebuilding 1 pages
2022-09-15T16:50:47.766Z - info: Site data built
2022-09-15T16:50:47.766Z - info: Pages rebuilt
2022-09-15T16:50:47.766Z - info: Website regeneration complete! Total build time: 2.86s
2022-09-15T16:53:58.689Z - info: [12:53:58 am] Reload for file change: C:\repos\nus-cs2103\cs2103-website-base\admin\tp-tasks-fragment.md
2022-09-15T16:53:58.690Z - info: Synchronizing opened pages list before reload
2022-09-15T16:53:58.692Z - info: Current opened pages, from most-to-least recent:
2022-09-15T16:53:58.692Z - info: 1. schedule/week7/project
2022-09-15T16:53:59.711Z - info: Rebuilding 1 pages
2022-09-15T16:54:11.274Z - info: Site data built
2022-09-15T16:54:11.275Z - info: Pages rebuilt
2022-09-15T16:54:11.276Z - info: Website regeneration complete! Total build time: 11.568s
2022-09-15T16:54:32.975Z - info: [12:54:32 am] Reload for file change: C:\repos\nus-cs2103\cs2103-website-base\admin\tp-tasks-fragment.md
2022-09-15T16:54:32.976Z - info: Synchronizing opened pages list before reload
2022-09-15T16:54:32.976Z - info: Current opened pages, from most-to-least recent:
2022-09-15T16:54:32.977Z - info: 1. schedule/week7/project
2022-09-15T16:54:33.988Z - info: Rebuilding 1 pages
2022-09-15T16:54:35.908Z - info: Site data built
2022-09-15T16:54:35.909Z - info: Pages rebuilt
2022-09-15T16:54:35.909Z - info: Website regeneration complete! Total build time: 1.922s
2022-09-15T16:55:17.864Z - info: [12:55:17 am] Reload for file change: C:\repos\nus-cs2103\cs2103-website-base\admin\tp-tasks-fragment.md
2022-09-15T16:55:17.865Z - info: Synchronizing opened pages list before reload
2022-09-15T16:55:17.865Z - info: Current opened pages, from most-to-least recent:
2022-09-15T16:55:17.865Z - info: 1. schedule/week7/project
2022-09-15T16:55:18.874Z - info: Rebuilding 1 pages
2022-09-15T16:55:22.011Z - info: Site data built
2022-09-15T16:55:22.011Z - info: Pages rebuilt
2022-09-15T16:55:22.011Z - info: Website regeneration complete! Total build time: 3.139s
2022-09-15T16:57:01.458Z - info: [12:57:01 am] Reload for file change: C:\repos\nus-cs2103\cs2103-website-base\admin\tp-tasks-fragment.md
2022-09-15T16:57:01.458Z - info: Synchronizing opened pages list before reload
2022-09-15T16:57:01.459Z - info: Current opened pages, from most-to-least recent:
2022-09-15T16:57:01.459Z - info: 1. schedule/week7/project
2022-09-15T16:57:02.473Z - info: Rebuilding 1 pages
2022-09-15T16:57:05.007Z - info: Site data built
2022-09-15T16:57:05.007Z - info: Pages rebuilt
2022-09-15T16:57:05.007Z - info: Website regeneration complete! Total build time: 2.534s
2022-09-15T16:57:12.320Z - info: [12:57:12 am] Reload for file change: C:\repos\nus-cs2103\cs2103-website-base\admin\tp-tasks-fragment.md
2022-09-15T16:57:12.320Z - info: Synchronizing opened pages list before reload
2022-09-15T16:57:12.320Z - info: Current opened pages, from most-to-least recent:
2022-09-15T16:57:12.320Z - info: 1. schedule/week7/project
2022-09-15T16:57:13.332Z - info: Rebuilding 1 pages
2022-09-15T16:57:15.240Z - info: Site data built
2022-09-15T16:57:15.240Z - info: Pages rebuilt
2022-09-15T16:57:15.241Z - info: Website regeneration complete! Total build time: 1.91s
2022-09-15T16:57:28.940Z - info: [12:57:28 am] Reload for file change: C:\repos\nus-cs2103\cs2103-website-base\admin\tp-tasks-fragment.md
2022-09-15T16:57:28.940Z - info: Synchronizing opened pages list before reload
2022-09-15T16:57:28.940Z - info: Current opened pages, from most-to-least recent:
2022-09-15T16:57:28.940Z - info: 1. schedule/week7/project
2022-09-15T16:57:29.960Z - info: Rebuilding 1 pages
2022-09-15T16:57:32.412Z - info: Site data built
2022-09-15T16:57:32.412Z - info: Pages rebuilt
2022-09-15T16:57:32.412Z - info: Website regeneration complete! Total build time: 2.453s
2022-09-15T16:57:56.283Z - info: [12:57:56 am] Reload for file change: C:\repos\nus-cs2103\cs2103-website-base\admin\tp-tasks-fragment.md
2022-09-15T16:57:56.283Z - info: Synchronizing opened pages list before reload
2022-09-15T16:57:56.284Z - info: Current opened pages, from most-to-least recent:
2022-09-15T16:57:56.284Z - info: 1. schedule/week7/project
2022-09-15T16:57:57.296Z - info: Rebuilding 1 pages
2022-09-15T16:57:59.713Z - info: Site data built
2022-09-15T16:57:59.713Z - info: Pages rebuilt
2022-09-15T16:57:59.713Z - info: Website regeneration complete! Total build time: 2.417s
2022-09-15T16:58:25.559Z - info: [12:58:25 am] Reload for file change: C:\repos\nus-cs2103\cs2103-website-base\admin\tp-tasks-fragment.md
2022-09-15T16:58:25.559Z - info: Synchronizing opened pages list before reload
2022-09-15T16:58:25.559Z - info: Current opened pages, from most-to-least recent:
2022-09-15T16:58:25.559Z - info: 1. schedule/week7/project
2022-09-15T16:58:26.570Z - info: Rebuilding 1 pages
2022-09-15T16:58:29.121Z - info: Site data built
2022-09-15T16:58:29.121Z - info: Pages rebuilt
2022-09-15T16:58:29.121Z - info: Website regeneration complete! Total build time: 2.552s
2022-09-15T16:58:44.912Z - info: [12:58:44 am] Reload for file change: C:\repos\nus-cs2103\cs2103-website-base\admin\tp-tasks-fragment.md
2022-09-15T16:58:44.912Z - info: Synchronizing opened pages list before reload
2022-09-15T16:58:44.912Z - info: Current opened pages, from most-to-least recent:
2022-09-15T16:58:44.912Z - info: 1. schedule/week7/project
2022-09-15T16:58:45.918Z - info: Rebuilding 1 pages
2022-09-15T16:58:48.148Z - info: Site data built
2022-09-15T16:58:48.148Z - info: Pages rebuilt
2022-09-15T16:58:48.149Z - info: Website regeneration complete! Total build time: 2.232s
2022-09-15T16:59:05.564Z - info: [12:59:05 am] Reload for file change: C:\repos\nus-cs2103\cs2103-website-base\admin\tp-tasks-fragment.md
2022-09-15T16:59:05.564Z - info: Synchronizing opened pages list before reload
2022-09-15T16:59:05.564Z - info: Current opened pages, from most-to-least recent:
2022-09-15T16:59:05.564Z - info: 1. schedule/week7/project
2022-09-15T16:59:06.570Z - info: Rebuilding 1 pages
2022-09-15T16:59:08.466Z - info: Site data built
2022-09-15T16:59:08.466Z - info: Pages rebuilt
2022-09-15T16:59:08.467Z - info: Website regeneration complete! Total build time: 1.897s
2022-09-15T16:59:15.305Z - info: [12:59:15 am] Reload for file change: C:\repos\nus-cs2103\cs2103-website-base\admin\tp-tasks-fragment.md
2022-09-15T16:59:15.305Z - info: Synchronizing opened pages list before reload
2022-09-15T16:59:15.305Z - info: Current opened pages, from most-to-least recent:
2022-09-15T16:59:15.305Z - info: 1. schedule/week7/project
2022-09-15T16:59:16.313Z - info: Rebuilding 1 pages
2022-09-15T16:59:18.238Z - info: Site data built
2022-09-15T16:59:18.239Z - info: Pages rebuilt
2022-09-15T16:59:18.239Z - info: Website regeneration complete! Total build time: 1.927s
2022-09-15T16:59:50.848Z - info: [12:59:50 am] Reload for file change: C:\repos\nus-cs2103\cs2103-website-base\admin\tp-tasks-fragment.md
2022-09-15T16:59:50.848Z - info: Synchronizing opened pages list before reload
2022-09-15T16:59:50.848Z - info: Current opened pages, from most-to-least recent:
2022-09-15T16:59:50.848Z - info: 1. schedule/week7/project
2022-09-15T16:59:51.860Z - info: Rebuilding 1 pages
2022-09-15T16:59:53.791Z - info: Site data built
2022-09-15T16:59:53.791Z - info: Pages rebuilt
2022-09-15T16:59:53.791Z - info: Website regeneration complete! Total build time: 1.931s
2022-09-15T17:00:13.615Z - info: [1:00:13 am] Reload for file change: C:\repos\nus-cs2103\cs2103-website-base\admin\tp-tasks-fragment.md
2022-09-15T17:00:13.615Z - info: Synchronizing opened pages list before reload
2022-09-15T17:00:13.615Z - info: Current opened pages, from most-to-least recent:
2022-09-15T17:00:13.615Z - info: 1. schedule/week7/project
2022-09-15T17:00:14.626Z - info: Rebuilding 1 pages
2022-09-15T17:00:16.510Z - info: Site data built
2022-09-15T17:00:16.510Z - info: Pages rebuilt
2022-09-15T17:00:16.510Z - info: Website regeneration complete! Total build time: 1.884s
2022-09-15T17:00:24.409Z - info: [1:00:24 am] Reload for file change: C:\repos\nus-cs2103\cs2103-website-base\admin\tp-tasks-fragment.md
2022-09-15T17:00:24.409Z - info: Synchronizing opened pages list before reload
2022-09-15T17:00:24.410Z - info: Current opened pages, from most-to-least recent:
2022-09-15T17:00:24.410Z - info: 1. schedule/week7/project
2022-09-15T17:00:25.425Z - info: Rebuilding 1 pages
2022-09-15T17:00:27.355Z - info: Site data built
2022-09-15T17:00:27.355Z - info: Pages rebuilt
2022-09-15T17:00:27.355Z - info: Website regeneration complete! Total build time: 1.932s
2022-09-15T17:00:42.761Z - info: [1:00:42 am] Reload for file change: C:\repos\nus-cs2103\cs2103-website-base\admin\tp-tasks-fragment.md
2022-09-15T17:00:42.761Z - info: Synchronizing opened pages list before reload
2022-09-15T17:00:42.762Z - info: Current opened pages, from most-to-least recent:
2022-09-15T17:00:42.762Z - info: 1. schedule/week7/project
2022-09-15T17:00:43.772Z - info: Rebuilding 1 pages
2022-09-15T17:00:45.678Z - info: Site data built
2022-09-15T17:00:45.679Z - info: Pages rebuilt
2022-09-15T17:00:45.679Z - info: Website regeneration complete! Total build time: 1.908s
2022-09-15T17:01:56.585Z - info: [1:01:56 am] Reload for file change: C:\repos\nus-cs2103\cs2103-website-base\admin\tp-tasks-fragment.md
2022-09-15T17:01:56.585Z - info: Synchronizing opened pages list before reload
2022-09-15T17:01:56.585Z - info: Current opened pages, from most-to-least recent:
2022-09-15T17:01:56.585Z - info: 1. schedule/week7/project
2022-09-15T17:01:57.595Z - info: Rebuilding 1 pages
2022-09-15T17:01:59.551Z - info: Site data built
2022-09-15T17:01:59.552Z - info: Pages rebuilt
2022-09-15T17:01:59.552Z - info: Website regeneration complete! Total build time: 1.958s
2022-09-15T17:04:32.571Z - info: [1:04:32 am] Reload for file change: C:\repos\nus-cs2103\cs2103-website-base\admin\tp-tasks-fragment.md
2022-09-15T17:04:32.571Z - info: Synchronizing opened pages list before reload
2022-09-15T17:04:32.571Z - info: Current opened pages, from most-to-least recent:
2022-09-15T17:04:32.571Z - info: 1. schedule/week7/project
2022-09-15T17:04:33.578Z - info: Rebuilding 1 pages
2022-09-15T17:04:35.741Z - info: Site data built
2022-09-15T17:04:35.741Z - info: Pages rebuilt
2022-09-15T17:04:35.741Z - info: Website regeneration complete! Total build time: 2.164s
2022-09-15T17:05:06.573Z - info: [1:05:06 am] Reload for file change: C:\repos\nus-cs2103\cs2103-website-base\admin\tp-tasks-fragment.md
2022-09-15T17:05:06.573Z - info: Synchronizing opened pages list before reload
2022-09-15T17:05:06.574Z - info: Current opened pages, from most-to-least recent:
2022-09-15T17:05:06.574Z - info: 1. schedule/week7/project
2022-09-15T17:05:07.598Z - info: Rebuilding 1 pages
2022-09-15T17:05:15.714Z - info: Site data built
2022-09-15T17:05:15.715Z - info: Pages rebuilt
2022-09-15T17:05:15.715Z - info: Website regeneration complete! Total build time: 8.12s
2022-09-15T17:07:52.952Z - info: [1:07:52 am] Reload for file change: C:\repos\nus-cs2103\cs2103-website-base\admin\tp-tasks-fragment.md
2022-09-15T17:07:52.952Z - info: Synchronizing opened pages list before reload
2022-09-15T17:07:52.952Z - info: Current opened pages, from most-to-least recent:
2022-09-15T17:07:52.952Z - info: 1. schedule/week7/project
2022-09-15T17:07:53.966Z - info: Rebuilding 1 pages
2022-09-15T17:07:55.928Z - info: Site data built
2022-09-15T17:07:55.928Z - info: Pages rebuilt
2022-09-15T17:07:55.929Z - info: Website regeneration complete! Total build time: 1.963s
2022-09-15T17:08:41.374Z - info: [1:08:41 am] Reload for file change: C:\repos\nus-cs2103\cs2103-website-base\admin\tp-tasks-fragment.md
2022-09-15T17:08:41.375Z - info: Synchronizing opened pages list before reload
2022-09-15T17:08:41.375Z - info: Current opened pages, from most-to-least recent:
2022-09-15T17:08:41.375Z - info: 1. schedule/week7/project
2022-09-15T17:08:42.386Z - info: Rebuilding 1 pages
2022-09-15T17:08:44.231Z - info: Site data built
2022-09-15T17:08:44.231Z - info: Pages rebuilt
2022-09-15T17:08:44.231Z - info: Website regeneration complete! Total build time: 1.845s
2022-09-15T17:09:06.425Z - info: [1:09:06 am] Reload for file change: C:\repos\nus-cs2103\cs2103-website-base\admin\tp-tasks-fragment.md
2022-09-15T17:09:06.425Z - info: Synchronizing opened pages list before reload
2022-09-15T17:09:06.425Z - info: Current opened pages, from most-to-least recent:
2022-09-15T17:09:06.425Z - info: 1. schedule/week7/project
2022-09-15T17:09:07.427Z - info: Rebuilding 1 pages
2022-09-15T17:09:09.359Z - info: Site data built
2022-09-15T17:09:09.359Z - info: Pages rebuilt
2022-09-15T17:09:09.359Z - info: Website regeneration complete! Total build time: 1.932s
2022-09-15T17:10:10.530Z - info: [1:10:10 am] Reload for file change: C:\repos\nus-cs2103\cs2103-website-base\admin\tp-tasks-fragment.md
2022-09-15T17:10:10.530Z - info: Synchronizing opened pages list before reload
2022-09-15T17:10:10.530Z - info: Current opened pages, from most-to-least recent:
2022-09-15T17:10:10.530Z - info: 1. schedule/week7/project
2022-09-15T17:10:11.548Z - info: Rebuilding 1 pages
2022-09-15T17:10:14.297Z - info: Site data built
2022-09-15T17:10:14.297Z - info: Pages rebuilt
2022-09-15T17:10:14.297Z - info: Website regeneration complete! Total build time: 2.75s
2022-09-15T17:10:48.971Z - info: [1:10:48 am] Reload for file change: C:\repos\nus-cs2103\cs2103-website-base\admin\tp-tasks-fragment.md
2022-09-15T17:10:48.972Z - info: Synchronizing opened pages list before reload
2022-09-15T17:10:48.972Z - info: Current opened pages, from most-to-least recent:
2022-09-15T17:10:48.972Z - info: 1. schedule/week7/project
2022-09-15T17:10:49.992Z - info: Rebuilding 1 pages
2022-09-15T17:10:52.412Z - info: Site data built
2022-09-15T17:10:52.412Z - info: Pages rebuilt
2022-09-15T17:10:52.412Z - info: Website regeneration complete! Total build time: 2.421s
2022-09-15T17:11:13.629Z - info: [1:11:13 am] Reload for file change: C:\repos\nus-cs2103\cs2103-website-base\admin\tp-tasks-fragment.md
2022-09-15T17:11:13.629Z - info: Synchronizing opened pages list before reload
2022-09-15T17:11:13.629Z - info: Current opened pages, from most-to-least recent:
2022-09-15T17:11:13.629Z - info: 1. schedule/week7/project
2022-09-15T17:11:14.641Z - info: Rebuilding 1 pages
2022-09-15T17:11:17.098Z - info: Site data built
2022-09-15T17:11:17.098Z - info: Pages rebuilt
2022-09-15T17:11:17.098Z - info: Website regeneration complete! Total build time: 2.458s
2022-09-15T17:12:24.736Z - info: [1:12:24 am] Reload for file change: C:\repos\nus-cs2103\cs2103-website-base\admin\tp-tasks-fragment.md
2022-09-15T17:12:24.736Z - info: Synchronizing opened pages list before reload
2022-09-15T17:12:24.736Z - info: Current opened pages, from most-to-least recent:
2022-09-15T17:12:24.736Z - info: 1. schedule/week7/project
2022-09-15T17:12:25.739Z - info: Rebuilding 1 pages
2022-09-15T17:12:28.174Z - info: Site data built
2022-09-15T17:12:28.174Z - info: Pages rebuilt
2022-09-15T17:12:28.174Z - info: Website regeneration complete! Total build time: 2.436s
2022-09-15T17:12:32.851Z - info: [1:12:32 am] Reload for file change: C:\repos\nus-cs2103\cs2103-website-base\admin\tp-tasks-fragment.md
2022-09-15T17:12:32.851Z - info: Synchronizing opened pages list before reload
2022-09-15T17:12:32.851Z - info: Current opened pages, from most-to-least recent:
2022-09-15T17:12:32.851Z - info: 1. schedule/week7/project
2022-09-15T17:12:33.866Z - info: Rebuilding 1 pages
2022-09-15T17:12:35.911Z - info: Site data built
2022-09-15T17:12:35.911Z - info: Pages rebuilt
2022-09-15T17:12:35.911Z - info: Website regeneration complete! Total build time: 2.047s
2022-09-15T17:12:41.060Z - info: [1:12:41 am] Reload for file change: C:\repos\nus-cs2103\cs2103-website-base\admin\tp-tasks-fragment.md
2022-09-15T17:12:41.060Z - info: Synchronizing opened pages list before reload
2022-09-15T17:12:41.060Z - info: Current opened pages, from most-to-least recent:
2022-09-15T17:12:41.060Z - info: 1. schedule/week7/project
2022-09-15T17:12:42.069Z - info: Rebuilding 1 pages
2022-09-15T17:12:43.872Z - info: Site data built
2022-09-15T17:12:43.873Z - info: Pages rebuilt
2022-09-15T17:12:43.873Z - info: Website regeneration complete! Total build time: 1.805s
2022-09-15T17:13:47.572Z - info: [1:13:47 am] Reload for file change: C:\repos\nus-cs2103\cs2103-website-base\admin\tp-tasks-fragment.md
2022-09-15T17:13:47.573Z - info: Synchronizing opened pages list before reload
2022-09-15T17:13:47.573Z - info: Current opened pages, from most-to-least recent:
2022-09-15T17:13:47.573Z - info: 1. schedule/week7/project
2022-09-15T17:13:48.587Z - info: Rebuilding 1 pages
2022-09-15T17:13:51.032Z - info: Site data built
2022-09-15T17:13:51.033Z - info: Pages rebuilt
2022-09-15T17:13:51.033Z - info: Website regeneration complete! Total build time: 2.447s
2022-09-15T17:14:33.121Z - info: [1:14:33 am] Reload for file change: C:\repos\nus-cs2103\cs2103-website-base\admin\tp-tasks-fragment.md
2022-09-15T17:14:33.121Z - info: Synchronizing opened pages list before reload
2022-09-15T17:14:33.121Z - info: Current opened pages, from most-to-least recent:
2022-09-15T17:14:33.121Z - info: 1. schedule/week7/project
2022-09-15T17:14:34.133Z - info: Rebuilding 1 pages
2022-09-15T17:14:36.575Z - info: Site data built
2022-09-15T17:14:36.575Z - info: Pages rebuilt
2022-09-15T17:14:36.575Z - info: Website regeneration complete! Total build time: 2.443s
2022-09-15T17:15:15.568Z - info: [1:15:15 am] Reload for file change: C:\repos\nus-cs2103\cs2103-website-base\admin\tp-tasks-fragment.md
2022-09-15T17:15:15.568Z - info: Synchronizing opened pages list before reload
2022-09-15T17:15:15.568Z - info: Current opened pages, from most-to-least recent:
2022-09-15T17:15:15.569Z - info: 1. schedule/week7/project
2022-09-15T17:15:16.573Z - info: Rebuilding 1 pages
2022-09-15T17:15:19.208Z - info: Site data built
2022-09-15T17:15:19.208Z - info: Pages rebuilt
2022-09-15T17:15:19.209Z - info: Website regeneration complete! Total build time: 2.636s
2022-09-15T17:15:44.967Z - info: [1:15:44 am] Reload for file change: C:\repos\nus-cs2103\cs2103-website-base\admin\tp-tasks-fragment.md
2022-09-15T17:15:44.968Z - info: Synchronizing opened pages list before reload
2022-09-15T17:15:44.968Z - info: Current opened pages, from most-to-least recent:
2022-09-15T17:15:44.968Z - info: 1. schedule/week7/project
2022-09-15T17:15:45.978Z - info: Rebuilding 1 pages
2022-09-15T17:15:48.617Z - info: Site data built
2022-09-15T17:15:48.617Z - info: Pages rebuilt
2022-09-15T17:15:48.617Z - info: Website regeneration complete! Total build time: 2.64s
2022-09-15T17:16:01.327Z - info: [1:16:01 am] Reload for file change: C:\repos\nus-cs2103\cs2103-website-base\admin\tp-tasks-fragment.md
2022-09-15T17:16:01.327Z - info: Synchronizing opened pages list before reload
2022-09-15T17:16:01.327Z - info: Current opened pages, from most-to-least recent:
2022-09-15T17:16:01.327Z - info: 1. schedule/week7/project
2022-09-15T17:16:02.338Z - info: Rebuilding 1 pages
2022-09-15T17:16:04.284Z - info: Site data built
2022-09-15T17:16:04.284Z - info: Pages rebuilt
2022-09-15T17:16:04.284Z - info: Website regeneration complete! Total build time: 1.947s
2022-09-15T17:16:39.891Z - info: [1:16:39 am] Reload for file change: C:\repos\nus-cs2103\cs2103-website-base\admin\tp-tasks-fragment.md
2022-09-15T17:16:39.892Z - info: Synchronizing opened pages list before reload
2022-09-15T17:16:39.892Z - info: Current opened pages, from most-to-least recent:
2022-09-15T17:16:39.892Z - info: 1. schedule/week7/project
2022-09-15T17:16:40.911Z - info: Rebuilding 1 pages
2022-09-15T17:16:43.287Z - info: Site data built
2022-09-15T17:16:43.287Z - info: Pages rebuilt
2022-09-15T17:16:43.287Z - info: Website regeneration complete! Total build time: 2.377s
2022-09-15T17:17:45.650Z - info: Website generation started at 1:17:43 am
2022-09-15T17:18:01.623Z - info: Building assets...
2022-09-15T17:18:12.651Z - info: Assets built
2022-09-15T17:18:12.653Z - info: Generating pages...
2022-09-15T17:18:46.905Z - debug:  
2022-09-15T17:18:46.911Z - debug:  
2022-09-15T17:18:46.921Z - debug:  
2022-09-15T17:18:46.924Z - debug:  
2022-09-15T17:18:46.935Z - debug:  
2022-09-15T17:18:46.945Z - debug:  
2022-09-15T17:18:46.946Z - debug:  
2022-09-15T17:18:46.955Z - debug:  
2022-09-15T17:18:46.957Z - debug:  
2022-09-15T17:18:59.874Z - debug:  
2022-09-15T17:18:59.876Z - debug:  
2022-09-15T17:18:59.877Z - debug:  
2022-09-15T17:25:22.177Z - debug:  
2022-09-15T17:25:38.705Z - debug:  
2022-09-15T17:25:38.706Z - debug:  
2022-09-15T17:25:50.496Z - info: Pages built
2022-09-15T17:25:52.251Z - info: Site data built
2022-09-15T17:25:52.251Z - info: Website generation complete! Total build time: 488.861s
2022-09-15T17:25:52.251Z - info: Build success!
2022-09-15T17:30:56.460Z - info: The website has been deployed at: https://nus-cs2103-ay2223s1.github.io/website
2022-09-16T03:18:06.110Z - info: Website generation (lazy) started at 11:18:00 am
2022-09-16T03:18:19.262Z - info: Building assets...
2022-09-16T03:18:29.241Z - info: Assets built
2022-09-16T03:18:29.242Z - info: Generating landing page...
2022-09-16T03:18:31.077Z - info: Landing page built, other pages will be built as you navigate to them!
2022-09-16T03:18:32.603Z - info: Site data built
2022-09-16T03:18:32.603Z - info: Website generation (lazy) complete! Total build time: 32.458s
2022-09-16T03:18:33.592Z - info: Serving "C:\repos\nus-cs2103\cs2103-website-base\_site" at http://127.0.0.1:8080
2022-09-16T03:18:33.593Z - info: Press CTRL+C to stop ...
2022-09-16T03:18:52.651Z - info: Building C:\repos\nus-cs2103\cs2103-website-base\schedule\week7\index as some of its dependencies were changed since the last visit
2022-09-16T03:18:55.728Z - info: Site data built
2022-09-16T03:18:55.729Z - info: Lazy website regeneration complete! Total build time: 3.077s
2022-09-16T03:18:59.268Z - info: Building C:\repos\nus-cs2103\cs2103-website-base\schedule\week7\topics as some of its dependencies were changed since the last visit
2022-09-16T03:19:02.312Z - info: Site data built
2022-09-16T03:19:02.313Z - info: Lazy website regeneration complete! Total build time: 3.045s
2022-09-16T03:19:28.808Z - info: [11:19:28 am] Reload for file change: C:\repos\nus-cs2103\cs2103-website-base\book\specifyingRequirements\useCases\introduction\text.md
2022-09-16T03:19:28.809Z - info: Synchronizing opened pages list before reload
2022-09-16T03:19:28.809Z - info: Current opened pages, from most-to-least recent:
2022-09-16T03:19:28.809Z - info: 1. schedule/week7/topics
2022-09-16T03:19:29.826Z - info: Rebuilding 1 pages
2022-09-16T03:19:31.970Z - info: Site data built
2022-09-16T03:19:31.970Z - info: Pages rebuilt
2022-09-16T03:19:31.971Z - info: Website regeneration complete! Total build time: 2.146s
2022-09-16T03:19:49.823Z - info: [11:19:49 am] Reload for file change: C:\repos\nus-cs2103\cs2103-website-base\book\specifyingRequirements\useCases\introduction\text.md
2022-09-16T03:19:49.824Z - info: Synchronizing opened pages list before reload
2022-09-16T03:19:49.824Z - info: Current opened pages, from most-to-least recent:
2022-09-16T03:19:49.824Z - info: 1. schedule/week7/topics
2022-09-16T03:19:50.835Z - info: Rebuilding 1 pages
2022-09-16T03:19:52.695Z - info: Site data built
2022-09-16T03:19:52.695Z - info: Pages rebuilt
2022-09-16T03:19:52.696Z - info: Website regeneration complete! Total build time: 1.86s
2022-09-16T03:21:38.450Z - info: [11:21:38 am] Reload for file change: C:\repos\nus-cs2103\cs2103-website-base\book\specifyingRequirements\useCases\introduction\text.md
2022-09-16T03:21:38.451Z - info: Synchronizing opened pages list before reload
2022-09-16T03:21:38.451Z - info: Current opened pages, from most-to-least recent:
2022-09-16T03:21:38.452Z - info: 1. schedule/week7/topics
2022-09-16T03:21:39.461Z - info: Rebuilding 1 pages
2022-09-16T03:21:41.481Z - info: Site data built
2022-09-16T03:21:41.481Z - info: Pages rebuilt
2022-09-16T03:21:41.481Z - info: Website regeneration complete! Total build time: 2.021s
2022-09-16T03:22:45.072Z - info: [11:22:45 am] Reload for file change: C:\repos\nus-cs2103\cs2103-website-base\book\specifyingRequirements\useCases\introduction\text.md
2022-09-16T03:22:45.073Z - info: Synchronizing opened pages list before reload
2022-09-16T03:22:45.073Z - info: Current opened pages, from most-to-least recent:
2022-09-16T03:22:45.074Z - info: 1. schedule/week7/topics
2022-09-16T03:22:46.083Z - info: Rebuilding 1 pages
2022-09-16T03:22:48.481Z - info: Site data built
2022-09-16T03:22:48.481Z - info: Pages rebuilt
2022-09-16T03:22:48.481Z - info: Website regeneration complete! Total build time: 2.399s
2022-09-16T03:23:29.952Z - info: [11:23:29 am] Reload for file change: C:\repos\nus-cs2103\cs2103-website-base\book\specifyingRequirements\useCases\introduction\text.md
2022-09-16T03:23:29.953Z - info: Synchronizing opened pages list before reload
2022-09-16T03:23:29.954Z - info: Current opened pages, from most-to-least recent:
2022-09-16T03:23:29.954Z - info: 1. schedule/week7/topics
2022-09-16T03:23:30.976Z - info: Rebuilding 1 pages
2022-09-16T03:23:33.521Z - info: Site data built
2022-09-16T03:23:33.521Z - info: Pages rebuilt
2022-09-16T03:23:33.521Z - info: Website regeneration complete! Total build time: 2.546s
2022-09-16T03:24:00.362Z - info: [11:24:00 am] Reload for file change: C:\repos\nus-cs2103\cs2103-website-base\book\specifyingRequirements\useCases\introduction\text.md
2022-09-16T03:24:00.363Z - info: Synchronizing opened pages list before reload
2022-09-16T03:24:00.363Z - info: Current opened pages, from most-to-least recent:
2022-09-16T03:24:00.363Z - info: 1. schedule/week7/topics
2022-09-16T03:24:01.378Z - info: Rebuilding 1 pages
2022-09-16T03:24:03.299Z - info: Site data built
2022-09-16T03:24:03.299Z - info: Pages rebuilt
2022-09-16T03:24:03.300Z - info: Website regeneration complete! Total build time: 1.924s
2022-09-16T03:24:28.659Z - info: [11:24:28 am] Reload for file change: C:\repos\nus-cs2103\cs2103-website-base\book\specifyingRequirements\useCases\introduction\text.md
2022-09-16T03:24:28.660Z - info: Synchronizing opened pages list before reload
2022-09-16T03:24:28.660Z - info: Current opened pages, from most-to-least recent:
2022-09-16T03:24:28.660Z - info: 1. schedule/week7/topics
2022-09-16T03:24:29.677Z - info: Rebuilding 1 pages
2022-09-16T03:24:31.749Z - info: Site data built
2022-09-16T03:24:31.750Z - info: Pages rebuilt
2022-09-16T03:24:31.750Z - info: Website regeneration complete! Total build time: 2.073s
2022-09-16T03:25:27.800Z - info: [11:25:27 am] Reload for file change: C:\repos\nus-cs2103\cs2103-website-base\book\specifyingRequirements\useCases\introduction\text.md
2022-09-16T03:25:27.801Z - info: Synchronizing opened pages list before reload
2022-09-16T03:25:27.801Z - info: Current opened pages, from most-to-least recent:
2022-09-16T03:25:27.802Z - info: 1. schedule/week7/topics
2022-09-16T03:25:28.816Z - info: Rebuilding 1 pages
2022-09-16T03:25:31.099Z - info: Site data built
2022-09-16T03:25:31.100Z - info: Pages rebuilt
2022-09-16T03:25:31.100Z - info: Website regeneration complete! Total build time: 2.285s
2022-09-16T03:26:05.266Z - info: Website generation (lazy) started at 11:26:03 am
2022-09-16T03:26:16.815Z - info: Building assets...
2022-09-16T03:26:25.253Z - info: Assets built
2022-09-16T03:26:25.254Z - info: Generating landing page...
2022-09-16T03:26:26.490Z - info: Landing page built, other pages will be built as you navigate to them!
2022-09-16T03:26:27.255Z - info: Site data built
2022-09-16T03:26:27.256Z - info: Website generation (lazy) complete! Total build time: 24.074s
2022-09-16T03:26:28.256Z - info: Serving "C:\repos\nus-cs2103\cs2103-website-base\_site" at http://127.0.0.1:8080
2022-09-16T03:26:28.256Z - info: Press CTRL+C to stop ...
2022-09-16T03:26:35.990Z - info: Building C:\repos\nus-cs2103\cs2103-website-base\schedule\week7\index as some of its dependencies were changed since the last visit
2022-09-16T03:26:48.361Z - info: Site data built
2022-09-16T03:26:48.362Z - info: Lazy website regeneration complete! Total build time: 12.372s
2022-09-16T03:27:25.502Z - info: Building C:\repos\nus-cs2103\cs2103-website-base\schedule\week7\topics as some of its dependencies were changed since the last visit
2022-09-16T03:27:29.215Z - info: Site data built
2022-09-16T03:27:29.216Z - info: Lazy website regeneration complete! Total build time: 3.715s
2022-09-16T03:28:05.894Z - info: [11:28:05 am] Reload for file change: C:\repos\nus-cs2103\cs2103-website-base\book\specifyingRequirements\useCases\introduction\text.md
2022-09-16T03:28:05.895Z - info: Synchronizing opened pages list before reload
2022-09-16T03:28:05.896Z - info: Current opened pages, from most-to-least recent:
2022-09-16T03:28:05.896Z - info: 1. schedule/week7/topics
2022-09-16T03:28:06.917Z - info: Rebuilding 1 pages
2022-09-16T03:28:09.169Z - info: Site data built
2022-09-16T03:28:09.169Z - info: Pages rebuilt
2022-09-16T03:28:09.169Z - info: Website regeneration complete! Total build time: 2.254s
2022-09-16T03:29:39.961Z - info: [11:29:39 am] Reload for file change: C:\repos\nus-cs2103\cs2103-website-base\book\specifyingRequirements\useCases\introduction\text.md
2022-09-16T03:29:39.961Z - info: Synchronizing opened pages list before reload
2022-09-16T03:29:39.962Z - info: Current opened pages, from most-to-least recent:
2022-09-16T03:29:39.962Z - info: 1. schedule/week7/topics
2022-09-16T03:29:40.981Z - info: Rebuilding 1 pages
2022-09-16T03:29:43.785Z - info: Site data built
2022-09-16T03:29:43.786Z - info: Pages rebuilt
2022-09-16T03:29:43.786Z - info: Website regeneration complete! Total build time: 2.807s
2022-09-16T03:32:35.137Z - info: [11:32:35 am] Reload for file change: C:\repos\nus-cs2103\cs2103-website-base\book\specifyingRequirements\useCases\identifying\text.md
2022-09-16T03:32:35.139Z - info: Synchronizing opened pages list before reload
2022-09-16T03:32:35.139Z - info: Current opened pages, from most-to-least recent:
2022-09-16T03:32:35.140Z - info: 1. schedule/week7/topics
2022-09-16T03:32:36.153Z - info: Rebuilding 1 pages
2022-09-16T03:32:38.630Z - info: Site data built
2022-09-16T03:32:38.630Z - info: Pages rebuilt
2022-09-16T03:32:38.630Z - info: Website regeneration complete! Total build time: 2.478s
2022-09-16T03:33:16.208Z - info: [11:33:16 am] Reload for file change: C:\repos\nus-cs2103\cs2103-website-base\book\specifyingRequirements\useCases\identifying\text.md
2022-09-16T03:33:16.208Z - info: Synchronizing opened pages list before reload
2022-09-16T03:33:16.208Z - info: Current opened pages, from most-to-least recent:
2022-09-16T03:33:16.209Z - info: 1. schedule/week7/topics
2022-09-16T03:33:17.221Z - info: Rebuilding 1 pages
2022-09-16T03:33:19.889Z - info: Site data built
2022-09-16T03:33:19.889Z - info: Pages rebuilt
2022-09-16T03:33:19.890Z - info: Website regeneration complete! Total build time: 2.67s
2022-09-16T03:33:24.136Z - info: [11:33:24 am] Reload for file deletion: C:\repos\nus-cs2103\cs2103-website-base\book\specifyingRequirements\useCases\introduction\text.md
2022-09-16T03:33:24.137Z - info: Synchronizing opened pages list before reload
2022-09-16T03:33:24.137Z - info: Current opened pages, from most-to-least recent:
2022-09-16T03:33:24.137Z - info: 1. schedule/week7/topics
2022-09-16T03:33:31.938Z - info: Pages or site config modified, updating pages...
2022-09-16T03:33:37.417Z - info: [11:33:37 am] Reload for file add: C:\repos\nus-cs2103\cs2103-website-base\book\specifyingRequirements\useCases\introduction\text.md
2022-09-16T03:33:37.418Z - info: Synchronizing opened pages list before reload
2022-09-16T03:33:37.418Z - info: Current opened pages, from most-to-least recent:
2022-09-16T03:33:37.418Z - info: 1. schedule/week7/topics
2022-09-16T03:33:42.754Z - info: Building C:\repos\nus-cs2103\cs2103-website-base\schedule\week7\topics as some of its dependencies were changed since the last visit
2022-09-16T03:33:44.978Z - info: Site data built
2022-09-16T03:33:44.978Z - info: Lazy website regeneration complete! Total build time: 2.224s
2022-09-16T03:33:44.981Z - info: Pages or site config modified, updating pages...
2022-09-16T03:33:51.552Z - info: Building C:\repos\nus-cs2103\cs2103-website-base\schedule\week7\topics as some of its dependencies were changed since the last visit
2022-09-16T03:33:54.236Z - info: Site data built
2022-09-16T03:33:54.237Z - info: Lazy website regeneration complete! Total build time: 2.685s
2022-09-16T11:03:26.637Z - info: Website generation started at 7:03:24 pm
2022-09-16T11:03:39.267Z - info: Building assets...
2022-09-16T11:03:46.826Z - info: Assets built
2022-09-16T11:03:46.827Z - info: Generating pages...
2022-09-16T11:04:00.036Z - debug:  
2022-09-16T11:04:00.036Z - debug:  
2022-09-16T11:04:00.037Z - debug:  
2022-09-16T11:04:00.037Z - debug:  
2022-09-16T11:04:00.038Z - debug:  
2022-09-16T11:04:00.039Z - debug:  
2022-09-16T11:04:00.039Z - debug:  
2022-09-16T11:04:00.039Z - debug:  
2022-09-16T11:04:00.039Z - debug:  
2022-09-16T11:04:00.040Z - debug:  
2022-09-16T11:04:00.040Z - debug:  
2022-09-16T11:04:00.040Z - debug:  
2022-09-16T11:06:16.190Z - debug:  
2022-09-16T11:06:28.620Z - debug:  
2022-09-16T11:06:28.620Z - debug:  
2022-09-16T11:06:38.102Z - info: Pages built
2022-09-16T11:06:39.169Z - info: Site data built
2022-09-16T11:06:39.169Z - info: Website generation complete! Total build time: 194.987s
2022-09-16T11:06:39.169Z - info: Build success!
2022-09-16T11:09:13.744Z - info: The website has been deployed at: https://nus-cs2103-ay2223s1.github.io/website
2022-09-16T11:31:00.538Z - info: Website generation started at 7:30:56 pm
2022-09-16T11:31:12.171Z - info: Building assets...
