2022-08-05T16:02:48.590Z - info: The website has been deployed at: https://nus-cs2103-ay2223s1.github.io/website
2022-08-05T16:03:23.584Z - info: Website generation (lazy) started at 12:03:20 am
2022-08-05T16:03:33.348Z - info: Building assets...
2022-08-05T16:03:39.809Z - info: Assets built
2022-08-05T16:03:39.810Z - info: Generating landing page...
2022-08-05T16:03:41.820Z - info: Landing page built, other pages will be built as you navigate to them!
2022-08-05T16:03:42.687Z - info: Site data built
2022-08-05T16:03:42.687Z - info: Website generation (lazy) complete! Total build time: 22.095s
2022-08-05T16:03:43.611Z - info: Serving "C:\repos\nus-cs2103\cs2103-website-base\_site" at http://127.0.0.1:8080
2022-08-05T16:03:43.611Z - info: Press CTRL+C to stop ...
2022-08-05T16:04:28.579Z - info: [12:04:28 am] Reload for file change: C:\repos\nus-cs2103\cs2103-website-base\_markbind\variables.md
2022-08-05T16:04:28.580Z - info: Synchronizing opened pages list before reload
2022-08-05T16:04:28.581Z - info: Current opened pages, from most-to-least recent:
2022-08-05T16:04:28.581Z - info: 1. index
2022-08-05T16:04:29.663Z - warn: Rebuilding all pages as variables file was changed, or the --force-reload flag was set
2022-08-05T16:04:29.668Z - info: Rebuilding 1 pages
2022-08-05T16:04:31.012Z - info: Site data built
2022-08-05T16:04:31.012Z - info: Pages rebuilt
2022-08-05T16:04:31.012Z - info: Website regeneration complete! Total build time: 1.425s
2022-08-05T16:05:50.209Z - info: Website generation (lazy) started at 12:05:49 am
2022-08-05T16:05:58.894Z - info: Building assets...
2022-08-05T16:06:05.681Z - info: Assets built
2022-08-05T16:06:05.681Z - info: Generating landing page...
2022-08-05T16:06:07.596Z - info: Landing page built, other pages will be built as you navigate to them!
2022-08-05T16:06:08.272Z - info: Site data built
2022-08-05T16:06:08.273Z - info: Website generation (lazy) complete! Total build time: 19.102s
2022-08-05T16:06:09.221Z - info: Serving "C:\repos\nus-cs2103\cs2103-website-base\_site" at http://127.0.0.1:8080
2022-08-05T16:06:09.221Z - info: Press CTRL+C to stop ...
2022-08-05T16:06:34.217Z - info: Building C:\repos\nus-cs2103\cs2103-website-base\schedule\week1\index as some of its dependencies were changed since the last visit
2022-08-05T16:06:34.762Z - info: Site data built
2022-08-05T16:06:34.763Z - info: Lazy website regeneration complete! Total build time: 0.547s
2022-08-05T16:07:05.872Z - info: Website generation started at 12:07:04 am
2022-08-05T16:07:14.786Z - info: Building assets...
2022-08-05T16:07:21.229Z - info: Assets built
2022-08-05T16:07:21.230Z - info: Generating pages...
2022-08-05T16:07:37.958Z - debug:  
2022-08-05T16:07:37.959Z - debug:  
2022-08-05T16:07:37.959Z - debug:  
2022-08-05T16:07:37.960Z - debug:  
2022-08-05T16:07:37.960Z - debug:  
2022-08-05T16:07:37.960Z - debug:  
2022-08-05T16:07:37.960Z - debug:  
2022-08-05T16:07:37.961Z - debug:  
2022-08-05T16:07:37.961Z - debug:  
2022-08-05T16:07:37.961Z - debug:  
2022-08-05T16:07:37.961Z - debug:  
2022-08-05T16:08:12.599Z - debug:  
2022-08-05T16:09:09.309Z - info: Pages built
2022-08-05T16:09:10.396Z - info: Site data built
2022-08-05T16:09:10.396Z - info: Website generation complete! Total build time: 125.551s
2022-08-05T16:09:10.397Z - info: Build success!
2022-08-05T16:11:15.599Z - info: The website has been deployed at: https://nus-tic2002-ay2223s1.github.io/website
2022-08-05T16:12:40.715Z - info: Website generation started at 12:12:37 am
2022-08-05T16:12:50.330Z - info: Building assets...
2022-08-05T16:12:57.098Z - info: Assets built
2022-08-05T16:12:57.099Z - info: Generating pages...
2022-08-05T16:13:13.135Z - debug:  
2022-08-05T16:13:13.135Z - debug:  
2022-08-05T16:13:13.182Z - debug:  
2022-08-05T16:13:13.184Z - debug:  
2022-08-05T16:13:13.185Z - debug:  
2022-08-05T16:13:13.185Z - debug:  
2022-08-05T16:13:13.186Z - debug:  
2022-08-05T16:13:13.871Z - debug:  
2022-08-05T16:13:13.871Z - debug:  
2022-08-05T16:13:13.872Z - debug:  
2022-08-05T16:13:13.872Z - debug:  
2022-08-05T16:13:14.002Z - debug:  
2022-08-05T16:15:10.276Z - debug:  
2022-08-05T16:15:21.381Z - debug:  
2022-08-05T16:15:21.387Z - debug:  
2022-08-05T16:15:26.270Z - info: Pages built
2022-08-05T16:15:27.547Z - info: Site data built
2022-08-05T16:15:27.547Z - info: Website generation complete! Total build time: 169.67s
2022-08-05T16:15:27.548Z - info: Build success!
2022-08-05T16:17:50.112Z - info: The website has been deployed at: https://nus-cs2113-ay2223s1.github.io/website
