2022-10-22T09:26:14.169Z - info: Website generation started at 5:26:09 pm
2022-10-22T09:26:25.667Z - info: Building assets...
2022-10-22T09:26:33.595Z - info: Assets built
2022-10-22T09:26:33.596Z - info: Generating pages...
2022-10-22T09:26:45.962Z - debug:  
2022-10-22T09:26:45.963Z - debug:  
2022-10-22T09:26:48.052Z - debug:  
2022-10-22T09:26:48.052Z - debug:  
2022-10-22T09:26:48.053Z - debug:  
2022-10-22T09:26:48.053Z - debug:  
2022-10-22T09:26:48.053Z - debug:  
2022-10-22T09:26:48.053Z - debug:  
2022-10-22T09:26:48.054Z - debug:  
2022-10-22T09:26:48.054Z - debug:  
2022-10-22T09:26:48.054Z - debug:  
2022-10-22T09:26:48.056Z - debug:  
2022-10-22T09:29:32.664Z - debug:  
2022-10-22T09:29:48.632Z - debug:  
2022-10-22T09:29:48.670Z - debug:  
2022-10-22T09:30:00.471Z - info: Pages built
2022-10-22T09:30:02.378Z - info: Site data built
2022-10-22T09:30:02.378Z - info: Website generation complete! Total build time: 233.192s
2022-10-22T09:30:02.378Z - info: Build success!
2022-10-22T09:32:55.763Z - info: The website has been deployed at: https://nus-cs2103-ay2223s1.github.io/website
2022-10-22T11:00:36.395Z - info: Website generation started at 7:00:30 pm
2022-10-22T11:00:50.834Z - info: Building assets...
2022-10-22T11:01:01.784Z - info: Assets built
2022-10-22T11:01:01.785Z - info: Generating pages...
2022-10-22T11:01:19.566Z - debug:  
2022-10-22T11:01:19.596Z - debug:  
2022-10-22T11:01:19.596Z - debug:  
2022-10-22T11:01:23.495Z - debug:  
2022-10-22T11:01:23.497Z - debug:  
2022-10-22T11:01:23.497Z - debug:  
2022-10-22T11:01:23.498Z - debug:  
2022-10-22T11:01:23.498Z - debug:  
2022-10-22T11:01:23.498Z - debug:  
2022-10-22T11:01:23.499Z - debug:  
2022-10-22T11:01:23.499Z - debug:  
2022-10-22T11:01:23.499Z - debug:  
2022-10-22T11:04:39.097Z - debug:  
2022-10-22T11:04:57.365Z - debug:  
2022-10-22T11:04:57.499Z - debug:  
2022-10-22T11:05:05.113Z - info: Pages built
2022-10-22T11:05:06.691Z - info: Site data built
2022-10-22T11:05:06.691Z - info: Website generation complete! Total build time: 276.435s
2022-10-22T11:05:06.691Z - info: Build success!
2022-10-22T11:10:48.661Z - info: The website has been deployed at: https://nus-tic4001-ay2223s1.github.io/website
