2022-07-11T16:23:21.914Z - info: Website generation (lazy) started at 12:23:16 am
2022-07-11T16:23:28.610Z - info: Building assets...
2022-07-11T16:23:34.523Z - info: Assets built
2022-07-11T16:23:34.524Z - info: Generating landing page...
2022-07-11T16:23:35.184Z - info: Landing page built, other pages will be built as you navigate to them!
2022-07-11T16:23:36.269Z - info: Site data built
2022-07-11T16:23:36.270Z - info: Website generation (lazy) complete! Total build time: 20.139s
2022-07-11T16:23:37.211Z - info: Serving "C:\repos\nus-cs2103\cs2103-website-base\_site" at http://127.0.0.1:8080
2022-07-11T16:23:37.211Z - info: Press CTRL+C to stop ...
2022-07-11T16:27:28.600Z - info: [12:27:28 am] Reload for file change: C:\repos\nus-cs2103\cs2103-website-base\_markbind\layouts\header.md
2022-07-11T16:27:28.601Z - info: Synchronizing opened pages list before reload
2022-07-11T16:27:28.602Z - info: Current opened pages, from most-to-least recent:
2022-07-11T16:27:28.602Z - info: 1. index
2022-07-11T16:27:29.860Z - info: Rebuilding 1 pages
2022-07-11T16:27:30.154Z - info: Site data built
2022-07-11T16:27:30.155Z - info: Pages rebuilt
2022-07-11T16:27:30.155Z - info: Website regeneration complete! Total build time: 0.296s
2022-07-11T16:28:05.909Z - info: [12:28:05 am] Reload for file change: C:\repos\nus-cs2103\cs2103-website-base\_markbind\layouts\header.md
2022-07-11T16:28:05.909Z - info: Synchronizing opened pages list before reload
2022-07-11T16:28:05.910Z - info: Current opened pages, from most-to-least recent:
2022-07-11T16:28:05.910Z - info: 1. index
2022-07-11T16:28:07.081Z - info: Rebuilding 1 pages
2022-07-11T16:28:07.417Z - info: Site data built
2022-07-11T16:28:07.417Z - info: Pages rebuilt
2022-07-11T16:28:07.417Z - info: Website regeneration complete! Total build time: 0.336s
2022-07-11T16:49:36.896Z - info: Building C:\repos\nus-cs2103\cs2103-website-base\admin\lectures as some of its dependencies were changed since the last visit
2022-07-11T16:49:37.407Z - info: Site data built
2022-07-11T16:49:37.408Z - info: Lazy website regeneration complete! Total build time: 0.512s
2022-07-11T16:49:54.525Z - info: Building C:\repos\nus-cs2103\cs2103-website-base\schedule\timeline as some of its dependencies were changed since the last visit
2022-07-11T16:50:05.548Z - info: Site data built
2022-07-11T16:50:05.550Z - info: Lazy website regeneration complete! Total build time: 11.025s
2022-07-11T16:52:05.253Z - info: [12:52:05 am] Reload for file change: C:\repos\nus-cs2103\cs2103-website-base\_module-CS2103\weeklyTpTasks.mbdf
2022-07-11T16:52:05.255Z - info: Synchronizing opened pages list before reload
2022-07-11T16:52:05.255Z - info: Current opened pages, from most-to-least recent:
2022-07-11T16:52:05.256Z - info: 1. schedule/timeline
2022-07-11T16:52:06.493Z - info: Rebuilding 1 pages
2022-07-11T16:52:10.929Z - info: Site data built
2022-07-11T16:52:10.930Z - info: Pages rebuilt
2022-07-11T16:52:10.931Z - info: Website regeneration complete! Total build time: 4.44s
2022-07-11T16:52:39.265Z - info: Building C:\repos\nus-cs2103\cs2103-website-base\schedule\week7\index as some of its dependencies were changed since the last visit
2022-07-11T16:52:40.444Z - info: Site data built
2022-07-11T16:52:40.444Z - info: Lazy website regeneration complete! Total build time: 1.18s
2022-07-11T16:54:53.349Z - info: [12:54:53 am] Reload for file change: C:\repos\nus-cs2103\cs2103-website-base\admin\tp-pe.mbdf
2022-07-11T16:54:53.349Z - info: Synchronizing opened pages list before reload
2022-07-11T16:54:53.350Z - info: Current opened pages, from most-to-least recent:
2022-07-11T16:54:53.350Z - info: 1. schedule/week7/index
2022-07-11T16:54:54.381Z - info: Assets built
2022-07-11T16:55:09.011Z - info: Building C:\repos\nus-cs2103\cs2103-website-base\admin\index as some of its dependencies were changed since the last visit
2022-07-11T16:55:09.350Z - info: Site data built
2022-07-11T16:55:09.351Z - info: Lazy website regeneration complete! Total build time: 0.339s
2022-07-11T16:55:19.798Z - info: Building C:\repos\nus-cs2103\cs2103-website-base\admin\tp-pe as some of its dependencies were changed since the last visit
2022-07-11T16:55:21.991Z - info: Site data built
2022-07-11T16:55:21.992Z - info: Lazy website regeneration complete! Total build time: 2.194s
2022-07-11T17:13:06.734Z - info: Website generation (lazy) started at 1:13:02 am
2022-07-11T17:13:16.918Z - info: Building assets...
2022-07-11T17:13:22.620Z - info: Assets built
2022-07-11T17:13:22.622Z - info: Generating landing page...
2022-07-11T17:13:23.400Z - info: Landing page built, other pages will be built as you navigate to them!
2022-07-11T17:13:24.533Z - info: Site data built
2022-07-11T17:13:24.534Z - info: Website generation (lazy) complete! Total build time: 22.122s
2022-07-11T17:13:25.454Z - info: Serving "C:\repos\nus-cs2103\cs2103-website-base\_site" at http://127.0.0.1:8080
2022-07-11T17:13:25.454Z - info: Press CTRL+C to stop ...
2022-07-11T17:15:29.383Z - info: Building C:\repos\nus-cs2103\cs2103-website-base\admin\teamList as some of its dependencies were changed since the last visit
2022-07-11T17:15:29.425Z - error:  Template render error: (C:\repos\nus-cs2103\cs2103-website-base\admin\teamList.md)
  Template render error: (C:\repos\nus-cs2103\cs2103-website-base\admin\teamList.md)
  Template render error: (C:\repos\nus-cs2103\cs2103-website-base\admin\teamList.md)
  Error: cannot import 'products'
    at Object._prettifyError (C:\Users\dcsdcr\AppData\Roaming\npm\node_modules\markbind-cli\node_modules\nunjucks\src\lib.js:36:11)
    at C:\Users\dcsdcr\AppData\Roaming\npm\node_modules\markbind-cli\node_modules\@markbind\core\src\patches\nunjucks\context-overrides-frame.js:383:17
    at Template.root [as rootRenderFunc] (eval at _compile (C:\Users\dcsdcr\AppData\Roaming\npm\node_modules\markbind-cli\node_modules\nunjucks\src\environment.js:631:18), <anonymous>:496:3)
    at Template.render (C:\Users\dcsdcr\AppData\Roaming\npm\node_modules\markbind-cli\node_modules\@markbind\core\src\patches\nunjucks\context-overrides-frame.js:372:8)
    at C:\Users\dcsdcr\AppData\Roaming\npm\node_modules\markbind-cli\node_modules\@markbind\core\src\patches\nunjucks\context-overrides-frame.js:54:25
    at createTemplate (C:\Users\dcsdcr\AppData\Roaming\npm\node_modules\markbind-cli\node_modules\@markbind\core\src\patches\nunjucks\load-event.js:121:7)
    at handle (C:\Users\dcsdcr\AppData\Roaming\npm\node_modules\markbind-cli\node_modules\@markbind\core\src\patches\nunjucks\load-event.js:133:9)
    at C:\Users\dcsdcr\AppData\Roaming\npm\node_modules\markbind-cli\node_modules\@markbind\core\src\patches\nunjucks\load-event.js:145:7
    at next (C:\Users\dcsdcr\AppData\Roaming\npm\node_modules\markbind-cli\node_modules\nunjucks\src\lib.js:326:7)
    at Object.asyncIter (C:\Users\dcsdcr\AppData\Roaming\npm\node_modules\markbind-cli\node_modules\nunjucks\src\lib.js:332:3)
    at Environment.getTemplate (C:\Users\dcsdcr\AppData\Roaming\npm\node_modules\markbind-cli\node_modules\@markbind\core\src\patches\nunjucks\load-event.js:127:7)
    at Environment.render (C:\Users\dcsdcr\AppData\Roaming\npm\node_modules\markbind-cli\node_modules\@markbind\core\src\patches\nunjucks\context-overrides-frame.js:48:8)
    at VariableRenderer.renderFile (C:\Users\dcsdcr\AppData\Roaming\npm\node_modules\markbind-cli\node_modules\@markbind\core\src\variables\VariableRenderer.js:59:20)
    at VariableProcessor.renderWithSiteVariables (C:\Users\dcsdcr\AppData\Roaming\npm\node_modules\markbind-cli\node_modules\@markbind\core\src\variables\VariableProcessor.js:157:53)
    at Page.generate (C:\Users\dcsdcr\AppData\Roaming\npm\node_modules\markbind-cli\node_modules\@markbind\core\src\Page\index.js:472:37)
    at C:\Users\dcsdcr\AppData\Roaming\npm\node_modules\markbind-cli\node_modules\@markbind\core\src\Site\index.js:1172:22
2022-07-11T17:15:29.427Z - warn:  Error: Error while generating undefined
    at C:\Users\dcsdcr\AppData\Roaming\npm\node_modules\markbind-cli\node_modules\@markbind\core\src\Site\index.js:1180:18
    at processTicksAndRejections (node:internal/process/task_queues:96:5)
2022-07-11T17:18:31.732Z - info: [1:18:31 am] Reload for file change: C:\repos\nus-cs2103\cs2103-website-base\_module-CS2103\studentData.mbdf
2022-07-11T17:18:31.733Z - info: Synchronizing opened pages list before reload
2022-07-11T17:18:31.734Z - info: Current opened pages, from most-to-least recent:
2022-07-11T17:18:31.734Z - info: 1. admin/teamList
2022-07-11T17:18:32.765Z - info: Assets built
2022-07-11T17:18:40.462Z - info: Building C:\repos\nus-cs2103\cs2103-website-base\admin\teamList as some of its dependencies were changed since the last visit
2022-07-11T17:18:41.125Z - info: Site data built
2022-07-11T17:18:41.127Z - info: Lazy website regeneration complete! Total build time: 0.665s
2022-07-11T17:19:39.239Z - info: Website generation (lazy) started at 1:19:39 am
2022-07-11T17:19:53.197Z - info: Building assets...
2022-07-11T17:20:13.876Z - info: Assets built
2022-07-11T17:20:13.879Z - info: Generating landing page...
2022-07-11T17:20:16.526Z - info: Landing page built, other pages will be built as you navigate to them!
2022-07-11T17:20:21.085Z - info: Site data built
2022-07-11T17:20:21.087Z - info: Website generation (lazy) complete! Total build time: 41.929s
2022-07-11T17:20:25.049Z - info: Serving "C:\repos\nus-cs2103\cs2103-website-base\_site" at http://127.0.0.1:8080
2022-07-11T17:20:25.050Z - info: Press CTRL+C to stop ...
2022-07-11T17:21:21.932Z - info: Building C:\repos\nus-cs2103\cs2103-website-base\admin\teamList as some of its dependencies were changed since the last visit
2022-07-11T17:21:22.819Z - info: Site data built
2022-07-11T17:21:22.821Z - info: Lazy website regeneration complete! Total build time: 0.891s
2022-07-11T17:21:50.933Z - info: [1:21:50 am] Reload for file change: C:\repos\nus-cs2103\cs2103-website-base\_module-TIC4002\studentData.mbdf
2022-07-11T17:21:50.933Z - info: Synchronizing opened pages list before reload
2022-07-11T17:21:50.934Z - info: Current opened pages, from most-to-least recent:
2022-07-11T17:21:50.934Z - info: 1. admin/teamList
2022-07-11T17:21:50.935Z - info: 2. index
2022-07-11T17:21:51.986Z - info: Assets built
2022-07-11T17:22:07.793Z - info: [1:22:07 am] Reload for file change: C:\repos\nus-cs2103\cs2103-website-base\_module-CS2113\studentData.mbdf
2022-07-11T17:22:07.793Z - info: Synchronizing opened pages list before reload
2022-07-11T17:22:07.794Z - info: Current opened pages, from most-to-least recent:
2022-07-11T17:22:07.794Z - info: 1. admin/teamList
2022-07-11T17:22:07.795Z - info: 2. index
2022-07-11T17:22:08.833Z - info: Assets built
2022-07-11T17:31:47.454Z - info: Website generation started at 1:31:44 am
2022-07-11T17:31:53.403Z - info: Building assets...
2022-07-11T17:31:59.140Z - info: Assets built
2022-07-11T17:31:59.141Z - info: Generating pages...
2022-07-11T17:32:08.806Z - debug:  
2022-07-11T17:32:08.809Z - debug:  
2022-07-11T17:32:08.810Z - debug:  
2022-07-11T17:32:11.141Z - debug:  
2022-07-11T17:32:11.141Z - debug:  
2022-07-11T17:32:11.142Z - debug:  
2022-07-11T17:34:05.334Z - debug:  
2022-07-11T17:34:19.415Z - debug:  
2022-07-11T17:34:19.416Z - debug:  
2022-07-11T17:34:24.977Z - info: Pages built
2022-07-11T17:34:27.003Z - info: Site data built
2022-07-11T17:34:27.004Z - info: Website generation complete! Total build time: 162.238s
2022-07-11T17:34:27.004Z - info: Build success!
2022-07-11T17:35:14.404Z - info: Website generation started at 1:35:00 am
2022-07-11T17:35:35.483Z - info: Building assets...
2022-07-11T17:35:54.213Z - info: Assets built
2022-07-11T17:35:54.217Z - info: Generating pages...
2022-07-11T17:36:27.294Z - debug:  
2022-07-11T17:36:27.296Z - debug:  
2022-07-11T17:36:27.301Z - debug:  
2022-07-11T17:36:36.819Z - debug:  
2022-07-11T17:36:36.821Z - debug:  
2022-07-11T17:36:36.822Z - debug:  
2022-07-11T17:44:38.789Z - debug:  
2022-07-11T17:45:49.130Z - debug:  
2022-07-11T17:45:49.132Z - debug:  
2022-07-11T17:46:29.764Z - info: Pages built
2022-07-11T17:46:34.459Z - info: Site data built
2022-07-11T17:46:34.460Z - info: Website generation complete! Total build time: 694.039s
2022-07-11T17:46:34.460Z - info: Build success!
2022-07-11T17:51:37.596Z - info: The website has been deployed at: https://nus-cs2103-ay2223s1.github.io/website
2022-07-11T17:59:41.845Z - info: Website generation (lazy) started at 1:59:39 am
2022-07-11T17:59:47.066Z - info: Building assets...
2022-07-11T17:59:51.628Z - info: Assets built
2022-07-11T17:59:51.629Z - info: Generating landing page...
2022-07-11T17:59:52.237Z - info: Landing page built, other pages will be built as you navigate to them!
2022-07-11T17:59:53.223Z - info: Site data built
2022-07-11T17:59:53.224Z - info: Website generation (lazy) complete! Total build time: 14.149s
2022-07-11T17:59:54.261Z - info: Serving "C:\repos\nus-cs2103\cs2103-website-base\_site" at http://127.0.0.1:8080
2022-07-11T17:59:54.262Z - info: Press CTRL+C to stop ...
2022-07-11T18:09:07.309Z - info: Building C:\repos\nus-cs2103\cs2103-website-base\admin\teamList as some of its dependencies were changed since the last visit
2022-07-11T18:09:07.587Z - info: Site data built
2022-07-11T18:09:07.587Z - info: Lazy website regeneration complete! Total build time: 0.282s
2022-07-11T18:24:21.231Z - info: The website has been deployed at: https://nus-cs2113-ay2223s1.github.io/website
2022-07-11T18:24:47.768Z - info: Website generation started at 2:24:46 am
2022-07-11T18:24:53.393Z - info: Building assets...
2022-07-11T18:24:58.386Z - info: Assets built
2022-07-11T18:24:58.386Z - info: Generating pages...
2022-07-11T18:25:06.491Z - debug:  
2022-07-11T18:25:08.412Z - debug:  
2022-07-11T18:25:08.414Z - debug:  
2022-07-11T18:25:08.415Z - debug:  
2022-07-11T18:25:08.417Z - debug:  
2022-07-11T18:25:08.418Z - debug:  
2022-07-11T18:26:48.088Z - debug:  
2022-07-11T18:26:57.844Z - debug:  
2022-07-11T18:26:57.901Z - debug:  
2022-07-11T18:27:02.180Z - info: Pages built
2022-07-11T18:27:03.245Z - info: Site data built
2022-07-11T18:27:03.245Z - info: Website generation complete! Total build time: 136.638s
2022-07-11T18:27:03.245Z - info: Build success!
2022-07-11T18:28:42.150Z - info: The website has been deployed at: https://nus-cs2113-ay2223s1.github.io/website
2022-07-11T18:45:05.821Z - info: Website generation (lazy) started at 2:45:03 am
2022-07-11T18:45:11.833Z - info: Building assets...
2022-07-11T18:45:18.709Z - info: Assets built
2022-07-11T18:45:18.711Z - info: Generating landing page...
2022-07-11T18:45:19.563Z - info: Landing page built, other pages will be built as you navigate to them!
2022-07-11T18:45:20.486Z - info: Site data built
2022-07-11T18:45:20.486Z - info: Website generation (lazy) complete! Total build time: 17.36s
2022-07-11T18:45:21.451Z - info: Serving "C:\repos\nus-cs2103\cs2103-website-base\_site" at http://127.0.0.1:8080
2022-07-11T18:45:21.451Z - info: Press CTRL+C to stop ...
2022-07-11T18:46:29.837Z - info: [2:46:29 am] Reload for file change: C:\repos\nus-cs2103\cs2103-website-base\_markbind\variables.md
2022-07-11T18:46:29.839Z - info: Synchronizing opened pages list before reload
2022-07-11T18:46:29.840Z - info: Current opened pages, from most-to-least recent:
2022-07-11T18:46:29.840Z - info: 1. index
2022-07-11T18:46:30.954Z - warn: Rebuilding all pages as variables file was changed, or the --force-reload flag was set
2022-07-11T18:46:30.958Z - info: Rebuilding 1 pages
2022-07-11T18:46:32.648Z - info: Site data built
2022-07-11T18:46:32.648Z - info: Pages rebuilt
2022-07-11T18:46:32.648Z - info: Website regeneration complete! Total build time: 1.797s
2022-07-11T18:47:42.197Z - info: [2:47:42 am] Reload for file change: C:\repos\nus-cs2103\cs2103-website-base\_markbind\layouts\header.md
2022-07-11T18:47:42.198Z - info: Synchronizing opened pages list before reload
2022-07-11T18:47:42.199Z - info: Current opened pages, from most-to-least recent:
2022-07-11T18:47:42.200Z - info: 1. index
2022-07-11T18:47:43.357Z - info: Rebuilding 1 pages
2022-07-11T18:47:44.431Z - info: Site data built
2022-07-11T18:47:44.431Z - info: Pages rebuilt
2022-07-11T18:47:44.431Z - info: Website regeneration complete! Total build time: 1.074s
2022-07-11T18:47:54.189Z - info: [2:47:54 am] Reload for file change: C:\repos\nus-cs2103\cs2103-website-base\_markbind\layouts\header.md
2022-07-11T18:47:54.189Z - info: Synchronizing opened pages list before reload
2022-07-11T18:47:54.190Z - info: Current opened pages, from most-to-least recent:
2022-07-11T18:47:54.190Z - info: 1. index
2022-07-11T18:47:55.296Z - info: Rebuilding 1 pages
2022-07-11T18:47:56.343Z - info: Site data built
2022-07-11T18:47:56.344Z - info: Pages rebuilt
2022-07-11T18:47:56.344Z - info: Website regeneration complete! Total build time: 1.048s
2022-07-11T18:57:46.455Z - info: Website generation started at 2:57:44 am
2022-07-11T18:57:52.798Z - info: Building assets...
2022-07-11T18:57:58.146Z - info: Assets built
2022-07-11T18:57:58.147Z - info: Generating pages...
2022-07-11T18:58:10.807Z - debug:  
2022-07-11T18:58:10.808Z - debug:  
2022-07-11T18:58:10.808Z - debug:  
2022-07-11T18:58:10.809Z - debug:  
2022-07-11T18:58:10.809Z - debug:  
2022-07-11T18:58:10.809Z - debug:  
2022-07-11T19:00:12.101Z - debug:  
2022-07-11T19:00:27.351Z - debug:  
2022-07-11T19:00:27.361Z - debug:  
2022-07-11T19:00:32.848Z - info: Pages built
2022-07-11T19:00:33.935Z - info: Site data built
2022-07-11T19:00:33.935Z - info: Website generation complete! Total build time: 169.026s
2022-07-11T19:00:35.214Z - info: Serving "C:\repos\nus-cs2103\cs2103-website-base\_site" at http://127.0.0.1:8080
2022-07-11T19:00:35.214Z - info: Press CTRL+C to stop ...
