2022-07-23T05:47:29.443Z - info: Website generation (lazy) started at 1:47:27 pm
2022-07-23T05:47:38.145Z - info: Building assets...
2022-07-23T05:47:45.145Z - info: Assets built
2022-07-23T05:47:45.146Z - info: Generating landing page...
2022-07-23T05:47:45.827Z - info: Landing page built, other pages will be built as you navigate to them!
2022-07-23T05:47:46.846Z - info: Site data built
2022-07-23T05:47:46.847Z - info: Website generation (lazy) complete! Total build time: 18.958s
2022-07-23T05:47:47.673Z - info: Serving "C:\repos\nus-cs2103\cs2103-website-base\_site" at http://127.0.0.1:8080
2022-07-23T05:47:47.673Z - info: Press CTRL+C to stop ...
2022-07-23T05:47:58.816Z - info: Building C:\repos\nus-cs2103\cs2103-website-base\admin\moduleExpectations as some of its dependencies were changed since the last visit
2022-07-23T05:48:05.357Z - info: Site data built
2022-07-23T05:48:05.357Z - info: Lazy website regeneration complete! Total build time: 6.541s
2022-07-23T05:48:24.162Z - info: [1:48:24 pm] Reload for file change: C:\repos\nus-cs2103\cs2103-website-base\_markbind\variables.md
2022-07-23T05:48:24.163Z - info: Synchronizing opened pages list before reload
2022-07-23T05:48:24.163Z - info: Current opened pages, from most-to-least recent:
2022-07-23T05:48:24.163Z - info: 1. admin/moduleExpectations
2022-07-23T05:48:25.268Z - warn: Rebuilding all pages as variables file was changed, or the --force-reload flag was set
2022-07-23T05:48:25.271Z - info: Rebuilding 1 pages
2022-07-23T05:48:25.500Z - info: Site data built
2022-07-23T05:48:25.500Z - info: Pages rebuilt
2022-07-23T05:48:25.500Z - info: Website regeneration complete! Total build time: 0.331s
2022-07-23T05:54:41.796Z - info: Website generation (lazy) started at 1:54:40 pm
2022-07-23T05:54:49.793Z - info: Building assets...
2022-07-23T05:54:55.856Z - info: Assets built
2022-07-23T05:54:55.856Z - info: Generating landing page...
2022-07-23T05:54:56.685Z - info: Landing page built, other pages will be built as you navigate to them!
2022-07-23T05:54:57.458Z - info: Site data built
2022-07-23T05:54:57.458Z - info: Website generation (lazy) complete! Total build time: 16.965s
2022-07-23T05:54:58.202Z - info: Serving "C:\repos\nus-cs2103\cs2103-website-base\_site" at http://127.0.0.1:8080
2022-07-23T05:54:58.202Z - info: Press CTRL+C to stop ...
2022-07-23T06:23:20.277Z - info: [2:23:20 pm] Reload for file change: C:\repos\nus-cs2103\cs2103-website-base\_markbind\variables.md
2022-07-23T06:23:20.278Z - info: Synchronizing opened pages list before reload
2022-07-23T06:23:20.278Z - info: Current opened pages, from most-to-least recent:
2022-07-23T06:23:20.278Z - info: 1. index
2022-07-23T06:23:21.409Z - warn: Rebuilding all pages as variables file was changed, or the --force-reload flag was set
2022-07-23T06:23:21.413Z - info: Rebuilding 1 pages
2022-07-23T06:23:21.950Z - info: Site data built
2022-07-23T06:23:21.951Z - info: Pages rebuilt
2022-07-23T06:23:21.951Z - info: Website regeneration complete! Total build time: 0.663s
