2022-11-23T04:12:38.489Z - info: Website generation (lazy) started at 12:12:36 pm
2022-11-23T04:12:50.231Z - info: Building assets...
2022-11-23T04:12:57.799Z - info: Assets built
2022-11-23T04:12:57.800Z - info: Generating landing page...
2022-11-23T04:12:59.176Z - info: Landing page built, other pages will be built as you navigate to them!
2022-11-23T04:13:00.276Z - info: Site data built
2022-11-23T04:13:00.277Z - info: Website generation (lazy) complete! Total build time: 23.856s
2022-11-23T04:13:01.190Z - info: Serving "C:\repos\nus-cs2103\cs2103-website-base\_site" at http://127.0.0.1:8080
2022-11-23T04:13:01.190Z - info: Press CTRL+C to stop ...
2022-11-23T04:13:45.816Z - info: Building C:\repos\nus-cs2103\cs2103-website-base\admin\exams as some of its dependencies were changed since the last visit
2022-11-23T04:13:46.426Z - info: Site data built
2022-11-23T04:13:46.427Z - info: Lazy website regeneration complete! Total build time: 0.617s
2022-11-23T04:14:57.625Z - info: Website generation started at 12:14:55 pm
2022-11-23T04:15:08.199Z - info: Building assets...
2022-11-23T04:15:15.677Z - info: Assets built
2022-11-23T04:15:15.678Z - info: Generating pages...
2022-11-23T04:15:29.002Z - debug:  
2022-11-23T04:15:29.004Z - debug:  
2022-11-23T04:15:29.005Z - debug:  
2022-11-23T04:15:29.005Z - debug:  
2022-11-23T04:15:29.005Z - debug:  
2022-11-23T04:15:29.006Z - debug:  
2022-11-23T04:15:29.006Z - debug:  
2022-11-23T04:15:29.006Z - debug:  
2022-11-23T04:15:29.006Z - debug:  
2022-11-23T04:15:29.006Z - debug:  
2022-11-23T04:15:29.007Z - debug:  
2022-11-23T04:15:29.007Z - debug:  
2022-11-23T04:17:37.135Z - debug:  
2022-11-23T04:17:50.459Z - debug:  
2022-11-23T04:17:50.468Z - debug:  
2022-11-23T04:18:02.732Z - info: Pages built
2022-11-23T04:18:03.888Z - info: Site data built
2022-11-23T04:18:03.888Z - info: Website generation complete! Total build time: 187.944s
2022-11-23T04:18:03.888Z - info: Build success!
2022-11-23T04:20:57.351Z - info: The website has been deployed at: https://nus-cs2103-ay2223s1.github.io/website
2022-11-23T06:57:17.155Z - info: Website generation started at 2:57:12 pm
2022-11-23T06:57:30.834Z - info: Building assets...
2022-11-23T06:57:38.526Z - info: Assets built
2022-11-23T06:57:38.527Z - info: Generating pages...
2022-11-23T06:57:47.897Z - debug:  
2022-11-23T06:57:47.934Z - debug:  
2022-11-23T06:57:48.003Z - debug:  
2022-11-23T06:57:48.022Z - debug:  
2022-11-23T06:57:48.058Z - debug:  
2022-11-23T06:57:50.236Z - debug:  
2022-11-23T06:57:50.236Z - debug:  
2022-11-23T06:57:50.237Z - debug:  
2022-11-23T06:57:50.237Z - debug:  
2022-11-23T06:57:50.237Z - debug:  
2022-11-23T06:57:50.237Z - debug:  
2022-11-23T06:57:50.237Z - debug:  
2022-11-23T06:59:47.163Z - debug:  
2022-11-23T07:00:02.234Z - debug:  
2022-11-23T07:00:02.234Z - debug:  
2022-11-23T07:00:11.347Z - info: Pages built
2022-11-23T07:00:12.378Z - info: Site data built
2022-11-23T07:00:12.379Z - info: Website generation complete! Total build time: 179.876s
2022-11-23T07:00:12.379Z - info: Build success!
2022-11-23T07:03:20.827Z - info: The website has been deployed at: https://nus-cs2103-ay2223s1.github.io/website
2022-11-23T13:13:47.747Z - info: Website generation (lazy) started at 9:13:42 pm
2022-11-23T13:13:59.265Z - info: Building assets...
2022-11-23T13:14:08.276Z - info: Assets built
2022-11-23T13:14:08.277Z - info: Generating landing page...
2022-11-23T13:14:09.498Z - info: Landing page built, other pages will be built as you navigate to them!
2022-11-23T13:14:10.576Z - info: Site data built
2022-11-23T13:14:10.577Z - info: Website generation (lazy) complete! Total build time: 28.476s
2022-11-23T13:14:11.388Z - info: Serving "C:\repos\nus-cs2103\cs2103-website-base\_site" at http://127.0.0.1:8080
2022-11-23T13:14:11.389Z - info: Press CTRL+C to stop ...
2022-11-23T13:25:08.506Z - info: Building C:\repos\nus-cs2103\cs2103-website-base\admin\exams as some of its dependencies were changed since the last visit
2022-11-23T13:25:09.130Z - info: Site data built
2022-11-23T13:25:09.130Z - info: Lazy website regeneration complete! Total build time: 0.625s
2022-11-23T13:58:05.264Z - info: [9:58:05 pm] Reload for file change: C:\repos\nus-cs2103\cs2103-website-base\admin\exams.md
2022-11-23T13:58:05.264Z - info: Synchronizing opened pages list before reload
2022-11-23T13:58:05.265Z - info: Current opened pages, from most-to-least recent:
2022-11-23T13:58:05.265Z - info: 1. admin/exams
2022-11-23T13:58:06.274Z - info: Rebuilding 1 pages
2022-11-23T13:58:06.515Z - info: Site data built
2022-11-23T13:58:06.515Z - info: Pages rebuilt
2022-11-23T13:58:06.515Z - info: Website regeneration complete! Total build time: 0.243s
2022-11-23T14:00:52.554Z - info: [10:00:52 pm] Reload for file change: C:\repos\nus-cs2103\cs2103-website-base\admin\exams.md
2022-11-23T14:00:52.554Z - info: Synchronizing opened pages list before reload
2022-11-23T14:00:52.555Z - info: Current opened pages, from most-to-least recent:
2022-11-23T14:00:52.555Z - info: 1. admin/exams
2022-11-23T14:00:53.558Z - info: Rebuilding 1 pages
2022-11-23T14:00:53.793Z - info: Site data built
2022-11-23T14:00:53.793Z - info: Pages rebuilt
2022-11-23T14:00:53.793Z - info: Website regeneration complete! Total build time: 0.235s
2022-11-23T14:01:20.308Z - info: [10:01:20 pm] Reload for file change: C:\repos\nus-cs2103\cs2103-website-base\admin\exams.md
2022-11-23T14:01:20.309Z - info: Synchronizing opened pages list before reload
2022-11-23T14:01:20.309Z - info: Current opened pages, from most-to-least recent:
2022-11-23T14:01:20.309Z - info: 1. admin/exams
2022-11-23T14:01:21.317Z - info: Rebuilding 1 pages
2022-11-23T14:01:21.575Z - info: Site data built
2022-11-23T14:01:21.575Z - info: Pages rebuilt
2022-11-23T14:01:21.575Z - info: Website regeneration complete! Total build time: 0.259s
2022-11-23T14:01:38.251Z - info: [10:01:38 pm] Reload for file change: C:\repos\nus-cs2103\cs2103-website-base\admin\exams.md
2022-11-23T14:01:38.252Z - info: Synchronizing opened pages list before reload
2022-11-23T14:01:38.252Z - info: Current opened pages, from most-to-least recent:
2022-11-23T14:01:38.252Z - info: 1. admin/exams
2022-11-23T14:01:39.261Z - info: Rebuilding 1 pages
2022-11-23T14:01:39.464Z - info: Site data built
2022-11-23T14:01:39.464Z - info: Pages rebuilt
2022-11-23T14:01:39.464Z - info: Website regeneration complete! Total build time: 0.204s
2022-11-23T14:03:29.269Z - info: [10:03:29 pm] Reload for file change: C:\repos\nus-cs2103\cs2103-website-base\admin\exams.md
2022-11-23T14:03:29.269Z - info: Synchronizing opened pages list before reload
2022-11-23T14:03:29.269Z - info: Current opened pages, from most-to-least recent:
2022-11-23T14:03:29.270Z - info: 1. admin/exams
2022-11-23T14:03:30.284Z - info: Rebuilding 1 pages
2022-11-23T14:03:30.509Z - info: Site data built
2022-11-23T14:03:30.510Z - info: Pages rebuilt
2022-11-23T14:03:30.510Z - info: Website regeneration complete! Total build time: 0.227s
2022-11-23T14:09:07.039Z - info: [10:09:07 pm] Reload for file change: C:\repos\nus-cs2103\cs2103-website-base\admin\exams.md
2022-11-23T14:09:07.039Z - info: Synchronizing opened pages list before reload
2022-11-23T14:09:07.039Z - info: Current opened pages, from most-to-least recent:
2022-11-23T14:09:07.039Z - info: 1. admin/exams
2022-11-23T14:09:08.053Z - info: Rebuilding 1 pages
2022-11-23T14:09:08.316Z - info: Site data built
2022-11-23T14:09:08.316Z - info: Pages rebuilt
2022-11-23T14:09:08.316Z - info: Website regeneration complete! Total build time: 0.265s
2022-11-23T14:10:17.971Z - info: [10:10:17 pm] Reload for file change: C:\repos\nus-cs2103\cs2103-website-base\admin\exams.md
2022-11-23T14:10:17.971Z - info: Synchronizing opened pages list before reload
2022-11-23T14:10:17.971Z - info: Current opened pages, from most-to-least recent:
2022-11-23T14:10:17.971Z - info: 1. admin/exams
2022-11-23T14:10:18.975Z - info: Rebuilding 1 pages
2022-11-23T14:10:19.153Z - info: Site data built
2022-11-23T14:10:19.153Z - info: Pages rebuilt
2022-11-23T14:10:19.153Z - info: Website regeneration complete! Total build time: 0.179s
2022-11-23T14:11:29.520Z - info: [10:11:29 pm] Reload for file change: C:\repos\nus-cs2103\cs2103-website-base\admin\exams.md
2022-11-23T14:11:29.520Z - info: Synchronizing opened pages list before reload
2022-11-23T14:11:29.520Z - info: Current opened pages, from most-to-least recent:
2022-11-23T14:11:29.520Z - info: 1. admin/exams
2022-11-23T14:11:30.524Z - info: Rebuilding 1 pages
2022-11-23T14:11:30.726Z - info: Site data built
2022-11-23T14:11:30.726Z - info: Pages rebuilt
2022-11-23T14:11:30.726Z - info: Website regeneration complete! Total build time: 0.202s
2022-11-23T14:11:46.362Z - info: [10:11:46 pm] Reload for file change: C:\repos\nus-cs2103\cs2103-website-base\admin\exams.md
2022-11-23T14:11:46.363Z - info: Synchronizing opened pages list before reload
2022-11-23T14:11:46.363Z - info: Current opened pages, from most-to-least recent:
2022-11-23T14:11:46.363Z - info: 1. admin/exams
2022-11-23T14:11:47.367Z - info: Rebuilding 1 pages
2022-11-23T14:11:47.594Z - info: Site data built
2022-11-23T14:11:47.594Z - info: Pages rebuilt
2022-11-23T14:11:47.595Z - info: Website regeneration complete! Total build time: 0.228s
2022-11-23T14:13:13.017Z - info: [10:13:13 pm] Reload for file change: C:\repos\nus-cs2103\cs2103-website-base\admin\exams.md
2022-11-23T14:13:13.018Z - info: Synchronizing opened pages list before reload
2022-11-23T14:13:13.018Z - info: Current opened pages, from most-to-least recent:
2022-11-23T14:13:13.018Z - info: 1. admin/exams
2022-11-23T14:13:14.028Z - info: Rebuilding 1 pages
2022-11-23T14:13:14.284Z - info: Site data built
2022-11-23T14:13:14.284Z - info: Pages rebuilt
2022-11-23T14:13:14.284Z - info: Website regeneration complete! Total build time: 0.257s
2022-11-23T14:14:17.530Z - info: [10:14:17 pm] Reload for file change: C:\repos\nus-cs2103\cs2103-website-base\admin\exams.md
2022-11-23T14:14:17.531Z - info: Synchronizing opened pages list before reload
2022-11-23T14:14:17.531Z - info: Current opened pages, from most-to-least recent:
2022-11-23T14:14:17.531Z - info: 1. admin/exams
2022-11-23T14:14:18.540Z - info: Rebuilding 1 pages
2022-11-23T14:14:18.759Z - info: Site data built
2022-11-23T14:14:18.759Z - info: Pages rebuilt
2022-11-23T14:14:18.759Z - info: Website regeneration complete! Total build time: 0.22s
2022-11-23T14:16:10.748Z - info: [10:16:10 pm] Reload for file change: C:\repos\nus-cs2103\cs2103-website-base\admin\exams.md
2022-11-23T14:16:10.748Z - info: Synchronizing opened pages list before reload
2022-11-23T14:16:10.749Z - info: Current opened pages, from most-to-least recent:
2022-11-23T14:16:10.749Z - info: 1. admin/exams
2022-11-23T14:16:11.762Z - info: Rebuilding 1 pages
2022-11-23T14:16:12.124Z - info: Site data built
2022-11-23T14:16:12.124Z - info: Pages rebuilt
2022-11-23T14:16:12.124Z - info: Website regeneration complete! Total build time: 0.364s
2022-11-23T14:16:32.318Z - info: [10:16:32 pm] Reload for file change: C:\repos\nus-cs2103\cs2103-website-base\admin\exams.md
2022-11-23T14:16:32.319Z - info: Synchronizing opened pages list before reload
2022-11-23T14:16:32.319Z - info: Current opened pages, from most-to-least recent:
2022-11-23T14:16:32.319Z - info: 1. admin/exams
2022-11-23T14:16:33.333Z - info: Rebuilding 1 pages
2022-11-23T14:16:33.547Z - info: Site data built
2022-11-23T14:16:33.547Z - info: Pages rebuilt
2022-11-23T14:16:33.547Z - info: Website regeneration complete! Total build time: 0.215s
2022-11-23T14:16:42.930Z - info: [10:16:42 pm] Reload for file change: C:\repos\nus-cs2103\cs2103-website-base\admin\exams.md
2022-11-23T14:16:42.930Z - info: Synchronizing opened pages list before reload
2022-11-23T14:16:42.931Z - info: Current opened pages, from most-to-least recent:
2022-11-23T14:16:42.931Z - info: 1. admin/exams
2022-11-23T14:16:43.938Z - info: Rebuilding 1 pages
2022-11-23T14:16:44.227Z - info: Site data built
2022-11-23T14:16:44.227Z - info: Pages rebuilt
2022-11-23T14:16:44.227Z - info: Website regeneration complete! Total build time: 0.29s
2022-11-23T14:18:15.430Z - info: [10:18:15 pm] Reload for file change: C:\repos\nus-cs2103\cs2103-website-base\admin\exams.md
2022-11-23T14:18:15.431Z - info: Synchronizing opened pages list before reload
2022-11-23T14:18:15.431Z - info: Current opened pages, from most-to-least recent:
2022-11-23T14:18:15.431Z - info: 1. admin/exams
2022-11-23T14:18:16.434Z - info: Rebuilding 1 pages
2022-11-23T14:18:16.680Z - info: Site data built
2022-11-23T14:18:16.680Z - info: Pages rebuilt
2022-11-23T14:18:16.680Z - info: Website regeneration complete! Total build time: 0.247s
2022-11-23T14:19:44.592Z - info: [10:19:44 pm] Reload for file change: C:\repos\nus-cs2103\cs2103-website-base\admin\exams.md
2022-11-23T14:19:44.593Z - info: Synchronizing opened pages list before reload
2022-11-23T14:19:44.593Z - info: Current opened pages, from most-to-least recent:
2022-11-23T14:19:44.593Z - info: 1. admin/exams
2022-11-23T14:19:45.596Z - info: Rebuilding 1 pages
2022-11-23T14:19:45.810Z - info: Site data built
2022-11-23T14:19:45.810Z - info: Pages rebuilt
2022-11-23T14:19:45.811Z - info: Website regeneration complete! Total build time: 0.216s
2022-11-23T14:21:22.187Z - info: [10:21:22 pm] Reload for file change: C:\repos\nus-cs2103\cs2103-website-base\admin\exams.md
2022-11-23T14:21:22.188Z - info: Synchronizing opened pages list before reload
2022-11-23T14:21:22.188Z - info: Current opened pages, from most-to-least recent:
2022-11-23T14:21:22.188Z - info: 1. admin/exams
2022-11-23T14:21:23.195Z - info: Rebuilding 1 pages
2022-11-23T14:21:23.463Z - info: Site data built
2022-11-23T14:21:23.463Z - info: Pages rebuilt
2022-11-23T14:21:23.463Z - info: Website regeneration complete! Total build time: 0.269s
2022-11-23T14:21:45.586Z - info: [10:21:45 pm] Reload for file change: C:\repos\nus-cs2103\cs2103-website-base\admin\exams.md
2022-11-23T14:21:45.586Z - info: Synchronizing opened pages list before reload
2022-11-23T14:21:45.586Z - info: Current opened pages, from most-to-least recent:
2022-11-23T14:21:45.586Z - info: 1. admin/exams
2022-11-23T14:21:46.599Z - info: Rebuilding 1 pages
2022-11-23T14:21:46.828Z - info: Site data built
2022-11-23T14:21:46.828Z - info: Pages rebuilt
2022-11-23T14:21:46.828Z - info: Website regeneration complete! Total build time: 0.23s
2022-11-23T14:25:55.056Z - info: [10:25:55 pm] Reload for file change: C:\repos\nus-cs2103\cs2103-website-base\admin\exams.md
2022-11-23T14:25:55.057Z - info: Synchronizing opened pages list before reload
2022-11-23T14:25:55.057Z - info: Current opened pages, from most-to-least recent:
2022-11-23T14:25:55.057Z - info: 1. admin/exams
2022-11-23T14:25:56.075Z - info: Rebuilding 1 pages
2022-11-23T14:25:56.334Z - info: Site data built
2022-11-23T14:25:56.335Z - info: Pages rebuilt
2022-11-23T14:25:56.335Z - info: Website regeneration complete! Total build time: 0.261s
2022-11-23T14:27:19.113Z - info: [10:27:19 pm] Reload for file change: C:\repos\nus-cs2103\cs2103-website-base\admin\exams.md
2022-11-23T14:27:19.113Z - info: Synchronizing opened pages list before reload
2022-11-23T14:27:19.113Z - info: Current opened pages, from most-to-least recent:
2022-11-23T14:27:19.113Z - info: 1. admin/exams
2022-11-23T14:27:20.117Z - info: Rebuilding 1 pages
2022-11-23T14:27:20.317Z - info: Site data built
2022-11-23T14:27:20.317Z - info: Pages rebuilt
2022-11-23T14:27:20.317Z - info: Website regeneration complete! Total build time: 0.201s
2022-11-23T14:28:02.512Z - info: [10:28:02 pm] Reload for file change: C:\repos\nus-cs2103\cs2103-website-base\admin\exams.md
2022-11-23T14:28:02.513Z - info: Synchronizing opened pages list before reload
2022-11-23T14:28:02.513Z - info: Current opened pages, from most-to-least recent:
2022-11-23T14:28:02.513Z - info: 1. admin/exams
2022-11-23T14:28:03.522Z - info: Rebuilding 1 pages
2022-11-23T14:28:03.721Z - info: Site data built
2022-11-23T14:28:03.721Z - info: Pages rebuilt
2022-11-23T14:28:03.721Z - info: Website regeneration complete! Total build time: 0.199s
2022-11-23T14:28:50.357Z - info: [10:28:50 pm] Reload for file change: C:\repos\nus-cs2103\cs2103-website-base\admin\exams.md
2022-11-23T14:28:50.358Z - info: Synchronizing opened pages list before reload
2022-11-23T14:28:50.358Z - info: Current opened pages, from most-to-least recent:
2022-11-23T14:28:50.358Z - info: 1. admin/exams
2022-11-23T14:28:51.366Z - info: Rebuilding 1 pages
2022-11-23T14:28:51.686Z - info: Site data built
2022-11-23T14:28:51.686Z - info: Pages rebuilt
2022-11-23T14:28:51.686Z - info: Website regeneration complete! Total build time: 0.321s
2022-11-23T14:28:55.968Z - info: [10:28:55 pm] Reload for file change: C:\repos\nus-cs2103\cs2103-website-base\admin\exams.md
2022-11-23T14:28:55.968Z - info: Synchronizing opened pages list before reload
2022-11-23T14:28:55.968Z - info: Current opened pages, from most-to-least recent:
2022-11-23T14:28:55.968Z - info: 1. admin/exams
2022-11-23T14:28:56.984Z - info: Rebuilding 1 pages
2022-11-23T14:28:57.223Z - info: Site data built
2022-11-23T14:28:57.223Z - info: Pages rebuilt
2022-11-23T14:28:57.223Z - info: Website regeneration complete! Total build time: 0.24s
2022-11-23T14:37:08.641Z - info: Website generation started at 10:37:06 pm
2022-11-23T14:37:22.167Z - info: Building assets...
2022-11-23T14:37:29.924Z - info: Assets built
2022-11-23T14:37:29.925Z - info: Generating pages...
2022-11-23T14:37:39.409Z - debug:  
2022-11-23T14:37:42.037Z - debug:  
2022-11-23T14:37:42.048Z - debug:  
2022-11-23T14:37:42.048Z - debug:  
2022-11-23T14:37:42.049Z - debug:  
2022-11-23T14:37:42.049Z - debug:  
2022-11-23T14:37:42.049Z - debug:  
2022-11-23T14:37:42.049Z - debug:  
2022-11-23T14:37:42.049Z - debug:  
2022-11-23T14:37:42.050Z - debug:  
2022-11-23T14:37:42.050Z - debug:  
2022-11-23T14:37:42.050Z - debug:  
2022-11-23T14:39:41.924Z - debug:  
2022-11-23T14:39:54.687Z - debug:  
2022-11-23T14:39:55.465Z - debug:  
2022-11-23T14:40:03.271Z - info: Pages built
2022-11-23T14:40:04.415Z - info: Site data built
2022-11-23T14:40:04.415Z - info: Website generation complete! Total build time: 177.633s
2022-11-23T14:40:04.415Z - info: Build success!
2022-11-23T14:42:46.551Z - info: The website has been deployed at: https://nus-cs2103-ay2223s1.github.io/website
