2022-10-06T08:12:41.634Z - info: Website generation (lazy) started at 4:12:36 pm
2022-10-06T08:12:52.710Z - info: Building assets...
2022-10-06T08:13:01.155Z - info: Assets built
2022-10-06T08:13:01.155Z - info: Generating landing page...
2022-10-06T08:13:02.651Z - info: Landing page built, other pages will be built as you navigate to them!
2022-10-06T08:13:03.822Z - info: Site data built
2022-10-06T08:13:03.823Z - info: Website generation (lazy) complete! Total build time: 27.242s
2022-10-06T08:13:04.807Z - info: Serving "C:\repos\nus-cs2103\cs2103-website-base\_site" at http://127.0.0.1:8080
2022-10-06T08:13:04.808Z - info: Press CTRL+C to stop ...
2022-10-06T08:13:25.830Z - info: Building C:\repos\nus-cs2103\cs2103-website-base\schedule\week9\index as some of its dependencies were changed since the last visit
2022-10-06T08:13:30.397Z - info: Site data built
2022-10-06T08:13:30.397Z - info: Lazy website regeneration complete! Total build time: 4.568s
2022-10-06T09:51:55.394Z - info: Building C:\repos\nus-cs2103\cs2103-website-base\schedule\week9\admin as some of its dependencies were changed since the last visit
2022-10-06T09:51:55.911Z - info: Site data built
2022-10-06T09:51:55.911Z - info: Lazy website regeneration complete! Total build time: 0.519s
2022-10-06T09:52:07.285Z - info: Building C:\repos\nus-cs2103\cs2103-website-base\schedule\week9\topics as some of its dependencies were changed since the last visit
2022-10-06T09:52:13.177Z - debug:  
2022-10-06T09:52:13.226Z - info: Site data built
2022-10-06T09:52:13.226Z - info: Lazy website regeneration complete! Total build time: 5.941s
2022-10-06T09:52:13.456Z - debug:  
2022-10-06T09:52:13.494Z - debug:  
2022-10-06T09:56:49.935Z - info: Building C:\repos\nus-cs2103\cs2103-website-base\schedule\week9\project as some of its dependencies were changed since the last visit
2022-10-06T09:56:50.825Z - info: Site data built
2022-10-06T09:56:50.825Z - info: Lazy website regeneration complete! Total build time: 0.891s
2022-10-06T09:59:48.329Z - info: [5:59:48 pm] Reload for file change: C:\repos\nus-cs2103\cs2103-website-base\admin\tp-tasks-fragment.md
2022-10-06T09:59:48.329Z - info: Synchronizing opened pages list before reload
2022-10-06T09:59:48.330Z - info: Current opened pages, from most-to-least recent:
2022-10-06T09:59:48.330Z - info: 1. schedule/week9/project
2022-10-06T09:59:49.349Z - info: Rebuilding 1 pages
2022-10-06T09:59:50.233Z - info: Site data built
2022-10-06T09:59:50.234Z - info: Pages rebuilt
2022-10-06T09:59:50.234Z - info: Website regeneration complete! Total build time: 0.885s
2022-10-06T10:01:39.662Z - info: [6:01:39 pm] Reload for file change: C:\repos\nus-cs2103\cs2103-website-base\admin\appendixE-gitHub.md
2022-10-06T10:01:39.662Z - info: Synchronizing opened pages list before reload
2022-10-06T10:01:39.662Z - info: Current opened pages, from most-to-least recent:
2022-10-06T10:01:39.662Z - info: 1. schedule/week9/project
2022-10-06T10:01:40.677Z - info: Rebuilding 1 pages
2022-10-06T10:01:41.365Z - info: Site data built
2022-10-06T10:01:41.365Z - info: Pages rebuilt
2022-10-06T10:01:41.365Z - info: Website regeneration complete! Total build time: 0.689s
2022-10-06T10:02:31.534Z - info: [6:02:31 pm] Reload for file change: C:\repos\nus-cs2103\cs2103-website-base\admin\appendixE-gitHub.md
2022-10-06T10:02:31.534Z - info: Synchronizing opened pages list before reload
2022-10-06T10:02:31.535Z - info: Current opened pages, from most-to-least recent:
2022-10-06T10:02:31.535Z - info: 1. schedule/week9/project
2022-10-06T10:02:32.553Z - info: Rebuilding 1 pages
2022-10-06T10:02:33.854Z - info: Building C:\repos\nus-cs2103\cs2103-website-base\schedule\week9\tutorial as some of its dependencies were changed since the last visit
2022-10-06T10:02:34.534Z - info: Site data built
2022-10-06T10:02:34.534Z - info: Pages rebuilt
2022-10-06T10:02:34.535Z - info: Website regeneration complete! Total build time: 1.983s
2022-10-06T10:02:34.543Z - info: Site data built
2022-10-06T10:02:34.544Z - info: Lazy website regeneration complete! Total build time: 0.689s
2022-10-06T10:03:57.747Z - info: [6:03:57 pm] Reload for file change: C:\repos\nus-cs2103\cs2103-website-base\book\modeling\modelingStructures\objectOrientedDomainModels\q-courseDomainModel.md
2022-10-06T10:03:57.747Z - info: Synchronizing opened pages list before reload
2022-10-06T10:03:57.748Z - info: Current opened pages, from most-to-least recent:
2022-10-06T10:03:57.749Z - info: 1. schedule/week9/tutorial
2022-10-06T10:03:58.768Z - info: Rebuilding 1 pages
2022-10-06T10:03:59.832Z - info: Site data built
2022-10-06T10:03:59.832Z - info: Pages rebuilt
2022-10-06T10:03:59.832Z - info: Website regeneration complete! Total build time: 1.065s
2022-10-06T10:05:35.291Z - info: Website generation started at 6:05:32 pm
2022-10-06T10:05:49.277Z - info: Building assets...
2022-10-06T10:05:57.819Z - info: Assets built
2022-10-06T10:05:57.820Z - info: Generating pages...
2022-10-06T10:06:13.176Z - debug:  
2022-10-06T10:06:13.189Z - debug:  
2022-10-06T10:06:13.190Z - debug:  
2022-10-06T10:06:13.234Z - debug:  
2022-10-06T10:06:15.862Z - debug:  
2022-10-06T10:06:15.862Z - debug:  
2022-10-06T10:06:15.863Z - debug:  
2022-10-06T10:06:15.863Z - debug:  
2022-10-06T10:06:15.863Z - debug:  
2022-10-06T10:06:15.864Z - debug:  
2022-10-06T10:06:15.912Z - debug:  
2022-10-06T10:06:15.933Z - debug:  
2022-10-06T10:08:46.656Z - debug:  
2022-10-06T10:09:00.681Z - debug:  
2022-10-06T10:09:00.681Z - debug:  
2022-10-06T10:09:11.609Z - info: Pages built
2022-10-06T10:09:12.839Z - info: Site data built
2022-10-06T10:09:12.840Z - info: Website generation complete! Total build time: 220.68s
2022-10-06T10:09:12.840Z - info: Build success!
2022-10-06T10:12:03.123Z - info: The website has been deployed at: https://nus-cs2103-ay2223s1.github.io/website
