2022-08-30T14:23:49.616Z - info: Website generation started at 10:23:44 pm
2022-08-30T14:24:00.854Z - info: Building assets...
2022-08-30T14:24:08.283Z - info: Assets built
2022-08-30T14:24:08.283Z - info: Generating pages...
2022-08-30T14:24:23.013Z - debug:  
2022-08-30T14:24:23.014Z - debug:  
2022-08-30T14:24:23.014Z - debug:  
2022-08-30T14:24:23.015Z - debug:  
2022-08-30T14:24:23.015Z - debug:  
2022-08-30T14:24:23.015Z - debug:  
2022-08-30T14:24:23.015Z - debug:  
2022-08-30T14:24:23.501Z - debug:  
2022-08-30T14:24:23.589Z - debug:  
2022-08-30T14:24:23.637Z - debug:  
2022-08-30T14:24:23.659Z - debug:  
2022-08-30T14:25:00.110Z - debug:  
2022-08-30T14:25:59.903Z - info: Pages built
2022-08-30T14:26:01.169Z - info: Site data built
2022-08-30T14:26:01.169Z - info: Website generation complete! Total build time: 136.441s
2022-08-30T14:26:01.170Z - info: Build success!
2022-08-30T14:28:04.659Z - info: The website has been deployed at: https://nus-tic2002-ay2223s1.github.io/website
2022-08-30T15:18:55.351Z - info: Website generation (lazy) started at 11:18:50 pm
2022-08-30T15:19:07.179Z - info: Building assets...
2022-08-30T15:19:14.199Z - info: Assets built
2022-08-30T15:19:14.200Z - info: Generating landing page...
2022-08-30T15:19:15.019Z - info: Landing page built, other pages will be built as you navigate to them!
2022-08-30T15:19:16.199Z - info: Site data built
2022-08-30T15:19:16.200Z - info: Website generation (lazy) complete! Total build time: 25.728s
2022-08-30T15:19:16.989Z - info: Serving "C:\repos\nus-cs2103\cs2103-website-base\_site" at http://127.0.0.1:8080
2022-08-30T15:19:16.989Z - info: Press CTRL+C to stop ...
2022-08-30T15:19:19.054Z - info: [11:19:19 pm] Reload for file change: C:\repos\nus-cs2103\cs2103-website-base\schedule\week3\admin-tic2002-fragment.md
2022-08-30T15:19:19.055Z - info: Synchronizing opened pages list before reload
2022-08-30T15:19:19.056Z - info: No pages are currently opened
2022-08-30T15:19:20.935Z - info: Assets built
2022-08-30T15:20:14.847Z - info: [11:20:14 pm] Reload for file change: C:\repos\nus-cs2103\cs2103-website-base\schedule\week3\admin-tic2002-fragment.md
2022-08-30T15:20:14.848Z - info: Synchronizing opened pages list before reload
2022-08-30T15:20:14.849Z - info: Current opened pages, from most-to-least recent:
2022-08-30T15:20:14.849Z - info: 1. index
2022-08-30T15:20:15.867Z - info: Assets built
2022-08-30T15:20:17.562Z - info: Building C:\repos\nus-cs2103\cs2103-website-base\schedule\week3\index as some of its dependencies were changed since the last visit
2022-08-30T15:20:18.192Z - info: Site data built
2022-08-30T15:20:18.193Z - info: Lazy website regeneration complete! Total build time: 0.632s
2022-08-30T15:20:21.002Z - info: Building C:\repos\nus-cs2103\cs2103-website-base\schedule\week3\admin as some of its dependencies were changed since the last visit
2022-08-30T15:20:21.671Z - info: Site data built
2022-08-30T15:20:21.671Z - info: Lazy website regeneration complete! Total build time: 0.669s
2022-08-30T15:20:40.771Z - info: [11:20:40 pm] Reload for file change: C:\repos\nus-cs2103\cs2103-website-base\schedule\week3\admin-tic2002-fragment.md
2022-08-30T15:20:40.771Z - info: Synchronizing opened pages list before reload
2022-08-30T15:20:40.771Z - info: Current opened pages, from most-to-least recent:
2022-08-30T15:20:40.771Z - info: 1. schedule/week3/admin
2022-08-30T15:20:41.777Z - info: Rebuilding 1 pages
2022-08-30T15:20:42.256Z - info: Site data built
2022-08-30T15:20:42.256Z - info: Pages rebuilt
2022-08-30T15:20:42.256Z - info: Website regeneration complete! Total build time: 0.48s
2022-08-30T15:21:14.243Z - info: Website generation started at 11:21:12 pm
2022-08-30T15:21:24.358Z - info: Building assets...
2022-08-30T15:21:32.806Z - info: Assets built
2022-08-30T15:21:32.807Z - info: Generating pages...
2022-08-30T15:21:50.222Z - debug:  
2022-08-30T15:21:50.223Z - debug:  
2022-08-30T15:21:50.223Z - debug:  
2022-08-30T15:21:50.224Z - debug:  
2022-08-30T15:21:50.225Z - debug:  
2022-08-30T15:21:50.225Z - debug:  
2022-08-30T15:21:50.226Z - debug:  
2022-08-30T15:21:51.030Z - debug:  
2022-08-30T15:21:51.030Z - debug:  
2022-08-30T15:21:51.032Z - debug:  
2022-08-30T15:21:51.044Z - debug:  
2022-08-30T15:22:31.537Z - debug:  
2022-08-30T15:23:28.928Z - info: Pages built
2022-08-30T15:23:30.106Z - info: Site data built
2022-08-30T15:23:30.106Z - info: Website generation complete! Total build time: 137.569s
2022-08-30T15:23:30.106Z - info: Build success!
2022-08-30T15:30:26.555Z - info: The website has been deployed at: https://nus-tic2002-ay2223s1.github.io/website
