2022-08-20T17:37:49.007Z - info: Website generation started at 1:37:30 am
2022-08-20T17:38:24.883Z - info: Building assets...
2022-08-20T17:38:48.235Z - info: Assets built
2022-08-20T17:38:48.238Z - info: Generating pages...
2022-08-20T17:39:29.367Z - debug:  
2022-08-20T17:39:29.510Z - debug:  
2022-08-20T17:39:29.568Z - debug:  
2022-08-20T17:39:43.559Z - debug:  
2022-08-20T17:39:43.560Z - debug:  
2022-08-20T17:39:43.563Z - debug:  
2022-08-20T17:39:43.564Z - debug:  
2022-08-20T17:39:43.565Z - debug:  
2022-08-20T17:39:43.566Z - debug:  
2022-08-20T17:39:43.567Z - debug:  
2022-08-20T17:39:43.568Z - debug:  
2022-08-20T17:39:43.568Z - debug:  
2022-08-20T17:44:59.142Z - debug:  
2022-08-20T17:45:24.655Z - debug:  
2022-08-20T17:45:24.656Z - debug:  
2022-08-20T17:45:29.617Z - info: Pages built
2022-08-20T17:45:30.599Z - info: Site data built
2022-08-20T17:45:30.599Z - info: Website generation complete! Total build time: 480.187s
2022-08-20T17:45:30.599Z - info: Build success!
2022-08-20T17:55:21.286Z - info: The website has been deployed at: https://nus-cs2103-ay2223s1.github.io/website
2022-08-21T05:04:48.328Z - info: Website generation (lazy) started at 1:04:43 pm
2022-08-21T05:04:59.168Z - info: Building assets...
2022-08-21T05:05:07.107Z - info: Assets built
2022-08-21T05:05:07.108Z - info: Generating landing page...
2022-08-21T05:05:08.297Z - info: Landing page built, other pages will be built as you navigate to them!
2022-08-21T05:05:09.301Z - info: Site data built
2022-08-21T05:05:09.301Z - info: Website generation (lazy) complete! Total build time: 26.038s
2022-08-21T05:05:10.230Z - info: Serving "C:\repos\nus-cs2103\cs2103-website-base\_site" at http://127.0.0.1:8080
2022-08-21T05:05:10.231Z - info: Press CTRL+C to stop ...
2022-08-21T05:05:21.723Z - info: Building C:\repos\nus-cs2103\cs2103-website-base\schedule\week2\index as some of its dependencies were changed since the last visit
2022-08-21T05:05:28.320Z - info: Site data built
2022-08-21T05:05:28.321Z - info: Lazy website regeneration complete! Total build time: 6.597s
2022-08-21T05:05:40.712Z - info: Building C:\repos\nus-cs2103\cs2103-website-base\schedule\week2\project as some of its dependencies were changed since the last visit
2022-08-21T05:05:42.197Z - info: Site data built
2022-08-21T05:05:42.197Z - info: Lazy website regeneration complete! Total build time: 1.486s
2022-08-21T05:06:59.795Z - info: [1:06:59 pm] Reload for file change: C:\repos\nus-cs2103\cs2103-website-base\admin\ip-tasks-fragment.md
2022-08-21T05:06:59.795Z - info: Synchronizing opened pages list before reload
2022-08-21T05:06:59.796Z - info: Current opened pages, from most-to-least recent:
2022-08-21T05:06:59.796Z - info: 1. schedule/week2/project
2022-08-21T05:07:00.817Z - info: Rebuilding 1 pages
2022-08-21T05:07:02.911Z - info: Site data built
2022-08-21T05:07:02.912Z - info: Pages rebuilt
2022-08-21T05:07:02.912Z - info: Website regeneration complete! Total build time: 2.097s
2022-08-21T05:07:08.922Z - info: [1:07:08 pm] Reload for file change: C:\repos\nus-cs2103\cs2103-website-base\admin\ip-tasks-fragment.md
2022-08-21T05:07:08.923Z - info: Synchronizing opened pages list before reload
2022-08-21T05:07:08.923Z - info: Current opened pages, from most-to-least recent:
2022-08-21T05:07:08.923Z - info: 1. schedule/week2/project
2022-08-21T05:07:09.931Z - info: Rebuilding 1 pages
2022-08-21T05:07:11.425Z - info: Site data built
2022-08-21T05:07:11.426Z - info: Pages rebuilt
2022-08-21T05:07:11.426Z - info: Website regeneration complete! Total build time: 1.495s
2022-08-21T05:08:19.433Z - info: [1:08:19 pm] Reload for file change: C:\repos\nus-cs2103\cs2103-website-base\admin\ip-tasks-fragment.md
2022-08-21T05:08:19.433Z - info: Synchronizing opened pages list before reload
2022-08-21T05:08:19.434Z - info: Current opened pages, from most-to-least recent:
2022-08-21T05:08:19.434Z - info: 1. schedule/week2/project
2022-08-21T05:08:20.454Z - info: Rebuilding 1 pages
2022-08-21T05:08:22.476Z - info: Site data built
2022-08-21T05:08:22.476Z - info: Pages rebuilt
2022-08-21T05:08:22.477Z - info: Website regeneration complete! Total build time: 2.024s
2022-08-21T05:08:35.041Z - info: [1:08:35 pm] Reload for file change: C:\repos\nus-cs2103\cs2103-website-base\admin\ip-tasks-fragment.md
2022-08-21T05:08:35.041Z - info: Synchronizing opened pages list before reload
2022-08-21T05:08:35.041Z - info: Current opened pages, from most-to-least recent:
2022-08-21T05:08:35.041Z - info: 1. schedule/week2/project
2022-08-21T05:08:36.049Z - info: Rebuilding 1 pages
2022-08-21T05:08:37.502Z - info: Site data built
2022-08-21T05:08:37.502Z - info: Pages rebuilt
2022-08-21T05:08:37.502Z - info: Website regeneration complete! Total build time: 1.454s
2022-08-21T05:10:31.436Z - info: [1:10:31 pm] Reload for file change: C:\repos\nus-cs2103\cs2103-website-base\admin\ip-tasks-fragment.md
2022-08-21T05:10:31.437Z - info: Synchronizing opened pages list before reload
2022-08-21T05:10:31.438Z - info: Current opened pages, from most-to-least recent:
2022-08-21T05:10:31.438Z - info: 1. schedule/week2/project
2022-08-21T05:10:32.449Z - info: Rebuilding 1 pages
2022-08-21T05:10:34.356Z - info: Site data built
2022-08-21T05:10:34.356Z - info: Pages rebuilt
2022-08-21T05:10:34.357Z - info: Website regeneration complete! Total build time: 1.909s
2022-08-21T05:12:07.496Z - info: [1:12:07 pm] Reload for file change: C:\repos\nus-cs2103\cs2103-website-base\admin\ip-tasks-fragment.md
2022-08-21T05:12:07.497Z - info: Synchronizing opened pages list before reload
2022-08-21T05:12:07.497Z - info: Current opened pages, from most-to-least recent:
2022-08-21T05:12:07.497Z - info: 1. schedule/week2/project
2022-08-21T05:12:08.511Z - info: Rebuilding 1 pages
2022-08-21T05:12:09.977Z - info: Site data built
2022-08-21T05:12:09.977Z - info: Pages rebuilt
2022-08-21T05:12:09.977Z - info: Website regeneration complete! Total build time: 1.469s
2022-08-21T05:14:08.194Z - info: [1:14:08 pm] Reload for file change: C:\repos\nus-cs2103\cs2103-website-base\admin\ip-tasks-fragment.md
2022-08-21T05:14:08.195Z - info: Synchronizing opened pages list before reload
2022-08-21T05:14:08.196Z - info: Current opened pages, from most-to-least recent:
2022-08-21T05:14:08.196Z - info: 1. schedule/week2/project
2022-08-21T05:14:09.212Z - info: Rebuilding 1 pages
2022-08-21T05:14:10.648Z - info: Site data built
2022-08-21T05:14:10.649Z - info: Pages rebuilt
2022-08-21T05:14:10.649Z - info: Website regeneration complete! Total build time: 1.438s
2022-08-21T05:14:24.219Z - info: [1:14:24 pm] Reload for file change: C:\repos\nus-cs2103\cs2103-website-base\admin\ip-tasks-fragment.md
2022-08-21T05:14:24.219Z - info: Synchronizing opened pages list before reload
2022-08-21T05:14:24.219Z - info: Current opened pages, from most-to-least recent:
2022-08-21T05:14:24.219Z - info: 1. schedule/week2/project
2022-08-21T05:14:25.230Z - info: Rebuilding 1 pages
2022-08-21T05:14:26.369Z - info: Site data built
2022-08-21T05:14:26.369Z - info: Pages rebuilt
2022-08-21T05:14:26.370Z - info: Website regeneration complete! Total build time: 1.14s
2022-08-21T05:14:31.290Z - info: Building C:\repos\nus-cs2103\cs2103-website-base\book\gitAndGithub\tag\index as some of its dependencies were changed since the last visit
2022-08-21T05:14:31.479Z - info: Site data built
2022-08-21T05:14:31.480Z - info: Lazy website regeneration complete! Total build time: 0.19s
2022-08-21T05:16:23.505Z - info: [1:16:23 pm] Reload for file change: C:\repos\nus-cs2103\cs2103-website-base\admin\ip-tasks-fragment.md
2022-08-21T05:16:23.506Z - info: Synchronizing opened pages list before reload
2022-08-21T05:16:23.507Z - info: Current opened pages, from most-to-least recent:
2022-08-21T05:16:23.507Z - info: 1. ../book/gitAndGithub/tag/index
2022-08-21T05:16:23.507Z - info: 2. schedule/week2/project
2022-08-21T05:16:24.516Z - info: Rebuilding 1 pages
2022-08-21T05:16:25.958Z - info: Site data built
2022-08-21T05:16:25.959Z - info: Pages rebuilt
2022-08-21T05:16:25.959Z - info: Website regeneration complete! Total build time: 1.444s
2022-08-21T05:16:30.229Z - info: Building C:\repos\nus-cs2103\cs2103-website-base\book\gitAndGithub\push\index as some of its dependencies were changed since the last visit
2022-08-21T05:16:30.541Z - info: Site data built
2022-08-21T05:16:30.541Z - info: Lazy website regeneration complete! Total build time: 0.313s
2022-08-21T05:18:15.224Z - info: [1:18:15 pm] Reload for file change: C:\repos\nus-cs2103\cs2103-website-base\_markbind\variables.md
2022-08-21T05:18:15.224Z - info: Synchronizing opened pages list before reload
2022-08-21T05:18:15.224Z - info: Current opened pages, from most-to-least recent:
2022-08-21T05:18:15.225Z - info: 1. ../book/gitAndGithub/tag/index
2022-08-21T05:18:15.225Z - info: 2. schedule/week2/project
2022-08-21T05:18:16.330Z - warn: Rebuilding all pages as variables file was changed, or the --force-reload flag was set
2022-08-21T05:18:16.334Z - info: Rebuilding 1 pages
2022-08-21T05:18:17.662Z - info: Site data built
2022-08-21T05:18:17.663Z - info: Pages rebuilt
2022-08-21T05:18:17.663Z - info: Website regeneration complete! Total build time: 1.422s
2022-08-21T05:18:18.806Z - info: Building C:\repos\nus-cs2103\cs2103-website-base\book\gitAndGithub\tag\index as some of its dependencies were changed since the last visit
2022-08-21T05:18:18.907Z - info: Site data built
2022-08-21T05:18:18.907Z - info: Lazy website regeneration complete! Total build time: 0.101s
2022-08-21T05:19:26.117Z - info: [1:19:26 pm] Reload for file change: C:\repos\nus-cs2103\cs2103-website-base\_markbind\variables.md
2022-08-21T05:19:26.117Z - info: Synchronizing opened pages list before reload
2022-08-21T05:19:26.118Z - info: Current opened pages, from most-to-least recent:
2022-08-21T05:19:26.118Z - info: 1. ../book/gitAndGithub/tag/index
2022-08-21T05:19:26.118Z - info: 2. schedule/week2/project
2022-08-21T05:19:27.215Z - warn: Rebuilding all pages as variables file was changed, or the --force-reload flag was set
2022-08-21T05:19:27.217Z - info: Rebuilding 1 pages
2022-08-21T05:19:28.492Z - info: Site data built
2022-08-21T05:19:28.493Z - info: Pages rebuilt
2022-08-21T05:19:28.493Z - info: Website regeneration complete! Total build time: 1.372s
2022-08-21T05:19:29.616Z - info: Building C:\repos\nus-cs2103\cs2103-website-base\book\gitAndGithub\tag\index as some of its dependencies were changed since the last visit
2022-08-21T05:19:29.715Z - info: Site data built
2022-08-21T05:19:29.716Z - info: Lazy website regeneration complete! Total build time: 0.101s
2022-08-21T05:19:50.720Z - info: [1:19:50 pm] Reload for file change: C:\repos\nus-cs2103\cs2103-website-base\admin\ip-tasks-fragment.md
2022-08-21T05:19:50.721Z - info: Synchronizing opened pages list before reload
2022-08-21T05:19:50.721Z - info: Current opened pages, from most-to-least recent:
2022-08-21T05:19:50.721Z - info: 1. ../book/gitAndGithub/tag/index
2022-08-21T05:19:50.721Z - info: 2. schedule/week2/project
2022-08-21T05:19:51.736Z - info: Rebuilding 1 pages
2022-08-21T05:19:53.097Z - info: Site data built
2022-08-21T05:19:53.097Z - info: Pages rebuilt
2022-08-21T05:19:53.097Z - info: Website regeneration complete! Total build time: 1.362s
2022-08-21T05:20:01.256Z - info: [1:20:01 pm] Reload for file change: C:\repos\nus-cs2103\cs2103-website-base\admin\ip-tasks-fragment.md
2022-08-21T05:20:01.256Z - info: Synchronizing opened pages list before reload
2022-08-21T05:20:01.256Z - info: Current opened pages, from most-to-least recent:
2022-08-21T05:20:01.256Z - info: 1. ../book/gitAndGithub/tag/index
2022-08-21T05:20:01.256Z - info: 2. schedule/week2/project
2022-08-21T05:20:02.267Z - info: Rebuilding 1 pages
2022-08-21T05:20:03.347Z - info: Site data built
2022-08-21T05:20:03.347Z - info: Pages rebuilt
2022-08-21T05:20:03.347Z - info: Website regeneration complete! Total build time: 1.081s
2022-08-21T05:20:33.728Z - info: [1:20:33 pm] Reload for file change: C:\repos\nus-cs2103\cs2103-website-base\_markbind\variables.md
2022-08-21T05:20:33.729Z - info: Synchronizing opened pages list before reload
2022-08-21T05:20:33.729Z - info: Current opened pages, from most-to-least recent:
2022-08-21T05:20:33.729Z - info: 1. ../book/gitAndGithub/tag/index
2022-08-21T05:20:33.729Z - info: 2. schedule/week2/project
2022-08-21T05:20:34.835Z - warn: Rebuilding all pages as variables file was changed, or the --force-reload flag was set
2022-08-21T05:20:34.838Z - info: Rebuilding 1 pages
2022-08-21T05:20:36.166Z - info: Site data built
2022-08-21T05:20:36.166Z - info: Pages rebuilt
2022-08-21T05:20:36.166Z - info: Website regeneration complete! Total build time: 1.424s
2022-08-21T05:20:37.274Z - info: Building C:\repos\nus-cs2103\cs2103-website-base\book\gitAndGithub\tag\index as some of its dependencies were changed since the last visit
2022-08-21T05:20:37.358Z - info: Site data built
2022-08-21T05:20:37.358Z - info: Lazy website regeneration complete! Total build time: 0.085s
2022-08-21T05:20:50.534Z - info: [1:20:50 pm] Reload for file change: C:\repos\nus-cs2103\cs2103-website-base\admin\ip-tasks-fragment.md
2022-08-21T05:20:50.534Z - info: Synchronizing opened pages list before reload
2022-08-21T05:20:50.534Z - info: Current opened pages, from most-to-least recent:
2022-08-21T05:20:50.534Z - info: 1. ../book/gitAndGithub/tag/index
2022-08-21T05:20:50.534Z - info: 2. schedule/week2/project
2022-08-21T05:20:51.540Z - info: Rebuilding 1 pages
2022-08-21T05:20:52.568Z - info: [1:20:52 pm] Reload for file change: C:\repos\nus-cs2103\cs2103-website-base\admin\ip-tasks-fragment.md
2022-08-21T05:20:52.568Z - info: Synchronizing opened pages list before reload
2022-08-21T05:20:52.568Z - info: Current opened pages, from most-to-least recent:
2022-08-21T05:20:52.569Z - info: 1. ../book/gitAndGithub/tag/index
2022-08-21T05:20:52.569Z - info: 2. schedule/week2/project
2022-08-21T05:20:52.622Z - info: Site data built
2022-08-21T05:20:52.622Z - info: Pages rebuilt
2022-08-21T05:20:52.622Z - info: Website regeneration complete! Total build time: 1.083s
2022-08-21T05:20:53.574Z - info: Rebuilding 1 pages
2022-08-21T05:20:54.584Z - info: Site data built
2022-08-21T05:20:54.584Z - info: Pages rebuilt
2022-08-21T05:20:54.584Z - info: Website regeneration complete! Total build time: 1.011s
2022-08-21T05:21:29.750Z - info: [1:21:29 pm] Reload for file change: C:\repos\nus-cs2103\cs2103-website-base\_markbind\variables.md
2022-08-21T05:21:29.751Z - info: Synchronizing opened pages list before reload
2022-08-21T05:21:29.751Z - info: Current opened pages, from most-to-least recent:
2022-08-21T05:21:29.751Z - info: 1. ../book/gitAndGithub/tag/index
2022-08-21T05:21:29.751Z - info: 2. schedule/week2/project
2022-08-21T05:21:30.867Z - warn: Rebuilding all pages as variables file was changed, or the --force-reload flag was set
2022-08-21T05:21:30.870Z - info: Rebuilding 1 pages
2022-08-21T05:21:32.191Z - info: Site data built
2022-08-21T05:21:32.192Z - info: Pages rebuilt
2022-08-21T05:21:32.192Z - info: Website regeneration complete! Total build time: 1.436s
2022-08-21T05:21:33.315Z - info: Building C:\repos\nus-cs2103\cs2103-website-base\book\gitAndGithub\tag\index as some of its dependencies were changed since the last visit
2022-08-21T05:21:33.390Z - info: Site data built
2022-08-21T05:21:33.391Z - info: Lazy website regeneration complete! Total build time: 0.076s
2022-08-21T05:22:52.586Z - info: [1:22:52 pm] Reload for file change: C:\repos\nus-cs2103\cs2103-website-base\_markbind\variables.md
2022-08-21T05:22:52.586Z - info: Synchronizing opened pages list before reload
2022-08-21T05:22:52.587Z - info: Current opened pages, from most-to-least recent:
2022-08-21T05:22:52.587Z - info: 1. ../book/gitAndGithub/tag/index
2022-08-21T05:22:52.587Z - info: 2. schedule/week2/project
2022-08-21T05:22:53.709Z - warn: Rebuilding all pages as variables file was changed, or the --force-reload flag was set
2022-08-21T05:22:53.713Z - info: Rebuilding 1 pages
2022-08-21T05:22:55.082Z - info: Site data built
2022-08-21T05:22:55.082Z - info: Pages rebuilt
2022-08-21T05:22:55.082Z - info: Website regeneration complete! Total build time: 1.486s
2022-08-21T05:22:56.196Z - info: Building C:\repos\nus-cs2103\cs2103-website-base\book\gitAndGithub\tag\index as some of its dependencies were changed since the last visit
2022-08-21T05:22:56.319Z - info: Site data built
2022-08-21T05:22:56.319Z - info: Lazy website regeneration complete! Total build time: 0.123s
2022-08-21T05:24:02.173Z - info: [1:24:02 pm] Reload for file change: C:\repos\nus-cs2103\cs2103-website-base\_markbind\variables.md
2022-08-21T05:24:02.173Z - info: Synchronizing opened pages list before reload
2022-08-21T05:24:02.173Z - info: Current opened pages, from most-to-least recent:
2022-08-21T05:24:02.174Z - info: 1. ../book/gitAndGithub/tag/index
2022-08-21T05:24:02.174Z - info: 2. schedule/week2/project
2022-08-21T05:24:03.308Z - warn: Rebuilding all pages as variables file was changed, or the --force-reload flag was set
2022-08-21T05:24:03.311Z - info: Rebuilding 1 pages
2022-08-21T05:24:04.644Z - info: Site data built
2022-08-21T05:24:04.644Z - info: Pages rebuilt
2022-08-21T05:24:04.644Z - info: Website regeneration complete! Total build time: 1.466s
2022-08-21T05:24:05.754Z - info: Building C:\repos\nus-cs2103\cs2103-website-base\book\gitAndGithub\tag\index as some of its dependencies were changed since the last visit
2022-08-21T05:24:05.848Z - info: Site data built
2022-08-21T05:24:05.849Z - info: Lazy website regeneration complete! Total build time: 0.096s
2022-08-21T05:24:42.718Z - info: [1:24:42 pm] Reload for file change: C:\repos\nus-cs2103\cs2103-website-base\admin\ip-tasks-fragment.md
2022-08-21T05:24:42.719Z - info: Synchronizing opened pages list before reload
2022-08-21T05:24:42.719Z - info: Current opened pages, from most-to-least recent:
2022-08-21T05:24:42.719Z - info: 1. ../book/gitAndGithub/tag/index
2022-08-21T05:24:42.719Z - info: 2. schedule/week2/project
2022-08-21T05:24:43.733Z - info: Rebuilding 1 pages
2022-08-21T05:24:45.491Z - info: Site data built
2022-08-21T05:24:45.492Z - info: Pages rebuilt
2022-08-21T05:24:45.492Z - info: Website regeneration complete! Total build time: 1.761s
2022-08-21T05:26:22.184Z - info: [1:26:22 pm] Reload for file change: C:\repos\nus-cs2103\cs2103-website-base\admin\ip-tasks-fragment.md
2022-08-21T05:26:22.185Z - info: Synchronizing opened pages list before reload
2022-08-21T05:26:22.185Z - info: Current opened pages, from most-to-least recent:
2022-08-21T05:26:22.186Z - info: 1. ../book/gitAndGithub/tag/index
2022-08-21T05:26:22.186Z - info: 2. schedule/week2/project
2022-08-21T05:26:23.192Z - info: Rebuilding 1 pages
2022-08-21T05:26:24.663Z - info: Site data built
2022-08-21T05:26:24.663Z - info: Pages rebuilt
2022-08-21T05:26:24.663Z - info: Website regeneration complete! Total build time: 1.472s
2022-08-21T05:26:28.153Z - info: Building C:\repos\nus-cs2103\cs2103-website-base\book\gitAndGithub\commit\index as some of its dependencies were changed since the last visit
2022-08-21T05:26:28.445Z - info: Site data built
2022-08-21T05:26:28.445Z - info: Lazy website regeneration complete! Total build time: 0.292s
2022-08-21T05:29:12.106Z - info: [1:29:12 pm] Reload for file change: C:\repos\nus-cs2103\cs2103-website-base\admin\ip-tasks-fragment.md
2022-08-21T05:29:12.107Z - info: Synchronizing opened pages list before reload
2022-08-21T05:29:12.107Z - info: Current opened pages, from most-to-least recent:
2022-08-21T05:29:12.107Z - info: 1. ../book/gitAndGithub/commit/index
2022-08-21T05:29:12.107Z - info: 2. schedule/week2/project
2022-08-21T05:29:13.115Z - info: Rebuilding 1 pages
2022-08-21T05:29:14.511Z - info: Site data built
2022-08-21T05:29:14.512Z - info: Pages rebuilt
2022-08-21T05:29:14.512Z - info: Website regeneration complete! Total build time: 1.398s
2022-08-21T05:29:22.500Z - info: [1:29:22 pm] Reload for file change: C:\repos\nus-cs2103\cs2103-website-base\admin\ip-tasks-fragment.md
2022-08-21T05:29:22.500Z - info: Synchronizing opened pages list before reload
2022-08-21T05:29:22.500Z - info: Current opened pages, from most-to-least recent:
2022-08-21T05:29:22.501Z - info: 1. ../book/gitAndGithub/commit/index
2022-08-21T05:29:22.501Z - info: 2. schedule/week2/project
2022-08-21T05:29:23.515Z - info: Rebuilding 1 pages
2022-08-21T05:29:24.627Z - info: Site data built
2022-08-21T05:29:24.627Z - info: Pages rebuilt
2022-08-21T05:29:24.627Z - info: Website regeneration complete! Total build time: 1.112s
2022-08-21T05:30:07.860Z - info: [1:30:07 pm] Reload for file change: C:\repos\nus-cs2103\cs2103-website-base\admin\ip-tasks-fragment.md
2022-08-21T05:30:07.860Z - info: Synchronizing opened pages list before reload
2022-08-21T05:30:07.860Z - info: Current opened pages, from most-to-least recent:
2022-08-21T05:30:07.861Z - info: 1. ../book/gitAndGithub/commit/index
2022-08-21T05:30:07.861Z - info: 2. schedule/week2/project
2022-08-21T05:30:08.873Z - info: Rebuilding 1 pages
2022-08-21T05:30:10.294Z - info: Site data built
2022-08-21T05:30:10.295Z - info: Pages rebuilt
2022-08-21T05:30:10.295Z - info: Website regeneration complete! Total build time: 1.424s
2022-08-21T05:30:23.961Z - info: [1:30:23 pm] Reload for file change: C:\repos\nus-cs2103\cs2103-website-base\admin\ip-tasks-fragment.md
2022-08-21T05:30:23.962Z - info: Synchronizing opened pages list before reload
2022-08-21T05:30:23.962Z - info: Current opened pages, from most-to-least recent:
2022-08-21T05:30:23.962Z - info: 1. ../book/gitAndGithub/commit/index
2022-08-21T05:30:23.962Z - info: 2. schedule/week2/project
2022-08-21T05:30:24.968Z - info: Rebuilding 1 pages
2022-08-21T05:30:26.083Z - info: Site data built
2022-08-21T05:30:26.083Z - info: Pages rebuilt
2022-08-21T05:30:26.083Z - info: Website regeneration complete! Total build time: 1.118s
2022-08-21T05:31:31.239Z - info: [1:31:31 pm] Reload for file change: C:\repos\nus-cs2103\cs2103-website-base\admin\ip-tasks-fragment.md
2022-08-21T05:31:31.240Z - info: Synchronizing opened pages list before reload
2022-08-21T05:31:31.240Z - info: Current opened pages, from most-to-least recent:
2022-08-21T05:31:31.240Z - info: 1. ../book/gitAndGithub/commit/index
2022-08-21T05:31:31.240Z - info: 2. schedule/week2/project
2022-08-21T05:31:32.256Z - info: Rebuilding 1 pages
2022-08-21T05:31:33.690Z - info: Site data built
2022-08-21T05:31:33.690Z - info: Pages rebuilt
2022-08-21T05:31:33.690Z - info: Website regeneration complete! Total build time: 1.435s
2022-08-21T05:35:05.933Z - info: [1:35:05 pm] Reload for file change: C:\repos\nus-cs2103\cs2103-website-base\admin\ip-tasks-fragment.md
2022-08-21T05:35:05.934Z - info: Synchronizing opened pages list before reload
2022-08-21T05:35:05.934Z - info: Current opened pages, from most-to-least recent:
2022-08-21T05:35:05.934Z - info: 1. ../book/gitAndGithub/commit/index
2022-08-21T05:35:05.934Z - info: 2. schedule/week2/project
2022-08-21T05:35:06.956Z - info: Rebuilding 1 pages
2022-08-21T05:35:08.391Z - info: Site data built
2022-08-21T05:35:08.391Z - info: Pages rebuilt
2022-08-21T05:35:08.391Z - info: Website regeneration complete! Total build time: 1.436s
2022-08-21T05:35:25.093Z - info: [1:35:25 pm] Reload for file change: C:\repos\nus-cs2103\cs2103-website-base\admin\ip-tasks-fragment.md
2022-08-21T05:35:25.094Z - info: Synchronizing opened pages list before reload
2022-08-21T05:35:25.094Z - info: Current opened pages, from most-to-least recent:
2022-08-21T05:35:25.094Z - info: 1. schedule/week2/project
2022-08-21T05:35:26.105Z - info: Rebuilding 1 pages
2022-08-21T05:35:27.513Z - info: Site data built
2022-08-21T05:35:27.513Z - info: Pages rebuilt
2022-08-21T05:35:27.514Z - info: Website regeneration complete! Total build time: 1.41s
2022-08-21T05:36:01.301Z - info: [1:36:01 pm] Reload for file change: C:\repos\nus-cs2103\cs2103-website-base\admin\ip-tasks-fragment.md
2022-08-21T05:36:01.301Z - info: Synchronizing opened pages list before reload
2022-08-21T05:36:01.301Z - info: Current opened pages, from most-to-least recent:
2022-08-21T05:36:01.302Z - info: 1. schedule/week2/project
2022-08-21T05:36:02.320Z - info: Rebuilding 1 pages
2022-08-21T05:36:03.856Z - info: Site data built
2022-08-21T05:36:03.857Z - info: Pages rebuilt
2022-08-21T05:36:03.857Z - info: Website regeneration complete! Total build time: 1.538s
2022-08-21T05:36:21.346Z - info: [1:36:21 pm] Reload for file change: C:\repos\nus-cs2103\cs2103-website-base\admin\ip-tasks-fragment.md
2022-08-21T05:36:21.347Z - info: Synchronizing opened pages list before reload
2022-08-21T05:36:21.347Z - info: Current opened pages, from most-to-least recent:
2022-08-21T05:36:21.348Z - info: 1. schedule/week2/project
2022-08-21T05:36:22.361Z - info: Rebuilding 1 pages
2022-08-21T05:36:23.995Z - info: Site data built
2022-08-21T05:36:23.995Z - info: Pages rebuilt
2022-08-21T05:36:23.996Z - info: Website regeneration complete! Total build time: 1.635s
2022-08-21T05:36:46.076Z - info: [1:36:46 pm] Reload for file change: C:\repos\nus-cs2103\cs2103-website-base\admin\ip-tasks-fragment.md
2022-08-21T05:36:46.076Z - info: Synchronizing opened pages list before reload
2022-08-21T05:36:46.077Z - info: Current opened pages, from most-to-least recent:
2022-08-21T05:36:46.077Z - info: 1. schedule/week2/project
2022-08-21T05:36:47.098Z - info: Rebuilding 1 pages
2022-08-21T05:36:48.988Z - info: Site data built
2022-08-21T05:36:48.988Z - info: Pages rebuilt
2022-08-21T05:36:48.989Z - info: Website regeneration complete! Total build time: 1.892s
2022-08-21T05:37:01.316Z - info: [1:37:01 pm] Reload for file change: C:\repos\nus-cs2103\cs2103-website-base\admin\ip-tasks-fragment.md
2022-08-21T05:37:01.316Z - info: Synchronizing opened pages list before reload
2022-08-21T05:37:01.316Z - info: Current opened pages, from most-to-least recent:
2022-08-21T05:37:01.317Z - info: 1. schedule/week2/project
2022-08-21T05:37:02.337Z - info: Rebuilding 1 pages
2022-08-21T05:37:03.437Z - info: Site data built
2022-08-21T05:37:03.437Z - info: Pages rebuilt
2022-08-21T05:37:03.437Z - info: Website regeneration complete! Total build time: 1.101s
2022-08-21T05:37:36.850Z - info: [1:37:36 pm] Reload for file change: C:\repos\nus-cs2103\cs2103-website-base\admin\ip-tasks-fragment.md
2022-08-21T05:37:36.850Z - info: Synchronizing opened pages list before reload
2022-08-21T05:37:36.851Z - info: Current opened pages, from most-to-least recent:
2022-08-21T05:37:36.851Z - info: 1. schedule/week2/project
2022-08-21T05:37:37.865Z - info: Rebuilding 1 pages
2022-08-21T05:37:39.506Z - info: Site data built
2022-08-21T05:37:39.507Z - info: Pages rebuilt
2022-08-21T05:37:39.507Z - info: Website regeneration complete! Total build time: 1.643s
2022-08-21T05:37:54.246Z - info: [1:37:54 pm] Reload for file change: C:\repos\nus-cs2103\cs2103-website-base\admin\ip-tasks-fragment.md
2022-08-21T05:37:54.247Z - info: Synchronizing opened pages list before reload
2022-08-21T05:37:54.247Z - info: Current opened pages, from most-to-least recent:
2022-08-21T05:37:54.247Z - info: 1. schedule/week2/project
2022-08-21T05:37:55.265Z - info: Rebuilding 1 pages
2022-08-21T05:37:56.468Z - info: Site data built
2022-08-21T05:37:56.469Z - info: Pages rebuilt
2022-08-21T05:37:56.469Z - info: Website regeneration complete! Total build time: 1.205s
2022-08-21T05:40:13.717Z - info: [1:40:13 pm] Reload for file change: C:\repos\nus-cs2103\cs2103-website-base\admin\ip-tasks-fragment.md
2022-08-21T05:40:13.717Z - info: Synchronizing opened pages list before reload
2022-08-21T05:40:13.717Z - info: Current opened pages, from most-to-least recent:
2022-08-21T05:40:13.717Z - info: 1. schedule/week2/project
2022-08-21T05:40:14.729Z - info: Rebuilding 1 pages
2022-08-21T05:40:16.375Z - info: Site data built
2022-08-21T05:40:16.375Z - info: Pages rebuilt
2022-08-21T05:40:16.376Z - info: Website regeneration complete! Total build time: 1.65s
2022-08-21T05:44:03.745Z - info: [1:44:03 pm] Reload for file change: C:\repos\nus-cs2103\cs2103-website-base\book\gitAndGithub\tag\text.md
2022-08-21T05:44:03.745Z - info: Synchronizing opened pages list before reload
2022-08-21T05:44:03.746Z - info: Current opened pages, from most-to-least recent:
2022-08-21T05:44:03.746Z - info: 1. ../book/gitAndGithub/tag/index
2022-08-21T05:44:03.747Z - info: 2. schedule/week2/project
2022-08-21T05:44:04.757Z - info: No pages needed to be rebuilt
2022-08-21T05:44:11.090Z - info: Building C:\repos\nus-cs2103\cs2103-website-base\book\gitAndGithub\tag\index as some of its dependencies were changed since the last visit
2022-08-21T05:44:11.233Z - info: Site data built
2022-08-21T05:44:11.233Z - info: Lazy website regeneration complete! Total build time: 0.143s
2022-08-21T05:45:58.960Z - info: [1:45:58 pm] Reload for file change: C:\repos\nus-cs2103\cs2103-website-base\book\gitAndGithub\tag\text.md
2022-08-21T05:45:58.960Z - info: Synchronizing opened pages list before reload
2022-08-21T05:45:58.961Z - info: Current opened pages, from most-to-least recent:
2022-08-21T05:45:58.961Z - info: 1. ../book/gitAndGithub/tag/index
2022-08-21T05:45:58.961Z - info: 2. schedule/week2/project
2022-08-21T05:45:59.969Z - info: No pages needed to be rebuilt
2022-08-21T05:46:10.657Z - info: [1:46:10 pm] Reload for file change: C:\repos\nus-cs2103\cs2103-website-base\book\gitAndGithub\tag\text.md
2022-08-21T05:46:10.657Z - info: Synchronizing opened pages list before reload
2022-08-21T05:46:10.657Z - info: Current opened pages, from most-to-least recent:
2022-08-21T05:46:10.657Z - info: 1. ../book/gitAndGithub/tag/index
2022-08-21T05:46:10.657Z - info: 2. schedule/week2/project
2022-08-21T05:46:11.662Z - info: No pages needed to be rebuilt
2022-08-21T05:46:15.910Z - info: Building C:\repos\nus-cs2103\cs2103-website-base\book\gitAndGithub\tag\index as some of its dependencies were changed since the last visit
2022-08-21T05:46:16.031Z - info: Site data built
2022-08-21T05:46:16.031Z - info: Lazy website regeneration complete! Total build time: 0.121s
2022-08-21T05:49:01.462Z - info: [1:49:01 pm] Reload for file change: C:\repos\nus-cs2103\cs2103-website-base\book\gitAndGithub\tag\text.md
2022-08-21T05:49:01.463Z - info: Synchronizing opened pages list before reload
2022-08-21T05:49:01.463Z - info: Current opened pages, from most-to-least recent:
2022-08-21T05:49:01.463Z - info: 1. ../book/gitAndGithub/tag/index
2022-08-21T05:49:01.463Z - info: 2. schedule/week2/project
2022-08-21T05:49:02.472Z - info: No pages needed to be rebuilt
2022-08-21T05:49:05.561Z - info: Building C:\repos\nus-cs2103\cs2103-website-base\book\gitAndGithub\tag\index as some of its dependencies were changed since the last visit
2022-08-21T05:49:05.682Z - info: Site data built
2022-08-21T05:49:05.682Z - info: Lazy website regeneration complete! Total build time: 0.121s
2022-08-21T05:49:44.904Z - info: Website generation started at 1:49:42 pm
2022-08-21T05:49:57.887Z - info: Building assets...
2022-08-21T05:50:08.310Z - info: Assets built
2022-08-21T05:50:08.311Z - info: Generating pages...
2022-08-21T05:50:22.171Z - debug:  
2022-08-21T05:50:25.388Z - debug:  
2022-08-21T05:50:25.388Z - debug:  
2022-08-21T05:50:25.403Z - debug:  
2022-08-21T05:50:25.403Z - debug:  
2022-08-21T05:50:25.404Z - debug:  
2022-08-21T05:50:25.404Z - debug:  
2022-08-21T05:50:25.404Z - debug:  
2022-08-21T05:50:25.405Z - debug:  
2022-08-21T05:50:25.405Z - debug:  
2022-08-21T05:50:25.405Z - debug:  
2022-08-21T05:50:25.406Z - debug:  
2022-08-21T05:52:40.614Z - debug:  
2022-08-21T05:52:59.051Z - debug:  
2022-08-21T05:52:59.051Z - debug:  
2022-08-21T05:53:05.830Z - info: Pages built
2022-08-21T05:53:07.212Z - info: Site data built
2022-08-21T05:53:07.212Z - info: Website generation complete! Total build time: 204.772s
2022-08-21T05:53:07.213Z - info: Build success!
2022-08-21T05:55:27.358Z - info: The website has been deployed at: https://nus-cs2103-ay2223s1.github.io/website
2022-08-21T14:00:56.874Z - info: Website generation started at 10:00:48 pm
2022-08-21T14:01:16.721Z - info: Building assets...
2022-08-21T14:01:33.399Z - info: Assets built
2022-08-21T14:01:33.401Z - info: Generating pages...
2022-08-21T14:01:55.957Z - debug:  
2022-08-21T14:01:55.971Z - debug:  
2022-08-21T14:02:01.818Z - debug:  
2022-08-21T14:02:01.940Z - debug:  
2022-08-21T14:02:01.941Z - debug:  
2022-08-21T14:02:01.942Z - debug:  
2022-08-21T14:02:01.942Z - debug:  
2022-08-21T14:02:01.942Z - debug:  
2022-08-21T14:02:01.943Z - debug:  
2022-08-21T14:02:01.943Z - debug:  
2022-08-21T14:02:01.944Z - debug:  
2022-08-21T14:02:01.944Z - debug:  
2022-08-21T14:07:16.709Z - debug:  
2022-08-21T14:07:44.734Z - debug:  
2022-08-21T14:07:44.734Z - debug:  
2022-08-21T14:07:53.299Z - info: Pages built
2022-08-21T14:07:55.293Z - info: Site data built
2022-08-21T14:07:55.293Z - info: Website generation complete! Total build time: 426.615s
2022-08-21T14:07:55.293Z - info: Build success!
2022-08-21T14:11:38.362Z - info: The website has been deployed at: https://nus-cs2103-ay2223s1.github.io/website
