2022-10-18T15:28:24.985Z - info: Website generation started at 11:28:03 pm
2022-10-18T15:29:04.106Z - info: Building assets...
2022-10-18T15:29:32.719Z - info: Assets built
2022-10-18T15:29:32.727Z - info: Generating pages...
2022-10-18T15:30:39.468Z - debug:  
2022-10-18T15:30:39.471Z - debug:  
2022-10-18T15:30:39.472Z - debug:  
2022-10-18T15:30:39.474Z - debug:  
2022-10-18T15:30:42.177Z - debug:  
2022-10-18T15:30:42.181Z - debug:  
2022-10-18T15:30:42.183Z - debug:  
2022-10-18T15:30:42.570Z - debug:  
2022-10-18T15:30:43.929Z - debug:  
2022-10-18T15:30:43.933Z - debug:  
2022-10-18T15:30:43.934Z - debug:  
2022-10-18T15:32:32.311Z - debug:  
2022-10-18T15:33:32.703Z - info: Pages built
2022-10-18T15:33:33.891Z - info: Site data built
2022-10-18T15:33:33.891Z - info: Website generation complete! Total build time: 330.812s
2022-10-18T15:33:33.891Z - info: Build success!
2022-10-18T15:35:52.032Z - info: The website has been deployed at: https://nus-tic2002-ay2223s1.github.io/website
