2022-08-29T07:20:33.846Z - info: Website generation (lazy) started at 3:20:31 pm
2022-08-29T07:20:48.435Z - info: Building assets...
2022-08-29T07:20:56.409Z - info: Assets built
2022-08-29T07:20:56.410Z - info: Generating landing page...
2022-08-29T07:20:58.239Z - info: Landing page built, other pages will be built as you navigate to them!
2022-08-29T07:20:59.623Z - info: Site data built
2022-08-29T07:20:59.623Z - info: Website generation (lazy) complete! Total build time: 28.016s
2022-08-29T07:21:00.739Z - info: Serving "C:\repos\nus-cs2103\cs2103-website-base\_site" at http://127.0.0.1:8080
2022-08-29T07:21:00.739Z - info: Press CTRL+C to stop ...
2022-08-29T07:21:43.818Z - info: [3:21:43 pm] Reload for file change: C:\repos\nus-cs2103\cs2103-website-base\admin\ip-tasks-fragment.md
2022-08-29T07:21:43.818Z - info: Synchronizing opened pages list before reload
2022-08-29T07:21:43.819Z - info: Current opened pages, from most-to-least recent:
2022-08-29T07:21:43.819Z - info: 1. index
2022-08-29T07:21:44.837Z - info: Rebuilding 1 pages
2022-08-29T07:21:45.785Z - info: Site data built
2022-08-29T07:21:45.786Z - info: Pages rebuilt
2022-08-29T07:21:45.786Z - info: Website regeneration complete! Total build time: 0.951s
2022-08-29T07:21:48.736Z - info: Building C:\repos\nus-cs2103\cs2103-website-base\schedule\week4\project as some of its dependencies were changed since the last visit
2022-08-29T07:21:51.374Z - info: Site data built
2022-08-29T07:21:51.374Z - info: Lazy website regeneration complete! Total build time: 2.638s
2022-08-29T07:22:08.376Z - info: [3:22:08 pm] Reload for file change: C:\repos\nus-cs2103\cs2103-website-base\admin\ip-tasks-fragment.md
2022-08-29T07:22:08.376Z - info: Synchronizing opened pages list before reload
2022-08-29T07:22:08.376Z - info: Current opened pages, from most-to-least recent:
2022-08-29T07:22:08.377Z - info: 1. schedule/week4/project
2022-08-29T07:22:09.386Z - info: Rebuilding 1 pages
2022-08-29T07:22:11.444Z - info: Site data built
2022-08-29T07:22:11.445Z - info: Pages rebuilt
2022-08-29T07:22:11.445Z - info: Website regeneration complete! Total build time: 2.06s
2022-08-29T07:22:23.861Z - info: [3:22:23 pm] Reload for file change: C:\repos\nus-cs2103\cs2103-website-base\admin\ip-tasks-fragment.md
2022-08-29T07:22:23.862Z - info: Synchronizing opened pages list before reload
2022-08-29T07:22:23.862Z - info: Current opened pages, from most-to-least recent:
2022-08-29T07:22:23.862Z - info: 1. schedule/week4/project
2022-08-29T07:22:24.871Z - info: Rebuilding 1 pages
2022-08-29T07:22:26.406Z - info: Site data built
2022-08-29T07:22:26.406Z - info: Pages rebuilt
2022-08-29T07:22:26.406Z - info: Website regeneration complete! Total build time: 1.536s
2022-08-29T07:22:43.789Z - info: [3:22:43 pm] Reload for file change: C:\repos\nus-cs2103\cs2103-website-base\admin\ip-tasks-fragment.md
2022-08-29T07:22:43.789Z - info: Synchronizing opened pages list before reload
2022-08-29T07:22:43.790Z - info: Current opened pages, from most-to-least recent:
2022-08-29T07:22:43.790Z - info: 1. schedule/week4/project
2022-08-29T07:22:44.798Z - info: Rebuilding 1 pages
2022-08-29T07:22:47.200Z - info: Site data built
2022-08-29T07:22:47.201Z - info: Pages rebuilt
2022-08-29T07:22:47.201Z - info: Website regeneration complete! Total build time: 2.404s
2022-08-29T07:23:19.440Z - info: [3:23:19 pm] Reload for file change: C:\repos\nus-cs2103\cs2103-website-base\admin\ip-tasks-fragment.md
2022-08-29T07:23:19.441Z - info: Synchronizing opened pages list before reload
2022-08-29T07:23:19.441Z - info: Current opened pages, from most-to-least recent:
2022-08-29T07:23:19.441Z - info: 1. schedule/week4/project
2022-08-29T07:23:20.449Z - info: Rebuilding 1 pages
2022-08-29T07:23:23.245Z - info: Site data built
2022-08-29T07:23:23.245Z - info: Pages rebuilt
2022-08-29T07:23:23.245Z - info: Website regeneration complete! Total build time: 2.796s
2022-08-29T07:23:32.555Z - info: Building C:\repos\nus-cs2103\cs2103-website-base\admin\programmingLanguages as some of its dependencies were changed since the last visit
2022-08-29T07:23:32.903Z - info: Site data built
2022-08-29T07:23:32.903Z - info: Lazy website regeneration complete! Total build time: 0.349s
2022-08-29T07:23:50.063Z - info: [3:23:50 pm] Reload for file change: C:\repos\nus-cs2103\cs2103-website-base\admin\ip-tasks-fragment.md
2022-08-29T07:23:50.064Z - info: Synchronizing opened pages list before reload
2022-08-29T07:23:50.064Z - info: Current opened pages, from most-to-least recent:
2022-08-29T07:23:50.064Z - info: 1. admin/programmingLanguages
2022-08-29T07:23:50.064Z - info: 2. schedule/week4/project
2022-08-29T07:23:51.069Z - info: Rebuilding 1 pages
2022-08-29T07:23:53.861Z - info: Site data built
2022-08-29T07:23:53.861Z - info: Pages rebuilt
2022-08-29T07:23:53.861Z - info: Website regeneration complete! Total build time: 2.792s
2022-08-29T07:24:30.615Z - info: [3:24:30 pm] Reload for file change: C:\repos\nus-cs2103\cs2103-website-base\admin\ip-tasks-fragment.md
2022-08-29T07:24:30.615Z - info: Synchronizing opened pages list before reload
2022-08-29T07:24:30.616Z - info: Current opened pages, from most-to-least recent:
2022-08-29T07:24:30.617Z - info: 1. admin/programmingLanguages
2022-08-29T07:24:30.617Z - info: 2. schedule/week4/project
2022-08-29T07:24:31.631Z - info: Rebuilding 1 pages
2022-08-29T07:24:34.608Z - info: Site data built
2022-08-29T07:24:34.608Z - info: Pages rebuilt
2022-08-29T07:24:34.609Z - info: Website regeneration complete! Total build time: 2.978s
2022-08-29T07:24:35.988Z - info: [3:24:35 pm] Reload for file change: C:\repos\nus-cs2103\cs2103-website-base\admin\ip-tasks-fragment.md
2022-08-29T07:24:35.988Z - info: Synchronizing opened pages list before reload
2022-08-29T07:24:35.988Z - info: Current opened pages, from most-to-least recent:
2022-08-29T07:24:35.988Z - info: 1. admin/programmingLanguages
2022-08-29T07:24:35.989Z - info: 2. schedule/week4/project
2022-08-29T07:24:37.006Z - info: Rebuilding 1 pages
2022-08-29T07:24:39.502Z - info: Site data built
2022-08-29T07:24:39.502Z - info: Pages rebuilt
2022-08-29T07:24:39.502Z - info: Website regeneration complete! Total build time: 2.497s
2022-08-29T07:24:55.171Z - info: [3:24:55 pm] Reload for file change: C:\repos\nus-cs2103\cs2103-website-base\admin\ip-tasks-fragment.md
2022-08-29T07:24:55.171Z - info: Synchronizing opened pages list before reload
2022-08-29T07:24:55.171Z - info: Current opened pages, from most-to-least recent:
2022-08-29T07:24:55.171Z - info: 1. admin/programmingLanguages
2022-08-29T07:24:55.171Z - info: 2. schedule/week4/project
2022-08-29T07:24:56.179Z - info: Rebuilding 1 pages
2022-08-29T07:24:58.307Z - info: Site data built
2022-08-29T07:24:58.308Z - info: Pages rebuilt
2022-08-29T07:24:58.308Z - info: Website regeneration complete! Total build time: 2.129s
2022-08-29T07:25:48.363Z - info: [3:25:48 pm] Reload for file change: C:\repos\nus-cs2103\cs2103-website-base\admin\ip-tasks-fragment.md
2022-08-29T07:25:48.364Z - info: Synchronizing opened pages list before reload
2022-08-29T07:25:48.364Z - info: Current opened pages, from most-to-least recent:
2022-08-29T07:25:48.364Z - info: 1. admin/programmingLanguages
2022-08-29T07:25:48.364Z - info: 2. schedule/week4/project
2022-08-29T07:25:49.372Z - info: Rebuilding 1 pages
2022-08-29T07:25:52.226Z - info: Site data built
2022-08-29T07:25:52.226Z - info: Pages rebuilt
2022-08-29T07:25:52.226Z - info: Website regeneration complete! Total build time: 2.855s
2022-08-29T07:26:00.395Z - info: [3:26:00 pm] Reload for file change: C:\repos\nus-cs2103\cs2103-website-base\admin\ip-tasks-fragment.md
2022-08-29T07:26:00.395Z - info: Synchronizing opened pages list before reload
2022-08-29T07:26:00.396Z - info: Current opened pages, from most-to-least recent:
2022-08-29T07:26:00.396Z - info: 1. admin/programmingLanguages
2022-08-29T07:26:00.396Z - info: 2. schedule/week4/project
2022-08-29T07:26:01.411Z - info: Rebuilding 1 pages
2022-08-29T07:26:03.649Z - info: Site data built
2022-08-29T07:26:03.649Z - info: Pages rebuilt
2022-08-29T07:26:03.649Z - info: Website regeneration complete! Total build time: 2.238s
2022-08-29T07:26:33.588Z - info: [3:26:33 pm] Reload for file change: C:\repos\nus-cs2103\cs2103-website-base\admin\ip-tasks-fragment.md
2022-08-29T07:26:33.589Z - info: Synchronizing opened pages list before reload
2022-08-29T07:26:33.589Z - info: Current opened pages, from most-to-least recent:
2022-08-29T07:26:33.589Z - info: 1. admin/programmingLanguages
2022-08-29T07:26:33.589Z - info: 2. schedule/week4/project
2022-08-29T07:26:34.606Z - info: Rebuilding 1 pages
2022-08-29T07:26:37.510Z - info: Site data built
2022-08-29T07:26:37.511Z - info: Pages rebuilt
2022-08-29T07:26:37.511Z - info: Website regeneration complete! Total build time: 2.906s
2022-08-29T07:26:49.180Z - info: [3:26:49 pm] Reload for file change: C:\repos\nus-cs2103\cs2103-website-base\admin\ip-tasks-fragment.md
2022-08-29T07:26:49.180Z - info: Synchronizing opened pages list before reload
2022-08-29T07:26:49.181Z - info: Current opened pages, from most-to-least recent:
2022-08-29T07:26:49.181Z - info: 1. admin/programmingLanguages
2022-08-29T07:26:49.181Z - info: 2. schedule/week4/project
2022-08-29T07:26:50.194Z - info: Rebuilding 1 pages
2022-08-29T07:26:52.316Z - info: Site data built
2022-08-29T07:26:52.316Z - info: Pages rebuilt
2022-08-29T07:26:52.316Z - info: Website regeneration complete! Total build time: 2.122s
2022-08-29T07:30:29.115Z - info: Website generation started at 3:30:26 pm
2022-08-29T07:30:40.971Z - info: Building assets...
2022-08-29T07:30:49.382Z - info: Assets built
2022-08-29T07:30:49.383Z - info: Generating pages...
2022-08-29T07:31:05.128Z - debug:  
2022-08-29T07:31:05.169Z - debug:  
2022-08-29T07:31:05.377Z - debug:  
2022-08-29T07:31:08.038Z - debug:  
2022-08-29T07:31:08.038Z - debug:  
2022-08-29T07:31:08.038Z - debug:  
2022-08-29T07:31:08.039Z - debug:  
2022-08-29T07:31:08.039Z - debug:  
2022-08-29T07:31:08.039Z - debug:  
2022-08-29T07:31:08.040Z - debug:  
2022-08-29T07:31:08.040Z - debug:  
2022-08-29T07:31:08.040Z - debug:  
2022-08-29T07:33:14.383Z - debug:  
2022-08-29T07:33:29.221Z - debug:  
2022-08-29T07:33:29.222Z - debug:  
2022-08-29T07:33:36.742Z - info: Pages built
2022-08-29T07:33:37.954Z - info: Site data built
2022-08-29T07:33:37.954Z - info: Website generation complete! Total build time: 191.049s
2022-08-29T07:33:37.954Z - info: Build success!
2022-08-29T07:36:18.847Z - info: The website has been deployed at: https://nus-cs2103-ay2223s1.github.io/website
2022-08-29T07:56:18.259Z - info: Website generation started at 3:56:13 pm
2022-08-29T07:56:29.343Z - info: Building assets...
2022-08-29T07:56:36.255Z - info: Assets built
2022-08-29T07:56:36.255Z - info: Generating pages...
2022-08-29T07:56:51.432Z - debug:  
2022-08-29T07:56:51.432Z - debug:  
2022-08-29T07:56:51.433Z - debug:  
2022-08-29T07:56:51.433Z - debug:  
2022-08-29T07:56:51.434Z - debug:  
2022-08-29T07:56:51.434Z - debug:  
2022-08-29T07:56:51.434Z - debug:  
2022-08-29T07:56:51.812Z - debug:  
2022-08-29T07:56:51.812Z - debug:  
2022-08-29T07:56:51.847Z - debug:  
2022-08-29T07:56:51.848Z - debug:  
2022-08-29T07:57:29.886Z - debug:  
2022-08-29T07:58:26.253Z - info: Pages built
2022-08-29T07:58:27.377Z - info: Site data built
2022-08-29T07:58:27.377Z - info: Website generation complete! Total build time: 134.167s
2022-08-29T07:58:27.378Z - info: Build success!
2022-08-29T08:00:47.192Z - info: The website has been deployed at: https://nus-tic2002-ay2223s1.github.io/website
