2022-10-13T06:40:44.777Z - info: Website generation (lazy) started at 2:40:41 pm
2022-10-13T06:41:01.497Z - info: Building assets...
2022-10-13T06:41:11.666Z - info: Assets built
2022-10-13T06:41:11.666Z - info: Generating landing page...
2022-10-13T06:41:13.650Z - info: Landing page built, other pages will be built as you navigate to them!
2022-10-13T06:41:15.043Z - info: Site data built
2022-10-13T06:41:15.043Z - info: Website generation (lazy) complete! Total build time: 33.161s
2022-10-13T06:41:16.257Z - info: Serving "C:\repos\nus-cs2103\cs2103-website-base\_site" at http://127.0.0.1:8080
2022-10-13T06:41:16.257Z - info: Press CTRL+C to stop ...
2022-10-13T06:46:05.524Z - info: Building C:\repos\nus-cs2103\cs2103-website-base\schedule\week10\index as some of its dependencies were changed since the last visit
2022-10-13T06:46:07.110Z - info: Site data built
2022-10-13T06:46:07.111Z - info: Lazy website regeneration complete! Total build time: 1.588s
2022-10-13T06:46:15.459Z - info: Building C:\repos\nus-cs2103\cs2103-website-base\schedule\week10\admin as some of its dependencies were changed since the last visit
2022-10-13T06:46:15.775Z - info: Site data built
2022-10-13T06:46:15.776Z - info: Lazy website regeneration complete! Total build time: 0.318s
2022-10-13T06:46:21.062Z - info: Building C:\repos\nus-cs2103\cs2103-website-base\schedule\week10\topics as some of its dependencies were changed since the last visit
2022-10-13T06:46:24.381Z - info: Site data built
2022-10-13T06:46:24.381Z - info: Lazy website regeneration complete! Total build time: 3.319s
2022-10-13T06:46:27.002Z - debug:  
2022-10-13T06:47:12.951Z - info: Building C:\repos\nus-cs2103\cs2103-website-base\schedule\week10\project as some of its dependencies were changed since the last visit
2022-10-13T06:47:15.041Z - info: Site data built
2022-10-13T06:47:15.042Z - info: Lazy website regeneration complete! Total build time: 2.091s
2022-10-13T07:18:36.098Z - info: Building C:\repos\nus-cs2103\cs2103-website-base\schedule\week10\tutorial as some of its dependencies were changed since the last visit
2022-10-13T07:18:36.757Z - info: Site data built
2022-10-13T07:18:36.758Z - info: Lazy website regeneration complete! Total build time: 0.659s
2022-10-13T07:31:57.028Z - info: [3:31:57 pm] Reload for file change: C:\repos\nus-cs2103\cs2103-website-base\_module-CS2103\studentData-fragment.md
2022-10-13T07:31:57.028Z - info: Synchronizing opened pages list before reload
2022-10-13T07:31:57.029Z - info: Current opened pages, from most-to-least recent:
2022-10-13T07:31:57.029Z - info: 1. schedule/week10/tutorial
2022-10-13T07:31:58.045Z - info: No pages needed to be rebuilt
2022-10-13T07:32:15.737Z - info: [3:32:15 pm] Reload for file change: C:\repos\nus-cs2103\cs2103-website-base\_module-CS2103\studentData-fragment.md
2022-10-13T07:32:15.737Z - info: Synchronizing opened pages list before reload
2022-10-13T07:32:15.737Z - info: Current opened pages, from most-to-least recent:
2022-10-13T07:32:15.737Z - info: 1. schedule/week10/tutorial
2022-10-13T07:32:16.749Z - info: No pages needed to be rebuilt
2022-10-13T15:54:55.148Z - info: Website generation (lazy) started at 11:54:49 pm
2022-10-13T15:55:13.349Z - info: Building assets...
2022-10-13T15:55:28.524Z - info: Assets built
2022-10-13T15:55:28.526Z - info: Generating landing page...
2022-10-13T15:55:31.300Z - info: Landing page built, other pages will be built as you navigate to them!
2022-10-13T15:55:33.667Z - info: Site data built
2022-10-13T15:55:33.668Z - info: Website generation (lazy) complete! Total build time: 43.89s
2022-10-13T15:55:35.462Z - info: Serving "C:\repos\nus-cs2103\cs2103-website-base\_site" at http://127.0.0.1:8080
2022-10-13T15:55:35.463Z - info: Press CTRL+C to stop ...
2022-10-13T15:55:53.478Z - info: Building C:\repos\nus-cs2103\cs2103-website-base\admin\index as some of its dependencies were changed since the last visit
2022-10-13T15:56:09.653Z - info: Site data built
2022-10-13T15:56:09.654Z - info: Lazy website regeneration complete! Total build time: 16.177s
2022-10-13T15:56:16.938Z - info: Building C:\repos\nus-cs2103\cs2103-website-base\admin\exams as some of its dependencies were changed since the last visit
2022-10-13T15:56:17.377Z - info: Site data built
2022-10-13T15:56:17.378Z - info: Lazy website regeneration complete! Total build time: 0.441s
2022-10-13T15:56:46.439Z - info: Website generation started at 11:56:43 pm
2022-10-13T15:56:57.779Z - info: Building assets...
2022-10-13T15:57:05.643Z - info: Assets built
2022-10-13T15:57:05.644Z - info: Generating pages...
2022-10-13T15:57:19.860Z - debug:  
2022-10-13T15:57:19.863Z - debug:  
2022-10-13T15:57:19.864Z - debug:  
2022-10-13T15:57:19.864Z - debug:  
2022-10-13T15:57:19.877Z - debug:  
2022-10-13T15:57:19.877Z - debug:  
2022-10-13T15:57:19.877Z - debug:  
2022-10-13T15:57:19.878Z - debug:  
2022-10-13T15:57:19.878Z - debug:  
2022-10-13T15:57:19.878Z - debug:  
2022-10-13T15:57:19.878Z - debug:  
2022-10-13T15:57:19.878Z - debug:  
2022-10-13T15:59:18.004Z - debug:  
2022-10-13T15:59:30.696Z - debug:  
2022-10-13T15:59:30.805Z - debug:  
2022-10-13T15:59:39.674Z - info: Pages built
2022-10-13T15:59:40.767Z - info: Site data built
2022-10-13T15:59:40.767Z - info: Website generation complete! Total build time: 176.936s
2022-10-13T15:59:40.767Z - info: Build success!
