2022-07-21T17:14:08.015Z - info: Building C:\repos\nus-cs2103\cs2103-website-base\admin\moduleOverview as some of its dependencies were changed since the last visit
2022-07-21T17:14:08.518Z - info: Site data built
2022-07-21T17:14:08.519Z - info: Lazy website regeneration complete! Total build time: 0.509s
2022-07-21T17:15:12.242Z - info: Building C:\repos\nus-cs2103\cs2103-website-base\admin\instructors as some of its dependencies were changed since the last visit
2022-07-21T17:15:12.419Z - info: Site data built
2022-07-21T17:15:12.419Z - info: Lazy website regeneration complete! Total build time: 0.178s
2022-07-21T17:39:10.064Z - info: [1:39:10 am] Reload for file change: C:\repos\nus-cs2103\cs2103-website-base\css\main.css
2022-07-21T17:39:10.064Z - info: Synchronizing opened pages list before reload
2022-07-21T17:39:10.064Z - info: Current opened pages, from most-to-least recent:
2022-07-21T17:39:10.065Z - info: 1. admin/instructors
2022-07-21T17:39:11.081Z - info: Assets built
2022-07-21T17:39:28.366Z - info: Building C:\repos\nus-cs2103\cs2103-website-base\admin\tp-pe as some of its dependencies were changed since the last visit
2022-07-21T17:39:30.388Z - info: Site data built
2022-07-21T17:39:30.388Z - info: Lazy website regeneration complete! Total build time: 2.023s
2022-07-21T17:39:47.010Z - info: Building C:\repos\nus-cs2103\cs2103-website-base\admin\tp-expectations as some of its dependencies were changed since the last visit
2022-07-21T17:39:47.558Z - info: Site data built
2022-07-21T17:39:47.559Z - info: Lazy website regeneration complete! Total build time: 0.55s
2022-07-21T17:42:56.978Z - info: [1:42:56 am] Reload for file change: C:\repos\nus-cs2103\cs2103-website-base\css\main.css
2022-07-21T17:42:56.979Z - info: Synchronizing opened pages list before reload
2022-07-21T17:42:56.980Z - info: Current opened pages, from most-to-least recent:
2022-07-21T17:42:56.980Z - info: 1. admin/tp-expectations
2022-07-21T17:42:58.007Z - info: Assets built
2022-07-21T17:43:14.572Z - info: [1:43:14 am] Reload for file change: C:\repos\nus-cs2103\cs2103-website-base\css\main.css
2022-07-21T17:43:14.572Z - info: Synchronizing opened pages list before reload
2022-07-21T17:43:14.573Z - info: Current opened pages, from most-to-least recent:
2022-07-21T17:43:14.573Z - info: 1. admin/tp-expectations
2022-07-21T17:43:15.611Z - info: Assets built
2022-07-21T17:43:51.586Z - info: Building C:\repos\nus-cs2103\cs2103-website-base\admin\lectures as some of its dependencies were changed since the last visit
2022-07-21T17:43:51.906Z - info: Site data built
2022-07-21T17:43:51.906Z - info: Lazy website regeneration complete! Total build time: 0.321s
2022-07-21T17:43:58.954Z - info: Building C:\repos\nus-cs2103\cs2103-website-base\admin\tutorials as some of its dependencies were changed since the last visit
2022-07-21T17:43:59.365Z - info: Site data built
2022-07-21T17:43:59.365Z - info: Lazy website regeneration complete! Total build time: 0.412s
2022-07-21T17:44:54.222Z - info: Building C:\repos\nus-cs2103\cs2103-website-base\admin\textbooks as some of its dependencies were changed since the last visit
2022-07-21T17:44:54.511Z - info: Site data built
2022-07-21T17:44:54.511Z - info: Lazy website regeneration complete! Total build time: 0.29s
2022-07-21T17:44:58.206Z - info: Building C:\repos\nus-cs2103\cs2103-website-base\admin\programmingLanguages as some of its dependencies were changed since the last visit
2022-07-21T17:44:58.452Z - info: Site data built
2022-07-21T17:44:58.453Z - info: Lazy website regeneration complete! Total build time: 0.248s
2022-07-21T17:45:02.929Z - info: Building C:\repos\nus-cs2103\cs2103-website-base\admin\standardsAndConventions as some of its dependencies were changed since the last visit
2022-07-21T17:45:03.118Z - info: Site data built
2022-07-21T17:45:03.118Z - info: Lazy website regeneration complete! Total build time: 0.189s
2022-07-21T17:45:13.039Z - info: Building C:\repos\nus-cs2103\cs2103-website-base\admin\ip-overview as some of its dependencies were changed since the last visit
2022-07-21T17:45:13.585Z - info: Site data built
2022-07-21T17:45:13.585Z - info: Lazy website regeneration complete! Total build time: 0.546s
2022-07-21T17:45:23.743Z - info: Building C:\repos\nus-cs2103\cs2103-website-base\admin\ip-w2 as some of its dependencies were changed since the last visit
2022-07-21T17:45:25.373Z - info: Site data built
2022-07-21T17:45:25.374Z - info: Lazy website regeneration complete! Total build time: 1.632s
2022-07-21T17:46:48.031Z - info: [1:46:48 am] Reload for file change: C:\repos\nus-cs2103\cs2103-website-base\css\main.css
2022-07-21T17:46:48.032Z - info: Synchronizing opened pages list before reload
2022-07-21T17:46:48.033Z - info: Current opened pages, from most-to-least recent:
2022-07-21T17:46:48.033Z - info: 1. admin/ip-w2
2022-07-21T17:46:49.055Z - info: Assets built
2022-07-21T17:49:22.052Z - info: [1:49:22 am] Reload for file change: C:\repos\nus-cs2103\cs2103-website-base\css\main.css
2022-07-21T17:49:22.052Z - info: Synchronizing opened pages list before reload
2022-07-21T17:49:22.052Z - info: Current opened pages, from most-to-least recent:
2022-07-21T17:49:22.052Z - info: 1. admin/ip-w2
2022-07-21T17:49:23.079Z - info: Assets built
2022-07-21T17:50:22.459Z - info: [1:50:22 am] Reload for file change: C:\repos\nus-cs2103\cs2103-website-base\admin\ip-tasks-fragment.md
2022-07-21T17:50:22.459Z - info: Synchronizing opened pages list before reload
2022-07-21T17:50:22.459Z - info: Current opened pages, from most-to-least recent:
2022-07-21T17:50:22.459Z - info: 1. admin/ip-w2
2022-07-21T17:50:23.483Z - info: Rebuilding 1 pages
2022-07-21T17:50:24.858Z - info: Site data built
2022-07-21T17:50:24.859Z - info: Pages rebuilt
2022-07-21T17:50:24.859Z - info: Website regeneration complete! Total build time: 1.377s
2022-07-21T17:50:31.106Z - info: [1:50:31 am] Reload for file change: C:\repos\nus-cs2103\cs2103-website-base\admin\ip-tasks-fragment.md
2022-07-21T17:50:31.106Z - info: Synchronizing opened pages list before reload
2022-07-21T17:50:31.106Z - info: Current opened pages, from most-to-least recent:
2022-07-21T17:50:31.107Z - info: 1. admin/ip-w2
2022-07-21T17:50:32.115Z - info: Rebuilding 1 pages
2022-07-21T17:50:33.111Z - info: Site data built
2022-07-21T17:50:33.111Z - info: Pages rebuilt
2022-07-21T17:50:33.111Z - info: Website regeneration complete! Total build time: 0.996s
2022-07-21T17:54:01.667Z - info: [1:54:01 am] Reload for file change: C:\repos\nus-cs2103\cs2103-website-base\admin\ip-tasks-fragment.md
2022-07-21T17:54:01.667Z - info: Synchronizing opened pages list before reload
2022-07-21T17:54:01.667Z - info: Current opened pages, from most-to-least recent:
2022-07-21T17:54:01.667Z - info: 1. admin/ip-w2
2022-07-21T17:54:02.676Z - info: Rebuilding 1 pages
2022-07-21T17:54:03.723Z - info: Site data built
2022-07-21T17:54:03.724Z - info: Pages rebuilt
2022-07-21T17:54:03.724Z - info: Website regeneration complete! Total build time: 1.048s
2022-07-21T17:54:27.686Z - info: [1:54:27 am] Reload for file change: C:\repos\nus-cs2103\cs2103-website-base\admin\ip-tasks-fragment.md
2022-07-21T17:54:27.687Z - info: Synchronizing opened pages list before reload
2022-07-21T17:54:27.687Z - info: Current opened pages, from most-to-least recent:
2022-07-21T17:54:27.687Z - info: 1. admin/ip-w2
2022-07-21T17:54:28.698Z - info: Rebuilding 1 pages
2022-07-21T17:54:29.756Z - info: Site data built
2022-07-21T17:54:29.757Z - info: Pages rebuilt
2022-07-21T17:54:29.757Z - info: Website regeneration complete! Total build time: 1.06s
2022-07-21T17:56:07.521Z - info: [1:56:07 am] Reload for file change: C:\repos\nus-cs2103\cs2103-website-base\admin\ip-tasks-fragment.md
2022-07-21T17:56:07.522Z - info: Synchronizing opened pages list before reload
2022-07-21T17:56:07.522Z - info: Current opened pages, from most-to-least recent:
2022-07-21T17:56:07.522Z - info: 1. admin/ip-w2
2022-07-21T17:56:08.529Z - info: Rebuilding 1 pages
2022-07-21T17:56:09.563Z - info: Site data built
2022-07-21T17:56:09.564Z - info: Pages rebuilt
2022-07-21T17:56:09.564Z - info: Website regeneration complete! Total build time: 1.035s
2022-07-21T17:56:26.812Z - info: [1:56:26 am] Reload for file change: C:\repos\nus-cs2103\cs2103-website-base\admin\ip-tasks-fragment.md
2022-07-21T17:56:26.812Z - info: Synchronizing opened pages list before reload
2022-07-21T17:56:26.813Z - info: Current opened pages, from most-to-least recent:
2022-07-21T17:56:26.813Z - info: 1. admin/ip-w2
2022-07-21T17:56:27.824Z - info: Rebuilding 1 pages
2022-07-21T17:56:29.196Z - info: Site data built
2022-07-21T17:56:29.196Z - info: Pages rebuilt
2022-07-21T17:56:29.196Z - info: Website regeneration complete! Total build time: 1.372s
2022-07-21T17:56:39.107Z - info: [1:56:39 am] Reload for file change: C:\repos\nus-cs2103\cs2103-website-base\admin\ip-tasks-fragment.md
2022-07-21T17:56:39.107Z - info: Synchronizing opened pages list before reload
2022-07-21T17:56:39.107Z - info: Current opened pages, from most-to-least recent:
2022-07-21T17:56:39.107Z - info: 1. admin/ip-w2
2022-07-21T17:56:40.116Z - info: Rebuilding 1 pages
2022-07-21T17:56:41.098Z - info: Site data built
2022-07-21T17:56:41.098Z - info: Pages rebuilt
2022-07-21T17:56:41.098Z - info: Website regeneration complete! Total build time: 0.983s
2022-07-21T17:59:44.664Z - info: [1:59:44 am] Reload for file change: C:\repos\nus-cs2103\cs2103-website-base\admin\ip-tasks-fragment.md
2022-07-21T17:59:44.664Z - info: Synchronizing opened pages list before reload
2022-07-21T17:59:44.664Z - info: Current opened pages, from most-to-least recent:
2022-07-21T17:59:44.664Z - info: 1. admin/ip-w2
2022-07-21T17:59:45.676Z - info: Rebuilding 1 pages
2022-07-21T17:59:47.083Z - info: Site data built
2022-07-21T17:59:47.083Z - info: Pages rebuilt
2022-07-21T17:59:47.083Z - info: Website regeneration complete! Total build time: 1.409s
2022-07-21T18:00:28.829Z - info: [2:00:28 am] Reload for file change: C:\repos\nus-cs2103\cs2103-website-base\admin\ip-tasks-fragment.md
2022-07-21T18:00:28.830Z - info: Synchronizing opened pages list before reload
2022-07-21T18:00:28.830Z - info: Current opened pages, from most-to-least recent:
2022-07-21T18:00:28.830Z - info: 1. admin/ip-w2
2022-07-21T18:00:29.850Z - info: Rebuilding 1 pages
2022-07-21T18:00:31.224Z - info: Site data built
2022-07-21T18:00:31.224Z - info: Pages rebuilt
2022-07-21T18:00:31.225Z - info: Website regeneration complete! Total build time: 1.376s
2022-07-21T18:02:21.946Z - info: [2:02:21 am] Reload for file change: C:\repos\nus-cs2103\cs2103-website-base\admin\ip-tasks-fragment.md
2022-07-21T18:02:21.947Z - info: Synchronizing opened pages list before reload
2022-07-21T18:02:21.947Z - info: Current opened pages, from most-to-least recent:
2022-07-21T18:02:21.947Z - info: 1. admin/ip-w2
2022-07-21T18:02:22.964Z - info: Rebuilding 1 pages
2022-07-21T18:02:24.348Z - info: Site data built
2022-07-21T18:02:24.348Z - info: Pages rebuilt
2022-07-21T18:02:24.348Z - info: Website regeneration complete! Total build time: 1.384s
2022-07-21T18:02:42.540Z - info: [2:02:42 am] Reload for file change: C:\repos\nus-cs2103\cs2103-website-base\admin\ip-tasks-fragment.md
2022-07-21T18:02:42.540Z - info: Synchronizing opened pages list before reload
2022-07-21T18:02:42.540Z - info: Current opened pages, from most-to-least recent:
2022-07-21T18:02:42.540Z - info: 1. admin/ip-w2
2022-07-21T18:02:43.556Z - info: Rebuilding 1 pages
2022-07-21T18:02:44.958Z - info: Site data built
2022-07-21T18:02:44.958Z - info: Pages rebuilt
2022-07-21T18:02:44.959Z - info: Website regeneration complete! Total build time: 1.403s
2022-07-21T18:02:58.489Z - info: [2:02:58 am] Reload for file change: C:\repos\nus-cs2103\cs2103-website-base\admin\ip-tasks-fragment.md
2022-07-21T18:02:58.489Z - info: Synchronizing opened pages list before reload
2022-07-21T18:02:58.489Z - info: Current opened pages, from most-to-least recent:
2022-07-21T18:02:58.489Z - info: 1. admin/ip-w2
2022-07-21T18:02:59.500Z - info: Rebuilding 1 pages
2022-07-21T18:03:00.558Z - info: Site data built
2022-07-21T18:03:00.558Z - info: Pages rebuilt
2022-07-21T18:03:00.558Z - info: Website regeneration complete! Total build time: 1.059s
2022-07-21T18:03:29.388Z - info: [2:03:29 am] Reload for file change: C:\repos\nus-cs2103\cs2103-website-base\admin\ip-tasks-fragment.md
2022-07-21T18:03:29.389Z - info: Synchronizing opened pages list before reload
2022-07-21T18:03:29.389Z - info: Current opened pages, from most-to-least recent:
2022-07-21T18:03:29.389Z - info: 1. admin/ip-w2
2022-07-21T18:03:30.396Z - info: Rebuilding 1 pages
2022-07-21T18:03:31.784Z - info: Site data built
2022-07-21T18:03:31.784Z - info: Pages rebuilt
2022-07-21T18:03:31.784Z - info: Website regeneration complete! Total build time: 1.39s
2022-07-21T18:03:41.654Z - info: [2:03:41 am] Reload for file change: C:\repos\nus-cs2103\cs2103-website-base\admin\ip-tasks-fragment.md
2022-07-21T18:03:41.654Z - info: Synchronizing opened pages list before reload
2022-07-21T18:03:41.654Z - info: Current opened pages, from most-to-least recent:
2022-07-21T18:03:41.654Z - info: 1. admin/ip-w2
2022-07-21T18:03:42.661Z - info: Rebuilding 1 pages
2022-07-21T18:03:43.898Z - info: Site data built
2022-07-21T18:03:43.898Z - info: Pages rebuilt
2022-07-21T18:03:43.899Z - info: Website regeneration complete! Total build time: 1.238s
2022-07-21T18:04:18.198Z - info: [2:04:18 am] Reload for file change: C:\repos\nus-cs2103\cs2103-website-base\admin\ip-tasks-fragment.md
2022-07-21T18:04:18.198Z - info: Synchronizing opened pages list before reload
2022-07-21T18:04:18.198Z - info: Current opened pages, from most-to-least recent:
2022-07-21T18:04:18.199Z - info: 1. admin/ip-w2
2022-07-21T18:04:19.217Z - info: Rebuilding 1 pages
2022-07-21T18:04:20.679Z - info: Site data built
2022-07-21T18:04:20.679Z - info: Pages rebuilt
2022-07-21T18:04:20.680Z - info: Website regeneration complete! Total build time: 1.463s
2022-07-21T18:05:12.369Z - info: [2:05:12 am] Reload for file change: C:\repos\nus-cs2103\cs2103-website-base\admin\ip-tasks-fragment.md
2022-07-21T18:05:12.370Z - info: Synchronizing opened pages list before reload
2022-07-21T18:05:12.371Z - info: Current opened pages, from most-to-least recent:
2022-07-21T18:05:12.371Z - info: 1. admin/ip-w2
2022-07-21T18:05:13.393Z - info: Rebuilding 1 pages
2022-07-21T18:05:14.770Z - info: Site data built
2022-07-21T18:05:14.771Z - info: Pages rebuilt
2022-07-21T18:05:14.771Z - info: Website regeneration complete! Total build time: 1.38s
2022-07-21T18:05:22.877Z - info: [2:05:22 am] Reload for file change: C:\repos\nus-cs2103\cs2103-website-base\admin\ip-tasks-fragment.md
2022-07-21T18:05:22.878Z - info: Synchronizing opened pages list before reload
2022-07-21T18:05:22.878Z - info: Current opened pages, from most-to-least recent:
2022-07-21T18:05:22.878Z - info: 1. admin/ip-w2
2022-07-21T18:05:23.892Z - info: Rebuilding 1 pages
2022-07-21T18:05:24.900Z - info: Site data built
2022-07-21T18:05:24.900Z - info: Pages rebuilt
2022-07-21T18:05:24.900Z - info: Website regeneration complete! Total build time: 1.01s
2022-07-21T18:05:32.193Z - info: [2:05:32 am] Reload for file change: C:\repos\nus-cs2103\cs2103-website-base\admin\ip-tasks-fragment.md
2022-07-21T18:05:32.193Z - info: Synchronizing opened pages list before reload
2022-07-21T18:05:32.193Z - info: Current opened pages, from most-to-least recent:
2022-07-21T18:05:32.193Z - info: 1. admin/ip-w2
2022-07-21T18:05:33.198Z - info: Rebuilding 1 pages
2022-07-21T18:05:34.138Z - info: Site data built
2022-07-21T18:05:34.138Z - info: Pages rebuilt
2022-07-21T18:05:34.138Z - info: Website regeneration complete! Total build time: 0.941s
2022-07-21T18:07:05.985Z - info: [2:07:05 am] Reload for file change: C:\repos\nus-cs2103\cs2103-website-base\admin\ip-tasks-fragment.md
2022-07-21T18:07:05.985Z - info: Synchronizing opened pages list before reload
2022-07-21T18:07:05.986Z - info: Current opened pages, from most-to-least recent:
2022-07-21T18:07:05.986Z - info: 1. admin/ip-w2
2022-07-21T18:07:06.994Z - info: Rebuilding 1 pages
2022-07-21T18:07:08.284Z - info: Site data built
2022-07-21T18:07:08.285Z - info: Pages rebuilt
2022-07-21T18:07:08.285Z - info: Website regeneration complete! Total build time: 1.291s
2022-07-21T18:07:28.894Z - info: [2:07:28 am] Reload for file change: C:\repos\nus-cs2103\cs2103-website-base\admin\ip-tasks-fragment.md
2022-07-21T18:07:28.894Z - info: Synchronizing opened pages list before reload
2022-07-21T18:07:28.895Z - info: Current opened pages, from most-to-least recent:
2022-07-21T18:07:28.895Z - info: 1. admin/ip-w2
2022-07-21T18:07:29.902Z - info: Rebuilding 1 pages
2022-07-21T18:07:31.261Z - info: Site data built
2022-07-21T18:07:31.262Z - info: Pages rebuilt
2022-07-21T18:07:31.262Z - info: Website regeneration complete! Total build time: 1.362s
2022-07-21T18:08:53.904Z - info: [2:08:53 am] Reload for file change: C:\repos\nus-cs2103\cs2103-website-base\book\gitAndGithub\createPRs\text.md
2022-07-21T18:08:53.904Z - info: Synchronizing opened pages list before reload
2022-07-21T18:08:53.904Z - info: Current opened pages, from most-to-least recent:
2022-07-21T18:08:53.904Z - info: 1. admin/ip-w2
2022-07-21T18:08:53.914Z - info: [2:08:53 am] Reload for file change: C:\repos\nus-cs2103\cs2103-website-base\_markbind\boilerplates\commentary-box.md
2022-07-21T18:08:53.915Z - info: Synchronizing opened pages list before reload
2022-07-21T18:08:53.915Z - info: Current opened pages, from most-to-least recent:
2022-07-21T18:08:53.915Z - info: 1. admin/ip-w2
2022-07-21T18:08:53.933Z - info: [2:08:53 am] Reload for file change: C:\repos\nus-cs2103\cs2103-website-base\book\gitAndGithub\managePRs\text.md
2022-07-21T18:08:53.933Z - info: Synchronizing opened pages list before reload
2022-07-21T18:08:53.933Z - info: Current opened pages, from most-to-least recent:
2022-07-21T18:08:53.933Z - info: 1. admin/ip-w2
2022-07-21T18:08:53.946Z - info: [2:08:53 am] Reload for file change: C:\repos\nus-cs2103\cs2103-website-base\book\gitAndGithub\reviewPRs\text.md
2022-07-21T18:08:53.946Z - info: Synchronizing opened pages list before reload
2022-07-21T18:08:53.946Z - info: Current opened pages, from most-to-least recent:
2022-07-21T18:08:53.946Z - info: 1. admin/ip-w2
2022-07-21T18:08:53.970Z - info: [2:08:53 am] Reload for file change: C:\repos\nus-cs2103\cs2103-website-base\admin\admin-tasks-fragment.md
2022-07-21T18:08:53.970Z - info: Synchronizing opened pages list before reload
2022-07-21T18:08:53.970Z - info: Current opened pages, from most-to-least recent:
2022-07-21T18:08:53.970Z - info: 1. admin/ip-w2
2022-07-21T18:08:53.989Z - info: [2:08:53 am] Reload for file change: C:\repos\nus-cs2103\cs2103-website-base\book\projectDuke\extensions-fragment.md
2022-07-21T18:08:53.989Z - info: Synchronizing opened pages list before reload
2022-07-21T18:08:53.989Z - info: Current opened pages, from most-to-least recent:
2022-07-21T18:08:53.989Z - info: 1. admin/ip-w2
2022-07-21T18:08:54.002Z - info: [2:08:54 am] Reload for file change: C:\repos\nus-cs2103\cs2103-website-base\common\macros.njk
2022-07-21T18:08:54.002Z - info: Synchronizing opened pages list before reload
2022-07-21T18:08:54.002Z - info: Current opened pages, from most-to-least recent:
2022-07-21T18:08:54.002Z - info: 1. admin/ip-w2
2022-07-21T18:08:54.019Z - info: [2:08:54 am] Reload for file change: C:\repos\nus-cs2103\cs2103-website-base\schedule\index.md
2022-07-21T18:08:54.019Z - info: Synchronizing opened pages list before reload
2022-07-21T18:08:54.019Z - info: Current opened pages, from most-to-least recent:
2022-07-21T18:08:54.019Z - info: 1. admin/ip-w2
2022-07-21T18:08:54.031Z - info: [2:08:54 am] Reload for file change: C:\repos\nus-cs2103\cs2103-website-base\_markbind\boilerplates\followup-box.md
2022-07-21T18:08:54.031Z - info: Synchronizing opened pages list before reload
2022-07-21T18:08:54.032Z - info: Current opened pages, from most-to-least recent:
2022-07-21T18:08:54.032Z - info: 1. admin/ip-w2
2022-07-21T18:08:54.046Z - info: [2:08:54 am] Reload for file change: C:\repos\nus-cs2103\cs2103-website-base\book\gitAndGithub\mergeConflicts\text.md
2022-07-21T18:08:54.046Z - info: Synchronizing opened pages list before reload
2022-07-21T18:08:54.047Z - info: Current opened pages, from most-to-least recent:
2022-07-21T18:08:54.047Z - info: 1. admin/ip-w2
2022-07-21T18:08:54.914Z - info: Assets built
2022-07-21T18:08:55.281Z - info: Rebuilding 1 pages
2022-07-21T18:08:56.841Z - info: Site data built
2022-07-21T18:08:56.841Z - info: Pages rebuilt
2022-07-21T18:08:56.841Z - info: Website regeneration complete! Total build time: 1.561s
2022-07-21T18:09:15.424Z - info: [2:09:15 am] Reload for file change: C:\repos\nus-cs2103\cs2103-website-base\book\gitAndGithub\createPRs\text.md
2022-07-21T18:09:15.424Z - info: Synchronizing opened pages list before reload
2022-07-21T18:09:15.424Z - info: Current opened pages, from most-to-least recent:
2022-07-21T18:09:15.424Z - info: 1. admin/ip-w2
2022-07-21T18:09:15.431Z - info: [2:09:15 am] Reload for file change: C:\repos\nus-cs2103\cs2103-website-base\_markbind\boilerplates\commentary-box.md
2022-07-21T18:09:15.432Z - info: Synchronizing opened pages list before reload
2022-07-21T18:09:15.432Z - info: Current opened pages, from most-to-least recent:
2022-07-21T18:09:15.432Z - info: 1. admin/ip-w2
2022-07-21T18:09:15.443Z - info: [2:09:15 am] Reload for file change: C:\repos\nus-cs2103\cs2103-website-base\book\gitAndGithub\managePRs\text.md
2022-07-21T18:09:15.443Z - info: Synchronizing opened pages list before reload
2022-07-21T18:09:15.444Z - info: Current opened pages, from most-to-least recent:
2022-07-21T18:09:15.444Z - info: 1. admin/ip-w2
2022-07-21T18:09:15.457Z - info: [2:09:15 am] Reload for file change: C:\repos\nus-cs2103\cs2103-website-base\book\gitAndGithub\reviewPRs\text.md
2022-07-21T18:09:15.457Z - info: Synchronizing opened pages list before reload
2022-07-21T18:09:15.457Z - info: Current opened pages, from most-to-least recent:
2022-07-21T18:09:15.458Z - info: 1. admin/ip-w2
2022-07-21T18:09:15.475Z - info: [2:09:15 am] Reload for file change: C:\repos\nus-cs2103\cs2103-website-base\admin\admin-tasks-fragment.md
2022-07-21T18:09:15.475Z - info: Synchronizing opened pages list before reload
2022-07-21T18:09:15.475Z - info: Current opened pages, from most-to-least recent:
2022-07-21T18:09:15.475Z - info: 1. admin/ip-w2
2022-07-21T18:09:15.500Z - info: [2:09:15 am] Reload for file change: C:\repos\nus-cs2103\cs2103-website-base\book\projectDuke\extensions-fragment.md
2022-07-21T18:09:15.501Z - info: Synchronizing opened pages list before reload
2022-07-21T18:09:15.501Z - info: Current opened pages, from most-to-least recent:
2022-07-21T18:09:15.501Z - info: 1. admin/ip-w2
2022-07-21T18:09:15.513Z - info: [2:09:15 am] Reload for file change: C:\repos\nus-cs2103\cs2103-website-base\common\macros.njk
2022-07-21T18:09:15.513Z - info: Synchronizing opened pages list before reload
2022-07-21T18:09:15.513Z - info: Current opened pages, from most-to-least recent:
2022-07-21T18:09:15.513Z - info: 1. admin/ip-w2
2022-07-21T18:09:15.525Z - info: [2:09:15 am] Reload for file change: C:\repos\nus-cs2103\cs2103-website-base\schedule\index.md
2022-07-21T18:09:15.525Z - info: Synchronizing opened pages list before reload
2022-07-21T18:09:15.525Z - info: Current opened pages, from most-to-least recent:
2022-07-21T18:09:15.525Z - info: 1. admin/ip-w2
2022-07-21T18:09:15.533Z - info: [2:09:15 am] Reload for file change: C:\repos\nus-cs2103\cs2103-website-base\_markbind\boilerplates\followup-box.md
2022-07-21T18:09:15.533Z - info: Synchronizing opened pages list before reload
2022-07-21T18:09:15.533Z - info: Current opened pages, from most-to-least recent:
2022-07-21T18:09:15.533Z - info: 1. admin/ip-w2
2022-07-21T18:09:15.547Z - info: [2:09:15 am] Reload for file change: C:\repos\nus-cs2103\cs2103-website-base\book\gitAndGithub\mergeConflicts\text.md
2022-07-21T18:09:15.547Z - info: Synchronizing opened pages list before reload
2022-07-21T18:09:15.547Z - info: Current opened pages, from most-to-least recent:
2022-07-21T18:09:15.547Z - info: 1. admin/ip-w2
2022-07-21T18:09:16.432Z - info: Assets built
2022-07-21T18:09:16.696Z - info: Rebuilding 1 pages
2022-07-21T18:09:17.976Z - info: Site data built
2022-07-21T18:09:17.977Z - info: Pages rebuilt
2022-07-21T18:09:17.977Z - info: Website regeneration complete! Total build time: 1.282s
2022-07-21T18:09:36.268Z - info: Building C:\repos\nus-cs2103\cs2103-website-base\schedule\week1\index as some of its dependencies were changed since the last visit
2022-07-21T18:09:37.339Z - info: Site data built
2022-07-21T18:09:37.339Z - info: Lazy website regeneration complete! Total build time: 1.071s
2022-07-21T18:10:46.972Z - info: [2:10:46 am] Reload for file change: C:\repos\nus-cs2103\cs2103-website-base\common\macros.njk
2022-07-21T18:10:46.972Z - info: Synchronizing opened pages list before reload
2022-07-21T18:10:46.973Z - info: Current opened pages, from most-to-least recent:
2022-07-21T18:10:46.973Z - info: 1. schedule/week1/index
2022-07-21T18:10:48.127Z - info: Rebuilding 1 pages
2022-07-21T18:10:48.588Z - info: Site data built
2022-07-21T18:10:48.588Z - info: Pages rebuilt
2022-07-21T18:10:48.589Z - info: Website regeneration complete! Total build time: 0.462s
2022-07-21T18:11:35.230Z - info: [2:11:35 am] Reload for file change: C:\repos\nus-cs2103\cs2103-website-base\common\macros.njk
2022-07-21T18:11:35.230Z - info: Synchronizing opened pages list before reload
2022-07-21T18:11:35.230Z - info: Current opened pages, from most-to-least recent:
2022-07-21T18:11:35.230Z - info: 1. schedule/week1/index
2022-07-21T18:11:36.438Z - info: Rebuilding 1 pages
2022-07-21T18:11:36.999Z - info: Site data built
2022-07-21T18:11:36.999Z - info: Pages rebuilt
2022-07-21T18:11:36.999Z - info: Website regeneration complete! Total build time: 0.562s
2022-07-21T18:18:17.138Z - info: [2:18:17 am] Reload for file change: C:\repos\nus-cs2103\cs2103-website-base\common\macros.njk
2022-07-21T18:18:17.139Z - info: Synchronizing opened pages list before reload
2022-07-21T18:18:17.139Z - info: Current opened pages, from most-to-least recent:
2022-07-21T18:18:17.139Z - info: 1. schedule/week1/index
2022-07-21T18:18:18.380Z - info: Rebuilding 1 pages
2022-07-21T18:18:18.930Z - info: Site data built
2022-07-21T18:18:18.930Z - info: Pages rebuilt
2022-07-21T18:18:18.930Z - info: Website regeneration complete! Total build time: 0.551s
