2022-09-05T16:19:25.731Z - info: Website generation started at 12:19:18 am
2022-09-05T16:19:42.417Z - info: Building assets...
2022-09-05T16:19:51.596Z - info: Assets built
2022-09-05T16:19:51.597Z - info: Generating pages...
2022-09-05T16:20:08.222Z - debug:  
2022-09-05T16:20:08.328Z - debug:  
2022-09-05T16:20:12.788Z - debug:  
2022-09-05T16:20:12.849Z - debug:  
2022-09-05T16:20:12.849Z - debug:  
2022-09-05T16:20:12.850Z - debug:  
2022-09-05T16:20:12.850Z - debug:  
2022-09-05T16:20:12.850Z - debug:  
2022-09-05T16:20:12.851Z - debug:  
2022-09-05T16:20:12.851Z - debug:  
2022-09-05T16:20:12.851Z - debug:  
2022-09-05T16:20:12.852Z - debug:  
2022-09-05T16:22:58.362Z - debug:  
2022-09-05T16:23:16.686Z - debug:  
2022-09-05T16:23:16.686Z - debug:  
2022-09-05T16:23:27.402Z - info: Pages built
2022-09-05T16:23:28.809Z - info: Site data built
2022-09-05T16:23:28.809Z - info: Website generation complete! Total build time: 250.086s
2022-09-05T16:23:28.810Z - info: Build success!
2022-09-05T16:29:29.751Z - info: The website has been deployed at: https://nus-cs2103-ay2223s1.github.io/website
2022-09-06T14:58:51.172Z - info: Website generation started at 10:58:43 pm
2022-09-06T14:59:09.280Z - info: Building assets...
2022-09-06T14:59:19.180Z - info: Assets built
2022-09-06T14:59:19.181Z - info: Generating pages...
2022-09-06T14:59:39.672Z - debug:  
2022-09-06T14:59:39.673Z - debug:  
2022-09-06T14:59:39.673Z - debug:  
2022-09-06T14:59:39.673Z - debug:  
2022-09-06T14:59:39.674Z - debug:  
2022-09-06T14:59:39.675Z - debug:  
2022-09-06T14:59:39.675Z - debug:  
2022-09-06T14:59:40.844Z - debug:  
2022-09-06T14:59:40.844Z - debug:  
2022-09-06T14:59:40.875Z - debug:  
2022-09-06T14:59:40.876Z - debug:  
2022-09-06T15:01:05.086Z - debug:  
2022-09-06T15:03:59.789Z - info: Pages built
2022-09-06T15:04:01.443Z - info: Site data built
2022-09-06T15:04:01.449Z - info: Website generation complete! Total build time: 318.285s
2022-09-06T15:04:01.449Z - info: Build success!
2022-09-06T15:06:45.919Z - info: The website has been deployed at: https://nus-tic2002-ay2223s1.github.io/website
