2022-07-10T16:00:02.962Z - info: [12:00:02 am] Reload for file change: C:\repos\nus-cs2103\cs2103-website-base\admin\teamList.md
2022-07-10T16:00:02.972Z - info: Synchronizing opened pages list before reload
2022-07-10T16:00:02.974Z - info: Current opened pages, from most-to-least recent:
2022-07-10T16:00:02.974Z - info: 1. admin/gradeBreakdown
2022-07-10T16:00:03.995Z - info: Assets built
2022-07-10T16:01:05.234Z - info: [12:01:05 am] Reload for file change: C:\repos\nus-cs2103\cs2103-website-base\admin\weeklySchedule.md
2022-07-10T16:01:05.235Z - info: Synchronizing opened pages list before reload
2022-07-10T16:01:05.235Z - info: Current opened pages, from most-to-least recent:
2022-07-10T16:01:05.235Z - info: 1. admin/gradeBreakdown
2022-07-10T16:01:06.258Z - info: Assets built
2022-07-10T16:01:06.309Z - info: Building C:\repos\nus-cs2103\cs2103-website-base\admin\weeklySchedule as some of its dependencies were changed since the last visit
2022-07-10T16:01:06.804Z - info: Site data built
2022-07-10T16:01:06.804Z - info: Lazy website regeneration complete! Total build time: 0.495s
2022-07-10T16:02:22.310Z - info: [12:02:22 am] Reload for file change: C:\repos\nus-cs2103\cs2103-website-base\schedule\week4\tutorial-cs2113.mbdf
2022-07-10T16:02:22.310Z - info: Synchronizing opened pages list before reload
2022-07-10T16:02:22.310Z - info: Current opened pages, from most-to-least recent:
2022-07-10T16:02:22.310Z - info: 1. admin/weeklySchedule
2022-07-10T16:02:23.341Z - info: Assets built
2022-07-10T16:02:27.449Z - info: Building C:\repos\nus-cs2103\cs2103-website-base\schedule\week4\index as some of its dependencies were changed since the last visit
2022-07-10T16:02:28.626Z - info: Site data built
2022-07-10T16:02:28.626Z - info: Lazy website regeneration complete! Total build time: 1.178s
2022-07-10T16:02:32.891Z - info: Building C:\repos\nus-cs2103\cs2103-website-base\schedule\week4\tutorial as some of its dependencies were changed since the last visit
2022-07-10T16:02:33.230Z - info: Site data built
2022-07-10T16:02:33.231Z - info: Lazy website regeneration complete! Total build time: 0.339s
2022-07-10T16:05:49.371Z - info: Website generation started at 12:05:47 am
2022-07-10T16:05:55.953Z - info: Building assets...
2022-07-10T16:06:00.753Z - info: Assets built
2022-07-10T16:06:00.754Z - info: Generating pages...
2022-07-10T16:06:08.536Z - debug:  
2022-07-10T16:06:08.540Z - debug:  
2022-07-10T16:06:08.555Z - debug:  
2022-07-10T16:06:10.522Z - debug:  
2022-07-10T16:06:10.522Z - debug:  
2022-07-10T16:06:10.523Z - debug:  
2022-07-10T16:07:53.382Z - debug:  
2022-07-10T16:08:04.246Z - debug:  
2022-07-10T16:08:04.363Z - debug:  
2022-07-10T16:08:08.937Z - info: Pages built
2022-07-10T16:08:10.031Z - info: Site data built
2022-07-10T16:08:10.031Z - info: Website generation complete! Total build time: 142.308s
2022-07-10T16:08:10.999Z - info: Serving "C:\repos\nus-cs2103\cs2103-website-base\_site" at http://127.0.0.1:8080
2022-07-10T16:08:10.999Z - info: Press CTRL+C to stop ...
