2022-08-15T16:48:13.285Z - info: Website generation (lazy) started at 12:48:10 am
2022-08-15T16:48:23.942Z - info: Building assets...
2022-08-15T16:48:31.123Z - info: Assets built
2022-08-15T16:48:31.124Z - info: Generating landing page...
2022-08-15T16:48:32.435Z - info: Landing page built, other pages will be built as you navigate to them!
2022-08-15T16:48:33.326Z - info: Site data built
2022-08-15T16:48:33.327Z - info: Website generation (lazy) complete! Total build time: 23.161s
2022-08-15T16:48:34.280Z - info: Serving "C:\repos\nus-cs2103\cs2103-website-base\_site" at http://127.0.0.1:8080
2022-08-15T16:48:34.280Z - info: Press CTRL+C to stop ...
2022-08-15T16:49:00.586Z - info: Building C:\repos\nus-cs2103\cs2103-website-base\schedule\week2\index as some of its dependencies were changed since the last visit
2022-08-15T16:49:01.672Z - info: Site data built
2022-08-15T16:49:01.672Z - info: Lazy website regeneration complete! Total build time: 1.088s
2022-08-15T16:49:14.680Z - info: Building C:\repos\nus-cs2103\cs2103-website-base\schedule\week2\admin as some of its dependencies were changed since the last visit
2022-08-15T16:49:14.964Z - info: Site data built
2022-08-15T16:49:14.965Z - info: Lazy website regeneration complete! Total build time: 0.285s
2022-08-15T16:50:33.094Z - info: [12:50:33 am] Reload for file change: C:\repos\nus-cs2103\cs2103-website-base\admin\index-tic2002-fragment.md
2022-08-15T16:50:33.095Z - info: Synchronizing opened pages list before reload
2022-08-15T16:50:33.096Z - info: Current opened pages, from most-to-least recent:
2022-08-15T16:50:33.097Z - info: 1. schedule/week2/admin
2022-08-15T16:50:34.116Z - info: Rebuilding 1 pages
2022-08-15T16:50:34.413Z - info: Site data built
2022-08-15T16:50:34.414Z - info: Pages rebuilt
2022-08-15T16:50:34.414Z - info: Website regeneration complete! Total build time: 0.299s
2022-08-15T16:51:42.294Z - info: [12:51:42 am] Reload for file change: C:\repos\nus-cs2103\cs2103-website-base\admin\index-tic2002-fragment.md
2022-08-15T16:51:42.294Z - info: Synchronizing opened pages list before reload
2022-08-15T16:51:42.295Z - info: Current opened pages, from most-to-least recent:
2022-08-15T16:51:42.295Z - info: 1. schedule/week2/admin
2022-08-15T16:51:43.302Z - info: Rebuilding 1 pages
2022-08-15T16:51:43.553Z - info: Site data built
2022-08-15T16:51:43.553Z - info: Pages rebuilt
2022-08-15T16:51:43.554Z - info: Website regeneration complete! Total build time: 0.252s
2022-08-15T16:52:17.018Z - info: [12:52:17 am] Reload for file change: C:\repos\nus-cs2103\cs2103-website-base\admin\index-tic2002-fragment.md
2022-08-15T16:52:17.019Z - info: Synchronizing opened pages list before reload
2022-08-15T16:52:17.019Z - info: Current opened pages, from most-to-least recent:
2022-08-15T16:52:17.020Z - info: 1. schedule/week2/admin
2022-08-15T16:52:18.032Z - info: Rebuilding 1 pages
2022-08-15T16:52:18.307Z - info: Site data built
2022-08-15T16:52:18.307Z - info: Pages rebuilt
2022-08-15T16:52:18.308Z - info: Website regeneration complete! Total build time: 0.276s
2022-08-15T16:53:06.134Z - info: Website generation started at 12:53:04 am
2022-08-15T16:53:18.135Z - info: Building assets...
2022-08-15T16:53:25.754Z - info: Assets built
2022-08-15T16:53:25.755Z - info: Generating pages...
2022-08-15T16:53:43.422Z - debug:  
2022-08-15T16:53:43.423Z - debug:  
2022-08-15T16:53:43.423Z - debug:  
2022-08-15T16:53:43.423Z - debug:  
2022-08-15T16:53:43.424Z - debug:  
2022-08-15T16:53:43.424Z - debug:  
2022-08-15T16:53:43.573Z - debug:  
2022-08-15T16:53:43.877Z - debug:  
2022-08-15T16:53:43.950Z - debug:  
2022-08-15T16:53:44.156Z - debug:  
2022-08-15T16:53:44.156Z - debug:  
2022-08-15T16:54:20.091Z - debug:  
2022-08-15T16:55:15.383Z - info: Pages built
2022-08-15T16:55:16.460Z - info: Site data built
2022-08-15T16:55:16.460Z - info: Website generation complete! Total build time: 132.056s
2022-08-15T16:55:16.460Z - info: Build success!
2022-08-15T16:57:00.551Z - error: remote: Permission to nus-tic2002-AY2223S1/website.git denied to damithc.
fatal: unable to access 'https://github.com/nus-tic2002-AY2223S1/website.git/': The requested URL returned error: 403

2022-08-15T17:04:35.517Z - info: Website generation started at 1:04:32 am
2022-08-15T17:04:46.301Z - info: Building assets...
2022-08-15T17:04:53.911Z - info: Assets built
2022-08-15T17:04:53.912Z - info: Generating pages...
2022-08-15T17:05:10.662Z - debug:  
2022-08-15T17:05:11.324Z - debug:  
2022-08-15T17:05:11.325Z - debug:  
2022-08-15T17:05:11.325Z - debug:  
2022-08-15T17:05:11.326Z - debug:  
2022-08-15T17:05:11.485Z - debug:  
2022-08-15T17:05:11.897Z - debug:  
2022-08-15T17:05:12.362Z - debug:  
2022-08-15T17:05:12.363Z - debug:  
2022-08-15T17:05:12.364Z - debug:  
2022-08-15T17:05:12.372Z - debug:  
2022-08-15T17:05:51.585Z - debug:  
2022-08-15T17:06:56.914Z - info: Pages built
2022-08-15T17:06:57.965Z - info: Site data built
2022-08-15T17:06:57.965Z - info: Website generation complete! Total build time: 145.176s
2022-08-15T17:06:57.966Z - info: Build success!
2022-08-15T17:13:05.668Z - info: The website has been deployed at: https://nus-tic2002-ay2223s1.github.io/website
2022-08-15T17:14:02.812Z - info: Website generation (lazy) started at 1:13:58 am
2022-08-15T17:14:13.269Z - info: Building assets...
2022-08-15T17:14:20.084Z - info: Assets built
2022-08-15T17:14:20.085Z - info: Generating landing page...
2022-08-15T17:14:21.255Z - info: Landing page built, other pages will be built as you navigate to them!
2022-08-15T17:14:22.069Z - info: Site data built
2022-08-15T17:14:22.069Z - info: Website generation (lazy) complete! Total build time: 23.295s
2022-08-15T17:14:22.987Z - info: Serving "C:\repos\nus-cs2103\cs2103-website-base\_site" at http://127.0.0.1:8080
2022-08-15T17:14:22.987Z - info: Press CTRL+C to stop ...
2022-08-15T17:14:39.576Z - info: Building C:\repos\nus-cs2103\cs2103-website-base\schedule\week2\project as some of its dependencies were changed since the last visit
2022-08-15T17:14:45.992Z - info: Site data built
2022-08-15T17:14:45.993Z - info: Lazy website regeneration complete! Total build time: 6.417s
2022-08-15T17:16:39.354Z - info: [1:16:39 am] Reload for file change: C:\repos\nus-cs2103\cs2103-website-base\schedule\week3\admin-tic2002-fragment.md
2022-08-15T17:16:39.355Z - info: Synchronizing opened pages list before reload
2022-08-15T17:16:39.355Z - info: Current opened pages, from most-to-least recent:
2022-08-15T17:16:39.356Z - info: 1. schedule/week2/project
2022-08-15T17:16:39.390Z - info: [1:16:39 am] Reload for file change: C:\repos\nus-cs2103\cs2103-website-base\admin\ip-tasks-fragment.md
2022-08-15T17:16:39.390Z - info: Synchronizing opened pages list before reload
2022-08-15T17:16:39.390Z - info: Current opened pages, from most-to-least recent:
2022-08-15T17:16:39.390Z - info: 1. schedule/week2/project
2022-08-15T17:16:40.375Z - info: Assets built
2022-08-15T17:16:40.397Z - info: Rebuilding 1 pages
2022-08-15T17:16:41.860Z - info: Site data built
2022-08-15T17:16:41.861Z - info: Pages rebuilt
2022-08-15T17:16:41.861Z - info: Website regeneration complete! Total build time: 1.465s
2022-08-15T17:17:01.296Z - info: [1:17:01 am] Reload for file change: C:\repos\nus-cs2103\cs2103-website-base\admin\ip-tasks-fragment.md
2022-08-15T17:17:01.296Z - info: Synchronizing opened pages list before reload
2022-08-15T17:17:01.297Z - info: Current opened pages, from most-to-least recent:
2022-08-15T17:17:01.297Z - info: 1. schedule/week2/project
2022-08-15T17:17:02.307Z - info: Rebuilding 1 pages
2022-08-15T17:17:03.764Z - info: Site data built
2022-08-15T17:17:03.764Z - info: Pages rebuilt
2022-08-15T17:17:03.764Z - info: Website regeneration complete! Total build time: 1.458s
2022-08-15T17:18:11.823Z - info: Website generation started at 1:18:10 am
2022-08-15T17:18:21.809Z - info: Building assets...
2022-08-15T17:18:29.111Z - info: Assets built
2022-08-15T17:18:29.113Z - info: Generating pages...
2022-08-15T17:18:42.242Z - debug:  
2022-08-15T17:18:42.282Z - debug:  
2022-08-15T17:18:42.283Z - debug:  
2022-08-15T17:18:42.283Z - debug:  
2022-08-15T17:18:42.292Z - debug:  
2022-08-15T17:18:42.293Z - debug:  
2022-08-15T17:18:42.293Z - debug:  
2022-08-15T17:18:42.293Z - debug:  
2022-08-15T17:18:42.293Z - debug:  
2022-08-15T17:18:42.294Z - debug:  
2022-08-15T17:18:42.294Z - debug:  
2022-08-15T17:18:42.294Z - debug:  
2022-08-15T17:20:42.841Z - debug:  
2022-08-15T17:20:55.880Z - debug:  
2022-08-15T17:20:55.881Z - debug:  
2022-08-15T17:21:01.322Z - info: Pages built
2022-08-15T17:21:02.283Z - info: Site data built
2022-08-15T17:21:02.284Z - info: Website generation complete! Total build time: 171.606s
2022-08-15T17:21:02.284Z - info: Build success!
2022-08-15T17:22:49.933Z - info: The website has been deployed at: https://nus-cs2103-ay2223s1.github.io/website
2022-08-16T12:04:53.069Z - info: Website generation started at 8:04:47 pm
2022-08-16T12:05:04.682Z - info: Building assets...
2022-08-16T12:05:13.306Z - info: Assets built
2022-08-16T12:05:13.307Z - info: Generating pages...
2022-08-16T12:05:32.727Z - debug:  
2022-08-16T12:05:32.728Z - debug:  
2022-08-16T12:05:32.729Z - debug:  
2022-08-16T12:05:32.729Z - debug:  
2022-08-16T12:05:32.730Z - debug:  
2022-08-16T12:05:32.960Z - debug:  
2022-08-16T12:05:33.276Z - debug:  
2022-08-16T12:05:33.745Z - debug:  
2022-08-16T12:05:33.745Z - debug:  
2022-08-16T12:05:33.746Z - debug:  
2022-08-16T12:05:33.746Z - debug:  
2022-08-16T12:06:10.851Z - debug:  
2022-08-16T12:07:06.351Z - info: Pages built
2022-08-16T12:07:07.811Z - info: Site data built
2022-08-16T12:07:07.811Z - info: Website generation complete! Total build time: 140.129s
2022-08-16T12:07:07.811Z - info: Build success!
2022-08-16T12:09:01.803Z - info: The website has been deployed at: https://nus-tic2002-ay2223s1.github.io/website
