2022-07-27T16:32:14.732Z - info: Building C:\repos\nus-cs2103\cs2103-website-base\admin\lectures as some of its dependencies were changed since the last visit
2022-07-27T16:32:15.318Z - info: Site data built
2022-07-27T16:32:15.318Z - info: Lazy website regeneration complete! Total build time: 0.588s
2022-07-27T16:34:18.990Z - info: [12:34:18 am] Reload for file change: C:\repos\nus-cs2103\cs2103-website-base\admin\lectures.md
2022-07-27T16:34:18.991Z - info: Synchronizing opened pages list before reload
2022-07-27T16:34:18.992Z - info: Current opened pages, from most-to-least recent:
2022-07-27T16:34:18.992Z - info: 1. admin/lectures
2022-07-27T16:34:19.998Z - info: Rebuilding 1 pages
2022-07-27T16:34:20.242Z - info: Site data built
2022-07-27T16:34:20.243Z - info: Pages rebuilt
2022-07-27T16:34:20.243Z - info: Website regeneration complete! Total build time: 0.246s
2022-07-27T16:36:11.599Z - info: [12:36:11 am] Reload for file change: C:\repos\nus-cs2103\cs2103-website-base\admin\lectures.md
2022-07-27T16:36:11.599Z - info: Synchronizing opened pages list before reload
2022-07-27T16:36:11.600Z - info: Current opened pages, from most-to-least recent:
2022-07-27T16:36:11.600Z - info: 1. admin/lectures
2022-07-27T16:36:12.613Z - info: Rebuilding 1 pages
2022-07-27T16:36:12.843Z - info: Site data built
2022-07-27T16:36:12.844Z - info: Pages rebuilt
2022-07-27T16:36:12.844Z - info: Website regeneration complete! Total build time: 0.232s
2022-07-27T16:37:08.974Z - info: [12:37:08 am] Reload for file change: C:\repos\nus-cs2103\cs2103-website-base\admin\lectures.md
2022-07-27T16:37:08.975Z - info: Synchronizing opened pages list before reload
2022-07-27T16:37:08.975Z - info: Current opened pages, from most-to-least recent:
2022-07-27T16:37:08.975Z - info: 1. admin/lectures
2022-07-27T16:37:09.985Z - info: Rebuilding 1 pages
2022-07-27T16:37:10.181Z - info: Site data built
2022-07-27T16:37:10.181Z - info: Pages rebuilt
2022-07-27T16:37:10.182Z - info: Website regeneration complete! Total build time: 0.197s
2022-07-27T16:37:22.348Z - info: [12:37:22 am] Reload for file change: C:\repos\nus-cs2103\cs2103-website-base\admin\lectures.md
2022-07-27T16:37:22.349Z - info: Synchronizing opened pages list before reload
2022-07-27T16:37:22.349Z - info: Current opened pages, from most-to-least recent:
2022-07-27T16:37:22.350Z - info: 1. admin/lectures
2022-07-27T16:37:23.361Z - info: Rebuilding 1 pages
2022-07-27T16:37:23.563Z - info: Site data built
2022-07-27T16:37:23.564Z - info: Pages rebuilt
2022-07-27T16:37:23.564Z - info: Website regeneration complete! Total build time: 0.204s
2022-07-27T16:37:45.360Z - info: [12:37:45 am] Reload for file change: C:\repos\nus-cs2103\cs2103-website-base\admin\lectures.md
2022-07-27T16:37:45.361Z - info: Synchronizing opened pages list before reload
2022-07-27T16:37:45.361Z - info: Current opened pages, from most-to-least recent:
2022-07-27T16:37:45.361Z - info: 1. admin/lectures
2022-07-27T16:37:46.372Z - info: Rebuilding 1 pages
2022-07-27T16:37:46.646Z - info: Site data built
2022-07-27T16:37:46.646Z - info: Pages rebuilt
2022-07-27T16:37:46.647Z - info: Website regeneration complete! Total build time: 0.275s
2022-07-27T16:38:09.774Z - info: Building C:\repos\nus-cs2103\cs2103-website-base\admin\tutorials as some of its dependencies were changed since the last visit
2022-07-27T16:38:10.252Z - info: Site data built
2022-07-27T16:38:10.252Z - info: Lazy website regeneration complete! Total build time: 0.479s
2022-07-27T16:41:51.484Z - info: [12:41:51 am] Reload for file change: C:\repos\nus-cs2103\cs2103-website-base\admin\tutorials.md
2022-07-27T16:41:51.484Z - info: Synchronizing opened pages list before reload
2022-07-27T16:41:51.484Z - info: Current opened pages, from most-to-least recent:
2022-07-27T16:41:51.484Z - info: 1. admin/tutorials
2022-07-27T16:41:52.491Z - info: Rebuilding 1 pages
2022-07-27T16:41:53.067Z - info: Site data built
2022-07-27T16:41:53.067Z - info: Pages rebuilt
2022-07-27T16:41:53.067Z - info: Website regeneration complete! Total build time: 0.577s
2022-07-27T17:07:25.006Z - info: [1:07:25 am] Reload for file change: C:\repos\nus-cs2103\cs2103-website-base\_module-CS2103\timetables-fragment.md
2022-07-27T17:07:25.006Z - info: Synchronizing opened pages list before reload
2022-07-27T17:07:25.007Z - info: Current opened pages, from most-to-least recent:
2022-07-27T17:07:25.007Z - info: 1. admin/tutorials
2022-07-27T17:07:26.016Z - info: Rebuilding 1 pages
2022-07-27T17:07:26.585Z - info: Site data built
2022-07-27T17:07:26.585Z - info: Pages rebuilt
2022-07-27T17:07:26.585Z - info: Website regeneration complete! Total build time: 0.57s
2022-07-27T17:09:04.324Z - info: Building C:\repos\nus-cs2103\cs2103-website-base\admin\instructors as some of its dependencies were changed since the last visit
2022-07-27T17:09:04.537Z - info: Site data built
2022-07-27T17:09:04.537Z - info: Lazy website regeneration complete! Total build time: 0.213s
2022-07-27T17:09:16.974Z - info: Building C:\repos\nus-cs2103\cs2103-website-base\admin\textbooks as some of its dependencies were changed since the last visit
2022-07-27T17:09:17.274Z - info: Site data built
2022-07-27T17:09:17.274Z - info: Lazy website regeneration complete! Total build time: 0.3s
2022-07-27T17:15:40.710Z - info: Building C:\repos\nus-cs2103\cs2103-website-base\admin\programmingLanguages as some of its dependencies were changed since the last visit
2022-07-27T17:15:40.929Z - info: Site data built
2022-07-27T17:15:40.929Z - info: Lazy website regeneration complete! Total build time: 0.22s
2022-07-27T17:16:08.859Z - info: Building C:\repos\nus-cs2103\cs2103-website-base\admin\standardsAndConventions as some of its dependencies were changed since the last visit
2022-07-27T17:16:09.078Z - info: Site data built
2022-07-27T17:16:09.079Z - info: Lazy website regeneration complete! Total build time: 0.22s
2022-07-27T17:16:24.289Z - info: Building C:\repos\nus-cs2103\cs2103-website-base\admin\ip-overview as some of its dependencies were changed since the last visit
2022-07-27T17:16:24.563Z - info: Site data built
2022-07-27T17:16:24.563Z - info: Lazy website regeneration complete! Total build time: 0.274s
2022-07-27T17:20:33.000Z - info: Building C:\repos\nus-cs2103\cs2103-website-base\admin\ip-w2 as some of its dependencies were changed since the last visit
2022-07-27T17:20:34.887Z - info: Site data built
2022-07-27T17:20:34.887Z - info: Lazy website regeneration complete! Total build time: 1.887s
2022-07-27T17:20:47.689Z - info: Building C:\repos\nus-cs2103\cs2103-website-base\admin\ip-w3 as some of its dependencies were changed since the last visit
2022-07-27T17:20:48.894Z - info: Site data built
2022-07-27T17:20:48.894Z - info: Lazy website regeneration complete! Total build time: 1.205s
2022-07-27T17:20:56.122Z - info: Building C:\repos\nus-cs2103\cs2103-website-base\admin\ip-w4 as some of its dependencies were changed since the last visit
2022-07-27T17:20:57.188Z - info: Site data built
2022-07-27T17:20:57.188Z - info: Lazy website regeneration complete! Total build time: 1.067s
2022-07-27T17:26:28.265Z - info: Website generation started at 1:26:26 am
2022-07-27T17:26:39.877Z - info: Building assets...
2022-07-27T17:26:47.333Z - info: Assets built
2022-07-27T17:26:47.334Z - info: Generating pages...
2022-07-27T17:26:59.591Z - debug:  
2022-07-27T17:26:59.591Z - debug:  
2022-07-27T17:26:59.601Z - debug:  
2022-07-27T17:27:03.057Z - debug:  
2022-07-27T17:27:03.058Z - debug:  
2022-07-27T17:27:03.058Z - debug:  
2022-07-27T17:27:03.058Z - debug:  
2022-07-27T17:27:03.058Z - debug:  
2022-07-27T17:27:03.059Z - debug:  
2022-07-27T17:27:03.059Z - debug:  
2022-07-27T17:27:03.059Z - debug:  
2022-07-27T17:27:03.059Z - debug:  
2022-07-27T17:29:14.931Z - debug:  
2022-07-27T17:29:30.614Z - debug:  
2022-07-27T17:29:30.615Z - debug:  
2022-07-27T17:29:36.287Z - info: Pages built
2022-07-27T17:29:37.338Z - info: Site data built
2022-07-27T17:29:37.339Z - info: Website generation complete! Total build time: 190.481s
2022-07-27T17:29:37.339Z - info: Build success!
2022-07-27T17:32:03.354Z - info: The website has been deployed at: https://nus-cs2103-ay2223s1.github.io/website
