2022-09-27T17:26:37.877Z - info: Website generation (lazy) started at 1:26:25 am
2022-09-27T17:27:05.718Z - info: Building assets...
2022-09-27T17:27:24.865Z - info: Assets built
2022-09-27T17:27:24.868Z - info: Generating landing page...
2022-09-27T17:27:27.810Z - info: Landing page built, other pages will be built as you navigate to them!
2022-09-27T17:27:29.823Z - info: Site data built
2022-09-27T17:27:29.823Z - info: Website generation (lazy) complete! Total build time: 64.115s
2022-09-27T17:27:31.586Z - info: Serving "C:\repos\nus-cs2103\cs2103-website-base\_site" at http://127.0.0.1:8080
2022-09-27T17:27:31.587Z - info: Press CTRL+C to stop ...
2022-09-27T17:35:32.041Z - info: Building C:\repos\nus-cs2103\cs2103-website-base\admin\index as some of its dependencies were changed since the last visit
2022-09-27T17:35:32.746Z - info: Site data built
2022-09-27T17:35:32.747Z - info: Lazy website regeneration complete! Total build time: 0.706s
2022-09-27T17:35:54.495Z - info: Building C:\repos\nus-cs2103\cs2103-website-base\admin\tp-pe as some of its dependencies were changed since the last visit
2022-09-27T17:35:57.205Z - info: Site data built
2022-09-27T17:35:57.206Z - info: Lazy website regeneration complete! Total build time: 2.711s
2022-09-27T17:38:04.784Z - info: [1:38:04 am] Reload for file change: C:\repos\nus-cs2103\cs2103-website-base\admin\tp-pe-fragment.md
2022-09-27T17:38:04.785Z - info: Synchronizing opened pages list before reload
2022-09-27T17:38:04.785Z - info: Current opened pages, from most-to-least recent:
2022-09-27T17:38:04.786Z - info: 1. admin/tp-pe
2022-09-27T17:38:05.805Z - info: Rebuilding 1 pages
2022-09-27T17:38:08.545Z - info: Site data built
2022-09-27T17:38:08.545Z - info: Pages rebuilt
2022-09-27T17:38:08.545Z - info: Website regeneration complete! Total build time: 2.742s
2022-09-27T17:40:27.667Z - info: [1:40:27 am] Reload for file change: C:\repos\nus-cs2103\cs2103-website-base\admin\tp-pe-fragment.md
2022-09-27T17:40:27.668Z - info: Synchronizing opened pages list before reload
2022-09-27T17:40:27.669Z - info: Current opened pages, from most-to-least recent:
2022-09-27T17:40:27.669Z - info: 1. admin/tp-pe
2022-09-27T17:40:28.684Z - info: Rebuilding 1 pages
2022-09-27T17:40:30.897Z - info: Site data built
2022-09-27T17:40:30.898Z - info: Pages rebuilt
2022-09-27T17:40:30.898Z - info: Website regeneration complete! Total build time: 2.215s
2022-09-27T17:40:50.104Z - info: [1:40:50 am] Reload for file change: C:\repos\nus-cs2103\cs2103-website-base\admin\tp-pe-fragment.md
2022-09-27T17:40:50.104Z - info: Synchronizing opened pages list before reload
2022-09-27T17:40:50.105Z - info: Current opened pages, from most-to-least recent:
2022-09-27T17:40:50.105Z - info: 1. admin/tp-pe
2022-09-27T17:40:51.116Z - info: Rebuilding 1 pages
2022-09-27T17:40:53.212Z - info: Site data built
2022-09-27T17:40:53.213Z - info: Pages rebuilt
2022-09-27T17:40:53.213Z - info: Website regeneration complete! Total build time: 2.097s
2022-09-27T17:42:48.962Z - info: [1:42:48 am] Reload for file change: C:\repos\nus-cs2103\cs2103-website-base\admin\tp-pe-fragment.md
2022-09-27T17:42:48.962Z - info: Synchronizing opened pages list before reload
2022-09-27T17:42:48.963Z - info: Current opened pages, from most-to-least recent:
2022-09-27T17:42:48.963Z - info: 1. admin/tp-pe
2022-09-27T17:42:49.970Z - info: Rebuilding 1 pages
2022-09-27T17:42:51.955Z - info: Site data built
2022-09-27T17:42:51.955Z - info: Pages rebuilt
2022-09-27T17:42:51.955Z - info: Website regeneration complete! Total build time: 1.986s
2022-09-27T17:43:44.279Z - info: [1:43:44 am] Reload for file change: C:\repos\nus-cs2103\cs2103-website-base\admin\tp-pe-fragment.md
2022-09-27T17:43:44.280Z - info: Synchronizing opened pages list before reload
2022-09-27T17:43:44.280Z - info: Current opened pages, from most-to-least recent:
2022-09-27T17:43:44.280Z - info: 1. admin/tp-pe
2022-09-27T17:43:45.296Z - info: Rebuilding 1 pages
2022-09-27T17:43:47.491Z - info: Site data built
2022-09-27T17:43:47.491Z - info: Pages rebuilt
2022-09-27T17:43:47.492Z - info: Website regeneration complete! Total build time: 2.197s
2022-09-27T17:47:23.649Z - info: [1:47:23 am] Reload for file change: C:\repos\nus-cs2103\cs2103-website-base\admin\tp-pe-fragment.md
2022-09-27T17:47:23.649Z - info: Synchronizing opened pages list before reload
2022-09-27T17:47:23.650Z - info: Current opened pages, from most-to-least recent:
2022-09-27T17:47:23.650Z - info: 1. admin/tp-pe
2022-09-27T17:47:24.671Z - info: Rebuilding 1 pages
2022-09-27T17:47:26.206Z - info: Site data built
2022-09-27T17:47:26.206Z - info: Pages rebuilt
2022-09-27T17:47:26.206Z - info: Website regeneration complete! Total build time: 1.536s
2022-09-27T17:47:32.057Z - info: [1:47:32 am] Reload for file change: C:\repos\nus-cs2103\cs2103-website-base\admin\tp-pe-fragment.md
2022-09-27T17:47:32.058Z - info: Synchronizing opened pages list before reload
2022-09-27T17:47:32.058Z - info: Current opened pages, from most-to-least recent:
2022-09-27T17:47:32.058Z - info: 1. admin/tp-pe
2022-09-27T17:47:33.081Z - info: Rebuilding 1 pages
2022-09-27T17:47:34.238Z - info: Site data built
2022-09-27T17:47:34.238Z - info: Pages rebuilt
2022-09-27T17:47:34.238Z - info: Website regeneration complete! Total build time: 1.157s
2022-09-28T15:37:43.888Z - info: Website generation (lazy) started at 11:37:42 pm
2022-09-28T15:37:54.361Z - info: Building assets...
2022-09-28T15:38:01.130Z - info: Assets built
2022-09-28T15:38:01.131Z - info: Generating landing page...
2022-09-28T15:38:02.350Z - info: Landing page built, other pages will be built as you navigate to them!
2022-09-28T15:38:03.260Z - info: Site data built
2022-09-28T15:38:03.260Z - info: Website generation (lazy) complete! Total build time: 21.117s
2022-09-28T15:38:04.055Z - info: Serving "C:\repos\nus-cs2103\cs2103-website-base\_site" at http://127.0.0.1:8080
2022-09-28T15:38:04.055Z - info: Press CTRL+C to stop ...
