2022-10-04T17:13:18.493Z - info: Website generation started at 1:13:09 am
2022-10-04T17:13:39.481Z - info: Building assets...
2022-10-04T17:13:53.120Z - info: Assets built
2022-10-04T17:13:53.122Z - info: Generating pages...
2022-10-04T17:14:16.192Z - debug:  
2022-10-04T17:14:16.218Z - debug:  
2022-10-04T17:14:16.219Z - debug:  
2022-10-04T17:14:20.547Z - debug:  
2022-10-04T17:14:20.547Z - debug:  
2022-10-04T17:14:20.548Z - debug:  
2022-10-04T17:14:20.548Z - debug:  
2022-10-04T17:14:20.548Z - debug:  
2022-10-04T17:14:20.548Z - debug:  
2022-10-04T17:14:20.549Z - debug:  
2022-10-04T17:14:20.549Z - debug:  
2022-10-04T17:15:23.979Z - debug:  
2022-10-04T17:16:52.725Z - info: Pages built
2022-10-04T17:16:54.518Z - info: Site data built
2022-10-04T17:16:54.518Z - info: Website generation complete! Total build time: 225.295s
2022-10-04T17:16:54.518Z - info: Build success!
2022-10-04T17:19:11.389Z - info: The website has been deployed at: https://nus-tic2002-ay2223s1.github.io/website
