2022-08-07T15:44:45.647Z - info: Website generation (lazy) started at 11:44:42 pm
2022-08-07T15:44:55.298Z - info: Building assets...
2022-08-07T15:45:01.701Z - info: Assets built
2022-08-07T15:45:01.702Z - info: Generating landing page...
2022-08-07T15:45:03.070Z - info: Landing page built, other pages will be built as you navigate to them!
2022-08-07T15:45:04.078Z - info: Site data built
2022-08-07T15:45:04.079Z - info: Website generation (lazy) complete! Total build time: 21.683s
2022-08-07T15:45:05.142Z - info: Serving "C:\repos\nus-cs2103\cs2103-website-base\_site" at http://127.0.0.1:8080
2022-08-07T15:45:05.142Z - info: Press CTRL+C to stop ...
2022-08-07T15:45:21.212Z - info: Building C:\repos\nus-cs2103\cs2103-website-base\schedule\week1\admin as some of its dependencies were changed since the last visit
2022-08-07T15:45:28.441Z - debug:  
2022-08-07T15:45:29.403Z - info: Site data built
2022-08-07T15:45:29.404Z - info: Lazy website regeneration complete! Total build time: 8.193s
2022-08-07T15:46:14.192Z - info: Website generation started at 11:46:13 pm
2022-08-07T15:46:23.374Z - info: Building assets...
2022-08-07T15:46:29.501Z - info: Assets built
2022-08-07T15:46:29.502Z - info: Generating pages...
2022-08-07T15:46:45.192Z - debug:  
2022-08-07T15:46:45.192Z - debug:  
2022-08-07T15:46:45.193Z - debug:  
2022-08-07T15:46:45.193Z - debug:  
2022-08-07T15:46:45.193Z - debug:  
2022-08-07T15:46:45.194Z - debug:  
2022-08-07T15:46:45.194Z - debug:  
2022-08-07T15:46:45.194Z - debug:  
2022-08-07T15:46:45.194Z - debug:  
2022-08-07T15:46:45.194Z - debug:  
2022-08-07T15:46:45.195Z - debug:  
2022-08-07T15:46:45.195Z - debug:  
2022-08-07T15:48:23.369Z - debug:  
2022-08-07T15:48:33.949Z - debug:  
2022-08-07T15:48:34.034Z - debug:  
2022-08-07T15:48:38.421Z - info: Pages built
2022-08-07T15:48:39.156Z - info: Site data built
2022-08-07T15:48:39.156Z - info: Website generation complete! Total build time: 146.008s
2022-08-07T15:48:39.156Z - info: Build success!
2022-08-07T15:50:01.060Z - info: The website has been deployed at: https://nus-cs2103-ay2223s1.github.io/website
